[0.262s] Invoking command in '/home/smartway/ros2_ws/build/nav2_rviz_plugins': AMENT_PREFIX_PATH=/home/smartway/ros2_ws/install/nav2_lifecycle_manager:/home/smartway/ros2_ws/install/nav2_util:/home/smartway/ros2_ws/install/nav2_msgs:/home/smartway/ros2_ws/install/nav2_common:${AMENT_PREFIX_PATH} CMAKE_PREFIX_PATH=/home/smartway/ros2_ws/install/nav2_lifecycle_manager:/home/smartway/ros2_ws/install/nav2_util:/home/smartway/ros2_ws/install/nav2_msgs:/home/smartway/ros2_ws/install/nav2_common:/build/rpi_robot_action_interfaces:/build/rpi_robot_bringup:/build/rpi_robot_slam:/build/rplidar_ros:/opt/ros/foxy LD_LIBRARY_PATH=/home/smartway/ros2_ws/install/nav2_lifecycle_manager/lib:/home/smartway/ros2_ws/install/nav2_util/lib:/home/smartway/ros2_ws/install/nav2_msgs/lib:/opt/ros/foxy/opt/yaml_cpp_vendor/lib:/opt/ros/foxy/opt/rviz_ogre_vendor/lib:/opt/ros/foxy/lib/aarch64-linux-gnu:/opt/ros/foxy/lib:/usr/lib/aarch64-linux-gnu/gazebo-11/plugins PYTHONPATH=/home/smartway/ros2_ws/install/nav2_msgs/lib/python3.8/site-packages:/home/smartway/ros2_ws/install/nav2_common/lib/python3.8/site-packages:${PYTHONPATH} /usr/bin/cmake /home/smartway/ros2_ws/src/navigation2/nav2_rviz_plugins -DCMAKE_INSTALL_PREFIX=/home/smartway/ros2_ws/install/nav2_rviz_plugins
[0.658s] -- The C compiler identification is GNU 9.4.0
[1.048s] -- The CXX compiler identification is GNU 9.4.0
[1.076s] -- Check for working C compiler: /usr/bin/cc
[1.623s] -- Check for working C compiler: /usr/bin/cc -- works
[1.628s] -- Detecting C compiler ABI info
[2.120s] -- Detecting C compiler ABI info - done
[2.181s] -- Detecting C compile features
[2.184s] -- Detecting C compile features - done
[2.199s] -- Check for working CXX compiler: /usr/bin/c++
[2.741s] -- Check for working CXX compiler: /usr/bin/c++ -- works
[2.749s] -- Detecting CXX compiler ABI info
[3.242s] -- Detecting CXX compiler ABI info - done
[3.297s] -- Detecting CXX compile features
[3.301s] -- Detecting CXX compile features - done
[3.335s] -- Found ament_cmake: 0.9.11 (/opt/ros/foxy/share/ament_cmake/cmake)
[3.541s] -- Found PythonInterp: /usr/bin/python3 (found suitable version "3.8.10", minimum required is "3") 
[3.543s] -- Using PYTHON_EXECUTABLE: /usr/bin/python3
[5.843s] -- Found geometry_msgs: 2.0.5 (/opt/ros/foxy/share/geometry_msgs/cmake)
[6.302s] -- Using all available rosidl_typesupport_c: rosidl_typesupport_fastrtps_c;rosidl_typesupport_introspection_c
[6.405s] -- Found rosidl_adapter: 1.3.0 (/opt/ros/foxy/share/rosidl_adapter/cmake)
[7.349s] -- Found OpenSSL: /usr/lib/aarch64-linux-gnu/libcrypto.so (found version "1.1.1f")  
[7.735s] -- Found FastRTPS: /opt/ros/foxy/include  
[8.717s] -- Using all available rosidl_typesupport_cpp: rosidl_typesupport_fastrtps_cpp;rosidl_typesupport_introspection_cpp
[9.308s] -- Found nav2_util: 0.4.7 (/home/smartway/ros2_ws/install/nav2_util/share/nav2_util/cmake)
[12.037s] -- Found rmw_implementation_cmake: 1.0.4 (/opt/ros/foxy/share/rmw_implementation_cmake/cmake)
[12.050s] -- Using RMW implementation 'rmw_fastrtps_cpp' as default
[12.068s] -- Looking for pthread.h
[12.643s] -- Looking for pthread.h - found
[12.645s] -- Performing Test CMAKE_HAVE_LIBC_PTHREAD
[13.221s] -- Performing Test CMAKE_HAVE_LIBC_PTHREAD - Failed
[13.223s] -- Looking for pthread_create in pthreads
[13.689s] -- Looking for pthread_create in pthreads - not found
[13.690s] -- Looking for pthread_create in pthread
[14.264s] -- Looking for pthread_create in pthread - found
[14.270s] -- Found Threads: TRUE  
[17.306s] -- Found eigen3_cmake_module: 0.1.1 (/opt/ros/foxy/share/eigen3_cmake_module/cmake)
[17.351s] -- Found Eigen3: TRUE (found version "3.3.7") 
[18.415s] -- Found nav2_lifecycle_manager: 0.4.7 (/home/smartway/ros2_ws/install/nav2_lifecycle_manager/share/nav2_lifecycle_manager/cmake)
[19.893s] -- Found pluginlib: 2.5.4 (/opt/ros/foxy/share/pluginlib/cmake)
[20.601s] -- Found rviz_common: 8.2.8 (/opt/ros/foxy/share/rviz_common/cmake)
[20.704s] -- Setting OGRE_DIR to: '/opt/ros/foxy/share/rviz_ogre_vendor/cmake/../../../opt/rviz_ogre_vendor/lib/OGRE/cmake'
[20.717s] -- Found OGRE
[20.719s] --   static     : OFF
[20.720s] --   components : HLMS;MeshLodGenerator;Overlay;Paging;Property;RTShaderSystem;Terrain;Volume
[20.721s] --   plugins    : Plugin_BSPSceneManager;Plugin_OctreeSceneManager;Plugin_PCZSceneManager;Plugin_ParticleFX;RenderSystem_GL;RenderSystem_GL3Plus;Codec_STBI
[20.722s] --   media      : /opt/ros/foxy/opt/rviz_ogre_vendor/share/OGRE/Media
[20.723s] -- OGRE_LIBRARIES: OgreHLMS;OgreMeshLodGenerator;OgreOverlay;OgrePaging;OgreProperty;OgreRTShaderSystem;OgreTerrain;OgreVolume;OgreMain
[20.724s] -- OGRE_LIBRARY_DIRS: /opt/ros/foxy/opt/rviz_ogre_vendor/lib
[20.725s] -- OGRE_PLUGINS: Plugin_BSPSceneManager;Plugin_OctreeSceneManager;Plugin_PCZSceneManager;Plugin_ParticleFX;RenderSystem_GL;RenderSystem_GL3Plus;Codec_STBI
[20.734s] -- OGRE_PLUGIN_DIR: /opt/ros/foxy/opt/rviz_ogre_vendor/lib/OGRE
[20.735s] -- rviz_ogre_vendor::OgreOverlay for IMPORTED_LOCATION_RELEASE: /opt/ros/foxy/opt/rviz_ogre_vendor/lib/libOgreOverlay.so
[20.735s] -- rviz_ogre_vendor::OgreOverlay for IMPORTED_LOCATION_DEBUG: /opt/ros/foxy/opt/rviz_ogre_vendor/lib/libOgreOverlay.so
[20.736s] -- rviz_ogre_vendor::OgreMain for IMPORTED_LOCATION_RELEASE: /opt/ros/foxy/opt/rviz_ogre_vendor/lib/libOgreMain.so
[20.737s] -- rviz_ogre_vendor::OgreMain for IMPORTED_LOCATION_DEBUG: /opt/ros/foxy/opt/rviz_ogre_vendor/lib/libOgreMain.so
[20.888s] -- Found ZLIB: /usr/lib/aarch64-linux-gnu/libz.so (found version "1.2.11") 
[20.930s] -- Found OpenGL: /usr/lib/aarch64-linux-gnu/libOpenGL.so   
[21.639s] -- Found X11: /usr/include   
[21.643s] -- Looking for XOpenDisplay in /usr/lib/aarch64-linux-gnu/libX11.so;/usr/lib/aarch64-linux-gnu/libXext.so
[22.183s] -- Looking for XOpenDisplay in /usr/lib/aarch64-linux-gnu/libX11.so;/usr/lib/aarch64-linux-gnu/libXext.so - found
[22.186s] -- Looking for gethostbyname
[22.699s] -- Looking for gethostbyname - found
[22.701s] -- Looking for connect
[23.268s] -- Looking for connect - found
[23.271s] -- Looking for remove
[23.747s] -- Looking for remove - found
[23.750s] -- Looking for shmat
[24.232s] -- Looking for shmat - found
[24.235s] -- Looking for IceConnectionNumber in ICE
[24.734s] -- Looking for IceConnectionNumber in ICE - found
[24.752s] -- rviz_ogre_vendor::RenderSystem_GL for IMPORTED_LOCATION_RELEASE: _render_system_gl_static_library_abs-NOTFOUND
[24.754s] -- rviz_ogre_vendor::RenderSystem_GL for IMPORTED_LOCATION_DEBUG: _render_system_gl_static_library_abs-NOTFOUND
[24.823s] -- library: libassimp.so.5
[26.082s] -- library: /usr/lib/aarch64-linux-gnu/libcurl.so
[27.096s] -- Setting yaml-cpp_DIR to: '/opt/ros/foxy/share/yaml_cpp_vendor/cmake/../../../opt/yaml_cpp_vendor/lib/cmake/yaml-cpp'
[27.137s] -- Found rviz_default_plugins: 8.2.8 (/opt/ros/foxy/share/rviz_default_plugins/cmake)
[33.121s] -- Found ament_lint_auto: 0.9.8 (/opt/ros/foxy/share/ament_lint_auto/cmake)
[34.055s] -- Added test 'copyright' to check source files copyright and LICENSE
[34.079s] -- Added test 'cppcheck' to perform static code analysis on C / C++ code
[34.082s] -- Configured cppcheck include dirs: /home/smartway/ros2_ws/src/navigation2/nav2_rviz_plugins/include
[34.082s] -- Configured cppcheck exclude dirs and/or files: 
[34.095s] -- Added test 'cpplint' to check C / C++ code against the Google style
[34.096s] -- Configured cpplint exclude dirs and/or files: 
[34.106s] -- Added test 'lint_cmake' to check CMake code style
[34.121s] -- Added test 'uncrustify' to check C / C++ code style
[34.123s] -- Configured uncrustify additional arguments: 
[34.128s] -- Added test 'xmllint' to check XML markup files
[34.202s] -- Configuring done
[34.709s] -- Generating done
[34.726s] -- Build files have been written to: /home/smartway/ros2_ws/build/nav2_rviz_plugins
[34.833s] Invoked command in '/home/smartway/ros2_ws/build/nav2_rviz_plugins' returned '0': AMENT_PREFIX_PATH=/home/smartway/ros2_ws/install/nav2_lifecycle_manager:/home/smartway/ros2_ws/install/nav2_util:/home/smartway/ros2_ws/install/nav2_msgs:/home/smartway/ros2_ws/install/nav2_common:${AMENT_PREFIX_PATH} CMAKE_PREFIX_PATH=/home/smartway/ros2_ws/install/nav2_lifecycle_manager:/home/smartway/ros2_ws/install/nav2_util:/home/smartway/ros2_ws/install/nav2_msgs:/home/smartway/ros2_ws/install/nav2_common:/build/rpi_robot_action_interfaces:/build/rpi_robot_bringup:/build/rpi_robot_slam:/build/rplidar_ros:/opt/ros/foxy LD_LIBRARY_PATH=/home/smartway/ros2_ws/install/nav2_lifecycle_manager/lib:/home/smartway/ros2_ws/install/nav2_util/lib:/home/smartway/ros2_ws/install/nav2_msgs/lib:/opt/ros/foxy/opt/yaml_cpp_vendor/lib:/opt/ros/foxy/opt/rviz_ogre_vendor/lib:/opt/ros/foxy/lib/aarch64-linux-gnu:/opt/ros/foxy/lib:/usr/lib/aarch64-linux-gnu/gazebo-11/plugins PYTHONPATH=/home/smartway/ros2_ws/install/nav2_msgs/lib/python3.8/site-packages:/home/smartway/ros2_ws/install/nav2_common/lib/python3.8/site-packages:${PYTHONPATH} /usr/bin/cmake /home/smartway/ros2_ws/src/navigation2/nav2_rviz_plugins -DCMAKE_INSTALL_PREFIX=/home/smartway/ros2_ws/install/nav2_rviz_plugins
[34.838s] Invoking command in '/home/smartway/ros2_ws/build/nav2_rviz_plugins': AMENT_PREFIX_PATH=/home/smartway/ros2_ws/install/nav2_lifecycle_manager:/home/smartway/ros2_ws/install/nav2_util:/home/smartway/ros2_ws/install/nav2_msgs:/home/smartway/ros2_ws/install/nav2_common:${AMENT_PREFIX_PATH} CMAKE_PREFIX_PATH=/home/smartway/ros2_ws/install/nav2_lifecycle_manager:/home/smartway/ros2_ws/install/nav2_util:/home/smartway/ros2_ws/install/nav2_msgs:/home/smartway/ros2_ws/install/nav2_common:/build/rpi_robot_action_interfaces:/build/rpi_robot_bringup:/build/rpi_robot_slam:/build/rplidar_ros:/opt/ros/foxy LD_LIBRARY_PATH=/home/smartway/ros2_ws/install/nav2_lifecycle_manager/lib:/home/smartway/ros2_ws/install/nav2_util/lib:/home/smartway/ros2_ws/install/nav2_msgs/lib:/opt/ros/foxy/opt/yaml_cpp_vendor/lib:/opt/ros/foxy/opt/rviz_ogre_vendor/lib:/opt/ros/foxy/lib/aarch64-linux-gnu:/opt/ros/foxy/lib:/usr/lib/aarch64-linux-gnu/gazebo-11/plugins PYTHONPATH=/home/smartway/ros2_ws/install/nav2_msgs/lib/python3.8/site-packages:/home/smartway/ros2_ws/install/nav2_common/lib/python3.8/site-packages:${PYTHONPATH} /usr/bin/cmake --build /home/smartway/ros2_ws/build/nav2_rviz_plugins -- -j4 -l4
[35.155s] [35m[1mScanning dependencies of target nav2_rviz_plugins_autogen[0m
[35.217s] [ 20%] [34m[1mAutomatic MOC for target nav2_rviz_plugins[0m
[41.643s] [ 20%] Built target nav2_rviz_plugins_autogen
[41.744s] [35m[1mScanning dependencies of target nav2_rviz_plugins[0m
[42.934s] [ 40%] [32mBuilding CXX object CMakeFiles/nav2_rviz_plugins.dir/nav2_rviz_plugins_autogen/mocs_compilation.cpp.o[0m
[72.741s] [ 60%] [32mBuilding CXX object CMakeFiles/nav2_rviz_plugins.dir/src/nav2_panel.cpp.o[0m
[128.624s] [ 80%] [32mBuilding CXX object CMakeFiles/nav2_rviz_plugins.dir/src/goal_tool.cpp.o[0m
[148.892s] [100%] [32m[1mLinking CXX shared library libnav2_rviz_plugins.so[0m
[169.383s] [100%] Built target nav2_rviz_plugins
[169.440s] Invoked command in '/home/smartway/ros2_ws/build/nav2_rviz_plugins' returned '0': AMENT_PREFIX_PATH=/home/smartway/ros2_ws/install/nav2_lifecycle_manager:/home/smartway/ros2_ws/install/nav2_util:/home/smartway/ros2_ws/install/nav2_msgs:/home/smartway/ros2_ws/install/nav2_common:${AMENT_PREFIX_PATH} CMAKE_PREFIX_PATH=/home/smartway/ros2_ws/install/nav2_lifecycle_manager:/home/smartway/ros2_ws/install/nav2_util:/home/smartway/ros2_ws/install/nav2_msgs:/home/smartway/ros2_ws/install/nav2_common:/build/rpi_robot_action_interfaces:/build/rpi_robot_bringup:/build/rpi_robot_slam:/build/rplidar_ros:/opt/ros/foxy LD_LIBRARY_PATH=/home/smartway/ros2_ws/install/nav2_lifecycle_manager/lib:/home/smartway/ros2_ws/install/nav2_util/lib:/home/smartway/ros2_ws/install/nav2_msgs/lib:/opt/ros/foxy/opt/yaml_cpp_vendor/lib:/opt/ros/foxy/opt/rviz_ogre_vendor/lib:/opt/ros/foxy/lib/aarch64-linux-gnu:/opt/ros/foxy/lib:/usr/lib/aarch64-linux-gnu/gazebo-11/plugins PYTHONPATH=/home/smartway/ros2_ws/install/nav2_msgs/lib/python3.8/site-packages:/home/smartway/ros2_ws/install/nav2_common/lib/python3.8/site-packages:${PYTHONPATH} /usr/bin/cmake --build /home/smartway/ros2_ws/build/nav2_rviz_plugins -- -j4 -l4
[169.638s] Invoking command in '/home/smartway/ros2_ws/build/nav2_rviz_plugins': AMENT_PREFIX_PATH=/home/smartway/ros2_ws/install/nav2_lifecycle_manager:/home/smartway/ros2_ws/install/nav2_util:/home/smartway/ros2_ws/install/nav2_msgs:/home/smartway/ros2_ws/install/nav2_common:${AMENT_PREFIX_PATH} CMAKE_PREFIX_PATH=/home/smartway/ros2_ws/install/nav2_lifecycle_manager:/home/smartway/ros2_ws/install/nav2_util:/home/smartway/ros2_ws/install/nav2_msgs:/home/smartway/ros2_ws/install/nav2_common:/build/rpi_robot_action_interfaces:/build/rpi_robot_bringup:/build/rpi_robot_slam:/build/rplidar_ros:/opt/ros/foxy LD_LIBRARY_PATH=/home/smartway/ros2_ws/install/nav2_lifecycle_manager/lib:/home/smartway/ros2_ws/install/nav2_util/lib:/home/smartway/ros2_ws/install/nav2_msgs/lib:/opt/ros/foxy/opt/yaml_cpp_vendor/lib:/opt/ros/foxy/opt/rviz_ogre_vendor/lib:/opt/ros/foxy/lib/aarch64-linux-gnu:/opt/ros/foxy/lib:/usr/lib/aarch64-linux-gnu/gazebo-11/plugins PYTHONPATH=/home/smartway/ros2_ws/install/nav2_msgs/lib/python3.8/site-packages:/home/smartway/ros2_ws/install/nav2_common/lib/python3.8/site-packages:${PYTHONPATH} /usr/bin/cmake --install /home/smartway/ros2_ws/build/nav2_rviz_plugins
[169.700s] -- Install configuration: ""
[169.702s] -- Installing: /home/smartway/ros2_ws/install/nav2_rviz_plugins/share/nav2_rviz_plugins/plugins_description.xml
[169.705s] -- Installing: /home/smartway/ros2_ws/install/nav2_rviz_plugins/lib/libnav2_rviz_plugins.so
[169.729s] -- Set runtime path of "/home/smartway/ros2_ws/install/nav2_rviz_plugins/lib/libnav2_rviz_plugins.so" to ""
[169.730s] -- Installing: /home/smartway/ros2_ws/install/nav2_rviz_plugins/include/
[169.731s] -- Installing: /home/smartway/ros2_ws/install/nav2_rviz_plugins/include//nav2_rviz_plugins
[169.732s] -- Installing: /home/smartway/ros2_ws/install/nav2_rviz_plugins/include//nav2_rviz_plugins/ros_action_qevent.hpp
[169.733s] -- Installing: /home/smartway/ros2_ws/install/nav2_rviz_plugins/include//nav2_rviz_plugins/goal_common.hpp
[169.735s] -- Installing: /home/smartway/ros2_ws/install/nav2_rviz_plugins/include//nav2_rviz_plugins/nav2_panel.hpp
[169.736s] -- Installing: /home/smartway/ros2_ws/install/nav2_rviz_plugins/include//nav2_rviz_plugins/goal_tool.hpp
[169.736s] -- Installing: /home/smartway/ros2_ws/install/nav2_rviz_plugins/include//nav2_rviz_plugins/goal_pose_updater.hpp
[169.738s] -- Installing: /home/smartway/ros2_ws/install/nav2_rviz_plugins/share/nav2_rviz_plugins/environment/library_path.sh
[169.739s] -- Installing: /home/smartway/ros2_ws/install/nav2_rviz_plugins/share/nav2_rviz_plugins/environment/library_path.dsv
[169.741s] -- Installing: /home/smartway/ros2_ws/install/nav2_rviz_plugins/share/ament_index/resource_index/package_run_dependencies/nav2_rviz_plugins
[169.743s] -- Installing: /home/smartway/ros2_ws/install/nav2_rviz_plugins/share/ament_index/resource_index/parent_prefix_path/nav2_rviz_plugins
[169.744s] -- Installing: /home/smartway/ros2_ws/install/nav2_rviz_plugins/share/nav2_rviz_plugins/environment/ament_prefix_path.sh
[169.746s] -- Installing: /home/smartway/ros2_ws/install/nav2_rviz_plugins/share/nav2_rviz_plugins/environment/ament_prefix_path.dsv
[169.748s] -- Installing: /home/smartway/ros2_ws/install/nav2_rviz_plugins/share/nav2_rviz_plugins/environment/path.sh
[169.751s] -- Installing: /home/smartway/ros2_ws/install/nav2_rviz_plugins/share/nav2_rviz_plugins/environment/path.dsv
[169.752s] -- Installing: /home/smartway/ros2_ws/install/nav2_rviz_plugins/share/nav2_rviz_plugins/local_setup.bash
[169.754s] -- Installing: /home/smartway/ros2_ws/install/nav2_rviz_plugins/share/nav2_rviz_plugins/local_setup.sh
[169.755s] -- Installing: /home/smartway/ros2_ws/install/nav2_rviz_plugins/share/nav2_rviz_plugins/local_setup.zsh
[169.757s] -- Installing: /home/smartway/ros2_ws/install/nav2_rviz_plugins/share/nav2_rviz_plugins/local_setup.dsv
[169.770s] -- Installing: /home/smartway/ros2_ws/install/nav2_rviz_plugins/share/nav2_rviz_plugins/package.dsv
[169.771s] -- Installing: /home/smartway/ros2_ws/install/nav2_rviz_plugins/share/ament_index/resource_index/packages/nav2_rviz_plugins
[169.772s] -- Installing: /home/smartway/ros2_ws/install/nav2_rviz_plugins/share/ament_index/resource_index/rviz_common__pluginlib__plugin/nav2_rviz_plugins
[169.773s] -- Installing: /home/smartway/ros2_ws/install/nav2_rviz_plugins/share/nav2_rviz_plugins/cmake/nav2_rviz_pluginsExport.cmake
[169.773s] -- Installing: /home/smartway/ros2_ws/install/nav2_rviz_plugins/share/nav2_rviz_plugins/cmake/nav2_rviz_pluginsExport-noconfig.cmake
[169.775s] -- Installing: /home/smartway/ros2_ws/install/nav2_rviz_plugins/share/nav2_rviz_plugins/cmake/ament_cmake_export_include_directories-extras.cmake
[169.776s] -- Installing: /home/smartway/ros2_ws/install/nav2_rviz_plugins/share/nav2_rviz_plugins/cmake/ament_cmake_export_targets-extras.cmake
[169.777s] -- Installing: /home/smartway/ros2_ws/install/nav2_rviz_plugins/share/nav2_rviz_plugins/cmake/ament_cmake_export_dependencies-extras.cmake
[169.778s] -- Installing: /home/smartway/ros2_ws/install/nav2_rviz_plugins/share/nav2_rviz_plugins/cmake/nav2_rviz_pluginsConfig.cmake
[169.779s] -- Installing: /home/smartway/ros2_ws/install/nav2_rviz_plugins/share/nav2_rviz_plugins/cmake/nav2_rviz_pluginsConfig-version.cmake
[169.780s] -- Installing: /home/smartway/ros2_ws/install/nav2_rviz_plugins/share/nav2_rviz_plugins/package.xml
[169.798s] Invoked command in '/home/smartway/ros2_ws/build/nav2_rviz_plugins' returned '0': AMENT_PREFIX_PATH=/home/smartway/ros2_ws/install/nav2_lifecycle_manager:/home/smartway/ros2_ws/install/nav2_util:/home/smartway/ros2_ws/install/nav2_msgs:/home/smartway/ros2_ws/install/nav2_common:${AMENT_PREFIX_PATH} CMAKE_PREFIX_PATH=/home/smartway/ros2_ws/install/nav2_lifecycle_manager:/home/smartway/ros2_ws/install/nav2_util:/home/smartway/ros2_ws/install/nav2_msgs:/home/smartway/ros2_ws/install/nav2_common:/build/rpi_robot_action_interfaces:/build/rpi_robot_bringup:/build/rpi_robot_slam:/build/rplidar_ros:/opt/ros/foxy LD_LIBRARY_PATH=/home/smartway/ros2_ws/install/nav2_lifecycle_manager/lib:/home/smartway/ros2_ws/install/nav2_util/lib:/home/smartway/ros2_ws/install/nav2_msgs/lib:/opt/ros/foxy/opt/yaml_cpp_vendor/lib:/opt/ros/foxy/opt/rviz_ogre_vendor/lib:/opt/ros/foxy/lib/aarch64-linux-gnu:/opt/ros/foxy/lib:/usr/lib/aarch64-linux-gnu/gazebo-11/plugins PYTHONPATH=/home/smartway/ros2_ws/install/nav2_msgs/lib/python3.8/site-packages:/home/smartway/ros2_ws/install/nav2_common/lib/python3.8/site-packages:${PYTHONPATH} /usr/bin/cmake --install /home/smartway/ros2_ws/build/nav2_rviz_plugins
