[0.139s] Invoking command in '/home/smartway/ros2_ws/build/rplidar_ros': CMAKE_PREFIX_PATH=${CMAKE_PREFIX_PATH}:/opt/ros/foxy /usr/bin/cmake --build /home/smartway/ros2_ws/build/rplidar_ros -- -j4 -l4
[0.776s] [ 38%] Built target rplidar_composition_node
[0.784s] [ 50%] Built target rplidarNodeClient
[0.798s] [ 88%] Built target rplidarNode
[1.037s] [100%] Built target rplidar_composition
[1.112s] Invoked command in '/home/smartway/ros2_ws/build/rplidar_ros' returned '0': CMAKE_PREFIX_PATH=${CMAKE_PREFIX_PATH}:/opt/ros/foxy /usr/bin/cmake --build /home/smartway/ros2_ws/build/rplidar_ros -- -j4 -l4
[1.463s] Invoking command in '/home/smartway/ros2_ws/build/rplidar_ros': CMAKE_PREFIX_PATH=${CMAKE_PREFIX_PATH}:/opt/ros/foxy /usr/bin/cmake --install /home/smartway/ros2_ws/build/rplidar_ros
[1.512s] -- Install configuration: ""
[1.513s] -- Up-to-date: /home/smartway/ros2_ws/install/rplidar_ros/lib/rplidar_ros/rplidarNode
[1.515s] -- Up-to-date: /home/smartway/ros2_ws/install/rplidar_ros/lib/rplidar_ros/rplidarNodeClient
[1.517s] -- Up-to-date: /home/smartway/ros2_ws/install/rplidar_ros/lib/rplidar_ros/rplidar_composition
[1.518s] -- Up-to-date: /home/smartway/ros2_ws/install/rplidar_ros/share/rplidar_ros/launch
[1.520s] -- Up-to-date: /home/smartway/ros2_ws/install/rplidar_ros/share/rplidar_ros/launch/rplidar.launch.py
[1.521s] -- Up-to-date: /home/smartway/ros2_ws/install/rplidar_ros/share/rplidar_ros/launch/rplidar_a3.launch.py
[1.521s] -- Up-to-date: /home/smartway/ros2_ws/install/rplidar_ros/share/rplidar_ros/launch/view_rplidar.launch.py
[1.522s] -- Up-to-date: /home/smartway/ros2_ws/install/rplidar_ros/share/rplidar_ros/launch/rplidar_s1_tcp.launch.py
[1.523s] -- Up-to-date: /home/smartway/ros2_ws/install/rplidar_ros/share/rplidar_ros/launch/view_rplidar_a3.launch.py
[1.524s] -- Up-to-date: /home/smartway/ros2_ws/install/rplidar_ros/share/rplidar_ros/launch/view_rplidar_s1.launch.py
[1.525s] -- Up-to-date: /home/smartway/ros2_ws/install/rplidar_ros/share/rplidar_ros/launch/test_rplidar.launch.py
[1.526s] -- Up-to-date: /home/smartway/ros2_ws/install/rplidar_ros/share/rplidar_ros/launch/view_rplidar_s1_tcp.launch.py
[1.527s] -- Up-to-date: /home/smartway/ros2_ws/install/rplidar_ros/share/rplidar_ros/launch/test_rplidar_a3.launch.py
[1.527s] -- Up-to-date: /home/smartway/ros2_ws/install/rplidar_ros/share/rplidar_ros/launch/rplidar_s1.launch.py
[1.528s] -- Up-to-date: /home/smartway/ros2_ws/install/rplidar_ros/share/rplidar_ros/rviz
[1.529s] -- Up-to-date: /home/smartway/ros2_ws/install/rplidar_ros/share/rplidar_ros/rviz/rplidar.rviz
[1.529s] -- Up-to-date: /home/smartway/ros2_ws/install/rplidar_ros/lib/librplidar_composition_node.so
[1.530s] -- Up-to-date: /home/smartway/ros2_ws/install/rplidar_ros/include
[1.531s] -- Up-to-date: /home/smartway/ros2_ws/install/rplidar_ros/include/rplidar_node.hpp
[1.532s] -- Up-to-date: /home/smartway/ros2_ws/install/rplidar_ros/include/visibility.h
[1.533s] -- Up-to-date: /home/smartway/ros2_ws/install/rplidar_ros/lib/rplidar_ros/rplidarNode
[1.534s] -- Up-to-date: /home/smartway/ros2_ws/install/rplidar_ros/lib/rplidar_ros/rplidarNodeClient
[1.535s] -- Up-to-date: /home/smartway/ros2_ws/install/rplidar_ros/lib/rplidar_ros/rplidar_composition
[1.537s] -- Up-to-date: /home/smartway/ros2_ws/install/rplidar_ros/share/ament_index/resource_index/package_run_dependencies/rplidar_ros
[1.538s] -- Up-to-date: /home/smartway/ros2_ws/install/rplidar_ros/share/ament_index/resource_index/parent_prefix_path/rplidar_ros
[1.539s] -- Up-to-date: /home/smartway/ros2_ws/install/rplidar_ros/share/rplidar_ros/environment/ament_prefix_path.sh
[1.540s] -- Up-to-date: /home/smartway/ros2_ws/install/rplidar_ros/share/rplidar_ros/environment/ament_prefix_path.dsv
[1.541s] -- Up-to-date: /home/smartway/ros2_ws/install/rplidar_ros/share/rplidar_ros/environment/path.sh
[1.542s] -- Up-to-date: /home/smartway/ros2_ws/install/rplidar_ros/share/rplidar_ros/environment/path.dsv
[1.543s] -- Up-to-date: /home/smartway/ros2_ws/install/rplidar_ros/share/rplidar_ros/local_setup.bash
[1.544s] -- Up-to-date: /home/smartway/ros2_ws/install/rplidar_ros/share/rplidar_ros/local_setup.sh
[1.545s] -- Up-to-date: /home/smartway/ros2_ws/install/rplidar_ros/share/rplidar_ros/local_setup.zsh
[1.549s] -- Up-to-date: /home/smartway/ros2_ws/install/rplidar_ros/share/rplidar_ros/local_setup.dsv
[1.551s] -- Installing: /home/smartway/ros2_ws/install/rplidar_ros/share/rplidar_ros/package.dsv
[1.552s] -- Up-to-date: /home/smartway/ros2_ws/install/rplidar_ros/share/ament_index/resource_index/packages/rplidar_ros
[1.566s] -- Up-to-date: /home/smartway/ros2_ws/install/rplidar_ros/share/rplidar_ros/cmake/ament_cmake_export_dependencies-extras.cmake
[1.566s] -- Up-to-date: /home/smartway/ros2_ws/install/rplidar_ros/share/rplidar_ros/cmake/ament_cmake_export_include_directories-extras.cmake
[1.567s] -- Up-to-date: /home/smartway/ros2_ws/install/rplidar_ros/share/rplidar_ros/cmake/rplidar_rosConfig.cmake
[1.567s] -- Up-to-date: /home/smartway/ros2_ws/install/rplidar_ros/share/rplidar_ros/cmake/rplidar_rosConfig-version.cmake
[1.568s] -- Up-to-date: /home/smartway/ros2_ws/install/rplidar_ros/share/rplidar_ros/package.xml
[1.569s] Invoked command in '/home/smartway/ros2_ws/build/rplidar_ros' returned '0': CMAKE_PREFIX_PATH=${CMAKE_PREFIX_PATH}:/opt/ros/foxy /usr/bin/cmake --install /home/smartway/ros2_ws/build/rplidar_ros
