[0.148s] Invoking command in '/home/smartway/ros2_ws/build/rpi_robot_slam': CMAKE_PREFIX_PATH=${CMAKE_PREFIX_PATH}:/opt/ros/foxy /usr/bin/cmake /home/smartway/ros2_ws/rpi-robot-ros-foxy/rpi_robot_slam -DCMAKE_INSTALL_PREFIX=/home/smartway/ros2_ws/install/rpi_robot_slam
[0.508s] -- The C compiler identification is GNU 9.4.0
[0.850s] -- The CXX compiler identification is GNU 9.4.0
[0.881s] -- Check for working C compiler: /usr/bin/cc
[1.440s] -- Check for working C compiler: /usr/bin/cc -- works
[1.444s] -- Detecting C compiler ABI info
[2.195s] -- Detecting C compiler ABI info - done
[2.262s] -- Detecting C compile features
[2.265s] -- Detecting C compile features - done
[2.281s] -- Check for working CXX compiler: /usr/bin/c++
[2.768s] -- Check for working CXX compiler: /usr/bin/c++ -- works
[2.772s] -- Detecting CXX compiler ABI info
[3.255s] -- Detecting CXX compiler ABI info - done
[3.324s] -- Detecting CXX compile features
[3.328s] -- Detecting CXX compile features - done
[3.360s] -- Found ament_cmake: 0.9.11 (/opt/ros/foxy/share/ament_cmake/cmake)
[3.551s] -- Found PythonInterp: /usr/bin/python3 (found suitable version "3.8.10", minimum required is "3") 
[3.552s] -- Using PYTHON_EXECUTABLE: /usr/bin/python3
[5.569s] -- Found ament_lint_auto: 0.9.8 (/opt/ros/foxy/share/ament_lint_auto/cmake)
[6.208s] -- Added test 'copyright' to check source files copyright and LICENSE
[6.224s] -- Added test 'flake8' to check Python code syntax and style conventions
[6.228s] -- Added test 'lint_cmake' to check CMake code style
[6.234s] -- Added test 'pep257' to check Python code against some of the style conventions in PEP 257
[6.246s] -- Added test 'xmllint' to check XML markup files
[6.267s] -- Configuring done
[6.287s] -- Generating done
[6.296s] -- Build files have been written to: /home/smartway/ros2_ws/build/rpi_robot_slam
[6.339s] Invoked command in '/home/smartway/ros2_ws/build/rpi_robot_slam' returned '0': CMAKE_PREFIX_PATH=${CMAKE_PREFIX_PATH}:/opt/ros/foxy /usr/bin/cmake /home/smartway/ros2_ws/rpi-robot-ros-foxy/rpi_robot_slam -DCMAKE_INSTALL_PREFIX=/home/smartway/ros2_ws/install/rpi_robot_slam
[6.342s] Invoking command in '/home/smartway/ros2_ws/build/rpi_robot_slam': CMAKE_PREFIX_PATH=${CMAKE_PREFIX_PATH}:/opt/ros/foxy /usr/bin/cmake --build /home/smartway/ros2_ws/build/rpi_robot_slam -- -j4 -l4
[6.817s] Invoked command in '/home/smartway/ros2_ws/build/rpi_robot_slam' returned '0': CMAKE_PREFIX_PATH=${CMAKE_PREFIX_PATH}:/opt/ros/foxy /usr/bin/cmake --build /home/smartway/ros2_ws/build/rpi_robot_slam -- -j4 -l4
[7.146s] Invoking command in '/home/smartway/ros2_ws/build/rpi_robot_slam': CMAKE_PREFIX_PATH=${CMAKE_PREFIX_PATH}:/opt/ros/foxy /usr/bin/cmake --install /home/smartway/ros2_ws/build/rpi_robot_slam
[7.233s] -- Install configuration: ""
[7.235s] -- Installing: /home/smartway/ros2_ws/install/rpi_robot_slam/share/rpi_robot_slam/launch
[7.237s] -- Installing: /home/smartway/ros2_ws/install/rpi_robot_slam/share/rpi_robot_slam/launch/rpi_robot_slam.launch.py
[7.241s] -- Installing: /home/smartway/ros2_ws/install/rpi_robot_slam/share/rpi_robot_slam/launch/cartographer.launch.py
[7.244s] -- Installing: /home/smartway/ros2_ws/install/rpi_robot_slam/share/rpi_robot_slam/launch/occupancy_grid.launch.py
[7.247s] -- Installing: /home/smartway/ros2_ws/install/rpi_robot_slam/share/rpi_robot_slam/config
[7.250s] -- Installing: /home/smartway/ros2_ws/install/rpi_robot_slam/share/rpi_robot_slam/config/rpi_robot_lds_2d.lua
[7.254s] -- Installing: /home/smartway/ros2_ws/install/rpi_robot_slam/share/ament_index/resource_index/package_run_dependencies/rpi_robot_slam
[7.260s] -- Installing: /home/smartway/ros2_ws/install/rpi_robot_slam/share/ament_index/resource_index/parent_prefix_path/rpi_robot_slam
[7.263s] -- Installing: /home/smartway/ros2_ws/install/rpi_robot_slam/share/rpi_robot_slam/environment/ament_prefix_path.sh
[7.267s] -- Installing: /home/smartway/ros2_ws/install/rpi_robot_slam/share/rpi_robot_slam/environment/ament_prefix_path.dsv
[7.271s] -- Installing: /home/smartway/ros2_ws/install/rpi_robot_slam/share/rpi_robot_slam/environment/path.sh
[7.274s] -- Installing: /home/smartway/ros2_ws/install/rpi_robot_slam/share/rpi_robot_slam/environment/path.dsv
[7.278s] -- Installing: /home/smartway/ros2_ws/install/rpi_robot_slam/share/rpi_robot_slam/local_setup.bash
[7.281s] -- Installing: /home/smartway/ros2_ws/install/rpi_robot_slam/share/rpi_robot_slam/local_setup.sh
[7.284s] -- Installing: /home/smartway/ros2_ws/install/rpi_robot_slam/share/rpi_robot_slam/local_setup.zsh
[7.287s] -- Installing: /home/smartway/ros2_ws/install/rpi_robot_slam/share/rpi_robot_slam/local_setup.dsv
[7.290s] -- Installing: /home/smartway/ros2_ws/install/rpi_robot_slam/share/rpi_robot_slam/package.dsv
[7.293s] -- Installing: /home/smartway/ros2_ws/install/rpi_robot_slam/share/ament_index/resource_index/packages/rpi_robot_slam
[7.312s] -- Installing: /home/smartway/ros2_ws/install/rpi_robot_slam/share/rpi_robot_slam/cmake/rpi_robot_slamConfig.cmake
[7.315s] -- Installing: /home/smartway/ros2_ws/install/rpi_robot_slam/share/rpi_robot_slam/cmake/rpi_robot_slamConfig-version.cmake
[7.318s] -- Installing: /home/smartway/ros2_ws/install/rpi_robot_slam/share/rpi_robot_slam/package.xml
[7.342s] Invoked command in '/home/smartway/ros2_ws/build/rpi_robot_slam' returned '0': CMAKE_PREFIX_PATH=${CMAKE_PREFIX_PATH}:/opt/ros/foxy /usr/bin/cmake --install /home/smartway/ros2_ws/build/rpi_robot_slam
