-- Install configuration: ""
-- Up-to-date: /home/smartway/ros2_ws/install/rpi_robot_slam/share/rpi_robot_slam/launch
-- Up-to-date: /home/smartway/ros2_ws/install/rpi_robot_slam/share/rpi_robot_slam/launch/rpi_robot_slam.launch.py
-- Installing: /home/smartway/ros2_ws/install/rpi_robot_slam/share/rpi_robot_slam/launch/cartographer.launch.py
-- Up-to-date: /home/smartway/ros2_ws/install/rpi_robot_slam/share/rpi_robot_slam/launch/occupancy_grid.launch.py
-- Up-to-date: /home/smartway/ros2_ws/install/rpi_robot_slam/share/rpi_robot_slam/config
-- Up-to-date: /home/smartway/ros2_ws/install/rpi_robot_slam/share/rpi_robot_slam/config/rpi_robot_lds_2d.lua
-- Up-to-date: /home/smartway/ros2_ws/install/rpi_robot_slam/share/ament_index/resource_index/package_run_dependencies/rpi_robot_slam
-- Up-to-date: /home/smartway/ros2_ws/install/rpi_robot_slam/share/ament_index/resource_index/parent_prefix_path/rpi_robot_slam
-- Up-to-date: /home/smartway/ros2_ws/install/rpi_robot_slam/share/rpi_robot_slam/environment/ament_prefix_path.sh
-- Up-to-date: /home/smartway/ros2_ws/install/rpi_robot_slam/share/rpi_robot_slam/environment/ament_prefix_path.dsv
-- Up-to-date: /home/smartway/ros2_ws/install/rpi_robot_slam/share/rpi_robot_slam/environment/path.sh
-- Up-to-date: /home/smartway/ros2_ws/install/rpi_robot_slam/share/rpi_robot_slam/environment/path.dsv
-- Up-to-date: /home/smartway/ros2_ws/install/rpi_robot_slam/share/rpi_robot_slam/local_setup.bash
-- Up-to-date: /home/smartway/ros2_ws/install/rpi_robot_slam/share/rpi_robot_slam/local_setup.sh
-- Up-to-date: /home/smartway/ros2_ws/install/rpi_robot_slam/share/rpi_robot_slam/local_setup.zsh
-- Up-to-date: /home/smartway/ros2_ws/install/rpi_robot_slam/share/rpi_robot_slam/local_setup.dsv
-- Installing: /home/smartway/ros2_ws/install/rpi_robot_slam/share/rpi_robot_slam/package.dsv
-- Up-to-date: /home/smartway/ros2_ws/install/rpi_robot_slam/share/ament_index/resource_index/packages/rpi_robot_slam
-- Up-to-date: /home/smartway/ros2_ws/install/rpi_robot_slam/share/rpi_robot_slam/cmake/rpi_robot_slamConfig.cmake
-- Up-to-date: /home/smartway/ros2_ws/install/rpi_robot_slam/share/rpi_robot_slam/cmake/rpi_robot_slamConfig-version.cmake
-- Up-to-date: /home/smartway/ros2_ws/install/rpi_robot_slam/share/rpi_robot_slam/package.xml
