[0.132s] Invoking command in '/home/smartway/ros2_ws/build/rpi_robot_slam': CMAKE_PREFIX_PATH=${CMAKE_PREFIX_PATH}:/home/smartway/ros2_ws/install/rpi_robot_control:/home/smartway/ros2_ws/install/nav2_gazebo_spawner:/opt/ros/foxy /usr/bin/cmake --build /home/smartway/ros2_ws/build/rpi_robot_slam -- -j4 -l4
[0.806s] Invoked command in '/home/smartway/ros2_ws/build/rpi_robot_slam' returned '0': CMAKE_PREFIX_PATH=${CMAKE_PREFIX_PATH}:/home/smartway/ros2_ws/install/rpi_robot_control:/home/smartway/ros2_ws/install/nav2_gazebo_spawner:/opt/ros/foxy /usr/bin/cmake --build /home/smartway/ros2_ws/build/rpi_robot_slam -- -j4 -l4
[1.339s] Invoking command in '/home/smartway/ros2_ws/build/rpi_robot_slam': CMAKE_PREFIX_PATH=${CMAKE_PREFIX_PATH}:/home/smartway/ros2_ws/install/rpi_robot_control:/home/smartway/ros2_ws/install/nav2_gazebo_spawner:/opt/ros/foxy /usr/bin/cmake --install /home/smartway/ros2_ws/build/rpi_robot_slam
[1.908s] -- Install configuration: ""
[1.910s] -- Up-to-date: /home/smartway/ros2_ws/install/rpi_robot_slam/share/rpi_robot_slam/launch
[1.913s] -- Up-to-date: /home/smartway/ros2_ws/install/rpi_robot_slam/share/rpi_robot_slam/launch/rpi_robot_slam.launch.py
[1.915s] -- Installing: /home/smartway/ros2_ws/install/rpi_robot_slam/share/rpi_robot_slam/launch/cartographer.launch.py
[1.921s] -- Up-to-date: /home/smartway/ros2_ws/install/rpi_robot_slam/share/rpi_robot_slam/launch/occupancy_grid.launch.py
[1.924s] -- Up-to-date: /home/smartway/ros2_ws/install/rpi_robot_slam/share/rpi_robot_slam/config
[1.934s] -- Up-to-date: /home/smartway/ros2_ws/install/rpi_robot_slam/share/rpi_robot_slam/config/rpi_robot_lds_2d.lua
[1.935s] -- Up-to-date: /home/smartway/ros2_ws/install/rpi_robot_slam/share/ament_index/resource_index/package_run_dependencies/rpi_robot_slam
[1.940s] -- Up-to-date: /home/smartway/ros2_ws/install/rpi_robot_slam/share/ament_index/resource_index/parent_prefix_path/rpi_robot_slam
[1.941s] -- Up-to-date: /home/smartway/ros2_ws/install/rpi_robot_slam/share/rpi_robot_slam/environment/ament_prefix_path.sh
[1.942s] -- Up-to-date: /home/smartway/ros2_ws/install/rpi_robot_slam/share/rpi_robot_slam/environment/ament_prefix_path.dsv
[1.945s] -- Up-to-date: /home/smartway/ros2_ws/install/rpi_robot_slam/share/rpi_robot_slam/environment/path.sh
[1.946s] -- Up-to-date: /home/smartway/ros2_ws/install/rpi_robot_slam/share/rpi_robot_slam/environment/path.dsv
[1.947s] -- Up-to-date: /home/smartway/ros2_ws/install/rpi_robot_slam/share/rpi_robot_slam/local_setup.bash
[2.005s] -- Up-to-date: /home/smartway/ros2_ws/install/rpi_robot_slam/share/rpi_robot_slam/local_setup.sh
[2.006s] -- Up-to-date: /home/smartway/ros2_ws/install/rpi_robot_slam/share/rpi_robot_slam/local_setup.zsh
[2.008s] -- Up-to-date: /home/smartway/ros2_ws/install/rpi_robot_slam/share/rpi_robot_slam/local_setup.dsv
[2.008s] -- Installing: /home/smartway/ros2_ws/install/rpi_robot_slam/share/rpi_robot_slam/package.dsv
[2.012s] -- Up-to-date: /home/smartway/ros2_ws/install/rpi_robot_slam/share/ament_index/resource_index/packages/rpi_robot_slam
[2.013s] -- Up-to-date: /home/smartway/ros2_ws/install/rpi_robot_slam/share/rpi_robot_slam/cmake/rpi_robot_slamConfig.cmake
[2.014s] -- Up-to-date: /home/smartway/ros2_ws/install/rpi_robot_slam/share/rpi_robot_slam/cmake/rpi_robot_slamConfig-version.cmake
[2.016s] -- Up-to-date: /home/smartway/ros2_ws/install/rpi_robot_slam/share/rpi_robot_slam/package.xml
[2.083s] Invoked command in '/home/smartway/ros2_ws/build/rpi_robot_slam' returned '0': CMAKE_PREFIX_PATH=${CMAKE_PREFIX_PATH}:/home/smartway/ros2_ws/install/rpi_robot_control:/home/smartway/ros2_ws/install/nav2_gazebo_spawner:/opt/ros/foxy /usr/bin/cmake --install /home/smartway/ros2_ws/build/rpi_robot_slam
