-- The C compiler identification is GNU 9.4.0
-- The CXX compiler identification is GNU 9.4.0
-- Check for working C compiler: /usr/bin/cc
-- Check for working C compiler: /usr/bin/cc -- works
-- Detecting C compiler ABI info
-- Detecting C compiler ABI info - done
-- Detecting C compile features
-- Detecting C compile features - done
-- Check for working CXX compiler: /usr/bin/c++
-- Check for working CXX compiler: /usr/bin/c++ -- works
-- Detecting CXX compiler ABI info
-- Detecting CXX compiler ABI info - done
-- Detecting CXX compile features
-- Detecting CXX compile features - done
-- Found ament_cmake: 0.9.11 (/opt/ros/foxy/share/ament_cmake/cmake)
-- Found PythonInterp: /usr/bin/python3 (found suitable version "3.8.10", minimum required is "3") 
-- Using PYTHON_EXECUTABLE: /usr/bin/python3
-- Found ament_lint_auto: 0.9.8 (/opt/ros/foxy/share/ament_lint_auto/cmake)
-- Found rosidl_default_generators: 1.0.1 (/opt/ros/foxy/share/rosidl_default_generators/cmake)
-- Using all available rosidl_typesupport_c: rosidl_typesupport_fastrtps_c;rosidl_typesupport_introspection_c
-- Found rosidl_adapter: 1.3.0 (/opt/ros/foxy/share/rosidl_adapter/cmake)
-- Found OpenSSL: /usr/lib/aarch64-linux-gnu/libcrypto.so (found version "1.1.1f")  
-- Found FastRTPS: /opt/ros/foxy/include  
-- Using all available rosidl_typesupport_cpp: rosidl_typesupport_fastrtps_cpp;rosidl_typesupport_introspection_cpp
-- Found PythonInterp: /usr/bin/python3 (found version "3.8.10") 
-- Found ament_cmake_ros: 0.9.2 (/opt/ros/foxy/share/ament_cmake_ros/cmake)
-- Using all available rosidl_typesupport_c: rosidl_typesupport_fastrtps_c;rosidl_typesupport_introspection_c
-- Using all available rosidl_typesupport_cpp: rosidl_typesupport_fastrtps_cpp;rosidl_typesupport_introspection_cpp
-- Found PythonInterp: /usr/bin/python3 (found suitable version "3.8.10", minimum required is "3.5") 
-- Found python_cmake_module: 0.8.1 (/opt/ros/foxy/share/python_cmake_module/cmake)
-- Found PythonLibs: /usr/lib/aarch64-linux-gnu/libpython3.8.so (found suitable version "3.8.10", minimum required is "3.5") 
-- Using PYTHON_EXECUTABLE: /usr/bin/python3
-- Using PYTHON_INCLUDE_DIRS: /usr/include/python3.8
-- Using PYTHON_LIBRARIES: /usr/lib/aarch64-linux-gnu/libpython3.8.so
-- Found PythonExtra: .so  
-- Added test 'copyright' to check source files copyright and LICENSE
-- Added test 'lint_cmake' to check CMake code style
-- Added test 'xmllint' to check XML markup files
-- Configuring done
-- Generating done
-- Build files have been written to: /home/smartway/ros2_ws/build/rpi_robot_action_interfaces
[35m[1mScanning dependencies of target rpi_robot_action_interfaces__cpp[0m
[  3%] [34m[1mGenerating C code for ROS interfaces[0m
[  6%] [34m[1mGenerating C++ code for ROS interfaces[0m
[  6%] Built target rpi_robot_action_interfaces__cpp
[  9%] [34m[1mGenerating C++ introspection for ROS interfaces[0m
[ 12%] [34m[1mGenerating C++ type support for eProsima Fast-RTPS[0m
[ 16%] [34m[1mGenerating C++ type support dispatch for ROS interfaces[0m
[35m[1mScanning dependencies of target rpi_robot_action_interfaces__rosidl_generator_c[0m
[ 19%] [32mBuilding C object CMakeFiles/rpi_robot_action_interfaces__rosidl_generator_c.dir/rosidl_generator_c/rpi_robot_action_interfaces/action/detail/go_to_goal__functions.c.o[0m
[ 22%] [32m[1mLinking C shared library librpi_robot_action_interfaces__rosidl_generator_c.so[0m
[ 22%] Built target rpi_robot_action_interfaces__rosidl_generator_c
[ 25%] [34m[1mGenerating C type support dispatch for ROS interfaces[0m
[35m[1mScanning dependencies of target rpi_robot_action_interfaces__rosidl_typesupport_cpp[0m
[ 29%] [32mBuilding CXX object CMakeFiles/rpi_robot_action_interfaces__rosidl_typesupport_cpp.dir/rosidl_typesupport_cpp/rpi_robot_action_interfaces/action/go_to_goal__type_support.cpp.o[0m
[35m[1mScanning dependencies of target rpi_robot_action_interfaces__rosidl_typesupport_introspection_cpp[0m
[ 32%] [32mBuilding CXX object CMakeFiles/rpi_robot_action_interfaces__rosidl_typesupport_introspection_cpp.dir/rosidl_typesupport_introspection_cpp/rpi_robot_action_interfaces/action/detail/go_to_goal__type_support.cpp.o[0m
[35m[1mScanning dependencies of target rpi_robot_action_interfaces__rosidl_typesupport_fastrtps_cpp[0m
[ 35%] [32mBuilding CXX object CMakeFiles/rpi_robot_action_interfaces__rosidl_typesupport_fastrtps_cpp.dir/rosidl_typesupport_fastrtps_cpp/rpi_robot_action_interfaces/action/detail/dds_fastrtps/go_to_goal__type_support.cpp.o[0m
[35m[1mScanning dependencies of target rpi_robot_action_interfaces__rosidl_typesupport_c[0m
[ 38%] [32mBuilding CXX object CMakeFiles/rpi_robot_action_interfaces__rosidl_typesupport_c.dir/rosidl_typesupport_c/rpi_robot_action_interfaces/action/go_to_goal__type_support.cpp.o[0m
[ 41%] [32m[1mLinking CXX shared library librpi_robot_action_interfaces__rosidl_typesupport_c.so[0m
[ 45%] [32m[1mLinking CXX shared library librpi_robot_action_interfaces__rosidl_typesupport_cpp.so[0m
[ 45%] Built target rpi_robot_action_interfaces__rosidl_typesupport_c
[ 48%] [34m[1mGenerating C introspection for ROS interfaces[0m
[ 48%] Built target rpi_robot_action_interfaces__rosidl_typesupport_cpp
[ 51%] [32m[1mLinking CXX shared library librpi_robot_action_interfaces__rosidl_typesupport_introspection_cpp.so[0m
[ 51%] Built target rpi_robot_action_interfaces__rosidl_typesupport_introspection_cpp
[ 54%] [32m[1mLinking CXX shared library librpi_robot_action_interfaces__rosidl_typesupport_fastrtps_cpp.so[0m
[ 54%] Built target rpi_robot_action_interfaces__rosidl_typesupport_fastrtps_cpp
[ 58%] [34m[1mGenerating C type support for eProsima Fast-RTPS[0m
[35m[1mScanning dependencies of target rpi_robot_action_interfaces__rosidl_typesupport_introspection_c[0m
[ 61%] [32mBuilding C object CMakeFiles/rpi_robot_action_interfaces__rosidl_typesupport_introspection_c.dir/rosidl_typesupport_introspection_c/rpi_robot_action_interfaces/action/detail/go_to_goal__type_support.c.o[0m
[ 64%] [32m[1mLinking C shared library librpi_robot_action_interfaces__rosidl_typesupport_introspection_c.so[0m
[ 64%] Built target rpi_robot_action_interfaces__rosidl_typesupport_introspection_c
[35m[1mScanning dependencies of target rpi_robot_action_interfaces__rosidl_typesupport_fastrtps_c[0m
[ 67%] [32mBuilding CXX object CMakeFiles/rpi_robot_action_interfaces__rosidl_typesupport_fastrtps_c.dir/rosidl_typesupport_fastrtps_c/rpi_robot_action_interfaces/action/detail/go_to_goal__type_support_c.cpp.o[0m
[ 70%] [32m[1mLinking CXX shared library librpi_robot_action_interfaces__rosidl_typesupport_fastrtps_c.so[0m
[ 70%] Built target rpi_robot_action_interfaces__rosidl_typesupport_fastrtps_c
[35m[1mScanning dependencies of target rpi_robot_action_interfaces[0m
[ 70%] Built target rpi_robot_action_interfaces
[35m[1mScanning dependencies of target rpi_robot_action_interfaces__py[0m
[ 74%] [34m[1mGenerating Python code for ROS interfaces[0m
[ 74%] Built target rpi_robot_action_interfaces__py
[35m[1mScanning dependencies of target rpi_robot_action_interfaces__python[0m
[ 77%] [32mBuilding C object CMakeFiles/rpi_robot_action_interfaces__python.dir/rosidl_generator_py/rpi_robot_action_interfaces/action/_go_to_goal_s.c.o[0m
[ 80%] [32m[1mLinking C shared library rosidl_generator_py/rpi_robot_action_interfaces/librpi_robot_action_interfaces__python.so[0m
[ 80%] Built target rpi_robot_action_interfaces__python
[35m[1mScanning dependencies of target rpi_robot_action_interfaces__rosidl_typesupport_fastrtps_c__pyext[0m
[35m[1mScanning dependencies of target rpi_robot_action_interfaces__rosidl_typesupport_c__pyext[0m
[35m[1mScanning dependencies of target rpi_robot_action_interfaces__rosidl_typesupport_introspection_c__pyext[0m
[ 83%] [32mBuilding C object CMakeFiles/rpi_robot_action_interfaces__rosidl_typesupport_c__pyext.dir/rosidl_generator_py/rpi_robot_action_interfaces/_rpi_robot_action_interfaces_s.ep.rosidl_typesupport_c.c.o[0m
[ 87%] [32mBuilding C object CMakeFiles/rpi_robot_action_interfaces__rosidl_typesupport_introspection_c__pyext.dir/rosidl_generator_py/rpi_robot_action_interfaces/_rpi_robot_action_interfaces_s.ep.rosidl_typesupport_introspection_c.c.o[0m
[ 90%] [32mBuilding C object CMakeFiles/rpi_robot_action_interfaces__rosidl_typesupport_fastrtps_c__pyext.dir/rosidl_generator_py/rpi_robot_action_interfaces/_rpi_robot_action_interfaces_s.ep.rosidl_typesupport_fastrtps_c.c.o[0m
[ 93%] [32m[1mLinking C shared library rosidl_generator_py/rpi_robot_action_interfaces/rpi_robot_action_interfaces_s__rosidl_typesupport_c.cpython-38-aarch64-linux-gnu.so[0m
[ 96%] [32m[1mLinking C shared library rosidl_generator_py/rpi_robot_action_interfaces/rpi_robot_action_interfaces_s__rosidl_typesupport_introspection_c.cpython-38-aarch64-linux-gnu.so[0m
[100%] [32m[1mLinking CXX shared library rosidl_generator_py/rpi_robot_action_interfaces/rpi_robot_action_interfaces_s__rosidl_typesupport_fastrtps_c.cpython-38-aarch64-linux-gnu.so[0m
[100%] Built target rpi_robot_action_interfaces__rosidl_typesupport_c__pyext
[100%] Built target rpi_robot_action_interfaces__rosidl_typesupport_introspection_c__pyext
[100%] Built target rpi_robot_action_interfaces__rosidl_typesupport_fastrtps_c__pyext
-- Install configuration: ""
-- Installing: /home/smartway/ros2_ws/install/rpi_robot_action_interfaces/share/ament_index/resource_index/rosidl_interfaces/rpi_robot_action_interfaces
-- Installing: /home/smartway/ros2_ws/install/rpi_robot_action_interfaces/include/rpi_robot_action_interfaces
-- Installing: /home/smartway/ros2_ws/install/rpi_robot_action_interfaces/include/rpi_robot_action_interfaces/msg
-- Installing: /home/smartway/ros2_ws/install/rpi_robot_action_interfaces/include/rpi_robot_action_interfaces/msg/rosidl_generator_c__visibility_control.h
-- Installing: /home/smartway/ros2_ws/install/rpi_robot_action_interfaces/include/rpi_robot_action_interfaces/action
-- Installing: /home/smartway/ros2_ws/install/rpi_robot_action_interfaces/include/rpi_robot_action_interfaces/action/go_to_goal.h
-- Installing: /home/smartway/ros2_ws/install/rpi_robot_action_interfaces/include/rpi_robot_action_interfaces/action/detail
-- Installing: /home/smartway/ros2_ws/install/rpi_robot_action_interfaces/include/rpi_robot_action_interfaces/action/detail/go_to_goal__functions.c
-- Installing: /home/smartway/ros2_ws/install/rpi_robot_action_interfaces/include/rpi_robot_action_interfaces/action/detail/go_to_goal__functions.h
-- Installing: /home/smartway/ros2_ws/install/rpi_robot_action_interfaces/include/rpi_robot_action_interfaces/action/detail/go_to_goal__type_support.h
-- Installing: /home/smartway/ros2_ws/install/rpi_robot_action_interfaces/include/rpi_robot_action_interfaces/action/detail/go_to_goal__struct.h
-- Installing: /home/smartway/ros2_ws/install/rpi_robot_action_interfaces/share/rpi_robot_action_interfaces/environment/library_path.sh
-- Installing: /home/smartway/ros2_ws/install/rpi_robot_action_interfaces/share/rpi_robot_action_interfaces/environment/library_path.dsv
-- Installing: /home/smartway/ros2_ws/install/rpi_robot_action_interfaces/lib/librpi_robot_action_interfaces__rosidl_generator_c.so
-- Set runtime path of "/home/smartway/ros2_ws/install/rpi_robot_action_interfaces/lib/librpi_robot_action_interfaces__rosidl_generator_c.so" to ""
-- Up-to-date: /home/smartway/ros2_ws/install/rpi_robot_action_interfaces/include/rpi_robot_action_interfaces
-- Up-to-date: /home/smartway/ros2_ws/install/rpi_robot_action_interfaces/include/rpi_robot_action_interfaces/msg
-- Installing: /home/smartway/ros2_ws/install/rpi_robot_action_interfaces/include/rpi_robot_action_interfaces/msg/rosidl_typesupport_fastrtps_c__visibility_control.h
-- Up-to-date: /home/smartway/ros2_ws/install/rpi_robot_action_interfaces/include/rpi_robot_action_interfaces/action
-- Up-to-date: /home/smartway/ros2_ws/install/rpi_robot_action_interfaces/include/rpi_robot_action_interfaces/action/detail
-- Installing: /home/smartway/ros2_ws/install/rpi_robot_action_interfaces/include/rpi_robot_action_interfaces/action/detail/go_to_goal__rosidl_typesupport_fastrtps_c.h
-- Installing: /home/smartway/ros2_ws/install/rpi_robot_action_interfaces/lib/librpi_robot_action_interfaces__rosidl_typesupport_fastrtps_c.so
-- Set runtime path of "/home/smartway/ros2_ws/install/rpi_robot_action_interfaces/lib/librpi_robot_action_interfaces__rosidl_typesupport_fastrtps_c.so" to ""
-- Up-to-date: /home/smartway/ros2_ws/install/rpi_robot_action_interfaces/include/rpi_robot_action_interfaces
-- Up-to-date: /home/smartway/ros2_ws/install/rpi_robot_action_interfaces/include/rpi_robot_action_interfaces/msg
-- Installing: /home/smartway/ros2_ws/install/rpi_robot_action_interfaces/include/rpi_robot_action_interfaces/msg/rosidl_typesupport_fastrtps_cpp__visibility_control.h
-- Up-to-date: /home/smartway/ros2_ws/install/rpi_robot_action_interfaces/include/rpi_robot_action_interfaces/action
-- Up-to-date: /home/smartway/ros2_ws/install/rpi_robot_action_interfaces/include/rpi_robot_action_interfaces/action/detail
-- Installing: /home/smartway/ros2_ws/install/rpi_robot_action_interfaces/include/rpi_robot_action_interfaces/action/detail/dds_fastrtps
-- Installing: /home/smartway/ros2_ws/install/rpi_robot_action_interfaces/include/rpi_robot_action_interfaces/action/detail/go_to_goal__rosidl_typesupport_fastrtps_cpp.hpp
-- Installing: /home/smartway/ros2_ws/install/rpi_robot_action_interfaces/lib/librpi_robot_action_interfaces__rosidl_typesupport_fastrtps_cpp.so
-- Set runtime path of "/home/smartway/ros2_ws/install/rpi_robot_action_interfaces/lib/librpi_robot_action_interfaces__rosidl_typesupport_fastrtps_cpp.so" to ""
-- Up-to-date: /home/smartway/ros2_ws/install/rpi_robot_action_interfaces/include/rpi_robot_action_interfaces
-- Up-to-date: /home/smartway/ros2_ws/install/rpi_robot_action_interfaces/include/rpi_robot_action_interfaces/msg
-- Installing: /home/smartway/ros2_ws/install/rpi_robot_action_interfaces/include/rpi_robot_action_interfaces/msg/rosidl_typesupport_introspection_c__visibility_control.h
-- Up-to-date: /home/smartway/ros2_ws/install/rpi_robot_action_interfaces/include/rpi_robot_action_interfaces/action
-- Up-to-date: /home/smartway/ros2_ws/install/rpi_robot_action_interfaces/include/rpi_robot_action_interfaces/action/detail
-- Installing: /home/smartway/ros2_ws/install/rpi_robot_action_interfaces/include/rpi_robot_action_interfaces/action/detail/go_to_goal__rosidl_typesupport_introspection_c.h
-- Installing: /home/smartway/ros2_ws/install/rpi_robot_action_interfaces/include/rpi_robot_action_interfaces/action/detail/go_to_goal__type_support.c
-- Installing: /home/smartway/ros2_ws/install/rpi_robot_action_interfaces/lib/librpi_robot_action_interfaces__rosidl_typesupport_introspection_c.so
-- Set runtime path of "/home/smartway/ros2_ws/install/rpi_robot_action_interfaces/lib/librpi_robot_action_interfaces__rosidl_typesupport_introspection_c.so" to ""
-- Installing: /home/smartway/ros2_ws/install/rpi_robot_action_interfaces/lib/librpi_robot_action_interfaces__rosidl_typesupport_c.so
-- Set runtime path of "/home/smartway/ros2_ws/install/rpi_robot_action_interfaces/lib/librpi_robot_action_interfaces__rosidl_typesupport_c.so" to ""
-- Up-to-date: /home/smartway/ros2_ws/install/rpi_robot_action_interfaces/include/rpi_robot_action_interfaces
-- Up-to-date: /home/smartway/ros2_ws/install/rpi_robot_action_interfaces/include/rpi_robot_action_interfaces/action
-- Up-to-date: /home/smartway/ros2_ws/install/rpi_robot_action_interfaces/include/rpi_robot_action_interfaces/action/detail
-- Installing: /home/smartway/ros2_ws/install/rpi_robot_action_interfaces/include/rpi_robot_action_interfaces/action/detail/go_to_goal__traits.hpp
-- Installing: /home/smartway/ros2_ws/install/rpi_robot_action_interfaces/include/rpi_robot_action_interfaces/action/detail/go_to_goal__builder.hpp
-- Installing: /home/smartway/ros2_ws/install/rpi_robot_action_interfaces/include/rpi_robot_action_interfaces/action/detail/go_to_goal__struct.hpp
-- Installing: /home/smartway/ros2_ws/install/rpi_robot_action_interfaces/include/rpi_robot_action_interfaces/action/go_to_goal.hpp
-- Up-to-date: /home/smartway/ros2_ws/install/rpi_robot_action_interfaces/include/rpi_robot_action_interfaces
-- Up-to-date: /home/smartway/ros2_ws/install/rpi_robot_action_interfaces/include/rpi_robot_action_interfaces/action
-- Up-to-date: /home/smartway/ros2_ws/install/rpi_robot_action_interfaces/include/rpi_robot_action_interfaces/action/detail
-- Installing: /home/smartway/ros2_ws/install/rpi_robot_action_interfaces/include/rpi_robot_action_interfaces/action/detail/go_to_goal__rosidl_typesupport_introspection_cpp.hpp
-- Installing: /home/smartway/ros2_ws/install/rpi_robot_action_interfaces/include/rpi_robot_action_interfaces/action/detail/go_to_goal__type_support.cpp
-- Installing: /home/smartway/ros2_ws/install/rpi_robot_action_interfaces/lib/librpi_robot_action_interfaces__rosidl_typesupport_introspection_cpp.so
-- Set runtime path of "/home/smartway/ros2_ws/install/rpi_robot_action_interfaces/lib/librpi_robot_action_interfaces__rosidl_typesupport_introspection_cpp.so" to ""
-- Installing: /home/smartway/ros2_ws/install/rpi_robot_action_interfaces/lib/librpi_robot_action_interfaces__rosidl_typesupport_cpp.so
-- Set runtime path of "/home/smartway/ros2_ws/install/rpi_robot_action_interfaces/lib/librpi_robot_action_interfaces__rosidl_typesupport_cpp.so" to ""
-- Installing: /home/smartway/ros2_ws/install/rpi_robot_action_interfaces/share/rpi_robot_action_interfaces/environment/pythonpath.sh
-- Installing: /home/smartway/ros2_ws/install/rpi_robot_action_interfaces/share/rpi_robot_action_interfaces/environment/pythonpath.dsv
-- Installing: /home/smartway/ros2_ws/install/rpi_robot_action_interfaces/lib/python3.8/site-packages/rpi_robot_action_interfaces/__init__.py
Compiling '/home/smartway/ros2_ws/install/rpi_robot_action_interfaces/lib/python3.8/site-packages/rpi_robot_action_interfaces/__init__.py'...
-- Installing: /home/smartway/ros2_ws/install/rpi_robot_action_interfaces/lib/python3.8/site-packages/rpi_robot_action_interfaces/action
-- Installing: /home/smartway/ros2_ws/install/rpi_robot_action_interfaces/lib/python3.8/site-packages/rpi_robot_action_interfaces/action/_go_to_goal.py
-- Installing: /home/smartway/ros2_ws/install/rpi_robot_action_interfaces/lib/python3.8/site-packages/rpi_robot_action_interfaces/action/_go_to_goal_s.c
-- Installing: /home/smartway/ros2_ws/install/rpi_robot_action_interfaces/lib/python3.8/site-packages/rpi_robot_action_interfaces/action/__init__.py
-- Installing: /home/smartway/ros2_ws/install/rpi_robot_action_interfaces/lib/python3.8/site-packages/rpi_robot_action_interfaces/rpi_robot_action_interfaces_s__rosidl_typesupport_fastrtps_c.cpython-38-aarch64-linux-gnu.so
-- Set runtime path of "/home/smartway/ros2_ws/install/rpi_robot_action_interfaces/lib/python3.8/site-packages/rpi_robot_action_interfaces/rpi_robot_action_interfaces_s__rosidl_typesupport_fastrtps_c.cpython-38-aarch64-linux-gnu.so" to ""
-- Installing: /home/smartway/ros2_ws/install/rpi_robot_action_interfaces/lib/python3.8/site-packages/rpi_robot_action_interfaces/rpi_robot_action_interfaces_s__rosidl_typesupport_introspection_c.cpython-38-aarch64-linux-gnu.so
-- Set runtime path of "/home/smartway/ros2_ws/install/rpi_robot_action_interfaces/lib/python3.8/site-packages/rpi_robot_action_interfaces/rpi_robot_action_interfaces_s__rosidl_typesupport_introspection_c.cpython-38-aarch64-linux-gnu.so" to ""
-- Installing: /home/smartway/ros2_ws/install/rpi_robot_action_interfaces/lib/python3.8/site-packages/rpi_robot_action_interfaces/rpi_robot_action_interfaces_s__rosidl_typesupport_c.cpython-38-aarch64-linux-gnu.so
-- Set runtime path of "/home/smartway/ros2_ws/install/rpi_robot_action_interfaces/lib/python3.8/site-packages/rpi_robot_action_interfaces/rpi_robot_action_interfaces_s__rosidl_typesupport_c.cpython-38-aarch64-linux-gnu.so" to ""
-- Installing: /home/smartway/ros2_ws/install/rpi_robot_action_interfaces/lib/librpi_robot_action_interfaces__python.so
-- Set runtime path of "/home/smartway/ros2_ws/install/rpi_robot_action_interfaces/lib/librpi_robot_action_interfaces__python.so" to ""
-- Installing: /home/smartway/ros2_ws/install/rpi_robot_action_interfaces/share/rpi_robot_action_interfaces/action/GoToGoal.idl
-- Installing: /home/smartway/ros2_ws/install/rpi_robot_action_interfaces/share/rpi_robot_action_interfaces/action/GoToGoal.action
-- Installing: /home/smartway/ros2_ws/install/rpi_robot_action_interfaces/share/ament_index/resource_index/package_run_dependencies/rpi_robot_action_interfaces
-- Installing: /home/smartway/ros2_ws/install/rpi_robot_action_interfaces/share/ament_index/resource_index/parent_prefix_path/rpi_robot_action_interfaces
-- Installing: /home/smartway/ros2_ws/install/rpi_robot_action_interfaces/share/rpi_robot_action_interfaces/environment/ament_prefix_path.sh
-- Installing: /home/smartway/ros2_ws/install/rpi_robot_action_interfaces/share/rpi_robot_action_interfaces/environment/ament_prefix_path.dsv
-- Installing: /home/smartway/ros2_ws/install/rpi_robot_action_interfaces/share/rpi_robot_action_interfaces/environment/path.sh
-- Installing: /home/smartway/ros2_ws/install/rpi_robot_action_interfaces/share/rpi_robot_action_interfaces/environment/path.dsv
-- Installing: /home/smartway/ros2_ws/install/rpi_robot_action_interfaces/share/rpi_robot_action_interfaces/local_setup.bash
-- Installing: /home/smartway/ros2_ws/install/rpi_robot_action_interfaces/share/rpi_robot_action_interfaces/local_setup.sh
-- Installing: /home/smartway/ros2_ws/install/rpi_robot_action_interfaces/share/rpi_robot_action_interfaces/local_setup.zsh
-- Installing: /home/smartway/ros2_ws/install/rpi_robot_action_interfaces/share/rpi_robot_action_interfaces/local_setup.dsv
-- Installing: /home/smartway/ros2_ws/install/rpi_robot_action_interfaces/share/rpi_robot_action_interfaces/package.dsv
-- Installing: /home/smartway/ros2_ws/install/rpi_robot_action_interfaces/share/ament_index/resource_index/packages/rpi_robot_action_interfaces
-- Installing: /home/smartway/ros2_ws/install/rpi_robot_action_interfaces/share/rpi_robot_action_interfaces/cmake/rpi_robot_action_interfaces__rosidl_generator_cExport.cmake
-- Installing: /home/smartway/ros2_ws/install/rpi_robot_action_interfaces/share/rpi_robot_action_interfaces/cmake/rpi_robot_action_interfaces__rosidl_generator_cExport-noconfig.cmake
-- Installing: /home/smartway/ros2_ws/install/rpi_robot_action_interfaces/share/rpi_robot_action_interfaces/cmake/rpi_robot_action_interfaces__rosidl_typesupport_introspection_cExport.cmake
-- Installing: /home/smartway/ros2_ws/install/rpi_robot_action_interfaces/share/rpi_robot_action_interfaces/cmake/rpi_robot_action_interfaces__rosidl_typesupport_introspection_cExport-noconfig.cmake
-- Installing: /home/smartway/ros2_ws/install/rpi_robot_action_interfaces/share/rpi_robot_action_interfaces/cmake/rpi_robot_action_interfaces__rosidl_typesupport_cExport.cmake
-- Installing: /home/smartway/ros2_ws/install/rpi_robot_action_interfaces/share/rpi_robot_action_interfaces/cmake/rpi_robot_action_interfaces__rosidl_typesupport_cExport-noconfig.cmake
-- Installing: /home/smartway/ros2_ws/install/rpi_robot_action_interfaces/share/rpi_robot_action_interfaces/cmake/rpi_robot_action_interfaces__rosidl_generator_cppExport.cmake
-- Installing: /home/smartway/ros2_ws/install/rpi_robot_action_interfaces/share/rpi_robot_action_interfaces/cmake/rpi_robot_action_interfaces__rosidl_typesupport_introspection_cppExport.cmake
-- Installing: /home/smartway/ros2_ws/install/rpi_robot_action_interfaces/share/rpi_robot_action_interfaces/cmake/rpi_robot_action_interfaces__rosidl_typesupport_introspection_cppExport-noconfig.cmake
-- Installing: /home/smartway/ros2_ws/install/rpi_robot_action_interfaces/share/rpi_robot_action_interfaces/cmake/rpi_robot_action_interfaces__rosidl_typesupport_cppExport.cmake
-- Installing: /home/smartway/ros2_ws/install/rpi_robot_action_interfaces/share/rpi_robot_action_interfaces/cmake/rpi_robot_action_interfaces__rosidl_typesupport_cppExport-noconfig.cmake
-- Installing: /home/smartway/ros2_ws/install/rpi_robot_action_interfaces/share/rpi_robot_action_interfaces/cmake/rosidl_cmake-extras.cmake
-- Installing: /home/smartway/ros2_ws/install/rpi_robot_action_interfaces/share/rpi_robot_action_interfaces/cmake/ament_cmake_export_dependencies-extras.cmake
-- Installing: /home/smartway/ros2_ws/install/rpi_robot_action_interfaces/share/rpi_robot_action_interfaces/cmake/ament_cmake_export_libraries-extras.cmake
-- Installing: /home/smartway/ros2_ws/install/rpi_robot_action_interfaces/share/rpi_robot_action_interfaces/cmake/ament_cmake_export_targets-extras.cmake
-- Installing: /home/smartway/ros2_ws/install/rpi_robot_action_interfaces/share/rpi_robot_action_interfaces/cmake/ament_cmake_export_include_directories-extras.cmake
-- Installing: /home/smartway/ros2_ws/install/rpi_robot_action_interfaces/share/rpi_robot_action_interfaces/cmake/rosidl_cmake_export_typesupport_libraries-extras.cmake
-- Installing: /home/smartway/ros2_ws/install/rpi_robot_action_interfaces/share/rpi_robot_action_interfaces/cmake/rosidl_cmake_export_typesupport_targets-extras.cmake
-- Installing: /home/smartway/ros2_ws/install/rpi_robot_action_interfaces/share/rpi_robot_action_interfaces/cmake/rpi_robot_action_interfacesConfig.cmake
-- Installing: /home/smartway/ros2_ws/install/rpi_robot_action_interfaces/share/rpi_robot_action_interfaces/cmake/rpi_robot_action_interfacesConfig-version.cmake
-- Installing: /home/smartway/ros2_ws/install/rpi_robot_action_interfaces/share/rpi_robot_action_interfaces/package.xml
