[0.225s] Invoking command in '/home/smartway/ros2_ws/build/rpi_robot_action_interfaces': CMAKE_PREFIX_PATH=${CMAKE_PREFIX_PATH}:/opt/ros/foxy /usr/bin/cmake /home/smartway/ros2_ws/rpi-robot-ros-foxy/rpi_robot_action_interfaces -DCMAKE_INSTALL_PREFIX=/home/smartway/ros2_ws/install/rpi_robot_action_interfaces
[2.032s] -- The C compiler identification is GNU 9.4.0
[2.036s] -- The CXX compiler identification is GNU 9.4.0
[2.038s] -- Check for working C compiler: /usr/bin/cc
[2.039s] -- Check for working C compiler: /usr/bin/cc -- works
[2.041s] -- Detecting C compiler ABI info
[2.054s] -- Detecting C compiler ABI info - done
[2.055s] -- Detecting C compile features
[2.056s] -- Detecting C compile features - done
[2.057s] -- Check for working CXX compiler: /usr/bin/c++
[2.186s] -- Check for working CXX compiler: /usr/bin/c++ -- works
[2.192s] -- Detecting CXX compiler ABI info
[2.875s] -- Detecting CXX compiler ABI info - done
[2.931s] -- Detecting CXX compile features
[2.934s] -- Detecting CXX compile features - done
[2.964s] -- Found ament_cmake: 0.9.11 (/opt/ros/foxy/share/ament_cmake/cmake)
[3.156s] -- Found PythonInterp: /usr/bin/python3 (found suitable version "3.8.10", minimum required is "3") 
[3.157s] -- Using PYTHON_EXECUTABLE: /usr/bin/python3
[4.931s] -- Found ament_lint_auto: 0.9.8 (/opt/ros/foxy/share/ament_lint_auto/cmake)
[5.566s] -- Found rosidl_default_generators: 1.0.1 (/opt/ros/foxy/share/rosidl_default_generators/cmake)
[5.595s] -- Using all available rosidl_typesupport_c: rosidl_typesupport_fastrtps_c;rosidl_typesupport_introspection_c
[5.668s] -- Found rosidl_adapter: 1.3.0 (/opt/ros/foxy/share/rosidl_adapter/cmake)
[6.587s] -- Found OpenSSL: /usr/lib/aarch64-linux-gnu/libcrypto.so (found version "1.1.1f")  
[6.925s] -- Found FastRTPS: /opt/ros/foxy/include  
[7.888s] -- Using all available rosidl_typesupport_cpp: rosidl_typesupport_fastrtps_cpp;rosidl_typesupport_introspection_cpp
[8.289s] -- Found PythonInterp: /usr/bin/python3 (found version "3.8.10") 
[9.095s] -- Found ament_cmake_ros: 0.9.2 (/opt/ros/foxy/share/ament_cmake_ros/cmake)
[10.193s] -- Using all available rosidl_typesupport_c: rosidl_typesupport_fastrtps_c;rosidl_typesupport_introspection_c
[10.304s] -- Using all available rosidl_typesupport_cpp: rosidl_typesupport_fastrtps_cpp;rosidl_typesupport_introspection_cpp
[10.429s] -- Found PythonInterp: /usr/bin/python3 (found suitable version "3.8.10", minimum required is "3.5") 
[10.448s] -- Found python_cmake_module: 0.8.1 (/opt/ros/foxy/share/python_cmake_module/cmake)
[10.592s] -- Found PythonLibs: /usr/lib/aarch64-linux-gnu/libpython3.8.so (found suitable version "3.8.10", minimum required is "3.5") 
[10.592s] -- Using PYTHON_EXECUTABLE: /usr/bin/python3
[10.593s] -- Using PYTHON_INCLUDE_DIRS: /usr/include/python3.8
[10.593s] -- Using PYTHON_LIBRARIES: /usr/lib/aarch64-linux-gnu/libpython3.8.so
[10.691s] -- Found PythonExtra: .so  
[10.944s] -- Added test 'copyright' to check source files copyright and LICENSE
[10.944s] -- Added test 'lint_cmake' to check CMake code style
[10.950s] -- Added test 'xmllint' to check XML markup files
[11.004s] -- Configuring done
[11.240s] -- Generating done
[11.255s] -- Build files have been written to: /home/smartway/ros2_ws/build/rpi_robot_action_interfaces
[11.317s] Invoked command in '/home/smartway/ros2_ws/build/rpi_robot_action_interfaces' returned '0': CMAKE_PREFIX_PATH=${CMAKE_PREFIX_PATH}:/opt/ros/foxy /usr/bin/cmake /home/smartway/ros2_ws/rpi-robot-ros-foxy/rpi_robot_action_interfaces -DCMAKE_INSTALL_PREFIX=/home/smartway/ros2_ws/install/rpi_robot_action_interfaces
[11.321s] Invoking command in '/home/smartway/ros2_ws/build/rpi_robot_action_interfaces': CMAKE_PREFIX_PATH=${CMAKE_PREFIX_PATH}:/opt/ros/foxy /usr/bin/cmake --build /home/smartway/ros2_ws/build/rpi_robot_action_interfaces -- -j4 -l4
[11.505s] [35m[1mScanning dependencies of target rpi_robot_action_interfaces__cpp[0m
[11.508s] [  3%] [34m[1mGenerating C code for ROS interfaces[0m
[11.561s] [  6%] [34m[1mGenerating C++ code for ROS interfaces[0m
[13.684s] [  6%] Built target rpi_robot_action_interfaces__cpp
[13.754s] [  9%] [34m[1mGenerating C++ introspection for ROS interfaces[0m
[13.756s] [ 12%] [34m[1mGenerating C++ type support for eProsima Fast-RTPS[0m
[13.784s] [ 16%] [34m[1mGenerating C++ type support dispatch for ROS interfaces[0m
[13.808s] [35m[1mScanning dependencies of target rpi_robot_action_interfaces__rosidl_generator_c[0m
[13.971s] [ 19%] [32mBuilding C object CMakeFiles/rpi_robot_action_interfaces__rosidl_generator_c.dir/rosidl_generator_c/rpi_robot_action_interfaces/action/detail/go_to_goal__functions.c.o[0m
[15.076s] [ 22%] [32m[1mLinking C shared library librpi_robot_action_interfaces__rosidl_generator_c.so[0m
[15.538s] [ 22%] Built target rpi_robot_action_interfaces__rosidl_generator_c
[15.691s] [ 25%] [34m[1mGenerating C type support dispatch for ROS interfaces[0m
[15.952s] [35m[1mScanning dependencies of target rpi_robot_action_interfaces__rosidl_typesupport_cpp[0m
[16.139s] [ 29%] [32mBuilding CXX object CMakeFiles/rpi_robot_action_interfaces__rosidl_typesupport_cpp.dir/rosidl_typesupport_cpp/rpi_robot_action_interfaces/action/go_to_goal__type_support.cpp.o[0m
[16.184s] [35m[1mScanning dependencies of target rpi_robot_action_interfaces__rosidl_typesupport_introspection_cpp[0m
[16.397s] [ 32%] [32mBuilding CXX object CMakeFiles/rpi_robot_action_interfaces__rosidl_typesupport_introspection_cpp.dir/rosidl_typesupport_introspection_cpp/rpi_robot_action_interfaces/action/detail/go_to_goal__type_support.cpp.o[0m
[16.607s] [35m[1mScanning dependencies of target rpi_robot_action_interfaces__rosidl_typesupport_fastrtps_cpp[0m
[16.868s] [ 35%] [32mBuilding CXX object CMakeFiles/rpi_robot_action_interfaces__rosidl_typesupport_fastrtps_cpp.dir/rosidl_typesupport_fastrtps_cpp/rpi_robot_action_interfaces/action/detail/dds_fastrtps/go_to_goal__type_support.cpp.o[0m
[17.797s] [35m[1mScanning dependencies of target rpi_robot_action_interfaces__rosidl_typesupport_c[0m
[17.990s] [ 38%] [32mBuilding CXX object CMakeFiles/rpi_robot_action_interfaces__rosidl_typesupport_c.dir/rosidl_typesupport_c/rpi_robot_action_interfaces/action/go_to_goal__type_support.cpp.o[0m
[18.469s] [ 41%] [32m[1mLinking CXX shared library librpi_robot_action_interfaces__rosidl_typesupport_c.so[0m
[18.866s] [ 45%] [32m[1mLinking CXX shared library librpi_robot_action_interfaces__rosidl_typesupport_cpp.so[0m
[18.933s] [ 45%] Built target rpi_robot_action_interfaces__rosidl_typesupport_c
[19.072s] [ 48%] [34m[1mGenerating C introspection for ROS interfaces[0m
[19.326s] [ 48%] Built target rpi_robot_action_interfaces__rosidl_typesupport_cpp
[19.388s] [ 51%] [32m[1mLinking CXX shared library librpi_robot_action_interfaces__rosidl_typesupport_introspection_cpp.so[0m
[19.794s] [ 51%] Built target rpi_robot_action_interfaces__rosidl_typesupport_introspection_cpp
[20.501s] [ 54%] [32m[1mLinking CXX shared library librpi_robot_action_interfaces__rosidl_typesupport_fastrtps_cpp.so[0m
[20.932s] [ 54%] Built target rpi_robot_action_interfaces__rosidl_typesupport_fastrtps_cpp
[21.002s] [ 58%] [34m[1mGenerating C type support for eProsima Fast-RTPS[0m
[21.077s] [35m[1mScanning dependencies of target rpi_robot_action_interfaces__rosidl_typesupport_introspection_c[0m
[21.157s] [ 61%] [32mBuilding C object CMakeFiles/rpi_robot_action_interfaces__rosidl_typesupport_introspection_c.dir/rosidl_typesupport_introspection_c/rpi_robot_action_interfaces/action/detail/go_to_goal__type_support.c.o[0m
[21.435s] [ 64%] [32m[1mLinking C shared library librpi_robot_action_interfaces__rosidl_typesupport_introspection_c.so[0m
[21.608s] [ 64%] Built target rpi_robot_action_interfaces__rosidl_typesupport_introspection_c
[22.851s] [35m[1mScanning dependencies of target rpi_robot_action_interfaces__rosidl_typesupport_fastrtps_c[0m
[22.953s] [ 67%] [32mBuilding CXX object CMakeFiles/rpi_robot_action_interfaces__rosidl_typesupport_fastrtps_c.dir/rosidl_typesupport_fastrtps_c/rpi_robot_action_interfaces/action/detail/go_to_goal__type_support_c.cpp.o[0m
[24.885s] [ 70%] [32m[1mLinking CXX shared library librpi_robot_action_interfaces__rosidl_typesupport_fastrtps_c.so[0m
[25.263s] [ 70%] Built target rpi_robot_action_interfaces__rosidl_typesupport_fastrtps_c
[25.309s] [35m[1mScanning dependencies of target rpi_robot_action_interfaces[0m
[25.357s] [ 70%] Built target rpi_robot_action_interfaces
[25.403s] [35m[1mScanning dependencies of target rpi_robot_action_interfaces__py[0m
[25.453s] [ 74%] [34m[1mGenerating Python code for ROS interfaces[0m
[29.279s] [ 74%] Built target rpi_robot_action_interfaces__py
[29.327s] [35m[1mScanning dependencies of target rpi_robot_action_interfaces__python[0m
[29.419s] [ 77%] [32mBuilding C object CMakeFiles/rpi_robot_action_interfaces__python.dir/rosidl_generator_py/rpi_robot_action_interfaces/action/_go_to_goal_s.c.o[0m
[29.994s] [ 80%] [32m[1mLinking C shared library rosidl_generator_py/rpi_robot_action_interfaces/librpi_robot_action_interfaces__python.so[0m
[30.221s] [ 80%] Built target rpi_robot_action_interfaces__python
[30.270s] [35m[1mScanning dependencies of target rpi_robot_action_interfaces__rosidl_typesupport_fastrtps_c__pyext[0m
[30.271s] [35m[1mScanning dependencies of target rpi_robot_action_interfaces__rosidl_typesupport_c__pyext[0m
[30.272s] [35m[1mScanning dependencies of target rpi_robot_action_interfaces__rosidl_typesupport_introspection_c__pyext[0m
[30.350s] [ 83%] [32mBuilding C object CMakeFiles/rpi_robot_action_interfaces__rosidl_typesupport_c__pyext.dir/rosidl_generator_py/rpi_robot_action_interfaces/_rpi_robot_action_interfaces_s.ep.rosidl_typesupport_c.c.o[0m
[30.394s] [ 87%] [32mBuilding C object CMakeFiles/rpi_robot_action_interfaces__rosidl_typesupport_introspection_c__pyext.dir/rosidl_generator_py/rpi_robot_action_interfaces/_rpi_robot_action_interfaces_s.ep.rosidl_typesupport_introspection_c.c.o[0m
[30.399s] [ 90%] [32mBuilding C object CMakeFiles/rpi_robot_action_interfaces__rosidl_typesupport_fastrtps_c__pyext.dir/rosidl_generator_py/rpi_robot_action_interfaces/_rpi_robot_action_interfaces_s.ep.rosidl_typesupport_fastrtps_c.c.o[0m
[30.894s] [ 93%] [32m[1mLinking C shared library rosidl_generator_py/rpi_robot_action_interfaces/rpi_robot_action_interfaces_s__rosidl_typesupport_c.cpython-38-aarch64-linux-gnu.so[0m
[30.922s] [ 96%] [32m[1mLinking C shared library rosidl_generator_py/rpi_robot_action_interfaces/rpi_robot_action_interfaces_s__rosidl_typesupport_introspection_c.cpython-38-aarch64-linux-gnu.so[0m
[30.948s] [100%] [32m[1mLinking CXX shared library rosidl_generator_py/rpi_robot_action_interfaces/rpi_robot_action_interfaces_s__rosidl_typesupport_fastrtps_c.cpython-38-aarch64-linux-gnu.so[0m
[31.198s] [100%] Built target rpi_robot_action_interfaces__rosidl_typesupport_c__pyext
[31.231s] [100%] Built target rpi_robot_action_interfaces__rosidl_typesupport_introspection_c__pyext
[31.370s] [100%] Built target rpi_robot_action_interfaces__rosidl_typesupport_fastrtps_c__pyext
[31.417s] Invoked command in '/home/smartway/ros2_ws/build/rpi_robot_action_interfaces' returned '0': CMAKE_PREFIX_PATH=${CMAKE_PREFIX_PATH}:/opt/ros/foxy /usr/bin/cmake --build /home/smartway/ros2_ws/build/rpi_robot_action_interfaces -- -j4 -l4
[31.768s] Invoking command in '/home/smartway/ros2_ws/build/rpi_robot_action_interfaces': CMAKE_PREFIX_PATH=${CMAKE_PREFIX_PATH}:/opt/ros/foxy /usr/bin/cmake --install /home/smartway/ros2_ws/build/rpi_robot_action_interfaces
[31.807s] -- Install configuration: ""
[31.807s] -- Installing: /home/smartway/ros2_ws/install/rpi_robot_action_interfaces/share/ament_index/resource_index/rosidl_interfaces/rpi_robot_action_interfaces
[31.809s] -- Installing: /home/smartway/ros2_ws/install/rpi_robot_action_interfaces/include/rpi_robot_action_interfaces
[31.809s] -- Installing: /home/smartway/ros2_ws/install/rpi_robot_action_interfaces/include/rpi_robot_action_interfaces/msg
[31.810s] -- Installing: /home/smartway/ros2_ws/install/rpi_robot_action_interfaces/include/rpi_robot_action_interfaces/msg/rosidl_generator_c__visibility_control.h
[31.812s] -- Installing: /home/smartway/ros2_ws/install/rpi_robot_action_interfaces/include/rpi_robot_action_interfaces/action
[31.814s] -- Installing: /home/smartway/ros2_ws/install/rpi_robot_action_interfaces/include/rpi_robot_action_interfaces/action/go_to_goal.h
[31.816s] -- Installing: /home/smartway/ros2_ws/install/rpi_robot_action_interfaces/include/rpi_robot_action_interfaces/action/detail
[31.816s] -- Installing: /home/smartway/ros2_ws/install/rpi_robot_action_interfaces/include/rpi_robot_action_interfaces/action/detail/go_to_goal__functions.c
[31.817s] -- Installing: /home/smartway/ros2_ws/install/rpi_robot_action_interfaces/include/rpi_robot_action_interfaces/action/detail/go_to_goal__functions.h
[31.818s] -- Installing: /home/smartway/ros2_ws/install/rpi_robot_action_interfaces/include/rpi_robot_action_interfaces/action/detail/go_to_goal__type_support.h
[31.819s] -- Installing: /home/smartway/ros2_ws/install/rpi_robot_action_interfaces/include/rpi_robot_action_interfaces/action/detail/go_to_goal__struct.h
[31.821s] -- Installing: /home/smartway/ros2_ws/install/rpi_robot_action_interfaces/share/rpi_robot_action_interfaces/environment/library_path.sh
[31.822s] -- Installing: /home/smartway/ros2_ws/install/rpi_robot_action_interfaces/share/rpi_robot_action_interfaces/environment/library_path.dsv
[31.823s] -- Installing: /home/smartway/ros2_ws/install/rpi_robot_action_interfaces/lib/librpi_robot_action_interfaces__rosidl_generator_c.so
[31.826s] -- Set runtime path of "/home/smartway/ros2_ws/install/rpi_robot_action_interfaces/lib/librpi_robot_action_interfaces__rosidl_generator_c.so" to ""
[31.826s] -- Up-to-date: /home/smartway/ros2_ws/install/rpi_robot_action_interfaces/include/rpi_robot_action_interfaces
[31.826s] -- Up-to-date: /home/smartway/ros2_ws/install/rpi_robot_action_interfaces/include/rpi_robot_action_interfaces/msg
[31.827s] -- Installing: /home/smartway/ros2_ws/install/rpi_robot_action_interfaces/include/rpi_robot_action_interfaces/msg/rosidl_typesupport_fastrtps_c__visibility_control.h
[31.828s] -- Up-to-date: /home/smartway/ros2_ws/install/rpi_robot_action_interfaces/include/rpi_robot_action_interfaces/action
[31.828s] -- Up-to-date: /home/smartway/ros2_ws/install/rpi_robot_action_interfaces/include/rpi_robot_action_interfaces/action/detail
[31.828s] -- Installing: /home/smartway/ros2_ws/install/rpi_robot_action_interfaces/include/rpi_robot_action_interfaces/action/detail/go_to_goal__rosidl_typesupport_fastrtps_c.h
[31.830s] -- Installing: /home/smartway/ros2_ws/install/rpi_robot_action_interfaces/lib/librpi_robot_action_interfaces__rosidl_typesupport_fastrtps_c.so
[31.832s] -- Set runtime path of "/home/smartway/ros2_ws/install/rpi_robot_action_interfaces/lib/librpi_robot_action_interfaces__rosidl_typesupport_fastrtps_c.so" to ""
[31.833s] -- Up-to-date: /home/smartway/ros2_ws/install/rpi_robot_action_interfaces/include/rpi_robot_action_interfaces
[31.833s] -- Up-to-date: /home/smartway/ros2_ws/install/rpi_robot_action_interfaces/include/rpi_robot_action_interfaces/msg
[31.834s] -- Installing: /home/smartway/ros2_ws/install/rpi_robot_action_interfaces/include/rpi_robot_action_interfaces/msg/rosidl_typesupport_fastrtps_cpp__visibility_control.h
[31.834s] -- Up-to-date: /home/smartway/ros2_ws/install/rpi_robot_action_interfaces/include/rpi_robot_action_interfaces/action
[31.835s] -- Up-to-date: /home/smartway/ros2_ws/install/rpi_robot_action_interfaces/include/rpi_robot_action_interfaces/action/detail
[31.835s] -- Installing: /home/smartway/ros2_ws/install/rpi_robot_action_interfaces/include/rpi_robot_action_interfaces/action/detail/dds_fastrtps
[31.836s] -- Installing: /home/smartway/ros2_ws/install/rpi_robot_action_interfaces/include/rpi_robot_action_interfaces/action/detail/go_to_goal__rosidl_typesupport_fastrtps_cpp.hpp
[31.837s] -- Installing: /home/smartway/ros2_ws/install/rpi_robot_action_interfaces/lib/librpi_robot_action_interfaces__rosidl_typesupport_fastrtps_cpp.so
[31.840s] -- Set runtime path of "/home/smartway/ros2_ws/install/rpi_robot_action_interfaces/lib/librpi_robot_action_interfaces__rosidl_typesupport_fastrtps_cpp.so" to ""
[31.840s] -- Up-to-date: /home/smartway/ros2_ws/install/rpi_robot_action_interfaces/include/rpi_robot_action_interfaces
[31.841s] -- Up-to-date: /home/smartway/ros2_ws/install/rpi_robot_action_interfaces/include/rpi_robot_action_interfaces/msg
[31.841s] -- Installing: /home/smartway/ros2_ws/install/rpi_robot_action_interfaces/include/rpi_robot_action_interfaces/msg/rosidl_typesupport_introspection_c__visibility_control.h
[31.842s] -- Up-to-date: /home/smartway/ros2_ws/install/rpi_robot_action_interfaces/include/rpi_robot_action_interfaces/action
[31.842s] -- Up-to-date: /home/smartway/ros2_ws/install/rpi_robot_action_interfaces/include/rpi_robot_action_interfaces/action/detail
[31.843s] -- Installing: /home/smartway/ros2_ws/install/rpi_robot_action_interfaces/include/rpi_robot_action_interfaces/action/detail/go_to_goal__rosidl_typesupport_introspection_c.h
[31.844s] -- Installing: /home/smartway/ros2_ws/install/rpi_robot_action_interfaces/include/rpi_robot_action_interfaces/action/detail/go_to_goal__type_support.c
[31.846s] -- Installing: /home/smartway/ros2_ws/install/rpi_robot_action_interfaces/lib/librpi_robot_action_interfaces__rosidl_typesupport_introspection_c.so
[31.848s] -- Set runtime path of "/home/smartway/ros2_ws/install/rpi_robot_action_interfaces/lib/librpi_robot_action_interfaces__rosidl_typesupport_introspection_c.so" to ""
[31.848s] -- Installing: /home/smartway/ros2_ws/install/rpi_robot_action_interfaces/lib/librpi_robot_action_interfaces__rosidl_typesupport_c.so
[31.851s] -- Set runtime path of "/home/smartway/ros2_ws/install/rpi_robot_action_interfaces/lib/librpi_robot_action_interfaces__rosidl_typesupport_c.so" to ""
[31.851s] -- Up-to-date: /home/smartway/ros2_ws/install/rpi_robot_action_interfaces/include/rpi_robot_action_interfaces
[31.852s] -- Up-to-date: /home/smartway/ros2_ws/install/rpi_robot_action_interfaces/include/rpi_robot_action_interfaces/action
[31.852s] -- Up-to-date: /home/smartway/ros2_ws/install/rpi_robot_action_interfaces/include/rpi_robot_action_interfaces/action/detail
[31.852s] -- Installing: /home/smartway/ros2_ws/install/rpi_robot_action_interfaces/include/rpi_robot_action_interfaces/action/detail/go_to_goal__traits.hpp
[31.853s] -- Installing: /home/smartway/ros2_ws/install/rpi_robot_action_interfaces/include/rpi_robot_action_interfaces/action/detail/go_to_goal__builder.hpp
[31.854s] -- Installing: /home/smartway/ros2_ws/install/rpi_robot_action_interfaces/include/rpi_robot_action_interfaces/action/detail/go_to_goal__struct.hpp
[31.855s] -- Installing: /home/smartway/ros2_ws/install/rpi_robot_action_interfaces/include/rpi_robot_action_interfaces/action/go_to_goal.hpp
[31.857s] -- Up-to-date: /home/smartway/ros2_ws/install/rpi_robot_action_interfaces/include/rpi_robot_action_interfaces
[31.857s] -- Up-to-date: /home/smartway/ros2_ws/install/rpi_robot_action_interfaces/include/rpi_robot_action_interfaces/action
[31.857s] -- Up-to-date: /home/smartway/ros2_ws/install/rpi_robot_action_interfaces/include/rpi_robot_action_interfaces/action/detail
[31.858s] -- Installing: /home/smartway/ros2_ws/install/rpi_robot_action_interfaces/include/rpi_robot_action_interfaces/action/detail/go_to_goal__rosidl_typesupport_introspection_cpp.hpp
[31.859s] -- Installing: /home/smartway/ros2_ws/install/rpi_robot_action_interfaces/include/rpi_robot_action_interfaces/action/detail/go_to_goal__type_support.cpp
[31.861s] -- Installing: /home/smartway/ros2_ws/install/rpi_robot_action_interfaces/lib/librpi_robot_action_interfaces__rosidl_typesupport_introspection_cpp.so
[31.863s] -- Set runtime path of "/home/smartway/ros2_ws/install/rpi_robot_action_interfaces/lib/librpi_robot_action_interfaces__rosidl_typesupport_introspection_cpp.so" to ""
[31.864s] -- Installing: /home/smartway/ros2_ws/install/rpi_robot_action_interfaces/lib/librpi_robot_action_interfaces__rosidl_typesupport_cpp.so
[31.866s] -- Set runtime path of "/home/smartway/ros2_ws/install/rpi_robot_action_interfaces/lib/librpi_robot_action_interfaces__rosidl_typesupport_cpp.so" to ""
[31.866s] -- Installing: /home/smartway/ros2_ws/install/rpi_robot_action_interfaces/share/rpi_robot_action_interfaces/environment/pythonpath.sh
[31.867s] -- Installing: /home/smartway/ros2_ws/install/rpi_robot_action_interfaces/share/rpi_robot_action_interfaces/environment/pythonpath.dsv
[31.869s] -- Installing: /home/smartway/ros2_ws/install/rpi_robot_action_interfaces/lib/python3.8/site-packages/rpi_robot_action_interfaces/__init__.py
[31.992s] Compiling '/home/smartway/ros2_ws/install/rpi_robot_action_interfaces/lib/python3.8/site-packages/rpi_robot_action_interfaces/__init__.py'...
[32.017s] -- Installing: /home/smartway/ros2_ws/install/rpi_robot_action_interfaces/lib/python3.8/site-packages/rpi_robot_action_interfaces/action
[32.018s] -- Installing: /home/smartway/ros2_ws/install/rpi_robot_action_interfaces/lib/python3.8/site-packages/rpi_robot_action_interfaces/action/_go_to_goal.py
[32.019s] -- Installing: /home/smartway/ros2_ws/install/rpi_robot_action_interfaces/lib/python3.8/site-packages/rpi_robot_action_interfaces/action/_go_to_goal_s.c
[32.020s] -- Installing: /home/smartway/ros2_ws/install/rpi_robot_action_interfaces/lib/python3.8/site-packages/rpi_robot_action_interfaces/action/__init__.py
[32.022s] -- Installing: /home/smartway/ros2_ws/install/rpi_robot_action_interfaces/lib/python3.8/site-packages/rpi_robot_action_interfaces/rpi_robot_action_interfaces_s__rosidl_typesupport_fastrtps_c.cpython-38-aarch64-linux-gnu.so
[32.026s] -- Set runtime path of "/home/smartway/ros2_ws/install/rpi_robot_action_interfaces/lib/python3.8/site-packages/rpi_robot_action_interfaces/rpi_robot_action_interfaces_s__rosidl_typesupport_fastrtps_c.cpython-38-aarch64-linux-gnu.so" to ""
[32.028s] -- Installing: /home/smartway/ros2_ws/install/rpi_robot_action_interfaces/lib/python3.8/site-packages/rpi_robot_action_interfaces/rpi_robot_action_interfaces_s__rosidl_typesupport_introspection_c.cpython-38-aarch64-linux-gnu.so
[32.032s] -- Set runtime path of "/home/smartway/ros2_ws/install/rpi_robot_action_interfaces/lib/python3.8/site-packages/rpi_robot_action_interfaces/rpi_robot_action_interfaces_s__rosidl_typesupport_introspection_c.cpython-38-aarch64-linux-gnu.so" to ""
[32.033s] -- Installing: /home/smartway/ros2_ws/install/rpi_robot_action_interfaces/lib/python3.8/site-packages/rpi_robot_action_interfaces/rpi_robot_action_interfaces_s__rosidl_typesupport_c.cpython-38-aarch64-linux-gnu.so
[32.036s] -- Set runtime path of "/home/smartway/ros2_ws/install/rpi_robot_action_interfaces/lib/python3.8/site-packages/rpi_robot_action_interfaces/rpi_robot_action_interfaces_s__rosidl_typesupport_c.cpython-38-aarch64-linux-gnu.so" to ""
[32.037s] -- Installing: /home/smartway/ros2_ws/install/rpi_robot_action_interfaces/lib/librpi_robot_action_interfaces__python.so
[32.039s] -- Set runtime path of "/home/smartway/ros2_ws/install/rpi_robot_action_interfaces/lib/librpi_robot_action_interfaces__python.so" to ""
[32.040s] -- Installing: /home/smartway/ros2_ws/install/rpi_robot_action_interfaces/share/rpi_robot_action_interfaces/action/GoToGoal.idl
[32.041s] -- Installing: /home/smartway/ros2_ws/install/rpi_robot_action_interfaces/share/rpi_robot_action_interfaces/action/GoToGoal.action
[32.042s] -- Installing: /home/smartway/ros2_ws/install/rpi_robot_action_interfaces/share/ament_index/resource_index/package_run_dependencies/rpi_robot_action_interfaces
[32.044s] -- Installing: /home/smartway/ros2_ws/install/rpi_robot_action_interfaces/share/ament_index/resource_index/parent_prefix_path/rpi_robot_action_interfaces
[32.045s] -- Installing: /home/smartway/ros2_ws/install/rpi_robot_action_interfaces/share/rpi_robot_action_interfaces/environment/ament_prefix_path.sh
[32.046s] -- Installing: /home/smartway/ros2_ws/install/rpi_robot_action_interfaces/share/rpi_robot_action_interfaces/environment/ament_prefix_path.dsv
[32.047s] -- Installing: /home/smartway/ros2_ws/install/rpi_robot_action_interfaces/share/rpi_robot_action_interfaces/environment/path.sh
[32.048s] -- Installing: /home/smartway/ros2_ws/install/rpi_robot_action_interfaces/share/rpi_robot_action_interfaces/environment/path.dsv
[32.050s] -- Installing: /home/smartway/ros2_ws/install/rpi_robot_action_interfaces/share/rpi_robot_action_interfaces/local_setup.bash
[32.051s] -- Installing: /home/smartway/ros2_ws/install/rpi_robot_action_interfaces/share/rpi_robot_action_interfaces/local_setup.sh
[32.052s] -- Installing: /home/smartway/ros2_ws/install/rpi_robot_action_interfaces/share/rpi_robot_action_interfaces/local_setup.zsh
[32.053s] -- Installing: /home/smartway/ros2_ws/install/rpi_robot_action_interfaces/share/rpi_robot_action_interfaces/local_setup.dsv
[32.054s] -- Installing: /home/smartway/ros2_ws/install/rpi_robot_action_interfaces/share/rpi_robot_action_interfaces/package.dsv
[32.055s] -- Installing: /home/smartway/ros2_ws/install/rpi_robot_action_interfaces/share/ament_index/resource_index/packages/rpi_robot_action_interfaces
[32.057s] -- Installing: /home/smartway/ros2_ws/install/rpi_robot_action_interfaces/share/rpi_robot_action_interfaces/cmake/rpi_robot_action_interfaces__rosidl_generator_cExport.cmake
[32.058s] -- Installing: /home/smartway/ros2_ws/install/rpi_robot_action_interfaces/share/rpi_robot_action_interfaces/cmake/rpi_robot_action_interfaces__rosidl_generator_cExport-noconfig.cmake
[32.059s] -- Installing: /home/smartway/ros2_ws/install/rpi_robot_action_interfaces/share/rpi_robot_action_interfaces/cmake/rpi_robot_action_interfaces__rosidl_typesupport_introspection_cExport.cmake
[32.061s] -- Installing: /home/smartway/ros2_ws/install/rpi_robot_action_interfaces/share/rpi_robot_action_interfaces/cmake/rpi_robot_action_interfaces__rosidl_typesupport_introspection_cExport-noconfig.cmake
[32.062s] -- Installing: /home/smartway/ros2_ws/install/rpi_robot_action_interfaces/share/rpi_robot_action_interfaces/cmake/rpi_robot_action_interfaces__rosidl_typesupport_cExport.cmake
[32.064s] -- Installing: /home/smartway/ros2_ws/install/rpi_robot_action_interfaces/share/rpi_robot_action_interfaces/cmake/rpi_robot_action_interfaces__rosidl_typesupport_cExport-noconfig.cmake
[32.065s] -- Installing: /home/smartway/ros2_ws/install/rpi_robot_action_interfaces/share/rpi_robot_action_interfaces/cmake/rpi_robot_action_interfaces__rosidl_generator_cppExport.cmake
[32.067s] -- Installing: /home/smartway/ros2_ws/install/rpi_robot_action_interfaces/share/rpi_robot_action_interfaces/cmake/rpi_robot_action_interfaces__rosidl_typesupport_introspection_cppExport.cmake
[32.068s] -- Installing: /home/smartway/ros2_ws/install/rpi_robot_action_interfaces/share/rpi_robot_action_interfaces/cmake/rpi_robot_action_interfaces__rosidl_typesupport_introspection_cppExport-noconfig.cmake
[32.070s] -- Installing: /home/smartway/ros2_ws/install/rpi_robot_action_interfaces/share/rpi_robot_action_interfaces/cmake/rpi_robot_action_interfaces__rosidl_typesupport_cppExport.cmake
[32.071s] -- Installing: /home/smartway/ros2_ws/install/rpi_robot_action_interfaces/share/rpi_robot_action_interfaces/cmake/rpi_robot_action_interfaces__rosidl_typesupport_cppExport-noconfig.cmake
[32.073s] -- Installing: /home/smartway/ros2_ws/install/rpi_robot_action_interfaces/share/rpi_robot_action_interfaces/cmake/rosidl_cmake-extras.cmake
[32.074s] -- Installing: /home/smartway/ros2_ws/install/rpi_robot_action_interfaces/share/rpi_robot_action_interfaces/cmake/ament_cmake_export_dependencies-extras.cmake
[32.075s] -- Installing: /home/smartway/ros2_ws/install/rpi_robot_action_interfaces/share/rpi_robot_action_interfaces/cmake/ament_cmake_export_libraries-extras.cmake
[32.076s] -- Installing: /home/smartway/ros2_ws/install/rpi_robot_action_interfaces/share/rpi_robot_action_interfaces/cmake/ament_cmake_export_targets-extras.cmake
[32.078s] -- Installing: /home/smartway/ros2_ws/install/rpi_robot_action_interfaces/share/rpi_robot_action_interfaces/cmake/ament_cmake_export_include_directories-extras.cmake
[32.079s] -- Installing: /home/smartway/ros2_ws/install/rpi_robot_action_interfaces/share/rpi_robot_action_interfaces/cmake/rosidl_cmake_export_typesupport_libraries-extras.cmake
[32.080s] -- Installing: /home/smartway/ros2_ws/install/rpi_robot_action_interfaces/share/rpi_robot_action_interfaces/cmake/rosidl_cmake_export_typesupport_targets-extras.cmake
[32.081s] -- Installing: /home/smartway/ros2_ws/install/rpi_robot_action_interfaces/share/rpi_robot_action_interfaces/cmake/rpi_robot_action_interfacesConfig.cmake
[32.082s] -- Installing: /home/smartway/ros2_ws/install/rpi_robot_action_interfaces/share/rpi_robot_action_interfaces/cmake/rpi_robot_action_interfacesConfig-version.cmake
[32.083s] -- Installing: /home/smartway/ros2_ws/install/rpi_robot_action_interfaces/share/rpi_robot_action_interfaces/package.xml
[32.102s] Invoked command in '/home/smartway/ros2_ws/build/rpi_robot_action_interfaces' returned '0': CMAKE_PREFIX_PATH=${CMAKE_PREFIX_PATH}:/opt/ros/foxy /usr/bin/cmake --install /home/smartway/ros2_ws/build/rpi_robot_action_interfaces
