[0.564s] Invoking command in '/home/smartway/ros2_ws/build/nav2_costmap_2d': AMENT_PREFIX_PATH=/home/smartway/ros2_ws/install/nav2_map_server:/home/smartway/ros2_ws/install/nav2_lifecycle_manager:/home/smartway/ros2_ws/install/nav2_util:/home/smartway/ros2_ws/install/nav2_voxel_grid:/home/smartway/ros2_ws/install/nav2_msgs:/home/smartway/ros2_ws/install/nav2_common:${AMENT_PREFIX_PATH} CMAKE_PREFIX_PATH=/home/smartway/ros2_ws/install/nav2_map_server:/home/smartway/ros2_ws/install/nav2_lifecycle_manager:/home/smartway/ros2_ws/install/nav2_util:/home/smartway/ros2_ws/install/nav2_voxel_grid:/home/smartway/ros2_ws/install/nav2_msgs:/home/smartway/ros2_ws/install/nav2_common:/build/rpi_robot_action_interfaces:/build/rpi_robot_bringup:/build/rpi_robot_slam:/build/rplidar_ros:/opt/ros/foxy LD_LIBRARY_PATH=/home/smartway/ros2_ws/install/nav2_map_server/lib:/home/smartway/ros2_ws/install/nav2_lifecycle_manager/lib:/home/smartway/ros2_ws/install/nav2_util/lib:/home/smartway/ros2_ws/install/nav2_voxel_grid/lib:/home/smartway/ros2_ws/install/nav2_msgs/lib:/opt/ros/foxy/opt/yaml_cpp_vendor/lib:/opt/ros/foxy/opt/rviz_ogre_vendor/lib:/opt/ros/foxy/lib/aarch64-linux-gnu:/opt/ros/foxy/lib:/usr/lib/aarch64-linux-gnu/gazebo-11/plugins PYTHONPATH=/home/smartway/ros2_ws/install/nav2_msgs/lib/python3.8/site-packages:/home/smartway/ros2_ws/install/nav2_common/lib/python3.8/site-packages:${PYTHONPATH} /usr/bin/cmake /home/smartway/ros2_ws/src/navigation2/nav2_costmap_2d -DCMAKE_INSTALL_PREFIX=/home/smartway/ros2_ws/install/nav2_costmap_2d
[1.376s] -- The C compiler identification is GNU 9.4.0
[2.004s] -- The CXX compiler identification is GNU 9.4.0
[2.053s] -- Check for working C compiler: /usr/bin/cc
[2.899s] -- Check for working C compiler: /usr/bin/cc -- works
[2.903s] -- Detecting C compiler ABI info
[3.888s] -- Detecting C compiler ABI info - done
[3.984s] -- Detecting C compile features
[3.986s] -- Detecting C compile features - done
[4.011s] -- Check for working CXX compiler: /usr/bin/c++
[5.125s] -- Check for working CXX compiler: /usr/bin/c++ -- works
[5.145s] -- Detecting CXX compiler ABI info
[6.245s] -- Detecting CXX compiler ABI info - done
[6.378s] -- Detecting CXX compile features
[6.382s] -- Detecting CXX compile features - done
[6.484s] -- Found ament_cmake: 0.9.11 (/opt/ros/foxy/share/ament_cmake/cmake)
[6.912s] -- Found PythonInterp: /usr/bin/python3 (found suitable version "3.8.10", minimum required is "3") 
[6.913s] -- Using PYTHON_EXECUTABLE: /usr/bin/python3
[9.029s] -- Found geometry_msgs: 2.0.5 (/opt/ros/foxy/share/geometry_msgs/cmake)
[9.445s] -- Using all available rosidl_typesupport_c: rosidl_typesupport_fastrtps_c;rosidl_typesupport_introspection_c
[9.534s] -- Found rosidl_adapter: 1.3.0 (/opt/ros/foxy/share/rosidl_adapter/cmake)
[10.430s] -- Found OpenSSL: /usr/lib/aarch64-linux-gnu/libcrypto.so (found version "1.1.1f")  
[10.757s] -- Found FastRTPS: /opt/ros/foxy/include  
[11.618s] -- Using all available rosidl_typesupport_cpp: rosidl_typesupport_fastrtps_cpp;rosidl_typesupport_introspection_cpp
[12.216s] -- Found laser_geometry: 2.2.0 (/opt/ros/foxy/share/laser_geometry/cmake)
[12.318s] -- Found map_msgs: 2.0.2 (/opt/ros/foxy/share/map_msgs/cmake)
[14.230s] -- Found message_filters: 3.2.5 (/opt/ros/foxy/share/message_filters/cmake)
[14.252s] -- Found nav2_common: 0.4.7 (/home/smartway/ros2_ws/install/nav2_common/share/nav2_common/cmake)
[14.265s] -- Found nav2_msgs: 0.4.7 (/home/smartway/ros2_ws/install/nav2_msgs/share/nav2_msgs/cmake)
[15.985s] -- Found nav2_util: 0.4.7 (/home/smartway/ros2_ws/install/nav2_util/share/nav2_util/cmake)
[16.723s] -- Found rmw_implementation_cmake: 1.0.4 (/opt/ros/foxy/share/rmw_implementation_cmake/cmake)
[16.736s] -- Using RMW implementation 'rmw_fastrtps_cpp' as default
[16.744s] -- Looking for pthread.h
[17.337s] -- Looking for pthread.h - found
[17.344s] -- Performing Test CMAKE_HAVE_LIBC_PTHREAD
[17.898s] -- Performing Test CMAKE_HAVE_LIBC_PTHREAD - Failed
[17.900s] -- Looking for pthread_create in pthreads
[18.347s] -- Looking for pthread_create in pthreads - not found
[18.348s] -- Looking for pthread_create in pthread
[18.866s] -- Looking for pthread_create in pthread - found
[18.872s] -- Found Threads: TRUE  
[21.679s] -- Found Eigen3: TRUE (found version "3.3.7") 
[22.507s] -- Found nav2_voxel_grid: 0.4.7 (/home/smartway/ros2_ws/install/nav2_voxel_grid/share/nav2_voxel_grid/cmake)
[22.551s] -- Found pluginlib: 2.5.4 (/opt/ros/foxy/share/pluginlib/cmake)
[22.834s] -- Found tf2_sensor_msgs: 0.13.14 (/opt/ros/foxy/share/tf2_sensor_msgs/cmake)
[22.930s] -- Found visualization_msgs: 2.0.5 (/opt/ros/foxy/share/visualization_msgs/cmake)
[23.268s] -- Found angles: 1.12.6 (/opt/ros/foxy/share/angles/cmake)
[23.282s] -- Setting build type to Release as none was specified.
[27.214s] -- Found ament_lint_auto: 0.9.8 (/opt/ros/foxy/share/ament_lint_auto/cmake)
[29.197s] -- Found gtest sources under '/opt/ros/foxy/src/gtest_vendor': C++ tests using 'Google Test' will be built
[29.206s] -- Check if compiler accepts -pthread
[29.587s] -- Check if compiler accepts -pthread - yes
[29.607s] -- Found gtest sources under '/opt/ros/foxy/src/gtest_vendor': C++ tests using 'Google Test' will be built
[32.909s] -- Added test 'cppcheck' to perform static code analysis on C / C++ code
[32.912s] -- Configured cppcheck include dirs: /home/smartway/ros2_ws/src/navigation2/nav2_costmap_2d/include
[32.913s] -- Configured cppcheck exclude dirs and/or files: 
[32.920s] -- Added test 'flake8' to check Python code syntax and style conventions
[32.931s] -- Added test 'lint_cmake' to check CMake code style
[32.939s] -- Added test 'pep257' to check Python code against some of the style conventions in PEP 257
[32.978s] -- Added test 'uncrustify' to check C / C++ code style
[32.978s] -- Configured uncrustify additional arguments: 
[32.985s] -- Added test 'xmllint' to check XML markup files
[33.045s] -- Configuring done
[35.624s] -- Generating done
[35.644s] -- Build files have been written to: /home/smartway/ros2_ws/build/nav2_costmap_2d
[35.715s] Invoked command in '/home/smartway/ros2_ws/build/nav2_costmap_2d' returned '0': AMENT_PREFIX_PATH=/home/smartway/ros2_ws/install/nav2_map_server:/home/smartway/ros2_ws/install/nav2_lifecycle_manager:/home/smartway/ros2_ws/install/nav2_util:/home/smartway/ros2_ws/install/nav2_voxel_grid:/home/smartway/ros2_ws/install/nav2_msgs:/home/smartway/ros2_ws/install/nav2_common:${AMENT_PREFIX_PATH} CMAKE_PREFIX_PATH=/home/smartway/ros2_ws/install/nav2_map_server:/home/smartway/ros2_ws/install/nav2_lifecycle_manager:/home/smartway/ros2_ws/install/nav2_util:/home/smartway/ros2_ws/install/nav2_voxel_grid:/home/smartway/ros2_ws/install/nav2_msgs:/home/smartway/ros2_ws/install/nav2_common:/build/rpi_robot_action_interfaces:/build/rpi_robot_bringup:/build/rpi_robot_slam:/build/rplidar_ros:/opt/ros/foxy LD_LIBRARY_PATH=/home/smartway/ros2_ws/install/nav2_map_server/lib:/home/smartway/ros2_ws/install/nav2_lifecycle_manager/lib:/home/smartway/ros2_ws/install/nav2_util/lib:/home/smartway/ros2_ws/install/nav2_voxel_grid/lib:/home/smartway/ros2_ws/install/nav2_msgs/lib:/opt/ros/foxy/opt/yaml_cpp_vendor/lib:/opt/ros/foxy/opt/rviz_ogre_vendor/lib:/opt/ros/foxy/lib/aarch64-linux-gnu:/opt/ros/foxy/lib:/usr/lib/aarch64-linux-gnu/gazebo-11/plugins PYTHONPATH=/home/smartway/ros2_ws/install/nav2_msgs/lib/python3.8/site-packages:/home/smartway/ros2_ws/install/nav2_common/lib/python3.8/site-packages:${PYTHONPATH} /usr/bin/cmake /home/smartway/ros2_ws/src/navigation2/nav2_costmap_2d -DCMAKE_INSTALL_PREFIX=/home/smartway/ros2_ws/install/nav2_costmap_2d
[35.727s] Invoking command in '/home/smartway/ros2_ws/build/nav2_costmap_2d': AMENT_PREFIX_PATH=/home/smartway/ros2_ws/install/nav2_map_server:/home/smartway/ros2_ws/install/nav2_lifecycle_manager:/home/smartway/ros2_ws/install/nav2_util:/home/smartway/ros2_ws/install/nav2_voxel_grid:/home/smartway/ros2_ws/install/nav2_msgs:/home/smartway/ros2_ws/install/nav2_common:${AMENT_PREFIX_PATH} CMAKE_PREFIX_PATH=/home/smartway/ros2_ws/install/nav2_map_server:/home/smartway/ros2_ws/install/nav2_lifecycle_manager:/home/smartway/ros2_ws/install/nav2_util:/home/smartway/ros2_ws/install/nav2_voxel_grid:/home/smartway/ros2_ws/install/nav2_msgs:/home/smartway/ros2_ws/install/nav2_common:/build/rpi_robot_action_interfaces:/build/rpi_robot_bringup:/build/rpi_robot_slam:/build/rplidar_ros:/opt/ros/foxy LD_LIBRARY_PATH=/home/smartway/ros2_ws/install/nav2_map_server/lib:/home/smartway/ros2_ws/install/nav2_lifecycle_manager/lib:/home/smartway/ros2_ws/install/nav2_util/lib:/home/smartway/ros2_ws/install/nav2_voxel_grid/lib:/home/smartway/ros2_ws/install/nav2_msgs/lib:/opt/ros/foxy/opt/yaml_cpp_vendor/lib:/opt/ros/foxy/opt/rviz_ogre_vendor/lib:/opt/ros/foxy/lib/aarch64-linux-gnu:/opt/ros/foxy/lib:/usr/lib/aarch64-linux-gnu/gazebo-11/plugins PYTHONPATH=/home/smartway/ros2_ws/install/nav2_msgs/lib/python3.8/site-packages:/home/smartway/ros2_ws/install/nav2_common/lib/python3.8/site-packages:${PYTHONPATH} /usr/bin/cmake --build /home/smartway/ros2_ws/build/nav2_costmap_2d -- -j4 -l4
[35.976s] [35m[1mScanning dependencies of target nav2_costmap_2d_core[0m
[36.599s] [  2%] [32mBuilding CXX object CMakeFiles/nav2_costmap_2d_core.dir/src/array_parser.cpp.o[0m
[38.657s] [  4%] [32mBuilding CXX object CMakeFiles/nav2_costmap_2d_core.dir/src/costmap_2d.cpp.o[0m
[39.254s] [  6%] [32mBuilding CXX object CMakeFiles/nav2_costmap_2d_core.dir/src/layer.cpp.o[0m
[57.386s] [  8%] [32mBuilding CXX object CMakeFiles/nav2_costmap_2d_core.dir/src/layered_costmap.cpp.o[0m
[73.079s] [ 10%] [32mBuilding CXX object CMakeFiles/nav2_costmap_2d_core.dir/src/costmap_2d_ros.cpp.o[0m
[74.139s] [ 12%] [32mBuilding CXX object CMakeFiles/nav2_costmap_2d_core.dir/src/costmap_2d_publisher.cpp.o[0m
[148.960s] [ 14%] [32mBuilding CXX object CMakeFiles/nav2_costmap_2d_core.dir/src/costmap_math.cpp.o[0m
[151.267s] [ 16%] [32mBuilding CXX object CMakeFiles/nav2_costmap_2d_core.dir/src/footprint.cpp.o[0m
[166.051s] [ 18%] [32mBuilding CXX object CMakeFiles/nav2_costmap_2d_core.dir/src/costmap_layer.cpp.o[0m
[182.165s] [ 20%] [32mBuilding CXX object CMakeFiles/nav2_costmap_2d_core.dir/src/observation_buffer.cpp.o[0m
[213.443s] [ 22%] [32mBuilding CXX object CMakeFiles/nav2_costmap_2d_core.dir/src/clear_costmap_service.cpp.o[0m
[245.216s] [ 25%] [32mBuilding CXX object CMakeFiles/nav2_costmap_2d_core.dir/src/footprint_collision_checker.cpp.o[0m
[263.253s] [ 27%] [32m[1mLinking CXX shared library libnav2_costmap_2d_core.so[0m
[265.939s] [ 27%] Built target nav2_costmap_2d_core
[266.029s] [35m[1mScanning dependencies of target gtest_main[0m
[266.138s] [ 29%] [32mBuilding CXX object gtest/CMakeFiles/gtest_main.dir/src/gtest_main.cc.o[0m
[271.831s] [ 31%] [32m[1mLinking CXX static library libgtest_main.a[0m
[272.093s] [ 31%] Built target gtest_main
[272.179s] [35m[1mScanning dependencies of target nav2_costmap_2d_client[0m
[272.836s] [ 33%] [32mBuilding CXX object CMakeFiles/nav2_costmap_2d_client.dir/src/footprint_subscriber.cpp.o[0m
[303.725s] [35m[1mScanning dependencies of target nav2_costmap_2d_markers[0m
[303.968s] [35m[1mScanning dependencies of target layers[0m
[304.044s] [ 35%] [32mBuilding CXX object CMakeFiles/nav2_costmap_2d_markers.dir/src/costmap_2d_markers.cpp.o[0m
[304.983s] [ 37%] [32mBuilding CXX object CMakeFiles/layers.dir/plugins/inflation_layer.cpp.o[0m
[305.924s] [35m[1mScanning dependencies of target gtest[0m
[306.166s] [ 39%] [32mBuilding CXX object gtest/CMakeFiles/gtest.dir/src/gtest-all.cc.o[0m
[325.102s] [ 41%] [32mBuilding CXX object CMakeFiles/nav2_costmap_2d_client.dir/src/costmap_subscriber.cpp.o[0m
[350.092s] [ 43%] [32mBuilding CXX object CMakeFiles/layers.dir/plugins/static_layer.cpp.o[0m
[395.241s] [ 45%] [32m[1mLinking CXX executable nav2_costmap_2d_markers[0m
[397.497s] [ 45%] Built target nav2_costmap_2d_markers
[399.044s] [ 47%] [32m[1mLinking CXX static library libgtest.a[0m
[399.351s] [ 47%] Built target gtest
[402.837s] [ 50%] [32mBuilding CXX object CMakeFiles/nav2_costmap_2d_client.dir/src/costmap_topic_collision_checker.cpp.o[0m
[415.844s] [ 52%] [32m[1mLinking CXX shared library libnav2_costmap_2d_client.so[0m
[418.217s] [ 52%] Built target nav2_costmap_2d_client
[433.032s] [ 54%] [32mBuilding CXX object CMakeFiles/layers.dir/src/observation_buffer.cpp.o[0m
[453.082s] [ 56%] [32mBuilding CXX object CMakeFiles/layers.dir/plugins/obstacle_layer.cpp.o[0m
[557.680s] [ 58%] [32mBuilding CXX object CMakeFiles/layers.dir/plugins/voxel_layer.cpp.o[0m
[601.452s] [ 60%] [32mBuilding CXX object CMakeFiles/layers.dir/plugins/range_sensor_layer.cpp.o[0m
[642.474s] [ 62%] [32m[1mLinking CXX shared library liblayers.so[0m
[645.593s] [ 62%] Built target layers
[645.661s] [35m[1mScanning dependencies of target nav2_costmap_2d_cloud[0m
[645.672s] [35m[1mScanning dependencies of target collision_footprint_test[0m
[645.678s] [35m[1mScanning dependencies of target array_parser_test[0m
[645.701s] [35m[1mScanning dependencies of target nav2_costmap_2d[0m
[645.808s] [ 64%] [32mBuilding CXX object test/unit/CMakeFiles/array_parser_test.dir/array_parser_test.cpp.o[0m
[645.988s] [ 66%] [32mBuilding CXX object CMakeFiles/nav2_costmap_2d_cloud.dir/src/costmap_2d_cloud.cpp.o[0m
[646.104s] [ 68%] [32mBuilding CXX object test/unit/CMakeFiles/collision_footprint_test.dir/footprint_collision_checker_test.cpp.o[0m
[646.237s] [ 70%] [32mBuilding CXX object CMakeFiles/nav2_costmap_2d.dir/src/costmap_2d_node.cpp.o[0m
[657.601s] [ 72%] [32m[1mLinking CXX executable array_parser_test[0m
[660.446s] [ 72%] Built target array_parser_test
[660.648s] [35m[1mScanning dependencies of target range_tests_exec[0m
[661.888s] [ 75%] [32mBuilding CXX object test/integration/CMakeFiles/range_tests_exec.dir/range_tests.cpp.o[0m
[674.530s] [ 77%] [32m[1mLinking CXX executable collision_footprint_test[0m
[675.793s] [ 79%] [32m[1mLinking CXX executable nav2_costmap_2d[0m
[677.174s] [ 79%] Built target collision_footprint_test
[678.986s] [ 79%] Built target nav2_costmap_2d
[705.082s] [ 81%] [32m[1mLinking CXX executable nav2_costmap_2d_cloud[0m
[706.376s] [ 81%] Built target nav2_costmap_2d_cloud
[706.669s] [ 83%] [32m[1mLinking CXX executable range_tests_exec[0m
[709.330s] [ 83%] Built target range_tests_exec
[709.396s] [35m[1mScanning dependencies of target test_collision_checker_exec[0m
[709.903s] [ 85%] [32mBuilding CXX object test/integration/CMakeFiles/test_collision_checker_exec.dir/test_costmap_topic_collision_checker.cpp.o[0m
[746.679s] [ 87%] [32m[1mLinking CXX executable test_collision_checker_exec[0m
[749.856s] [ 87%] Built target test_collision_checker_exec
[749.954s] [35m[1mScanning dependencies of target footprint_tests_exec[0m
[749.983s] [35m[1mScanning dependencies of target obstacle_tests_exec[0m
[750.000s] [35m[1mScanning dependencies of target inflation_tests_exec[0m
[750.512s] [ 89%] [32mBuilding CXX object test/integration/CMakeFiles/footprint_tests_exec.dir/footprint_tests.cpp.o[0m
[750.677s] [ 93%] [32mBuilding CXX object test/integration/CMakeFiles/obstacle_tests_exec.dir/obstacle_tests.cpp.o[0m
[750.678s] [ 93%] [32mBuilding CXX object test/integration/CMakeFiles/inflation_tests_exec.dir/inflation_tests.cpp.o[0m
[771.463s] [ 95%] [32m[1mLinking CXX executable footprint_tests_exec[0m
[774.933s] [ 95%] Built target footprint_tests_exec
[786.379s] [ 97%] [32m[1mLinking CXX executable obstacle_tests_exec[0m
[789.088s] [ 97%] Built target obstacle_tests_exec
[790.467s] [100%] [32m[1mLinking CXX executable inflation_tests_exec[0m
[792.885s] [100%] Built target inflation_tests_exec
[792.940s] Invoked command in '/home/smartway/ros2_ws/build/nav2_costmap_2d' returned '0': AMENT_PREFIX_PATH=/home/smartway/ros2_ws/install/nav2_map_server:/home/smartway/ros2_ws/install/nav2_lifecycle_manager:/home/smartway/ros2_ws/install/nav2_util:/home/smartway/ros2_ws/install/nav2_voxel_grid:/home/smartway/ros2_ws/install/nav2_msgs:/home/smartway/ros2_ws/install/nav2_common:${AMENT_PREFIX_PATH} CMAKE_PREFIX_PATH=/home/smartway/ros2_ws/install/nav2_map_server:/home/smartway/ros2_ws/install/nav2_lifecycle_manager:/home/smartway/ros2_ws/install/nav2_util:/home/smartway/ros2_ws/install/nav2_voxel_grid:/home/smartway/ros2_ws/install/nav2_msgs:/home/smartway/ros2_ws/install/nav2_common:/build/rpi_robot_action_interfaces:/build/rpi_robot_bringup:/build/rpi_robot_slam:/build/rplidar_ros:/opt/ros/foxy LD_LIBRARY_PATH=/home/smartway/ros2_ws/install/nav2_map_server/lib:/home/smartway/ros2_ws/install/nav2_lifecycle_manager/lib:/home/smartway/ros2_ws/install/nav2_util/lib:/home/smartway/ros2_ws/install/nav2_voxel_grid/lib:/home/smartway/ros2_ws/install/nav2_msgs/lib:/opt/ros/foxy/opt/yaml_cpp_vendor/lib:/opt/ros/foxy/opt/rviz_ogre_vendor/lib:/opt/ros/foxy/lib/aarch64-linux-gnu:/opt/ros/foxy/lib:/usr/lib/aarch64-linux-gnu/gazebo-11/plugins PYTHONPATH=/home/smartway/ros2_ws/install/nav2_msgs/lib/python3.8/site-packages:/home/smartway/ros2_ws/install/nav2_common/lib/python3.8/site-packages:${PYTHONPATH} /usr/bin/cmake --build /home/smartway/ros2_ws/build/nav2_costmap_2d -- -j4 -l4
[793.458s] Invoking command in '/home/smartway/ros2_ws/build/nav2_costmap_2d': AMENT_PREFIX_PATH=/home/smartway/ros2_ws/install/nav2_map_server:/home/smartway/ros2_ws/install/nav2_lifecycle_manager:/home/smartway/ros2_ws/install/nav2_util:/home/smartway/ros2_ws/install/nav2_voxel_grid:/home/smartway/ros2_ws/install/nav2_msgs:/home/smartway/ros2_ws/install/nav2_common:${AMENT_PREFIX_PATH} CMAKE_PREFIX_PATH=/home/smartway/ros2_ws/install/nav2_map_server:/home/smartway/ros2_ws/install/nav2_lifecycle_manager:/home/smartway/ros2_ws/install/nav2_util:/home/smartway/ros2_ws/install/nav2_voxel_grid:/home/smartway/ros2_ws/install/nav2_msgs:/home/smartway/ros2_ws/install/nav2_common:/build/rpi_robot_action_interfaces:/build/rpi_robot_bringup:/build/rpi_robot_slam:/build/rplidar_ros:/opt/ros/foxy LD_LIBRARY_PATH=/home/smartway/ros2_ws/install/nav2_map_server/lib:/home/smartway/ros2_ws/install/nav2_lifecycle_manager/lib:/home/smartway/ros2_ws/install/nav2_util/lib:/home/smartway/ros2_ws/install/nav2_voxel_grid/lib:/home/smartway/ros2_ws/install/nav2_msgs/lib:/opt/ros/foxy/opt/yaml_cpp_vendor/lib:/opt/ros/foxy/opt/rviz_ogre_vendor/lib:/opt/ros/foxy/lib/aarch64-linux-gnu:/opt/ros/foxy/lib:/usr/lib/aarch64-linux-gnu/gazebo-11/plugins PYTHONPATH=/home/smartway/ros2_ws/install/nav2_msgs/lib/python3.8/site-packages:/home/smartway/ros2_ws/install/nav2_common/lib/python3.8/site-packages:${PYTHONPATH} /usr/bin/cmake --install /home/smartway/ros2_ws/build/nav2_costmap_2d
[793.501s] -- Install configuration: "Release"
[793.501s] -- Installing: /home/smartway/ros2_ws/install/nav2_costmap_2d/lib/libnav2_costmap_2d_core.so
[793.514s] -- Set runtime path of "/home/smartway/ros2_ws/install/nav2_costmap_2d/lib/libnav2_costmap_2d_core.so" to ""
[793.514s] -- Installing: /home/smartway/ros2_ws/install/nav2_costmap_2d/lib/liblayers.so
[793.531s] -- Set runtime path of "/home/smartway/ros2_ws/install/nav2_costmap_2d/lib/liblayers.so" to ""
[793.532s] -- Installing: /home/smartway/ros2_ws/install/nav2_costmap_2d/lib/libnav2_costmap_2d_client.so
[793.538s] -- Set runtime path of "/home/smartway/ros2_ws/install/nav2_costmap_2d/lib/libnav2_costmap_2d_client.so" to ""
[793.539s] -- Installing: /home/smartway/ros2_ws/install/nav2_costmap_2d/lib/nav2_costmap_2d/nav2_costmap_2d
[793.541s] -- Set runtime path of "/home/smartway/ros2_ws/install/nav2_costmap_2d/lib/nav2_costmap_2d/nav2_costmap_2d" to ""
[793.541s] -- Installing: /home/smartway/ros2_ws/install/nav2_costmap_2d/lib/nav2_costmap_2d/nav2_costmap_2d_markers
[793.546s] -- Set runtime path of "/home/smartway/ros2_ws/install/nav2_costmap_2d/lib/nav2_costmap_2d/nav2_costmap_2d_markers" to ""
[793.547s] -- Installing: /home/smartway/ros2_ws/install/nav2_costmap_2d/lib/nav2_costmap_2d/nav2_costmap_2d_cloud
[793.552s] -- Set runtime path of "/home/smartway/ros2_ws/install/nav2_costmap_2d/lib/nav2_costmap_2d/nav2_costmap_2d_cloud" to ""
[793.552s] -- Installing: /home/smartway/ros2_ws/install/nav2_costmap_2d/share/nav2_costmap_2d/costmap_plugins.xml
[793.553s] -- Installing: /home/smartway/ros2_ws/install/nav2_costmap_2d/include/
[793.554s] -- Installing: /home/smartway/ros2_ws/install/nav2_costmap_2d/include//nav2_costmap_2d
[793.554s] -- Installing: /home/smartway/ros2_ws/install/nav2_costmap_2d/include//nav2_costmap_2d/costmap_layer.hpp
[793.555s] -- Installing: /home/smartway/ros2_ws/install/nav2_costmap_2d/include//nav2_costmap_2d/observation_buffer.hpp
[793.556s] -- Installing: /home/smartway/ros2_ws/install/nav2_costmap_2d/include//nav2_costmap_2d/costmap_math.hpp
[793.557s] -- Installing: /home/smartway/ros2_ws/install/nav2_costmap_2d/include//nav2_costmap_2d/clear_costmap_service.hpp
[793.557s] -- Installing: /home/smartway/ros2_ws/install/nav2_costmap_2d/include//nav2_costmap_2d/array_parser.hpp
[793.558s] -- Installing: /home/smartway/ros2_ws/install/nav2_costmap_2d/include//nav2_costmap_2d/costmap_2d.hpp
[793.559s] -- Installing: /home/smartway/ros2_ws/install/nav2_costmap_2d/include//nav2_costmap_2d/exceptions.hpp
[793.560s] -- Installing: /home/smartway/ros2_ws/install/nav2_costmap_2d/include//nav2_costmap_2d/costmap_2d_ros.hpp
[793.561s] -- Installing: /home/smartway/ros2_ws/install/nav2_costmap_2d/include//nav2_costmap_2d/footprint_subscriber.hpp
[793.561s] -- Installing: /home/smartway/ros2_ws/install/nav2_costmap_2d/include//nav2_costmap_2d/layer.hpp
[793.562s] -- Installing: /home/smartway/ros2_ws/install/nav2_costmap_2d/include//nav2_costmap_2d/footprint.hpp
[793.563s] -- Installing: /home/smartway/ros2_ws/install/nav2_costmap_2d/include//nav2_costmap_2d/layered_costmap.hpp
[793.564s] -- Installing: /home/smartway/ros2_ws/install/nav2_costmap_2d/include//nav2_costmap_2d/costmap_subscriber.hpp
[793.564s] -- Installing: /home/smartway/ros2_ws/install/nav2_costmap_2d/include//nav2_costmap_2d/observation.hpp
[793.565s] -- Installing: /home/smartway/ros2_ws/install/nav2_costmap_2d/include//nav2_costmap_2d/costmap_2d_publisher.hpp
[793.566s] -- Installing: /home/smartway/ros2_ws/install/nav2_costmap_2d/include//nav2_costmap_2d/obstacle_layer.hpp
[793.567s] -- Installing: /home/smartway/ros2_ws/install/nav2_costmap_2d/include//nav2_costmap_2d/footprint_collision_checker.hpp
[793.568s] -- Installing: /home/smartway/ros2_ws/install/nav2_costmap_2d/include//nav2_costmap_2d/voxel_layer.hpp
[793.568s] -- Installing: /home/smartway/ros2_ws/install/nav2_costmap_2d/include//nav2_costmap_2d/inflation_layer.hpp
[793.569s] -- Installing: /home/smartway/ros2_ws/install/nav2_costmap_2d/include//nav2_costmap_2d/costmap_topic_collision_checker.hpp
[793.570s] -- Installing: /home/smartway/ros2_ws/install/nav2_costmap_2d/include//nav2_costmap_2d/range_sensor_layer.hpp
[793.571s] -- Installing: /home/smartway/ros2_ws/install/nav2_costmap_2d/include//nav2_costmap_2d/static_layer.hpp
[793.572s] -- Installing: /home/smartway/ros2_ws/install/nav2_costmap_2d/include//nav2_costmap_2d/cost_values.hpp
[793.573s] -- Installing: /home/smartway/ros2_ws/install/nav2_costmap_2d/share/nav2_costmap_2d/environment/library_path.sh
[793.574s] -- Installing: /home/smartway/ros2_ws/install/nav2_costmap_2d/share/nav2_costmap_2d/environment/library_path.dsv
[793.575s] -- Up-to-date: /home/smartway/ros2_ws/install/nav2_costmap_2d/share/nav2_costmap_2d/costmap_plugins.xml
[793.576s] -- Installing: /home/smartway/ros2_ws/install/nav2_costmap_2d/share/ament_index/resource_index/package_run_dependencies/nav2_costmap_2d
[793.577s] -- Installing: /home/smartway/ros2_ws/install/nav2_costmap_2d/share/ament_index/resource_index/parent_prefix_path/nav2_costmap_2d
[793.578s] -- Installing: /home/smartway/ros2_ws/install/nav2_costmap_2d/share/nav2_costmap_2d/environment/ament_prefix_path.sh
[793.579s] -- Installing: /home/smartway/ros2_ws/install/nav2_costmap_2d/share/nav2_costmap_2d/environment/ament_prefix_path.dsv
[793.581s] -- Installing: /home/smartway/ros2_ws/install/nav2_costmap_2d/share/nav2_costmap_2d/environment/path.sh
[793.581s] -- Installing: /home/smartway/ros2_ws/install/nav2_costmap_2d/share/nav2_costmap_2d/environment/path.dsv
[793.582s] -- Installing: /home/smartway/ros2_ws/install/nav2_costmap_2d/share/nav2_costmap_2d/local_setup.bash
[793.583s] -- Installing: /home/smartway/ros2_ws/install/nav2_costmap_2d/share/nav2_costmap_2d/local_setup.sh
[793.584s] -- Installing: /home/smartway/ros2_ws/install/nav2_costmap_2d/share/nav2_costmap_2d/local_setup.zsh
[793.585s] -- Installing: /home/smartway/ros2_ws/install/nav2_costmap_2d/share/nav2_costmap_2d/local_setup.dsv
[793.586s] -- Installing: /home/smartway/ros2_ws/install/nav2_costmap_2d/share/nav2_costmap_2d/package.dsv
[793.588s] -- Installing: /home/smartway/ros2_ws/install/nav2_costmap_2d/share/ament_index/resource_index/packages/nav2_costmap_2d
[793.589s] -- Installing: /home/smartway/ros2_ws/install/nav2_costmap_2d/share/ament_index/resource_index/nav2_costmap_2d__pluginlib__plugin/nav2_costmap_2d
[793.590s] -- Installing: /home/smartway/ros2_ws/install/nav2_costmap_2d/share/nav2_costmap_2d/cmake/ament_cmake_export_include_directories-extras.cmake
[793.591s] -- Installing: /home/smartway/ros2_ws/install/nav2_costmap_2d/share/nav2_costmap_2d/cmake/ament_cmake_export_libraries-extras.cmake
[793.593s] -- Installing: /home/smartway/ros2_ws/install/nav2_costmap_2d/share/nav2_costmap_2d/cmake/ament_cmake_export_dependencies-extras.cmake
[793.594s] -- Installing: /home/smartway/ros2_ws/install/nav2_costmap_2d/share/nav2_costmap_2d/cmake/ament_cmake_export_definitions-extras.cmake
[793.595s] -- Installing: /home/smartway/ros2_ws/install/nav2_costmap_2d/share/nav2_costmap_2d/cmake/nav2_costmap_2dConfig.cmake
[793.596s] -- Installing: /home/smartway/ros2_ws/install/nav2_costmap_2d/share/nav2_costmap_2d/cmake/nav2_costmap_2dConfig-version.cmake
[793.597s] -- Installing: /home/smartway/ros2_ws/install/nav2_costmap_2d/share/nav2_costmap_2d/package.xml
[793.613s] Invoked command in '/home/smartway/ros2_ws/build/nav2_costmap_2d' returned '0': AMENT_PREFIX_PATH=/home/smartway/ros2_ws/install/nav2_map_server:/home/smartway/ros2_ws/install/nav2_lifecycle_manager:/home/smartway/ros2_ws/install/nav2_util:/home/smartway/ros2_ws/install/nav2_voxel_grid:/home/smartway/ros2_ws/install/nav2_msgs:/home/smartway/ros2_ws/install/nav2_common:${AMENT_PREFIX_PATH} CMAKE_PREFIX_PATH=/home/smartway/ros2_ws/install/nav2_map_server:/home/smartway/ros2_ws/install/nav2_lifecycle_manager:/home/smartway/ros2_ws/install/nav2_util:/home/smartway/ros2_ws/install/nav2_voxel_grid:/home/smartway/ros2_ws/install/nav2_msgs:/home/smartway/ros2_ws/install/nav2_common:/build/rpi_robot_action_interfaces:/build/rpi_robot_bringup:/build/rpi_robot_slam:/build/rplidar_ros:/opt/ros/foxy LD_LIBRARY_PATH=/home/smartway/ros2_ws/install/nav2_map_server/lib:/home/smartway/ros2_ws/install/nav2_lifecycle_manager/lib:/home/smartway/ros2_ws/install/nav2_util/lib:/home/smartway/ros2_ws/install/nav2_voxel_grid/lib:/home/smartway/ros2_ws/install/nav2_msgs/lib:/opt/ros/foxy/opt/yaml_cpp_vendor/lib:/opt/ros/foxy/opt/rviz_ogre_vendor/lib:/opt/ros/foxy/lib/aarch64-linux-gnu:/opt/ros/foxy/lib:/usr/lib/aarch64-linux-gnu/gazebo-11/plugins PYTHONPATH=/home/smartway/ros2_ws/install/nav2_msgs/lib/python3.8/site-packages:/home/smartway/ros2_ws/install/nav2_common/lib/python3.8/site-packages:${PYTHONPATH} /usr/bin/cmake --install /home/smartway/ros2_ws/build/nav2_costmap_2d
