[0.068s] Invoking command in '/home/smartway/ros2_ws/build/rplidar_ros': CMAKE_PREFIX_PATH=/opt/ros/foxy /usr/bin/cmake /home/smartway/ros2_ws/rplidar_ros2 -DCMAKE_INSTALL_PREFIX=/home/smartway/ros2_ws/install/rplidar_ros
[0.914s] -- The C compiler identification is GNU 9.4.0
[1.142s] -- The CXX compiler identification is GNU 9.4.0
[1.158s] -- Check for working C compiler: /usr/bin/cc
[1.464s] -- Check for working C compiler: /usr/bin/cc -- works
[1.468s] -- Detecting C compiler ABI info
[1.771s] -- Detecting C compiler ABI info - done
[1.810s] -- Detecting C compile features
[1.811s] -- Detecting C compile features - done
[1.820s] -- Check for working CXX compiler: /usr/bin/c++
[2.155s] -- Check for working CXX compiler: /usr/bin/c++ -- works
[2.159s] -- Detecting CXX compiler ABI info
[2.498s] -- Detecting CXX compiler ABI info - done
[2.536s] -- Detecting CXX compile features
[2.538s] -- Detecting CXX compile features - done
[2.559s] -- Found ament_cmake_auto: 0.9.11 (/opt/ros/foxy/share/ament_cmake_auto/cmake)
[2.707s] -- Found PythonInterp: /usr/bin/python3 (found suitable version "3.8.10", minimum required is "3") 
[2.708s] -- Using PYTHON_EXECUTABLE: /usr/bin/python3
[3.826s] -- Found ament_cmake_ros: 0.9.2 (/opt/ros/foxy/share/ament_cmake_ros/cmake)
[4.510s] -- Using all available rosidl_typesupport_c: rosidl_typesupport_fastrtps_c;rosidl_typesupport_introspection_c
[4.572s] -- Found rosidl_adapter: 1.3.0 (/opt/ros/foxy/share/rosidl_adapter/cmake)
[5.223s] -- Found OpenSSL: /usr/lib/aarch64-linux-gnu/libcrypto.so (found version "1.1.1f")  
[5.493s] -- Found FastRTPS: /opt/ros/foxy/include  
[6.108s] -- Using all available rosidl_typesupport_cpp: rosidl_typesupport_fastrtps_cpp;rosidl_typesupport_introspection_cpp
[6.391s] -- Found rmw_implementation_cmake: 1.0.4 (/opt/ros/foxy/share/rmw_implementation_cmake/cmake)
[6.396s] -- Using RMW implementation 'rmw_fastrtps_cpp' as default
[6.400s] -- Looking for pthread.h
[6.724s] -- Looking for pthread.h - found
[6.724s] -- Performing Test CMAKE_HAVE_LIBC_PTHREAD
[7.041s] -- Performing Test CMAKE_HAVE_LIBC_PTHREAD - Failed
[7.042s] -- Looking for pthread_create in pthreads
[7.310s] -- Looking for pthread_create in pthreads - not found
[7.310s] -- Looking for pthread_create in pthread
[7.625s] -- Looking for pthread_create in pthread - found
[7.630s] -- Found Threads: TRUE  
[9.099s] -- Configuring done
[9.205s] -- Generating done
[9.212s] -- Build files have been written to: /home/smartway/ros2_ws/build/rplidar_ros
[9.246s] Invoked command in '/home/smartway/ros2_ws/build/rplidar_ros' returned '0': CMAKE_PREFIX_PATH=/opt/ros/foxy /usr/bin/cmake /home/smartway/ros2_ws/rplidar_ros2 -DCMAKE_INSTALL_PREFIX=/home/smartway/ros2_ws/install/rplidar_ros
[9.257s] Invoking command in '/home/smartway/ros2_ws/build/rplidar_ros': CMAKE_PREFIX_PATH=/opt/ros/foxy /usr/bin/cmake --build /home/smartway/ros2_ws/build/rplidar_ros -- -j4 -l4
[9.454s] [35m[1mScanning dependencies of target rplidarNode[0m
[9.455s] [35m[1mScanning dependencies of target rplidarNodeClient[0m
[9.455s] [35m[1mScanning dependencies of target rplidar_composition_node[0m
[9.641s] [  5%] [32mBuilding CXX object CMakeFiles/rplidarNodeClient.dir/src/client.cpp.o[0m
[9.669s] [ 11%] [32mBuilding CXX object CMakeFiles/rplidarNode.dir/src/node.cpp.o[0m
[9.675s] [ 16%] [32mBuilding CXX object CMakeFiles/rplidarNode.dir/sdk/src/arch/linux/net_serial.cpp.o[0m
[9.695s] [ 22%] [32mBuilding CXX object CMakeFiles/rplidar_composition_node.dir/src/rplidar_node.cpp.o[0m
[10.222s] [01m[K/home/smartway/ros2_ws/rplidar_ros2/src/client.cpp:43:[m[K [01;35m[Kwarning: [m[K"M_PI" redefined
[10.224s]    43 | #define M_PI 3.1415926535897932384626433832795
[10.225s]       | 
[10.226s] In file included from [01m[K/usr/include/c++/9/cmath:45[m[K,
[10.227s]                  from [01m[K/opt/ros/foxy/include/libstatistics_collector/moving_average_statistics/types.hpp:18[m[K,
[10.228s]                  from [01m[K/opt/ros/foxy/include/libstatistics_collector/collector/generate_statistics_message.hpp:24[m[K,
[10.229s]                  from [01m[K/opt/ros/foxy/include/rclcpp/topic_statistics/subscription_topic_statistics.hpp:23[m[K,
[10.230s]                  from [01m[K/opt/ros/foxy/include/rclcpp/subscription.hpp:50[m[K,
[10.231s]                  from [01m[K/opt/ros/foxy/include/rclcpp/any_executable.hpp:25[m[K,
[10.231s]                  from [01m[K/opt/ros/foxy/include/rclcpp/memory_strategy.hpp:24[m[K,
[10.232s]                  from [01m[K/opt/ros/foxy/include/rclcpp/memory_strategies.hpp:18[m[K,
[10.232s]                  from [01m[K/opt/ros/foxy/include/rclcpp/executor_options.hpp:20[m[K,
[10.233s]                  from [01m[K/opt/ros/foxy/include/rclcpp/executor.hpp:33[m[K,
[10.242s]                  from [01m[K/opt/ros/foxy/include/rclcpp/executors/multi_threaded_executor.hpp:26[m[K,
[10.243s]                  from [01m[K/opt/ros/foxy/include/rclcpp/executors.hpp:21[m[K,
[10.243s]                  from [01m[K/opt/ros/foxy/include/rclcpp/rclcpp.hpp:146[m[K,
[10.244s]                  from [01m[K/home/smartway/ros2_ws/rplidar_ros2/src/client.cpp:38[m[K:
[10.245s] [01m[K/usr/include/math.h:1070:[m[K [01;36m[Knote: [m[Kthis is the location of the previous definition
[10.246s]  1070 | # define M_PI  3.14159265358979323846 /* pi */
[10.246s]       | 
[10.247s] [01m[K/home/smartway/ros2_ws/rplidar_ros2/src/node.cpp:51:[m[K [01;35m[Kwarning: [m[K"M_PI" redefined
[10.248s]    51 | #define M_PI 3.1415926535897932384626433832795
[10.248s]       | 
[10.249s] In file included from [01m[K/usr/include/c++/9/cmath:45[m[K,
[10.262s]                  from [01m[K/opt/ros/foxy/include/libstatistics_collector/moving_average_statistics/types.hpp:18[m[K,
[10.263s]                  from [01m[K/opt/ros/foxy/include/libstatistics_collector/collector/generate_statistics_message.hpp:24[m[K,
[10.263s]                  from [01m[K/opt/ros/foxy/include/rclcpp/topic_statistics/subscription_topic_statistics.hpp:23[m[K,
[10.264s]                  from [01m[K/opt/ros/foxy/include/rclcpp/subscription.hpp:50[m[K,
[10.265s]                  from [01m[K/opt/ros/foxy/include/rclcpp/any_executable.hpp:25[m[K,
[10.266s]                  from [01m[K/opt/ros/foxy/include/rclcpp/memory_strategy.hpp:24[m[K,
[10.267s]                  from [01m[K/opt/ros/foxy/include/rclcpp/memory_strategies.hpp:18[m[K,
[10.268s]                  from [01m[K/opt/ros/foxy/include/rclcpp/executor_options.hpp:20[m[K,
[10.269s]                  from [01m[K/opt/ros/foxy/include/rclcpp/executor.hpp:33[m[K,
[10.270s]                  from [01m[K/opt/ros/foxy/include/rclcpp/executors/multi_threaded_executor.hpp:26[m[K,
[10.270s]                  from [01m[K/opt/ros/foxy/include/rclcpp/executors.hpp:21[m[K,
[10.271s]                  from [01m[K/opt/ros/foxy/include/rclcpp/rclcpp.hpp:146[m[K,
[10.272s]                  from [01m[K/home/smartway/ros2_ws/rplidar_ros2/src/node.cpp:36[m[K:
[10.273s] [01m[K/usr/include/math.h:1070:[m[K [01;36m[Knote: [m[Kthis is the location of the previous definition
[10.286s]  1070 | # define M_PI  3.14159265358979323846 /* pi */
[10.286s]       | 
[10.287s] [01m[K/home/smartway/ros2_ws/rplidar_ros2/src/node.cpp:231:14:[m[K [01;35m[Kwarning: [m[Kinvalid suffix on literal; C++11 requires a space between literal and string macro [[01;35m[K-Wliteral-suffix[m[K]
[10.288s]   231 |     ROS_INFO([01;35m[K"[m[KRPLIDAR running on ROS package rplidar_ros. SDK Version:"RPLIDAR_SDK_VERSION"");
[10.289s]       |              [01;35m[K^[m[K
[10.377s] In file included from [01m[K/home/smartway/ros2_ws/rplidar_ros2/src/rplidar_node.cpp:36[m[K:
[10.378s] [01m[K/home/smartway/ros2_ws/rplidar_ros2/include/rplidar_node.hpp:50:[m[K [01;35m[Kwarning: [m[K"M_PI" redefined
[10.378s]    50 | #define M_PI 3.1415926535897932384626433832795
[10.379s]       | 
[10.381s] In file included from [01m[K/usr/include/c++/9/cmath:45[m[K,
[10.381s]                  from [01m[K/opt/ros/foxy/include/libstatistics_collector/moving_average_statistics/types.hpp:18[m[K,
[10.382s]                  from [01m[K/opt/ros/foxy/include/libstatistics_collector/collector/generate_statistics_message.hpp:24[m[K,
[10.383s]                  from [01m[K/opt/ros/foxy/include/rclcpp/topic_statistics/subscription_topic_statistics.hpp:23[m[K,
[10.384s]                  from [01m[K/opt/ros/foxy/include/rclcpp/subscription.hpp:50[m[K,
[10.384s]                  from [01m[K/opt/ros/foxy/include/rclcpp/any_executable.hpp:25[m[K,
[10.385s]                  from [01m[K/opt/ros/foxy/include/rclcpp/memory_strategy.hpp:24[m[K,
[10.386s]                  from [01m[K/opt/ros/foxy/include/rclcpp/memory_strategies.hpp:18[m[K,
[10.387s]                  from [01m[K/opt/ros/foxy/include/rclcpp/executor_options.hpp:20[m[K,
[10.388s]                  from [01m[K/opt/ros/foxy/include/rclcpp/executor.hpp:33[m[K,
[10.388s]                  from [01m[K/opt/ros/foxy/include/rclcpp/executors/multi_threaded_executor.hpp:26[m[K,
[10.389s]                  from [01m[K/opt/ros/foxy/include/rclcpp/executors.hpp:21[m[K,
[10.402s]                  from [01m[K/opt/ros/foxy/include/rclcpp/rclcpp.hpp:146[m[K,
[10.403s]                  from [01m[K/home/smartway/ros2_ws/rplidar_ros2/include/rplidar_node.hpp:34[m[K,
[10.404s]                  from [01m[K/home/smartway/ros2_ws/rplidar_ros2/src/rplidar_node.cpp:36[m[K:
[10.404s] [01m[K/usr/include/math.h:1070:[m[K [01;36m[Knote: [m[Kthis is the location of the previous definition
[10.405s]  1070 | # define M_PI  3.14159265358979323846 /* pi */
[10.407s]       | 
[12.507s] [01m[K/home/smartway/ros2_ws/rplidar_ros2/sdk/src/arch/linux/net_serial.cpp:[m[K In member function ‘[01m[Kbool rp::arch::net::raw_serial::open(const char*, uint32_t, uint32_t)[m[K’:
[12.508s] [01m[K/home/smartway/ros2_ws/rplidar_ros2/sdk/src/arch/linux/net_serial.cpp:97:74:[m[K [01;35m[Kwarning: [m[Kunused parameter ‘[01m[Kflags[m[K’ [[01;35m[K-Wunused-parameter[m[K]
[12.509s]    97 | bool raw_serial::open(const char * portname, uint32_t baudrate, [01;35m[Kuint32_t flags[m[K)
[12.510s]       |                                                                 [01;35m[K~~~~~~~~~^~~~~[m[K
[12.511s] [01m[K/home/smartway/ros2_ws/rplidar_ros2/sdk/src/arch/linux/net_serial.cpp:[m[K In member function ‘[01m[Kvirtual void rp::arch::net::raw_serial::flush(_u32)[m[K’:
[12.512s] [01m[K/home/smartway/ros2_ws/rplidar_ros2/sdk/src/arch/linux/net_serial.cpp:281:30:[m[K [01;35m[Kwarning: [m[Kunused parameter ‘[01m[Kflags[m[K’ [[01;35m[K-Wunused-parameter[m[K]
[12.514s]   281 | void raw_serial::flush( [01;35m[K_u32 flags[m[K)
[12.514s]       |                         [01;35m[K~~~~~^~~~~[m[K
[12.515s] [01m[K/home/smartway/ros2_ws/rplidar_ros2/sdk/src/arch/linux/net_serial.cpp:[m[K In member function ‘[01m[Kvirtual int rp::arch::net::raw_serial::waitforsent(_u32, size_t*)[m[K’:
[12.516s] [01m[K/home/smartway/ros2_ws/rplidar_ros2/sdk/src/arch/linux/net_serial.cpp:286:34:[m[K [01;35m[Kwarning: [m[Kunused parameter ‘[01m[Ktimeout[m[K’ [[01;35m[K-Wunused-parameter[m[K]
[12.516s]   286 | int raw_serial::waitforsent([01;35m[K_u32 timeout[m[K, size_t * returned_size)
[12.526s]       |                             [01;35m[K~~~~~^~~~~~~[m[K
[12.527s] [01m[K/home/smartway/ros2_ws/rplidar_ros2/sdk/src/arch/linux/net_serial.cpp:[m[K In member function ‘[01m[Kvirtual int rp::arch::net::raw_serial::waitforrecv(_u32, size_t*)[m[K’:
[12.527s] [01m[K/home/smartway/ros2_ws/rplidar_ros2/sdk/src/arch/linux/net_serial.cpp:292:34:[m[K [01;35m[Kwarning: [m[Kunused parameter ‘[01m[Ktimeout[m[K’ [[01;35m[K-Wunused-parameter[m[K]
[12.528s]   292 | int raw_serial::waitforrecv([01;35m[K_u32 timeout[m[K, size_t * returned_size)
[12.529s]       |                             [01;35m[K~~~~~^~~~~~~[m[K
[13.246s] [ 27%] [32mBuilding CXX object CMakeFiles/rplidar_composition_node.dir/sdk/src/arch/linux/net_serial.cpp.o[0m
[16.255s] [01m[K/home/smartway/ros2_ws/rplidar_ros2/sdk/src/arch/linux/net_serial.cpp:[m[K In member function ‘[01m[Kbool rp::arch::net::raw_serial::open(const char*, uint32_t, uint32_t)[m[K’:
[16.257s] [01m[K/home/smartway/ros2_ws/rplidar_ros2/sdk/src/arch/linux/net_serial.cpp:97:74:[m[K [01;35m[Kwarning: [m[Kunused parameter ‘[01m[Kflags[m[K’ [[01;35m[K-Wunused-parameter[m[K]
[16.257s]    97 | bool raw_serial::open(const char * portname, uint32_t baudrate, [01;35m[Kuint32_t flags[m[K)
[16.258s]       |                                                                 [01;35m[K~~~~~~~~~^~~~~[m[K
[16.259s] [01m[K/home/smartway/ros2_ws/rplidar_ros2/sdk/src/arch/linux/net_serial.cpp:[m[K In member function ‘[01m[Kvirtual void rp::arch::net::raw_serial::flush(_u32)[m[K’:
[16.261s] [01m[K/home/smartway/ros2_ws/rplidar_ros2/sdk/src/arch/linux/net_serial.cpp:281:30:[m[K [01;35m[Kwarning: [m[Kunused parameter ‘[01m[Kflags[m[K’ [[01;35m[K-Wunused-parameter[m[K]
[16.269s]   281 | void raw_serial::flush( [01;35m[K_u32 flags[m[K)
[16.270s]       |                         [01;35m[K~~~~~^~~~~[m[K
[16.271s] [01m[K/home/smartway/ros2_ws/rplidar_ros2/sdk/src/arch/linux/net_serial.cpp:[m[K In member function ‘[01m[Kvirtual int rp::arch::net::raw_serial::waitforsent(_u32, size_t*)[m[K’:
[16.272s] [01m[K/home/smartway/ros2_ws/rplidar_ros2/sdk/src/arch/linux/net_serial.cpp:286:34:[m[K [01;35m[Kwarning: [m[Kunused parameter ‘[01m[Ktimeout[m[K’ [[01;35m[K-Wunused-parameter[m[K]
[16.272s]   286 | int raw_serial::waitforsent([01;35m[K_u32 timeout[m[K, size_t * returned_size)
[16.273s]       |                             [01;35m[K~~~~~^~~~~~~[m[K
[16.274s] [01m[K/home/smartway/ros2_ws/rplidar_ros2/sdk/src/arch/linux/net_serial.cpp:[m[K In member function ‘[01m[Kvirtual int rp::arch::net::raw_serial::waitforrecv(_u32, size_t*)[m[K’:
[16.275s] [01m[K/home/smartway/ros2_ws/rplidar_ros2/sdk/src/arch/linux/net_serial.cpp:292:34:[m[K [01;35m[Kwarning: [m[Kunused parameter ‘[01m[Ktimeout[m[K’ [[01;35m[K-Wunused-parameter[m[K]
[16.275s]   292 | int raw_serial::waitforrecv([01;35m[K_u32 timeout[m[K, size_t * returned_size)
[16.276s]       |                             [01;35m[K~~~~~^~~~~~~[m[K
[17.092s] [ 33%] [32mBuilding CXX object CMakeFiles/rplidar_composition_node.dir/sdk/src/arch/linux/net_socket.cpp.o[0m
[18.720s] In file included from [01m[K/home/smartway/ros2_ws/rplidar_ros2/./sdk/include/rplidar.h:39[m[K,
[18.721s]                  from [01m[K/home/smartway/ros2_ws/rplidar_ros2/src/node.cpp:45[m[K:
[18.722s] [01m[K/home/smartway/ros2_ws/rplidar_ros2/./sdk/include/rplidar_protocol.h:59:14:[m[K [01;35m[Kwarning: [m[KISO C++ forbids zero-size array ‘[01m[Kdata[m[K’ [[01;35m[K-Wpedantic[m[K]
[18.728s]    59 |     _u8 data[[01;35m[K0[m[K];
[18.729s]       |              [01;35m[K^[m[K
[18.730s] In file included from [01m[K/home/smartway/ros2_ws/rplidar_ros2/./sdk/include/rplidar.h:40[m[K,
[18.731s]                  from [01m[K/home/smartway/ros2_ws/rplidar_ros2/src/node.cpp:45[m[K:
[18.731s] [01m[K/home/smartway/ros2_ws/rplidar_ros2/./sdk/include/rplidar_cmd.h:260:18:[m[K [01;35m[Kwarning: [m[KISO C++ forbids zero-size array ‘[01m[Kpayload[m[K’ [[01;35m[K-Wpedantic[m[K]
[18.732s]   260 |     _u8  payload[[01;35m[K0[m[K];
[18.733s]       |                  [01;35m[K^[m[K
[18.855s] [01m[K/home/smartway/ros2_ws/rplidar_ros2/src/node.cpp:[m[K In function ‘[01m[Kbool stop_motor(std::shared_ptr<std_srvs::srv::Empty_Request_<std::allocator<void> > >, std::shared_ptr<std_srvs::srv::Empty_Response_<std::allocator<void> > >)[m[K’:
[18.856s] [01m[K/home/smartway/ros2_ws/rplidar_ros2/src/node.cpp:166:70:[m[K [01;35m[Kwarning: [m[Kunused parameter ‘[01m[Kreq[m[K’ [[01;35m[K-Wunused-parameter[m[K]
[18.857s]   166 | bool stop_motor([01;35m[Kconst std::shared_ptr<std_srvs::srv::Empty::Request> req[m[K,
[18.858s]       |                 [01;35m[K~~~~~~~~~~~~~~~~~~~~~~~~~~~~~~~~~~~~~~~~~~~~~~~~~~~~~^~~[m[K
[18.859s] [01m[K/home/smartway/ros2_ws/rplidar_ros2/src/node.cpp:167:65:[m[K [01;35m[Kwarning: [m[Kunused parameter ‘[01m[Kres[m[K’ [[01;35m[K-Wunused-parameter[m[K]
[18.860s]   167 |                 [01;35m[Kstd::shared_ptr<std_srvs::srv::Empty::Response> res[m[K)
[18.861s]       |                 [01;35m[K~~~~~~~~~~~~~~~~~~~~~~~~~~~~~~~~~~~~~~~~~~~~~~~~^~~[m[K
[18.862s] [01m[K/home/smartway/ros2_ws/rplidar_ros2/src/node.cpp:[m[K In function ‘[01m[Kbool start_motor(std::shared_ptr<std_srvs::srv::Empty_Request_<std::allocator<void> > >, std::shared_ptr<std_srvs::srv::Empty_Response_<std::allocator<void> > >)[m[K’:
[18.863s] [01m[K/home/smartway/ros2_ws/rplidar_ros2/src/node.cpp:178:71:[m[K [01;35m[Kwarning: [m[Kunused parameter ‘[01m[Kreq[m[K’ [[01;35m[K-Wunused-parameter[m[K]
[18.864s]   178 | bool start_motor([01;35m[Kconst std::shared_ptr<std_srvs::srv::Empty::Request> req[m[K,
[18.865s]       |                  [01;35m[K~~~~~~~~~~~~~~~~~~~~~~~~~~~~~~~~~~~~~~~~~~~~~~~~~~~~~^~~[m[K
[18.865s] [01m[K/home/smartway/ros2_ws/rplidar_ros2/src/node.cpp:179:66:[m[K [01;35m[Kwarning: [m[Kunused parameter ‘[01m[Kres[m[K’ [[01;35m[K-Wunused-parameter[m[K]
[18.866s]   179 |                  [01;35m[Kstd::shared_ptr<std_srvs::srv::Empty::Response> res[m[K)
[18.867s]       |                  [01;35m[K~~~~~~~~~~~~~~~~~~~~~~~~~~~~~~~~~~~~~~~~~~~~~~~~^~~[m[K
[18.998s] [01m[K/home/smartway/ros2_ws/rplidar_ros2/src/node.cpp:[m[K In function ‘[01m[Kint main(int, char**)[m[K’:
[18.999s] [01m[K/home/smartway/ros2_ws/rplidar_ros2/src/node.cpp:356:60:[m[K [01;35m[Kwarning: [m[KISO C++ forbids variable length array ‘[01m[Kangle_compensate_nodes[m[K’ [[01;35m[K-Wvla[m[K]
[19.000s]   356 |                     rplidar_response_measurement_node_hq_t [01;35m[Kangle_compensate_nodes[m[K[angle_compensate_nodes_count];
[19.001s]       |                                                            [01;35m[K^~~~~~~~~~~~~~~~~~~~~~[m[K
[19.002s] [01m[K/home/smartway/ros2_ws/rplidar_ros2/src/node.cpp:360:30:[m[K [01;35m[Kwarning: [m[Kcomparison of integer expressions of different signedness: ‘[01m[Kint[m[K’ and ‘[01m[Ksize_t[m[K’ {aka ‘[01m[Klong unsigned int[m[K’} [[01;35m[K-Wsign-compare[m[K]
[19.003s]   360 |                     for( ; [01;35m[Ki < count[m[K; i++ ) {
[19.004s]       |                            [01;35m[K~~^~~~~~~[m[K
[19.152s] In file included from [01m[K/home/smartway/ros2_ws/rplidar_ros2/./sdk/include/rplidar.h:39[m[K,
[19.153s]                  from [01m[K/home/smartway/ros2_ws/rplidar_ros2/include/rplidar_node.hpp:41[m[K,
[19.154s]                  from [01m[K/home/smartway/ros2_ws/rplidar_ros2/src/rplidar_node.cpp:36[m[K:
[19.155s] [01m[K/home/smartway/ros2_ws/rplidar_ros2/./sdk/include/rplidar_protocol.h:59:14:[m[K [01;35m[Kwarning: [m[KISO C++ forbids zero-size array ‘[01m[Kdata[m[K’ [[01;35m[K-Wpedantic[m[K]
[19.156s]    59 |     _u8 data[[01;35m[K0[m[K];
[19.157s]       |              [01;35m[K^[m[K
[19.158s] In file included from [01m[K/home/smartway/ros2_ws/rplidar_ros2/./sdk/include/rplidar.h:40[m[K,
[19.158s]                  from [01m[K/home/smartway/ros2_ws/rplidar_ros2/include/rplidar_node.hpp:41[m[K,
[19.159s]                  from [01m[K/home/smartway/ros2_ws/rplidar_ros2/src/rplidar_node.cpp:36[m[K:
[19.160s] [01m[K/home/smartway/ros2_ws/rplidar_ros2/./sdk/include/rplidar_cmd.h:260:18:[m[K [01;35m[Kwarning: [m[KISO C++ forbids zero-size array ‘[01m[Kpayload[m[K’ [[01;35m[K-Wpedantic[m[K]
[19.161s]   260 |     _u8  payload[[01;35m[K0[m[K];
[19.162s]       |                  [01;35m[K^[m[K
[19.497s] In file included from [01m[K/home/smartway/ros2_ws/rplidar_ros2/./sdk/include/rplidar.h:39[m[K,
[19.498s]                  from [01m[K/home/smartway/ros2_ws/rplidar_ros2/./sdk/src/sdkcommon.h:48[m[K,
[19.499s]                  from [01m[K/home/smartway/ros2_ws/rplidar_ros2/sdk/src/arch/linux/net_socket.cpp:10[m[K:
[19.501s] [01m[K/home/smartway/ros2_ws/rplidar_ros2/./sdk/include/rplidar_protocol.h:59:14:[m[K [01;35m[Kwarning: [m[KISO C++ forbids zero-size array ‘[01m[Kdata[m[K’ [[01;35m[K-Wpedantic[m[K]
[19.502s]    59 |     _u8 data[[01;35m[K0[m[K];
[19.503s]       |              [01;35m[K^[m[K
[19.508s] In file included from [01m[K/home/smartway/ros2_ws/rplidar_ros2/./sdk/include/rplidar.h:40[m[K,
[19.509s]                  from [01m[K/home/smartway/ros2_ws/rplidar_ros2/./sdk/src/sdkcommon.h:48[m[K,
[19.511s]                  from [01m[K/home/smartway/ros2_ws/rplidar_ros2/sdk/src/arch/linux/net_socket.cpp:10[m[K:
[19.512s] [01m[K/home/smartway/ros2_ws/rplidar_ros2/./sdk/include/rplidar_cmd.h:260:18:[m[K [01;35m[Kwarning: [m[KISO C++ forbids zero-size array ‘[01m[Kpayload[m[K’ [[01;35m[K-Wpedantic[m[K]
[19.514s]   260 |     _u8  payload[[01;35m[K0[m[K];
[19.515s]       |                  [01;35m[K^[m[K
[19.567s] [01m[K/home/smartway/ros2_ws/rplidar_ros2/sdk/src/arch/linux/net_socket.cpp:[m[K In member function ‘[01m[Kvirtual u_result rp::net::SocketAddress::getAddressAsString(char*, size_t) const[m[K’:
[19.568s] [01m[K/home/smartway/ros2_ws/rplidar_ros2/sdk/src/arch/linux/net_socket.cpp:170:17:[m[K [01;35m[Kwarning: [m[Kordered comparison of pointer with integer zero [[01;35m[K-Wextra[m[K]
[19.570s]   170 |     return ans<=[01;35m[K0[m[K?RESULT_OPERATION_FAIL:RESULT_OK;
[19.571s]       |                 [01;35m[K^[m[K
[19.590s] [01m[K/home/smartway/ros2_ws/rplidar_ros2/src/rplidar_node.cpp:[m[K In member function ‘[01m[Kvoid rplidar_ros::rplidar_node::stop_motor({anonymous}::EmptyRequest, {anonymous}::EmptyResponse)[m[K’:
[19.591s] [01m[K/home/smartway/ros2_ws/rplidar_ros2/src/rplidar_node.cpp:245:50:[m[K [01;35m[Kwarning: [m[Kunused parameter ‘[01m[Kreq[m[K’ [[01;35m[K-Wunused-parameter[m[K]
[19.592s]   245 | void rplidar_node::stop_motor([01;35m[Kconst EmptyRequest req[m[K, EmptyResponse res)
[19.594s]       |                               [01;35m[K~~~~~~~~~~~~~~~~~~~^~~[m[K
[19.595s] [01m[K/home/smartway/ros2_ws/rplidar_ros2/src/rplidar_node.cpp:245:69:[m[K [01;35m[Kwarning: [m[Kunused parameter ‘[01m[Kres[m[K’ [[01;35m[K-Wunused-parameter[m[K]
[19.595s]   245 | void rplidar_node::stop_motor(const EmptyRequest req, [01;35m[KEmptyResponse res[m[K)
[19.596s]       |                                                       [01;35m[K~~~~~~~~~~~~~~^~~[m[K
[19.597s] [01m[K/home/smartway/ros2_ws/rplidar_ros2/src/rplidar_node.cpp:[m[K In member function ‘[01m[Kvoid rplidar_ros::rplidar_node::start_motor({anonymous}::EmptyRequest, {anonymous}::EmptyResponse)[m[K’:
[19.598s] [01m[K/home/smartway/ros2_ws/rplidar_ros2/src/rplidar_node.cpp:256:51:[m[K [01;35m[Kwarning: [m[Kunused parameter ‘[01m[Kreq[m[K’ [[01;35m[K-Wunused-parameter[m[K]
[19.599s]   256 | void rplidar_node::start_motor([01;35m[Kconst EmptyRequest req[m[K, EmptyResponse res)
[19.599s]       |                                [01;35m[K~~~~~~~~~~~~~~~~~~~^~~[m[K
[19.600s] [01m[K/home/smartway/ros2_ws/rplidar_ros2/src/rplidar_node.cpp:256:70:[m[K [01;35m[Kwarning: [m[Kunused parameter ‘[01m[Kres[m[K’ [[01;35m[K-Wunused-parameter[m[K]
[19.601s]   256 | void rplidar_node::start_motor(const EmptyRequest req, [01;35m[KEmptyResponse res[m[K)
[19.610s]       |                                                        [01;35m[K~~~~~~~~~~~~~~^~~[m[K
[19.616s] [01m[K/home/smartway/ros2_ws/rplidar_ros2/sdk/src/arch/linux/net_socket.cpp:[m[K In member function ‘[01m[Kvirtual u_result rp::arch::net::StreamSocketImpl::send(const void*, size_t)[m[K’:
[19.617s] [01m[K/home/smartway/ros2_ws/rplidar_ros2/sdk/src/arch/linux/net_socket.cpp:438:17:[m[K [01;35m[Kwarning: [m[Kcomparison of integer expressions of different signedness: ‘[01m[Ksize_t[m[K’ {aka ‘[01m[Klong unsigned int[m[K’} and ‘[01m[Kint[m[K’ [[01;35m[K-Wsign-compare[m[K]
[19.618s]   438 |         if ([01;35m[Kans == (int)len[m[K) {
[19.620s]       |             [01;35m[K~~~~^~~~~~~~~~~[m[K
[19.631s] [01m[K/home/smartway/ros2_ws/rplidar_ros2/src/rplidar_node.cpp:[m[K In member function ‘[01m[Kvoid rplidar_ros::rplidar_node::publish_loop()[m[K’:
[19.632s] [01m[K/home/smartway/ros2_ws/rplidar_ros2/src/rplidar_node.cpp:343:46:[m[K [01;35m[Kwarning: [m[KISO C++ forbids variable length array ‘[01m[Kangle_compensate_nodes[m[K’ [[01;35m[K-Wvla[m[K]
[19.633s]   343 |       rplidar_response_measurement_node_hq_t [01;35m[Kangle_compensate_nodes[m[K[angle_compensate_nodes_count];
[19.633s]       |                                              [01;35m[K^~~~~~~~~~~~~~~~~~~~~~[m[K
[19.634s] [01m[K/home/smartway/ros2_ws/rplidar_ros2/src/rplidar_node.cpp:353:25:[m[K [01;35m[Kwarning: [m[Kcomparison of integer expressions of different signedness: ‘[01m[Ksize_t[m[K’ {aka ‘[01m[Klong unsigned int[m[K’} and ‘[01m[Kint[m[K’ [[01;35m[K-Wsign-compare[m[K]
[19.635s]   353 |           for (j = 0; [01;35m[Kj < m_angle_compensate_multiple[m[K; j++) {
[19.636s]       |                       [01;35m[K~~^~~~~~~~~~~~~~~~~~~~~~~~~~~~~[m[K
[19.639s] [01m[K/home/smartway/ros2_ws/rplidar_ros2/src/rplidar_node.cpp:374:44:[m[K [01;35m[Kwarning: [m[Kcomparison of integer expressions of different signedness: ‘[01m[Ksize_t[m[K’ {aka ‘[01m[Klong unsigned int[m[K’} and ‘[01m[Kint[m[K’ [[01;35m[K-Wsign-compare[m[K]
[19.640s]   374 |       for (size_t x = start_node, y = 0; [01;35m[Kx < end_node[m[K; ++x, ++y) {
[19.649s]       |                                          [01;35m[K~~^~~~~~~~~~[m[K
[19.650s] [01m[K/home/smartway/ros2_ws/rplidar_ros2/src/rplidar_node.cpp:381:11:[m[K [01;35m[Kwarning: [m[Kunused variable ‘[01m[Kangle_min[m[K’ [[01;35m[K-Wunused-variable[m[K]
[19.651s]   381 |     float [01;35m[Kangle_min[m[K = deg_2_rad(0.0f);
[19.652s]       |           [01;35m[K^~~~~~~~~[m[K
[19.653s] [01m[K/home/smartway/ros2_ws/rplidar_ros2/src/rplidar_node.cpp:382:11:[m[K [01;35m[Kwarning: [m[Kunused variable ‘[01m[Kangle_max[m[K’ [[01;35m[K-Wunused-variable[m[K]
[19.654s]   382 |     float [01;35m[Kangle_max[m[K = deg_2_rad(359.0f);
[19.654s]       |           [01;35m[K^~~~~~~~~[m[K
[19.657s] In file included from [01m[K/home/smartway/ros2_ws/rplidar_ros2/./sdk/src/arch/linux/arch_linux.h:42[m[K,
[19.658s]                  from [01m[K/home/smartway/ros2_ws/rplidar_ros2/./sdk/src/sdkcommon.h:40[m[K,
[19.659s]                  from [01m[K/home/smartway/ros2_ws/rplidar_ros2/sdk/src/arch/linux/net_socket.cpp:10[m[K:
[19.660s] [01m[K/home/smartway/ros2_ws/rplidar_ros2/sdk/src/arch/linux/net_socket.cpp:[m[K In member function ‘[01m[Kvirtual u_result rp::arch::net::DGramSocketImpl::sendTo(const rp::net::SocketAddress&, const void*, size_t)[m[K’:
[19.661s] [01m[K/home/smartway/ros2_ws/rplidar_ros2/sdk/src/arch/linux/net_socket.cpp:726:24:[m[K [01;35m[Kwarning: [m[Kcomparison of integer expressions of different signedness: ‘[01m[Ksize_t[m[K’ {aka ‘[01m[Klong unsigned int[m[K’} and ‘[01m[Kint[m[K’ [[01;35m[K-Wsign-compare[m[K]
[19.662s]   726 |             assert([01;35m[Kans == (int)len[m[K);
[19.662s]       |                    [01;35m[K~~~~^~~~~~~~~~~[m[K
[20.778s] [ 38%] [32mBuilding CXX object CMakeFiles/rplidarNode.dir/sdk/src/arch/linux/net_socket.cpp.o[0m
[23.317s] In file included from [01m[K/home/smartway/ros2_ws/rplidar_ros2/./sdk/include/rplidar.h:39[m[K,
[23.318s]                  from [01m[K/home/smartway/ros2_ws/rplidar_ros2/./sdk/src/sdkcommon.h:48[m[K,
[23.319s]                  from [01m[K/home/smartway/ros2_ws/rplidar_ros2/sdk/src/arch/linux/net_socket.cpp:10[m[K:
[23.320s] [01m[K/home/smartway/ros2_ws/rplidar_ros2/./sdk/include/rplidar_protocol.h:59:14:[m[K [01;35m[Kwarning: [m[KISO C++ forbids zero-size array ‘[01m[Kdata[m[K’ [[01;35m[K-Wpedantic[m[K]
[23.321s]    59 |     _u8 data[[01;35m[K0[m[K];
[23.322s]       |              [01;35m[K^[m[K
[23.323s] In file included from [01m[K/home/smartway/ros2_ws/rplidar_ros2/./sdk/include/rplidar.h:40[m[K,
[23.324s]                  from [01m[K/home/smartway/ros2_ws/rplidar_ros2/./sdk/src/sdkcommon.h:48[m[K,
[23.324s]                  from [01m[K/home/smartway/ros2_ws/rplidar_ros2/sdk/src/arch/linux/net_socket.cpp:10[m[K:
[23.325s] [01m[K/home/smartway/ros2_ws/rplidar_ros2/./sdk/include/rplidar_cmd.h:260:18:[m[K [01;35m[Kwarning: [m[KISO C++ forbids zero-size array ‘[01m[Kpayload[m[K’ [[01;35m[K-Wpedantic[m[K]
[23.326s]   260 |     _u8  payload[[01;35m[K0[m[K];
[23.327s]       |                  [01;35m[K^[m[K
[23.366s] [01m[K/home/smartway/ros2_ws/rplidar_ros2/sdk/src/arch/linux/net_socket.cpp:[m[K In member function ‘[01m[Kvirtual u_result rp::net::SocketAddress::getAddressAsString(char*, size_t) const[m[K’:
[23.367s] [01m[K/home/smartway/ros2_ws/rplidar_ros2/sdk/src/arch/linux/net_socket.cpp:170:17:[m[K [01;35m[Kwarning: [m[Kordered comparison of pointer with integer zero [[01;35m[K-Wextra[m[K]
[23.368s]   170 |     return ans<=[01;35m[K0[m[K?RESULT_OPERATION_FAIL:RESULT_OK;
[23.369s]       |                 [01;35m[K^[m[K
[23.401s] [01m[K/home/smartway/ros2_ws/rplidar_ros2/sdk/src/arch/linux/net_socket.cpp:[m[K In member function ‘[01m[Kvirtual u_result rp::arch::net::StreamSocketImpl::send(const void*, size_t)[m[K’:
[23.402s] [01m[K/home/smartway/ros2_ws/rplidar_ros2/sdk/src/arch/linux/net_socket.cpp:438:17:[m[K [01;35m[Kwarning: [m[Kcomparison of integer expressions of different signedness: ‘[01m[Ksize_t[m[K’ {aka ‘[01m[Klong unsigned int[m[K’} and ‘[01m[Kint[m[K’ [[01;35m[K-Wsign-compare[m[K]
[23.403s]   438 |         if ([01;35m[Kans == (int)len[m[K) {
[23.404s]       |             [01;35m[K~~~~^~~~~~~~~~~[m[K
[23.425s] In file included from [01m[K/home/smartway/ros2_ws/rplidar_ros2/./sdk/src/arch/linux/arch_linux.h:42[m[K,
[23.426s]                  from [01m[K/home/smartway/ros2_ws/rplidar_ros2/./sdk/src/sdkcommon.h:40[m[K,
[23.427s]                  from [01m[K/home/smartway/ros2_ws/rplidar_ros2/sdk/src/arch/linux/net_socket.cpp:10[m[K:
[23.428s] [01m[K/home/smartway/ros2_ws/rplidar_ros2/sdk/src/arch/linux/net_socket.cpp:[m[K In member function ‘[01m[Kvirtual u_result rp::arch::net::DGramSocketImpl::sendTo(const rp::net::SocketAddress&, const void*, size_t)[m[K’:
[23.428s] [01m[K/home/smartway/ros2_ws/rplidar_ros2/sdk/src/arch/linux/net_socket.cpp:726:24:[m[K [01;35m[Kwarning: [m[Kcomparison of integer expressions of different signedness: ‘[01m[Ksize_t[m[K’ {aka ‘[01m[Klong unsigned int[m[K’} and ‘[01m[Kint[m[K’ [[01;35m[K-Wsign-compare[m[K]
[23.429s]   726 |             assert([01;35m[Kans == (int)len[m[K);
[23.430s]       |                    [01;35m[K~~~~^~~~~~~~~~~[m[K
[24.486s] [ 44%] [32mBuilding CXX object CMakeFiles/rplidar_composition_node.dir/sdk/src/arch/linux/timer.cpp.o[0m
[27.538s] [ 50%] [32mBuilding CXX object CMakeFiles/rplidarNode.dir/sdk/src/arch/linux/timer.cpp.o[0m
[30.969s] [ 55%] [32mBuilding CXX object CMakeFiles/rplidar_composition_node.dir/sdk/src/hal/thread.cpp.o[0m
[31.878s] [ 61%] [32mBuilding CXX object CMakeFiles/rplidarNode.dir/sdk/src/hal/thread.cpp.o[0m
[33.554s] In file included from [01m[K/home/smartway/ros2_ws/rplidar_ros2/./sdk/include/rplidar.h:39[m[K,
[33.555s]                  from [01m[K/home/smartway/ros2_ws/rplidar_ros2/./sdk/src/sdkcommon.h:48[m[K,
[33.555s]                  from [01m[K/home/smartway/ros2_ws/rplidar_ros2/sdk/src/hal/thread.cpp:35[m[K:
[33.556s] [01m[K/home/smartway/ros2_ws/rplidar_ros2/./sdk/include/rplidar_protocol.h:59:14:[m[K [01;35m[Kwarning: [m[KISO C++ forbids zero-size array ‘[01m[Kdata[m[K’ [[01;35m[K-Wpedantic[m[K]
[33.558s]    59 |     _u8 data[[01;35m[K0[m[K];
[33.559s]       |              [01;35m[K^[m[K
[33.560s] In file included from [01m[K/home/smartway/ros2_ws/rplidar_ros2/./sdk/include/rplidar.h:40[m[K,
[33.561s]                  from [01m[K/home/smartway/ros2_ws/rplidar_ros2/./sdk/src/sdkcommon.h:48[m[K,
[33.562s]                  from [01m[K/home/smartway/ros2_ws/rplidar_ros2/sdk/src/hal/thread.cpp:35[m[K:
[33.562s] [01m[K/home/smartway/ros2_ws/rplidar_ros2/./sdk/include/rplidar_cmd.h:260:18:[m[K [01;35m[Kwarning: [m[KISO C++ forbids zero-size array ‘[01m[Kpayload[m[K’ [[01;35m[K-Wpedantic[m[K]
[33.563s]   260 |     _u8  payload[[01;35m[K0[m[K];
[33.564s]       |                  [01;35m[K^[m[K
[33.578s] In file included from [01m[K/home/smartway/ros2_ws/rplidar_ros2/sdk/src/hal/thread.cpp:43[m[K:
[33.579s] [01m[K/home/smartway/ros2_ws/rplidar_ros2/./sdk/src/arch/linux/thread.hpp:[m[K In static member function ‘[01m[Kstatic rp::hal::Thread rp::hal::Thread::create(thread_proc_t, void*)[m[K’:
[33.580s] [01m[K/home/smartway/ros2_ws/rplidar_ros2/./sdk/src/arch/linux/thread.hpp:48:77:[m[K [01;35m[Kwarning: [m[Kcast between incompatible function types from ‘[01m[Kthread_proc_t[m[K’ {aka ‘[01m[Klong unsigned int (*)(void*)[m[K’} to ‘[01m[Kvoid* (*)(void*)[m[K’ [[01;35m[K-Wcast-function-type[m[K]
[33.580s]    48 |     pthread_create((pthread_t *)&newborn._handle, NULL, (void * (*)(void *))[01;35m[Kproc[m[K, data);
[33.581s]       |                                                                             [01;35m[K^~~~[m[K
[33.582s] [01m[K/home/smartway/ros2_ws/rplidar_ros2/./sdk/src/arch/linux/thread.hpp:[m[K In member function ‘[01m[Ku_result rp::hal::Thread::join(long unsigned int)[m[K’:
[33.583s] [01m[K/home/smartway/ros2_ws/rplidar_ros2/./sdk/src/arch/linux/thread.hpp:129:37:[m[K [01;35m[Kwarning: [m[Kunused parameter ‘[01m[Ktimeout[m[K’ [[01;35m[K-Wunused-parameter[m[K]
[33.584s]   129 | u_result Thread::join([01;35m[Kunsigned long timeout[m[K)
[33.584s]       |                       [01;35m[K~~~~~~~~~~~~~~^~~~~~~[m[K
[34.253s] [ 66%] [32mBuilding CXX object CMakeFiles/rplidar_composition_node.dir/sdk/src/rplidar_driver.cpp.o[0m
[34.646s] In file included from [01m[K/home/smartway/ros2_ws/rplidar_ros2/./sdk/include/rplidar.h:39[m[K,
[34.647s]                  from [01m[K/home/smartway/ros2_ws/rplidar_ros2/./sdk/src/sdkcommon.h:48[m[K,
[34.648s]                  from [01m[K/home/smartway/ros2_ws/rplidar_ros2/sdk/src/hal/thread.cpp:35[m[K:
[34.650s] [01m[K/home/smartway/ros2_ws/rplidar_ros2/./sdk/include/rplidar_protocol.h:59:14:[m[K [01;35m[Kwarning: [m[KISO C++ forbids zero-size array ‘[01m[Kdata[m[K’ [[01;35m[K-Wpedantic[m[K]
[34.651s]    59 |     _u8 data[[01;35m[K0[m[K];
[34.652s]       |              [01;35m[K^[m[K
[34.658s] In file included from [01m[K/home/smartway/ros2_ws/rplidar_ros2/./sdk/include/rplidar.h:40[m[K,
[34.659s]                  from [01m[K/home/smartway/ros2_ws/rplidar_ros2/./sdk/src/sdkcommon.h:48[m[K,
[34.660s]                  from [01m[K/home/smartway/ros2_ws/rplidar_ros2/sdk/src/hal/thread.cpp:35[m[K:
[34.662s] [01m[K/home/smartway/ros2_ws/rplidar_ros2/./sdk/include/rplidar_cmd.h:260:18:[m[K [01;35m[Kwarning: [m[KISO C++ forbids zero-size array ‘[01m[Kpayload[m[K’ [[01;35m[K-Wpedantic[m[K]
[34.663s]   260 |     _u8  payload[[01;35m[K0[m[K];
[34.664s]       |                  [01;35m[K^[m[K
[34.676s] In file included from [01m[K/home/smartway/ros2_ws/rplidar_ros2/sdk/src/hal/thread.cpp:43[m[K:
[34.678s] [01m[K/home/smartway/ros2_ws/rplidar_ros2/./sdk/src/arch/linux/thread.hpp:[m[K In static member function ‘[01m[Kstatic rp::hal::Thread rp::hal::Thread::create(thread_proc_t, void*)[m[K’:
[34.679s] [01m[K/home/smartway/ros2_ws/rplidar_ros2/./sdk/src/arch/linux/thread.hpp:48:77:[m[K [01;35m[Kwarning: [m[Kcast between incompatible function types from ‘[01m[Kthread_proc_t[m[K’ {aka ‘[01m[Klong unsigned int (*)(void*)[m[K’} to ‘[01m[Kvoid* (*)(void*)[m[K’ [[01;35m[K-Wcast-function-type[m[K]
[34.680s]    48 |     pthread_create((pthread_t *)&newborn._handle, NULL, (void * (*)(void *))[01;35m[Kproc[m[K, data);
[34.681s] [ 72%] [32mBuilding CXX object CMakeFiles/rplidarNode.dir/sdk/src/rplidar_driver.cpp.o[0m
[34.683s]       |                                                                             [01;35m[K^~~~[m[K
[34.689s] [01m[K/home/smartway/ros2_ws/rplidar_ros2/./sdk/src/arch/linux/thread.hpp:[m[K In member function ‘[01m[Ku_result rp::hal::Thread::join(long unsigned int)[m[K’:
[34.690s] [01m[K/home/smartway/ros2_ws/rplidar_ros2/./sdk/src/arch/linux/thread.hpp:129:37:[m[K [01;35m[Kwarning: [m[Kunused parameter ‘[01m[Ktimeout[m[K’ [[01;35m[K-Wunused-parameter[m[K]
[34.691s]   129 | u_result Thread::join([01;35m[Kunsigned long timeout[m[K)
[34.692s]       |                       [01;35m[K~~~~~~~~~~~~~~^~~~~~~[m[K
[36.538s] In file included from [01m[K/home/smartway/ros2_ws/rplidar_ros2/./sdk/include/rplidar.h:39[m[K,
[36.539s]                  from [01m[K/home/smartway/ros2_ws/rplidar_ros2/sdk/src/sdkcommon.h:48[m[K,
[36.540s]                  from [01m[K/home/smartway/ros2_ws/rplidar_ros2/sdk/src/rplidar_driver.cpp:35[m[K:
[36.541s] [01m[K/home/smartway/ros2_ws/rplidar_ros2/./sdk/include/rplidar_protocol.h:59:14:[m[K [01;35m[Kwarning: [m[KISO C++ forbids zero-size array ‘[01m[Kdata[m[K’ [[01;35m[K-Wpedantic[m[K]
[36.542s]    59 |     _u8 data[[01;35m[K0[m[K];
[36.543s]       |              [01;35m[K^[m[K
[36.544s] In file included from [01m[K/home/smartway/ros2_ws/rplidar_ros2/./sdk/include/rplidar.h:40[m[K,
[36.544s]                  from [01m[K/home/smartway/ros2_ws/rplidar_ros2/sdk/src/sdkcommon.h:48[m[K,
[36.545s]                  from [01m[K/home/smartway/ros2_ws/rplidar_ros2/sdk/src/rplidar_driver.cpp:35[m[K:
[36.546s] [01m[K/home/smartway/ros2_ws/rplidar_ros2/./sdk/include/rplidar_cmd.h:260:18:[m[K [01;35m[Kwarning: [m[KISO C++ forbids zero-size array ‘[01m[Kpayload[m[K’ [[01;35m[K-Wpedantic[m[K]
[36.547s]   260 |     _u8  payload[[01;35m[K0[m[K];
[36.548s]       |                  [01;35m[K^[m[K
[36.782s] In file included from [01m[K/home/smartway/ros2_ws/rplidar_ros2/./sdk/include/rplidar.h:39[m[K,
[36.783s]                  from [01m[K/home/smartway/ros2_ws/rplidar_ros2/sdk/src/sdkcommon.h:48[m[K,
[36.784s]                  from [01m[K/home/smartway/ros2_ws/rplidar_ros2/sdk/src/rplidar_driver.cpp:35[m[K:
[36.785s] [01m[K/home/smartway/ros2_ws/rplidar_ros2/./sdk/include/rplidar_protocol.h:59:14:[m[K [01;35m[Kwarning: [m[KISO C++ forbids zero-size array ‘[01m[Kdata[m[K’ [[01;35m[K-Wpedantic[m[K]
[36.786s]    59 |     _u8 data[[01;35m[K0[m[K];
[36.787s]       |              [01;35m[K^[m[K
[36.788s] In file included from [01m[K/home/smartway/ros2_ws/rplidar_ros2/./sdk/include/rplidar.h:40[m[K,
[36.789s]                  from [01m[K/home/smartway/ros2_ws/rplidar_ros2/sdk/src/sdkcommon.h:48[m[K,
[36.790s]                  from [01m[K/home/smartway/ros2_ws/rplidar_ros2/sdk/src/rplidar_driver.cpp:35[m[K:
[36.791s] [01m[K/home/smartway/ros2_ws/rplidar_ros2/./sdk/include/rplidar_cmd.h:260:18:[m[K [01;35m[Kwarning: [m[KISO C++ forbids zero-size array ‘[01m[Kpayload[m[K’ [[01;35m[K-Wpedantic[m[K]
[36.792s]   260 |     _u8  payload[[01;35m[K0[m[K];
[36.793s]       |                  [01;35m[K^[m[K
[37.366s] [01m[K/home/smartway/ros2_ws/rplidar_ros2/sdk/src/rplidar_driver.cpp:[m[K In member function ‘[01m[Kvirtual u_result rp::standalone::rplidar::RPlidarDriverImplCommon::reset(_u32)[m[K’:
[37.367s] [01m[K/home/smartway/ros2_ws/rplidar_ros2/sdk/src/rplidar_driver.cpp:121:46:[m[K [01;35m[Kwarning: [m[Kunused parameter ‘[01m[Ktimeout[m[K’ [[01;35m[K-Wunused-parameter[m[K]
[37.368s]   121 | u_result RPlidarDriverImplCommon::reset([01;35m[K_u32 timeout[m[K)
[37.369s]       |                                         [01;35m[K~~~~~^~~~~~~[m[K
[37.381s] [01m[K/home/smartway/ros2_ws/rplidar_ros2/sdk/src/rplidar_driver.cpp:[m[K In member function ‘[01m[Kvirtual u_result rp::standalone::rplidar::RPlidarDriverImplCommon::checkIfTofLidar(bool&, _u32)[m[K’:
[37.382s] [01m[K/home/smartway/ros2_ws/rplidar_ros2/sdk/src/rplidar_driver.cpp:274:75:[m[K [01;35m[Kwarning: [m[Kunused parameter ‘[01m[Ktimeout[m[K’ [[01;35m[K-Wunused-parameter[m[K]
[37.383s]   274 | u_result RPlidarDriverImplCommon::checkIfTofLidar(bool & isTofLidar, [01;35m[K_u32 timeout[m[K)
[37.384s]       |                                                                      [01;35m[K~~~~~^~~~~~~[m[K
[37.425s] [01m[K/home/smartway/ros2_ws/rplidar_ros2/sdk/src/rplidar_driver.cpp:[m[K In member function ‘[01m[Kvirtual void rp::standalone::rplidar::RPlidarDriverImplCommon::_dense_capsuleToNormal(const rplidar_response_capsule_measurement_nodes_t&, rplidar_response_measurement_node_hq_t*, size_t&)[m[K’:
[37.426s] [01m[K/home/smartway/ros2_ws/rplidar_ros2/sdk/src/rplidar_driver.cpp:872:108:[m[K [01;35m[Kwarning: [m[Ktype qualifiers ignored on cast result type [[01;35m[K-Wignored-qualifiers[m[K]
[37.427s]   872 |             const int dist = static_cast<const int>(_cached_previous_dense_capsuledata.cabins[pos].distance[01;35m[K)[m[K;
[37.428s]       |                                                                                                            [01;35m[K^[m[K
[37.434s] [01m[K/home/smartway/ros2_ws/rplidar_ros2/sdk/src/rplidar_driver.cpp:[m[K In function ‘[01m[K_u32 rp::standalone::rplidar::_crc32cal(_u32, void*, _u16)[m[K’:
[37.440s] [01m[K/home/smartway/ros2_ws/rplidar_ros2/sdk/src/rplidar_driver.cpp:996:23:[m[K [01;35m[Kwarning: [m[Ksuggest parentheses around ‘[01m[K-[m[K’ in operand of ‘[01m[K&[m[K’ [[01;35m[K-Wparentheses[m[K]
[37.442s]   996 |     _u8 leftBytes = [01;35m[K4 - len[m[K & 0x3;
[37.443s]       |                     [01;35m[K~~^~~~~[m[K
[37.450s] [01m[K/home/smartway/ros2_ws/rplidar_ros2/sdk/src/rplidar_driver.cpp:[m[K In member function ‘[01m[Kvirtual void rp::standalone::rplidar::RPlidarDriverImplCommon::_ultraCapsuleToNormal(const rplidar_response_ultra_capsule_measurement_nodes_t&, rplidar_response_measurement_node_hq_t*, size_t&)[m[K’:
[37.451s] [01m[K/home/smartway/ros2_ws/rplidar_ros2/sdk/src/rplidar_driver.cpp:1207:32:[m[K [01;35m[Kwarning: [m[Kcomparison of integer expressions of different signedness: ‘[01m[Kint[m[K’ and ‘[01m[Kunsigned int[m[K’ [[01;35m[K-Wsign-compare[m[K]
[37.452s]  1207 |             if (([01;35m[Kdist_predict1 == 0xFFFFFE00[m[K) || (dist_predict1 == 0x1FF)) {
[37.455s]       |                  [01;35m[K~~~~~~~~~~~~~~^~~~~~~~~~~~~[m[K
[37.456s] [01m[K/home/smartway/ros2_ws/rplidar_ros2/sdk/src/rplidar_driver.cpp:1215:32:[m[K [01;35m[Kwarning: [m[Kcomparison of integer expressions of different signedness: ‘[01m[Kint[m[K’ and ‘[01m[Kunsigned int[m[K’ [[01;35m[K-Wsign-compare[m[K]
[37.457s]  1215 |             if (([01;35m[Kdist_predict2 == 0xFFFFFE00[m[K) || (dist_predict2 == 0x1FF)) {
[37.459s]       |                  [01;35m[K~~~~~~~~~~~~~~^~~~~~~~~~~~~[m[K
[37.494s] [01m[K/home/smartway/ros2_ws/rplidar_ros2/sdk/src/rplidar_driver.cpp:[m[K In member function ‘[01m[Kvirtual u_result rp::standalone::rplidar::RPlidarDriverImplCommon::getAllSupportedScanModes(std::vector<rp::standalone::rplidar::RplidarScanMode>&, _u32)[m[K’:
[37.495s] [01m[K/home/smartway/ros2_ws/rplidar_ros2/sdk/src/rplidar_driver.cpp:1453:105:[m[K [01;35m[Kwarning: [m[Kunused parameter ‘[01m[KtimeoutInMs[m[K’ [[01;35m[K-Wunused-parameter[m[K]
[37.496s]  1453 | u_result RPlidarDriverImplCommon::getAllSupportedScanModes(std::vector<RplidarScanMode>& outModes, [01;35m[K_u32 timeoutInMs[m[K)
[37.497s]       |                                                                                                    [01;35m[K~~~~~^~~~~~~~~~~[m[K
[37.501s] [01m[K/home/smartway/ros2_ws/rplidar_ros2/sdk/src/rplidar_driver.cpp:[m[K In member function ‘[01m[Kvirtual u_result rp::standalone::rplidar::RPlidarDriverImplCommon::startScan(bool, bool, _u32, rp::standalone::rplidar::RplidarScanMode*)[m[K’:
[37.502s] [01m[K/home/smartway/ros2_ws/rplidar_ros2/sdk/src/rplidar_driver.cpp:1550:83:[m[K [01;35m[Kwarning: [m[Kunused parameter ‘[01m[Koptions[m[K’ [[01;35m[K-Wunused-parameter[m[K]
[37.503s]  1550 | u_result RPlidarDriverImplCommon::startScan(bool force, bool useTypicalScan, [01;35m[K_u32 options[m[K, RplidarScanMode* outUsedScanMode)
[37.503s]       |                                                                              [01;35m[K~~~~~^~~~~~~[m[K
[37.512s] [01m[K/home/smartway/ros2_ws/rplidar_ros2/sdk/src/rplidar_driver.cpp:[m[K In member function ‘[01m[Kvirtual u_result rp::standalone::rplidar::RPlidarDriverImplCommon::stop(_u32)[m[K’:
[37.513s] [01m[K/home/smartway/ros2_ws/rplidar_ros2/sdk/src/rplidar_driver.cpp:1774:45:[m[K [01;35m[Kwarning: [m[Kunused parameter ‘[01m[Ktimeout[m[K’ [[01;35m[K-Wunused-parameter[m[K]
[37.514s]  1774 | u_result RPlidarDriverImplCommon::stop([01;35m[K_u32 timeout[m[K)
[37.514s]       |                                        [01;35m[K~~~~~^~~~~~~[m[K
[37.533s] [01m[K/home/smartway/ros2_ws/rplidar_ros2/sdk/src/rplidar_driver.cpp:[m[K In member function ‘[01m[Kvirtual u_result rp::standalone::rplidar::RPlidarDriverImplCommon::setLidarSpinSpeed(_u16, _u32)[m[K’:
[37.533s] [01m[K/home/smartway/ros2_ws/rplidar_ros2/sdk/src/rplidar_driver.cpp:2162:68:[m[K [01;35m[Kwarning: [m[Kunused parameter ‘[01m[Ktimeout[m[K’ [[01;35m[K-Wunused-parameter[m[K]
[37.535s]  2162 | u_result RPlidarDriverImplCommon::setLidarSpinSpeed(_u16 rpm, [01;35m[K_u32 timeout[m[K)
[37.537s]       |                                                               [01;35m[K~~~~~^~~~~~~[m[K
[37.540s] [01m[K/home/smartway/ros2_ws/rplidar_ros2/sdk/src/rplidar_driver.cpp:[m[K In member function ‘[01m[Kvirtual u_result rp::standalone::rplidar::RPlidarDriverSerial::connect(const char*, _u32, _u32)[m[K’:
[37.541s] [01m[K/home/smartway/ros2_ws/rplidar_ros2/sdk/src/rplidar_driver.cpp:2240:83:[m[K [01;35m[Kwarning: [m[Kunused parameter ‘[01m[Kflag[m[K’ [[01;35m[K-Wunused-parameter[m[K]
[37.542s]  2240 | u_result RPlidarDriverSerial::connect(const char * port_path, _u32 baudrate, [01;35m[K_u32 flag[m[K)
[37.542s]       |                                                                              [01;35m[K~~~~~^~~~[m[K
[37.545s] [01m[K/home/smartway/ros2_ws/rplidar_ros2/sdk/src/rplidar_driver.cpp:[m[K In member function ‘[01m[Kvirtual u_result rp::standalone::rplidar::RPlidarDriverTCP::connect(const char*, _u32, _u32)[m[K’:
[37.545s] [01m[K/home/smartway/ros2_ws/rplidar_ros2/sdk/src/rplidar_driver.cpp:2282:72:[m[K [01;35m[Kwarning: [m[Kunused parameter ‘[01m[Kflag[m[K’ [[01;35m[K-Wunused-parameter[m[K]
[37.547s]  2282 | u_result RPlidarDriverTCP::connect(const char * ipStr, _u32 port, [01;35m[K_u32 flag[m[K)
[37.548s]       |                                                                   [01;35m[K~~~~~^~~~[m[K
[37.641s] [01m[K/home/smartway/ros2_ws/rplidar_ros2/sdk/src/rplidar_driver.cpp:[m[K In member function ‘[01m[Kvirtual u_result rp::standalone::rplidar::RPlidarDriverImplCommon::reset(_u32)[m[K’:
[37.642s] [01m[K/home/smartway/ros2_ws/rplidar_ros2/sdk/src/rplidar_driver.cpp:121:46:[m[K [01;35m[Kwarning: [m[Kunused parameter ‘[01m[Ktimeout[m[K’ [[01;35m[K-Wunused-parameter[m[K]
[37.643s]   121 | u_result RPlidarDriverImplCommon::reset([01;35m[K_u32 timeout[m[K)
[37.644s]       |                                         [01;35m[K~~~~~^~~~~~~[m[K
[37.649s] [01m[K/home/smartway/ros2_ws/rplidar_ros2/sdk/src/rplidar_driver.cpp:[m[K In member function ‘[01m[Kvirtual u_result rp::standalone::rplidar::RPlidarDriverImplCommon::checkIfTofLidar(bool&, _u32)[m[K’:
[37.650s] [01m[K/home/smartway/ros2_ws/rplidar_ros2/sdk/src/rplidar_driver.cpp:274:75:[m[K [01;35m[Kwarning: [m[Kunused parameter ‘[01m[Ktimeout[m[K’ [[01;35m[K-Wunused-parameter[m[K]
[37.651s]   274 | u_result RPlidarDriverImplCommon::checkIfTofLidar(bool & isTofLidar, [01;35m[K_u32 timeout[m[K)
[37.652s]       |                                                                      [01;35m[K~~~~~^~~~~~~[m[K
[37.684s] [01m[K/home/smartway/ros2_ws/rplidar_ros2/sdk/src/rplidar_driver.cpp:[m[K In member function ‘[01m[Kvirtual void rp::standalone::rplidar::RPlidarDriverImplCommon::_dense_capsuleToNormal(const rplidar_response_capsule_measurement_nodes_t&, rplidar_response_measurement_node_hq_t*, size_t&)[m[K’:
[37.685s] [01m[K/home/smartway/ros2_ws/rplidar_ros2/sdk/src/rplidar_driver.cpp:872:108:[m[K [01;35m[Kwarning: [m[Ktype qualifiers ignored on cast result type [[01;35m[K-Wignored-qualifiers[m[K]
[37.686s]   872 |             const int dist = static_cast<const int>(_cached_previous_dense_capsuledata.cabins[pos].distance[01;35m[K)[m[K;
[37.686s]       |                                                                                                            [01;35m[K^[m[K
[37.692s] [01m[K/home/smartway/ros2_ws/rplidar_ros2/sdk/src/rplidar_driver.cpp:[m[K In function ‘[01m[K_u32 rp::standalone::rplidar::_crc32cal(_u32, void*, _u16)[m[K’:
[37.692s] [01m[K/home/smartway/ros2_ws/rplidar_ros2/sdk/src/rplidar_driver.cpp:996:23:[m[K [01;35m[Kwarning: [m[Ksuggest parentheses around ‘[01m[K-[m[K’ in operand of ‘[01m[K&[m[K’ [[01;35m[K-Wparentheses[m[K]
[37.694s]   996 |     _u8 leftBytes = [01;35m[K4 - len[m[K & 0x3;
[37.694s]       |                     [01;35m[K~~^~~~~[m[K
[37.702s] [01m[K/home/smartway/ros2_ws/rplidar_ros2/sdk/src/rplidar_driver.cpp:[m[K In member function ‘[01m[Kvirtual void rp::standalone::rplidar::RPlidarDriverImplCommon::_ultraCapsuleToNormal(const rplidar_response_ultra_capsule_measurement_nodes_t&, rplidar_response_measurement_node_hq_t*, size_t&)[m[K’:
[37.703s] [01m[K/home/smartway/ros2_ws/rplidar_ros2/sdk/src/rplidar_driver.cpp:1207:32:[m[K [01;35m[Kwarning: [m[Kcomparison of integer expressions of different signedness: ‘[01m[Kint[m[K’ and ‘[01m[Kunsigned int[m[K’ [[01;35m[K-Wsign-compare[m[K]
[37.704s]  1207 |             if (([01;35m[Kdist_predict1 == 0xFFFFFE00[m[K) || (dist_predict1 == 0x1FF)) {
[37.704s]       |                  [01;35m[K~~~~~~~~~~~~~~^~~~~~~~~~~~~[m[K
[37.705s] [01m[K/home/smartway/ros2_ws/rplidar_ros2/sdk/src/rplidar_driver.cpp:1215:32:[m[K [01;35m[Kwarning: [m[Kcomparison of integer expressions of different signedness: ‘[01m[Kint[m[K’ and ‘[01m[Kunsigned int[m[K’ [[01;35m[K-Wsign-compare[m[K]
[37.706s]  1215 |             if (([01;35m[Kdist_predict2 == 0xFFFFFE00[m[K) || (dist_predict2 == 0x1FF)) {
[37.707s]       |                  [01;35m[K~~~~~~~~~~~~~~^~~~~~~~~~~~~[m[K
[37.737s] [01m[K/home/smartway/ros2_ws/rplidar_ros2/sdk/src/rplidar_driver.cpp:[m[K In member function ‘[01m[Kvirtual u_result rp::standalone::rplidar::RPlidarDriverImplCommon::getAllSupportedScanModes(std::vector<rp::standalone::rplidar::RplidarScanMode>&, _u32)[m[K’:
[37.738s] [01m[K/home/smartway/ros2_ws/rplidar_ros2/sdk/src/rplidar_driver.cpp:1453:105:[m[K [01;35m[Kwarning: [m[Kunused parameter ‘[01m[KtimeoutInMs[m[K’ [[01;35m[K-Wunused-parameter[m[K]
[37.739s]  1453 | u_result RPlidarDriverImplCommon::getAllSupportedScanModes(std::vector<RplidarScanMode>& outModes, [01;35m[K_u32 timeoutInMs[m[K)
[37.739s]       |                                                                                                    [01;35m[K~~~~~^~~~~~~~~~~[m[K
[37.749s] [01m[K/home/smartway/ros2_ws/rplidar_ros2/sdk/src/rplidar_driver.cpp:[m[K In member function ‘[01m[Kvirtual u_result rp::standalone::rplidar::RPlidarDriverImplCommon::startScan(bool, bool, _u32, rp::standalone::rplidar::RplidarScanMode*)[m[K’:
[37.749s] [01m[K/home/smartway/ros2_ws/rplidar_ros2/sdk/src/rplidar_driver.cpp:1550:83:[m[K [01;35m[Kwarning: [m[Kunused parameter ‘[01m[Koptions[m[K’ [[01;35m[K-Wunused-parameter[m[K]
[37.750s]  1550 | u_result RPlidarDriverImplCommon::startScan(bool force, bool useTypicalScan, [01;35m[K_u32 options[m[K, RplidarScanMode* outUsedScanMode)
[37.751s]       |                                                                              [01;35m[K~~~~~^~~~~~~[m[K
[37.756s] [01m[K/home/smartway/ros2_ws/rplidar_ros2/sdk/src/rplidar_driver.cpp:[m[K In member function ‘[01m[Kvirtual u_result rp::standalone::rplidar::RPlidarDriverImplCommon::stop(_u32)[m[K’:
[37.757s] [01m[K/home/smartway/ros2_ws/rplidar_ros2/sdk/src/rplidar_driver.cpp:1774:45:[m[K [01;35m[Kwarning: [m[Kunused parameter ‘[01m[Ktimeout[m[K’ [[01;35m[K-Wunused-parameter[m[K]
[37.757s]  1774 | u_result RPlidarDriverImplCommon::stop([01;35m[K_u32 timeout[m[K)
[37.758s]       |                                        [01;35m[K~~~~~^~~~~~~[m[K
[37.781s] [01m[K/home/smartway/ros2_ws/rplidar_ros2/sdk/src/rplidar_driver.cpp:[m[K In member function ‘[01m[Kvirtual u_result rp::standalone::rplidar::RPlidarDriverImplCommon::setLidarSpinSpeed(_u16, _u32)[m[K’:
[37.781s] [01m[K/home/smartway/ros2_ws/rplidar_ros2/sdk/src/rplidar_driver.cpp:2162:68:[m[K [01;35m[Kwarning: [m[Kunused parameter ‘[01m[Ktimeout[m[K’ [[01;35m[K-Wunused-parameter[m[K]
[37.782s]  2162 | u_result RPlidarDriverImplCommon::setLidarSpinSpeed(_u16 rpm, [01;35m[K_u32 timeout[m[K)
[37.783s]       |                                                               [01;35m[K~~~~~^~~~~~~[m[K
[37.785s] [01m[K/home/smartway/ros2_ws/rplidar_ros2/sdk/src/rplidar_driver.cpp:[m[K In member function ‘[01m[Kvirtual u_result rp::standalone::rplidar::RPlidarDriverSerial::connect(const char*, _u32, _u32)[m[K’:
[37.786s] [01m[K/home/smartway/ros2_ws/rplidar_ros2/sdk/src/rplidar_driver.cpp:2240:83:[m[K [01;35m[Kwarning: [m[Kunused parameter ‘[01m[Kflag[m[K’ [[01;35m[K-Wunused-parameter[m[K]
[37.787s]  2240 | u_result RPlidarDriverSerial::connect(const char * port_path, _u32 baudrate, [01;35m[K_u32 flag[m[K)
[37.787s]       |                                                                              [01;35m[K~~~~~^~~~[m[K
[37.789s] [01m[K/home/smartway/ros2_ws/rplidar_ros2/sdk/src/rplidar_driver.cpp:[m[K In member function ‘[01m[Kvirtual u_result rp::standalone::rplidar::RPlidarDriverTCP::connect(const char*, _u32, _u32)[m[K’:
[37.790s] [01m[K/home/smartway/ros2_ws/rplidar_ros2/sdk/src/rplidar_driver.cpp:2282:72:[m[K [01;35m[Kwarning: [m[Kunused parameter ‘[01m[Kflag[m[K’ [[01;35m[K-Wunused-parameter[m[K]
[37.791s]  2282 | u_result RPlidarDriverTCP::connect(const char * ipStr, _u32 port, [01;35m[K_u32 flag[m[K)
[37.791s]       |                                                                   [01;35m[K~~~~~^~~~[m[K
[38.969s] [ 77%] [32m[1mLinking CXX executable rplidarNodeClient[0m
[39.715s] [ 83%] [32m[1mLinking CXX shared library librplidar_composition_node.so[0m
[39.876s] [ 88%] [32m[1mLinking CXX executable rplidarNode[0m
[40.755s] [ 88%] Built target rplidarNodeClient
[41.245s] [ 88%] Built target rplidar_composition_node
[41.291s] [35m[1mScanning dependencies of target rplidar_composition[0m
[41.295s] [ 88%] Built target rplidarNode
[41.475s] [ 94%] [32mBuilding CXX object CMakeFiles/rplidar_composition.dir/src/standalone_rplidar.cpp.o[0m
[41.961s] In file included from [01m[K/home/smartway/ros2_ws/rplidar_ros2/src/standalone_rplidar.cpp:16[m[K:
[41.961s] [01m[K/home/smartway/ros2_ws/rplidar_ros2/include/rplidar_node.hpp:50:[m[K [01;35m[Kwarning: [m[K"M_PI" redefined
[41.962s]    50 | #define M_PI 3.1415926535897932384626433832795
[41.962s]       | 
[41.962s] In file included from [01m[K/usr/include/c++/9/cmath:45[m[K,
[41.963s]                  from [01m[K/opt/ros/foxy/include/libstatistics_collector/moving_average_statistics/types.hpp:18[m[K,
[41.963s]                  from [01m[K/opt/ros/foxy/include/libstatistics_collector/collector/generate_statistics_message.hpp:24[m[K,
[41.963s]                  from [01m[K/opt/ros/foxy/include/rclcpp/topic_statistics/subscription_topic_statistics.hpp:23[m[K,
[41.964s]                  from [01m[K/opt/ros/foxy/include/rclcpp/subscription.hpp:50[m[K,
[41.964s]                  from [01m[K/opt/ros/foxy/include/rclcpp/any_executable.hpp:25[m[K,
[41.964s]                  from [01m[K/opt/ros/foxy/include/rclcpp/memory_strategy.hpp:24[m[K,
[41.965s]                  from [01m[K/opt/ros/foxy/include/rclcpp/memory_strategies.hpp:18[m[K,
[41.965s]                  from [01m[K/opt/ros/foxy/include/rclcpp/executor_options.hpp:20[m[K,
[41.966s]                  from [01m[K/opt/ros/foxy/include/rclcpp/executor.hpp:33[m[K,
[41.966s]                  from [01m[K/opt/ros/foxy/include/rclcpp/executors/multi_threaded_executor.hpp:26[m[K,
[41.966s]                  from [01m[K/opt/ros/foxy/include/rclcpp/executors.hpp:21[m[K,
[41.967s]                  from [01m[K/opt/ros/foxy/include/rclcpp/rclcpp.hpp:146[m[K,
[41.967s]                  from [01m[K/home/smartway/ros2_ws/rplidar_ros2/include/rplidar_node.hpp:34[m[K,
[41.967s]                  from [01m[K/home/smartway/ros2_ws/rplidar_ros2/src/standalone_rplidar.cpp:16[m[K:
[41.968s] [01m[K/usr/include/math.h:1070:[m[K [01;36m[Knote: [m[Kthis is the location of the previous definition
[41.968s]  1070 | # define M_PI  3.14159265358979323846 /* pi */
[41.968s]       | 
[47.927s] In file included from [01m[K/home/smartway/ros2_ws/rplidar_ros2/./sdk/include/rplidar.h:39[m[K,
[47.927s]                  from [01m[K/home/smartway/ros2_ws/rplidar_ros2/include/rplidar_node.hpp:41[m[K,
[47.928s]                  from [01m[K/home/smartway/ros2_ws/rplidar_ros2/src/standalone_rplidar.cpp:16[m[K:
[47.928s] [01m[K/home/smartway/ros2_ws/rplidar_ros2/./sdk/include/rplidar_protocol.h:59:14:[m[K [01;35m[Kwarning: [m[KISO C++ forbids zero-size array ‘[01m[Kdata[m[K’ [[01;35m[K-Wpedantic[m[K]
[47.929s]    59 |     _u8 data[[01;35m[K0[m[K];
[47.930s]       |              [01;35m[K^[m[K
[47.930s] In file included from [01m[K/home/smartway/ros2_ws/rplidar_ros2/./sdk/include/rplidar.h:40[m[K,
[47.931s]                  from [01m[K/home/smartway/ros2_ws/rplidar_ros2/include/rplidar_node.hpp:41[m[K,
[47.931s]                  from [01m[K/home/smartway/ros2_ws/rplidar_ros2/src/standalone_rplidar.cpp:16[m[K:
[47.932s] [01m[K/home/smartway/ros2_ws/rplidar_ros2/./sdk/include/rplidar_cmd.h:260:18:[m[K [01;35m[Kwarning: [m[KISO C++ forbids zero-size array ‘[01m[Kpayload[m[K’ [[01;35m[K-Wpedantic[m[K]
[47.933s]   260 |     _u8  payload[[01;35m[K0[m[K];
[47.933s]       |                  [01;35m[K^[m[K
[50.389s] In file included from [01m[K/home/smartway/ros2_ws/rplidar_ros2/src/standalone_rplidar.cpp:16[m[K:
[50.390s] [01m[K/home/smartway/ros2_ws/rplidar_ros2/include/rplidar_node.hpp:76:14:[m[K [01;35m[Kwarning: [m[K‘[01m[Kfloat rplidar_ros::getAngle(const rplidar_response_measurement_node_hq_t&)[m[K’ defined but not used [[01;35m[K-Wunused-function[m[K]
[50.391s]    76 | static float [01;35m[KgetAngle[m[K(const rplidar_response_measurement_node_hq_t& node)
[50.391s]       |              [01;35m[K^~~~~~~~[m[K
[50.909s] [100%] [32m[1mLinking CXX executable rplidar_composition[0m
[51.673s] [100%] Built target rplidar_composition
[51.718s] Invoked command in '/home/smartway/ros2_ws/build/rplidar_ros' returned '0': CMAKE_PREFIX_PATH=/opt/ros/foxy /usr/bin/cmake --build /home/smartway/ros2_ws/build/rplidar_ros -- -j4 -l4
[52.011s] Invoking command in '/home/smartway/ros2_ws/build/rplidar_ros': CMAKE_PREFIX_PATH=/opt/ros/foxy /usr/bin/cmake --install /home/smartway/ros2_ws/build/rplidar_ros
[52.050s] -- Install configuration: ""
[52.050s] -- Installing: /home/smartway/ros2_ws/install/rplidar_ros/lib/rplidar_ros/rplidarNode
[52.058s] -- Set runtime path of "/home/smartway/ros2_ws/install/rplidar_ros/lib/rplidar_ros/rplidarNode" to ""
[52.059s] -- Installing: /home/smartway/ros2_ws/install/rplidar_ros/lib/rplidar_ros/rplidarNodeClient
[52.070s] -- Set runtime path of "/home/smartway/ros2_ws/install/rplidar_ros/lib/rplidar_ros/rplidarNodeClient" to ""
[52.070s] -- Installing: /home/smartway/ros2_ws/install/rplidar_ros/lib/rplidar_ros/rplidar_composition
[52.073s] -- Set runtime path of "/home/smartway/ros2_ws/install/rplidar_ros/lib/rplidar_ros/rplidar_composition" to ""
[52.073s] -- Installing: /home/smartway/ros2_ws/install/rplidar_ros/share/rplidar_ros/launch
[52.074s] -- Installing: /home/smartway/ros2_ws/install/rplidar_ros/share/rplidar_ros/launch/rplidar.launch.py
[52.074s] -- Installing: /home/smartway/ros2_ws/install/rplidar_ros/share/rplidar_ros/launch/rplidar_a3.launch.py
[52.075s] -- Installing: /home/smartway/ros2_ws/install/rplidar_ros/share/rplidar_ros/launch/view_rplidar.launch.py
[52.076s] -- Installing: /home/smartway/ros2_ws/install/rplidar_ros/share/rplidar_ros/launch/rplidar_s1_tcp.launch.py
[52.077s] -- Installing: /home/smartway/ros2_ws/install/rplidar_ros/share/rplidar_ros/launch/view_rplidar_a3.launch.py
[52.077s] -- Installing: /home/smartway/ros2_ws/install/rplidar_ros/share/rplidar_ros/launch/view_rplidar_s1.launch.py
[52.078s] -- Installing: /home/smartway/ros2_ws/install/rplidar_ros/share/rplidar_ros/launch/test_rplidar.launch.py
[52.079s] -- Installing: /home/smartway/ros2_ws/install/rplidar_ros/share/rplidar_ros/launch/view_rplidar_s1_tcp.launch.py
[52.080s] -- Installing: /home/smartway/ros2_ws/install/rplidar_ros/share/rplidar_ros/launch/test_rplidar_a3.launch.py
[52.080s] -- Installing: /home/smartway/ros2_ws/install/rplidar_ros/share/rplidar_ros/launch/rplidar_s1.launch.py
[52.081s] -- Installing: /home/smartway/ros2_ws/install/rplidar_ros/share/rplidar_ros/rviz
[52.081s] -- Installing: /home/smartway/ros2_ws/install/rplidar_ros/share/rplidar_ros/rviz/rplidar.rviz
[52.083s] -- Installing: /home/smartway/ros2_ws/install/rplidar_ros/lib/librplidar_composition_node.so
[52.095s] -- Set runtime path of "/home/smartway/ros2_ws/install/rplidar_ros/lib/librplidar_composition_node.so" to ""
[52.096s] -- Installing: /home/smartway/ros2_ws/install/rplidar_ros/include
[52.096s] -- Installing: /home/smartway/ros2_ws/install/rplidar_ros/include/rplidar_node.hpp
[52.097s] -- Installing: /home/smartway/ros2_ws/install/rplidar_ros/include/visibility.h
[52.098s] -- Up-to-date: /home/smartway/ros2_ws/install/rplidar_ros/lib/rplidar_ros/rplidarNode
[52.100s] -- Up-to-date: /home/smartway/ros2_ws/install/rplidar_ros/lib/rplidar_ros/rplidarNodeClient
[52.102s] -- Up-to-date: /home/smartway/ros2_ws/install/rplidar_ros/lib/rplidar_ros/rplidar_composition
[52.104s] -- Installing: /home/smartway/ros2_ws/install/rplidar_ros/share/ament_index/resource_index/package_run_dependencies/rplidar_ros
[52.105s] -- Installing: /home/smartway/ros2_ws/install/rplidar_ros/share/ament_index/resource_index/parent_prefix_path/rplidar_ros
[52.106s] -- Installing: /home/smartway/ros2_ws/install/rplidar_ros/share/rplidar_ros/environment/ament_prefix_path.sh
[52.107s] -- Installing: /home/smartway/ros2_ws/install/rplidar_ros/share/rplidar_ros/environment/ament_prefix_path.dsv
[52.108s] -- Installing: /home/smartway/ros2_ws/install/rplidar_ros/share/rplidar_ros/environment/path.sh
[52.109s] -- Installing: /home/smartway/ros2_ws/install/rplidar_ros/share/rplidar_ros/environment/path.dsv
[52.110s] -- Installing: /home/smartway/ros2_ws/install/rplidar_ros/share/rplidar_ros/local_setup.bash
[52.111s] -- Installing: /home/smartway/ros2_ws/install/rplidar_ros/share/rplidar_ros/local_setup.sh
[52.112s] -- Installing: /home/smartway/ros2_ws/install/rplidar_ros/share/rplidar_ros/local_setup.zsh
[52.113s] -- Installing: /home/smartway/ros2_ws/install/rplidar_ros/share/rplidar_ros/local_setup.dsv
[52.114s] -- Installing: /home/smartway/ros2_ws/install/rplidar_ros/share/rplidar_ros/package.dsv
[52.115s] -- Installing: /home/smartway/ros2_ws/install/rplidar_ros/share/ament_index/resource_index/packages/rplidar_ros
[52.117s] -- Installing: /home/smartway/ros2_ws/install/rplidar_ros/share/rplidar_ros/cmake/ament_cmake_export_dependencies-extras.cmake
[52.118s] -- Installing: /home/smartway/ros2_ws/install/rplidar_ros/share/rplidar_ros/cmake/ament_cmake_export_include_directories-extras.cmake
[52.119s] -- Installing: /home/smartway/ros2_ws/install/rplidar_ros/share/rplidar_ros/cmake/rplidar_rosConfig.cmake
[52.120s] -- Installing: /home/smartway/ros2_ws/install/rplidar_ros/share/rplidar_ros/cmake/rplidar_rosConfig-version.cmake
[52.121s] -- Installing: /home/smartway/ros2_ws/install/rplidar_ros/share/rplidar_ros/package.xml
[52.132s] Invoked command in '/home/smartway/ros2_ws/build/rplidar_ros' returned '0': CMAKE_PREFIX_PATH=/opt/ros/foxy /usr/bin/cmake --install /home/smartway/ros2_ws/build/rplidar_ros
