[0.318s] Invoking command in '/home/smartway/ros2_ws/build/nav2_recoveries': AMENT_PREFIX_PATH=/home/smartway/ros2_ws/install/nav2_core:/home/smartway/ros2_ws/install/nav2_costmap_2d:/home/smartway/ros2_ws/install/nav2_behavior_tree:/home/smartway/ros2_ws/install/nav2_util:/home/smartway/ros2_ws/install/nav2_voxel_grid:/home/smartway/ros2_ws/install/nav2_msgs:/home/smartway/ros2_ws/install/nav2_common:${AMENT_PREFIX_PATH} CMAKE_PREFIX_PATH=/home/smartway/ros2_ws/install/nav2_core:/home/smartway/ros2_ws/install/nav2_costmap_2d:/home/smartway/ros2_ws/install/nav2_behavior_tree:/home/smartway/ros2_ws/install/nav2_util:/home/smartway/ros2_ws/install/nav2_voxel_grid:/home/smartway/ros2_ws/install/nav2_msgs:/home/smartway/ros2_ws/install/nav2_common:/build/rpi_robot_action_interfaces:/build/rpi_robot_bringup:/build/rpi_robot_slam:/build/rplidar_ros:/opt/ros/foxy LD_LIBRARY_PATH=/home/smartway/ros2_ws/install/nav2_costmap_2d/lib:/home/smartway/ros2_ws/install/nav2_behavior_tree/lib:/home/smartway/ros2_ws/install/nav2_util/lib:/home/smartway/ros2_ws/install/nav2_voxel_grid/lib:/home/smartway/ros2_ws/install/nav2_msgs/lib:/opt/ros/foxy/opt/yaml_cpp_vendor/lib:/opt/ros/foxy/opt/rviz_ogre_vendor/lib:/opt/ros/foxy/lib/aarch64-linux-gnu:/opt/ros/foxy/lib:/usr/lib/aarch64-linux-gnu/gazebo-11/plugins PYTHONPATH=/home/smartway/ros2_ws/install/nav2_msgs/lib/python3.8/site-packages:/home/smartway/ros2_ws/install/nav2_common/lib/python3.8/site-packages:${PYTHONPATH} /usr/bin/cmake /home/smartway/ros2_ws/src/navigation2/nav2_recoveries -DCMAKE_INSTALL_PREFIX=/home/smartway/ros2_ws/install/nav2_recoveries
[0.813s] -- The C compiler identification is GNU 9.4.0
[1.207s] -- The CXX compiler identification is GNU 9.4.0
[1.259s] -- Check for working C compiler: /usr/bin/cc
[1.912s] -- Check for working C compiler: /usr/bin/cc -- works
[1.920s] -- Detecting C compiler ABI info
[2.679s] -- Detecting C compiler ABI info - done
[2.768s] -- Detecting C compile features
[2.775s] -- Detecting C compile features - done
[2.798s] -- Check for working CXX compiler: /usr/bin/c++
[3.555s] -- Check for working CXX compiler: /usr/bin/c++ -- works
[3.563s] -- Detecting CXX compiler ABI info
[4.313s] -- Detecting CXX compiler ABI info - done
[4.381s] -- Detecting CXX compile features
[4.386s] -- Detecting CXX compile features - done
[4.441s] -- Found ament_cmake: 0.9.11 (/opt/ros/foxy/share/ament_cmake/cmake)
[4.770s] -- Found PythonInterp: /usr/bin/python3 (found suitable version "3.8.10", minimum required is "3") 
[4.772s] -- Using PYTHON_EXECUTABLE: /usr/bin/python3
[7.928s] -- Found nav2_common: 0.4.7 (/home/smartway/ros2_ws/install/nav2_common/share/nav2_common/cmake)
[7.958s] -- Found rclcpp: 2.4.2 (/opt/ros/foxy/share/rclcpp/cmake)
[8.536s] -- Using all available rosidl_typesupport_c: rosidl_typesupport_fastrtps_c;rosidl_typesupport_introspection_c
[8.644s] -- Found rosidl_adapter: 1.3.0 (/opt/ros/foxy/share/rosidl_adapter/cmake)
[9.658s] -- Found OpenSSL: /usr/lib/aarch64-linux-gnu/libcrypto.so (found version "1.1.1f")  
[10.089s] -- Found FastRTPS: /opt/ros/foxy/include  
[11.207s] -- Using all available rosidl_typesupport_cpp: rosidl_typesupport_fastrtps_cpp;rosidl_typesupport_introspection_cpp
[11.873s] -- Found rmw_implementation_cmake: 1.0.4 (/opt/ros/foxy/share/rmw_implementation_cmake/cmake)
[11.885s] -- Using RMW implementation 'rmw_fastrtps_cpp' as default
[11.890s] -- Looking for pthread.h
[12.925s] -- Looking for pthread.h - found
[12.927s] -- Performing Test CMAKE_HAVE_LIBC_PTHREAD
[13.521s] -- Performing Test CMAKE_HAVE_LIBC_PTHREAD - Failed
[13.527s] -- Looking for pthread_create in pthreads
[14.221s] -- Looking for pthread_create in pthreads - not found
[14.224s] -- Looking for pthread_create in pthread
[14.891s] -- Looking for pthread_create in pthread - found
[14.898s] -- Found Threads: TRUE  
[16.257s] -- Found rclcpp_action: 2.4.2 (/opt/ros/foxy/share/rclcpp_action/cmake)
[16.917s] -- Found rclcpp_lifecycle: 2.4.2 (/opt/ros/foxy/share/rclcpp_lifecycle/cmake)
[17.229s] -- Found nav2_behavior_tree: 0.4.7 (/home/smartway/ros2_ws/install/nav2_behavior_tree/share/nav2_behavior_tree/cmake)
[22.643s] -- Found eigen3_cmake_module: 0.1.1 (/opt/ros/foxy/share/eigen3_cmake_module/cmake)
[22.685s] -- Found Eigen3: TRUE (found version "3.3.7") 
[24.823s] -- Found nav2_costmap_2d: 0.4.7 (/home/smartway/ros2_ws/install/nav2_costmap_2d/share/nav2_costmap_2d/cmake)
[28.250s] -- Found nav2_core: 0.4.7 (/home/smartway/ros2_ws/install/nav2_core/share/nav2_core/cmake)
[30.651s] -- Setting build type to Release as none was specified.
[118.652s] -- Found ament_lint_auto: 0.9.8 (/opt/ros/foxy/share/ament_lint_auto/cmake)
[119.433s] -- Found gtest sources under '/opt/ros/foxy/src/gtest_vendor': C++ tests using 'Google Test' will be built
[119.446s] -- Check if compiler accepts -pthread
[119.978s] -- Check if compiler accepts -pthread - yes
[136.839s] -- Added test 'copyright' to check source files copyright and LICENSE
[136.857s] -- Added test 'cppcheck' to perform static code analysis on C / C++ code
[136.864s] -- Configured cppcheck include dirs: /home/smartway/ros2_ws/src/navigation2/nav2_recoveries/include
[136.866s] -- Configured cppcheck exclude dirs and/or files: 
[136.883s] -- Added test 'cpplint' to check C / C++ code against the Google style
[136.884s] -- Configured cpplint exclude dirs and/or files: 
[136.896s] -- Added test 'lint_cmake' to check CMake code style
[136.918s] -- Added test 'uncrustify' to check C / C++ code style
[136.920s] -- Configured uncrustify additional arguments: 
[136.927s] -- Added test 'xmllint' to check XML markup files
[136.995s] -- Configuring done
[138.928s] -- Generating done
[138.943s] -- Build files have been written to: /home/smartway/ros2_ws/build/nav2_recoveries
[139.047s] Invoked command in '/home/smartway/ros2_ws/build/nav2_recoveries' returned '0': AMENT_PREFIX_PATH=/home/smartway/ros2_ws/install/nav2_core:/home/smartway/ros2_ws/install/nav2_costmap_2d:/home/smartway/ros2_ws/install/nav2_behavior_tree:/home/smartway/ros2_ws/install/nav2_util:/home/smartway/ros2_ws/install/nav2_voxel_grid:/home/smartway/ros2_ws/install/nav2_msgs:/home/smartway/ros2_ws/install/nav2_common:${AMENT_PREFIX_PATH} CMAKE_PREFIX_PATH=/home/smartway/ros2_ws/install/nav2_core:/home/smartway/ros2_ws/install/nav2_costmap_2d:/home/smartway/ros2_ws/install/nav2_behavior_tree:/home/smartway/ros2_ws/install/nav2_util:/home/smartway/ros2_ws/install/nav2_voxel_grid:/home/smartway/ros2_ws/install/nav2_msgs:/home/smartway/ros2_ws/install/nav2_common:/build/rpi_robot_action_interfaces:/build/rpi_robot_bringup:/build/rpi_robot_slam:/build/rplidar_ros:/opt/ros/foxy LD_LIBRARY_PATH=/home/smartway/ros2_ws/install/nav2_costmap_2d/lib:/home/smartway/ros2_ws/install/nav2_behavior_tree/lib:/home/smartway/ros2_ws/install/nav2_util/lib:/home/smartway/ros2_ws/install/nav2_voxel_grid/lib:/home/smartway/ros2_ws/install/nav2_msgs/lib:/opt/ros/foxy/opt/yaml_cpp_vendor/lib:/opt/ros/foxy/opt/rviz_ogre_vendor/lib:/opt/ros/foxy/lib/aarch64-linux-gnu:/opt/ros/foxy/lib:/usr/lib/aarch64-linux-gnu/gazebo-11/plugins PYTHONPATH=/home/smartway/ros2_ws/install/nav2_msgs/lib/python3.8/site-packages:/home/smartway/ros2_ws/install/nav2_common/lib/python3.8/site-packages:${PYTHONPATH} /usr/bin/cmake /home/smartway/ros2_ws/src/navigation2/nav2_recoveries -DCMAKE_INSTALL_PREFIX=/home/smartway/ros2_ws/install/nav2_recoveries
[139.052s] Invoking command in '/home/smartway/ros2_ws/build/nav2_recoveries': AMENT_PREFIX_PATH=/home/smartway/ros2_ws/install/nav2_core:/home/smartway/ros2_ws/install/nav2_costmap_2d:/home/smartway/ros2_ws/install/nav2_behavior_tree:/home/smartway/ros2_ws/install/nav2_util:/home/smartway/ros2_ws/install/nav2_voxel_grid:/home/smartway/ros2_ws/install/nav2_msgs:/home/smartway/ros2_ws/install/nav2_common:${AMENT_PREFIX_PATH} CMAKE_PREFIX_PATH=/home/smartway/ros2_ws/install/nav2_core:/home/smartway/ros2_ws/install/nav2_costmap_2d:/home/smartway/ros2_ws/install/nav2_behavior_tree:/home/smartway/ros2_ws/install/nav2_util:/home/smartway/ros2_ws/install/nav2_voxel_grid:/home/smartway/ros2_ws/install/nav2_msgs:/home/smartway/ros2_ws/install/nav2_common:/build/rpi_robot_action_interfaces:/build/rpi_robot_bringup:/build/rpi_robot_slam:/build/rplidar_ros:/opt/ros/foxy LD_LIBRARY_PATH=/home/smartway/ros2_ws/install/nav2_costmap_2d/lib:/home/smartway/ros2_ws/install/nav2_behavior_tree/lib:/home/smartway/ros2_ws/install/nav2_util/lib:/home/smartway/ros2_ws/install/nav2_voxel_grid/lib:/home/smartway/ros2_ws/install/nav2_msgs/lib:/opt/ros/foxy/opt/yaml_cpp_vendor/lib:/opt/ros/foxy/opt/rviz_ogre_vendor/lib:/opt/ros/foxy/lib/aarch64-linux-gnu:/opt/ros/foxy/lib:/usr/lib/aarch64-linux-gnu/gazebo-11/plugins PYTHONPATH=/home/smartway/ros2_ws/install/nav2_msgs/lib/python3.8/site-packages:/home/smartway/ros2_ws/install/nav2_common/lib/python3.8/site-packages:${PYTHONPATH} /usr/bin/cmake --build /home/smartway/ros2_ws/build/nav2_recoveries -- -j4 -l4
[139.519s] [35m[1mScanning dependencies of target recoveries_server_core[0m
[140.377s] [  6%] [32mBuilding CXX object CMakeFiles/recoveries_server_core.dir/src/recovery_server.cpp.o[0m
[202.424s] [ 12%] [32m[1mLinking CXX static library librecoveries_server_core.a[0m
[202.744s] [ 12%] Built target recoveries_server_core
[202.842s] [35m[1mScanning dependencies of target nav2_spin_recovery[0m
[203.366s] [ 18%] [32mBuilding CXX object CMakeFiles/nav2_spin_recovery.dir/plugins/spin.cpp.o[0m
[264.577s] [ 25%] [32m[1mLinking CXX shared library libnav2_spin_recovery.so[0m
[266.899s] [ 25%] Built target nav2_spin_recovery
[266.995s] [35m[1mScanning dependencies of target gtest[0m
[267.139s] [ 31%] [32mBuilding CXX object gtest/CMakeFiles/gtest.dir/src/gtest-all.cc.o[0m
[318.183s] [ 37%] [32m[1mLinking CXX static library libgtest.a[0m
[318.502s] [ 37%] Built target gtest
[318.593s] [35m[1mScanning dependencies of target gtest_main[0m
[318.709s] [ 43%] [32mBuilding CXX object gtest/CMakeFiles/gtest_main.dir/src/gtest_main.cc.o[0m
[324.087s] [ 50%] [32m[1mLinking CXX static library libgtest_main.a[0m
[324.346s] [ 50%] Built target gtest_main
[324.457s] [35m[1mScanning dependencies of target recoveries_server[0m
[324.941s] [ 56%] [32mBuilding CXX object CMakeFiles/recoveries_server.dir/src/main.cpp.o[0m
[345.544s] [ 62%] [32m[1mLinking CXX executable recoveries_server[0m
[348.061s] [ 62%] Built target recoveries_server
[348.145s] [35m[1mScanning dependencies of target test_recoveries[0m
[348.641s] [ 68%] [32mBuilding CXX object test/CMakeFiles/test_recoveries.dir/test_recoveries.cpp.o[0m
[427.776s] [ 75%] [32m[1mLinking CXX executable test_recoveries[0m
[430.865s] [ 75%] Built target test_recoveries
[430.955s] [35m[1mScanning dependencies of target nav2_wait_recovery[0m
[431.568s] [ 81%] [32mBuilding CXX object CMakeFiles/nav2_wait_recovery.dir/plugins/wait.cpp.o[0m
[491.343s] [ 87%] [32m[1mLinking CXX shared library libnav2_wait_recovery.so[0m
[493.493s] [ 87%] Built target nav2_wait_recovery
[493.585s] [35m[1mScanning dependencies of target nav2_backup_recovery[0m
[494.159s] [ 93%] [32mBuilding CXX object CMakeFiles/nav2_backup_recovery.dir/plugins/back_up.cpp.o[0m
[550.431s] [100%] [32m[1mLinking CXX shared library libnav2_backup_recovery.so[0m
[552.655s] [100%] Built target nav2_backup_recovery
[552.736s] Invoked command in '/home/smartway/ros2_ws/build/nav2_recoveries' returned '0': AMENT_PREFIX_PATH=/home/smartway/ros2_ws/install/nav2_core:/home/smartway/ros2_ws/install/nav2_costmap_2d:/home/smartway/ros2_ws/install/nav2_behavior_tree:/home/smartway/ros2_ws/install/nav2_util:/home/smartway/ros2_ws/install/nav2_voxel_grid:/home/smartway/ros2_ws/install/nav2_msgs:/home/smartway/ros2_ws/install/nav2_common:${AMENT_PREFIX_PATH} CMAKE_PREFIX_PATH=/home/smartway/ros2_ws/install/nav2_core:/home/smartway/ros2_ws/install/nav2_costmap_2d:/home/smartway/ros2_ws/install/nav2_behavior_tree:/home/smartway/ros2_ws/install/nav2_util:/home/smartway/ros2_ws/install/nav2_voxel_grid:/home/smartway/ros2_ws/install/nav2_msgs:/home/smartway/ros2_ws/install/nav2_common:/build/rpi_robot_action_interfaces:/build/rpi_robot_bringup:/build/rpi_robot_slam:/build/rplidar_ros:/opt/ros/foxy LD_LIBRARY_PATH=/home/smartway/ros2_ws/install/nav2_costmap_2d/lib:/home/smartway/ros2_ws/install/nav2_behavior_tree/lib:/home/smartway/ros2_ws/install/nav2_util/lib:/home/smartway/ros2_ws/install/nav2_voxel_grid/lib:/home/smartway/ros2_ws/install/nav2_msgs/lib:/opt/ros/foxy/opt/yaml_cpp_vendor/lib:/opt/ros/foxy/opt/rviz_ogre_vendor/lib:/opt/ros/foxy/lib/aarch64-linux-gnu:/opt/ros/foxy/lib:/usr/lib/aarch64-linux-gnu/gazebo-11/plugins PYTHONPATH=/home/smartway/ros2_ws/install/nav2_msgs/lib/python3.8/site-packages:/home/smartway/ros2_ws/install/nav2_common/lib/python3.8/site-packages:${PYTHONPATH} /usr/bin/cmake --build /home/smartway/ros2_ws/build/nav2_recoveries -- -j4 -l4
[553.057s] Invoking command in '/home/smartway/ros2_ws/build/nav2_recoveries': AMENT_PREFIX_PATH=/home/smartway/ros2_ws/install/nav2_core:/home/smartway/ros2_ws/install/nav2_costmap_2d:/home/smartway/ros2_ws/install/nav2_behavior_tree:/home/smartway/ros2_ws/install/nav2_util:/home/smartway/ros2_ws/install/nav2_voxel_grid:/home/smartway/ros2_ws/install/nav2_msgs:/home/smartway/ros2_ws/install/nav2_common:${AMENT_PREFIX_PATH} CMAKE_PREFIX_PATH=/home/smartway/ros2_ws/install/nav2_core:/home/smartway/ros2_ws/install/nav2_costmap_2d:/home/smartway/ros2_ws/install/nav2_behavior_tree:/home/smartway/ros2_ws/install/nav2_util:/home/smartway/ros2_ws/install/nav2_voxel_grid:/home/smartway/ros2_ws/install/nav2_msgs:/home/smartway/ros2_ws/install/nav2_common:/build/rpi_robot_action_interfaces:/build/rpi_robot_bringup:/build/rpi_robot_slam:/build/rplidar_ros:/opt/ros/foxy LD_LIBRARY_PATH=/home/smartway/ros2_ws/install/nav2_costmap_2d/lib:/home/smartway/ros2_ws/install/nav2_behavior_tree/lib:/home/smartway/ros2_ws/install/nav2_util/lib:/home/smartway/ros2_ws/install/nav2_voxel_grid/lib:/home/smartway/ros2_ws/install/nav2_msgs/lib:/opt/ros/foxy/opt/yaml_cpp_vendor/lib:/opt/ros/foxy/opt/rviz_ogre_vendor/lib:/opt/ros/foxy/lib/aarch64-linux-gnu:/opt/ros/foxy/lib:/usr/lib/aarch64-linux-gnu/gazebo-11/plugins PYTHONPATH=/home/smartway/ros2_ws/install/nav2_msgs/lib/python3.8/site-packages:/home/smartway/ros2_ws/install/nav2_common/lib/python3.8/site-packages:${PYTHONPATH} /usr/bin/cmake --install /home/smartway/ros2_ws/build/nav2_recoveries
[553.158s] -- Install configuration: "Release"
[553.162s] -- Installing: /home/smartway/ros2_ws/install/nav2_recoveries/share/nav2_recoveries/recovery_plugin.xml
[553.165s] -- Installing: /home/smartway/ros2_ws/install/nav2_recoveries/lib/librecoveries_server_core.a
[553.173s] -- Installing: /home/smartway/ros2_ws/install/nav2_recoveries/lib/libnav2_backup_recovery.so
[553.181s] -- Set runtime path of "/home/smartway/ros2_ws/install/nav2_recoveries/lib/libnav2_backup_recovery.so" to ""
[553.184s] -- Installing: /home/smartway/ros2_ws/install/nav2_recoveries/lib/libnav2_spin_recovery.so
[553.194s] -- Set runtime path of "/home/smartway/ros2_ws/install/nav2_recoveries/lib/libnav2_spin_recovery.so" to ""
[553.197s] -- Installing: /home/smartway/ros2_ws/install/nav2_recoveries/lib/libnav2_wait_recovery.so
[553.205s] -- Set runtime path of "/home/smartway/ros2_ws/install/nav2_recoveries/lib/libnav2_wait_recovery.so" to ""
[553.209s] -- Installing: /home/smartway/ros2_ws/install/nav2_recoveries/lib/nav2_recoveries/recoveries_server
[553.217s] -- Set runtime path of "/home/smartway/ros2_ws/install/nav2_recoveries/lib/nav2_recoveries/recoveries_server" to ""
[553.219s] -- Installing: /home/smartway/ros2_ws/install/nav2_recoveries/include/
[553.221s] -- Installing: /home/smartway/ros2_ws/install/nav2_recoveries/include//nav2_recoveries
[553.223s] -- Installing: /home/smartway/ros2_ws/install/nav2_recoveries/include//nav2_recoveries/recovery_server.hpp
[553.226s] -- Installing: /home/smartway/ros2_ws/install/nav2_recoveries/include//nav2_recoveries/recovery.hpp
[553.229s] -- Up-to-date: /home/smartway/ros2_ws/install/nav2_recoveries/share/nav2_recoveries/recovery_plugin.xml
[553.232s] -- Installing: /home/smartway/ros2_ws/install/nav2_recoveries/share/nav2_recoveries/environment/library_path.sh
[553.239s] -- Installing: /home/smartway/ros2_ws/install/nav2_recoveries/share/nav2_recoveries/environment/library_path.dsv
[553.244s] -- Installing: /home/smartway/ros2_ws/install/nav2_recoveries/share/ament_index/resource_index/package_run_dependencies/nav2_recoveries
[553.248s] -- Installing: /home/smartway/ros2_ws/install/nav2_recoveries/share/ament_index/resource_index/parent_prefix_path/nav2_recoveries
[553.252s] -- Installing: /home/smartway/ros2_ws/install/nav2_recoveries/share/nav2_recoveries/environment/ament_prefix_path.sh
[553.255s] -- Installing: /home/smartway/ros2_ws/install/nav2_recoveries/share/nav2_recoveries/environment/ament_prefix_path.dsv
[553.258s] -- Installing: /home/smartway/ros2_ws/install/nav2_recoveries/share/nav2_recoveries/environment/path.sh
[553.261s] -- Installing: /home/smartway/ros2_ws/install/nav2_recoveries/share/nav2_recoveries/environment/path.dsv
[553.265s] -- Installing: /home/smartway/ros2_ws/install/nav2_recoveries/share/nav2_recoveries/local_setup.bash
[553.269s] -- Installing: /home/smartway/ros2_ws/install/nav2_recoveries/share/nav2_recoveries/local_setup.sh
[553.273s] -- Installing: /home/smartway/ros2_ws/install/nav2_recoveries/share/nav2_recoveries/local_setup.zsh
[553.276s] -- Installing: /home/smartway/ros2_ws/install/nav2_recoveries/share/nav2_recoveries/local_setup.dsv
[553.280s] -- Installing: /home/smartway/ros2_ws/install/nav2_recoveries/share/nav2_recoveries/package.dsv
[553.284s] -- Installing: /home/smartway/ros2_ws/install/nav2_recoveries/share/ament_index/resource_index/packages/nav2_recoveries
[553.287s] -- Installing: /home/smartway/ros2_ws/install/nav2_recoveries/share/ament_index/resource_index/nav2_core__pluginlib__plugin/nav2_recoveries
[553.290s] -- Installing: /home/smartway/ros2_ws/install/nav2_recoveries/share/nav2_recoveries/cmake/ament_cmake_export_include_directories-extras.cmake
[553.294s] -- Installing: /home/smartway/ros2_ws/install/nav2_recoveries/share/nav2_recoveries/cmake/ament_cmake_export_libraries-extras.cmake
[553.298s] -- Installing: /home/smartway/ros2_ws/install/nav2_recoveries/share/nav2_recoveries/cmake/ament_cmake_export_definitions-extras.cmake
[553.302s] -- Installing: /home/smartway/ros2_ws/install/nav2_recoveries/share/nav2_recoveries/cmake/nav2_recoveriesConfig.cmake
[553.305s] -- Installing: /home/smartway/ros2_ws/install/nav2_recoveries/share/nav2_recoveries/cmake/nav2_recoveriesConfig-version.cmake
[553.308s] -- Installing: /home/smartway/ros2_ws/install/nav2_recoveries/share/nav2_recoveries/package.xml
[553.340s] Invoked command in '/home/smartway/ros2_ws/build/nav2_recoveries' returned '0': AMENT_PREFIX_PATH=/home/smartway/ros2_ws/install/nav2_core:/home/smartway/ros2_ws/install/nav2_costmap_2d:/home/smartway/ros2_ws/install/nav2_behavior_tree:/home/smartway/ros2_ws/install/nav2_util:/home/smartway/ros2_ws/install/nav2_voxel_grid:/home/smartway/ros2_ws/install/nav2_msgs:/home/smartway/ros2_ws/install/nav2_common:${AMENT_PREFIX_PATH} CMAKE_PREFIX_PATH=/home/smartway/ros2_ws/install/nav2_core:/home/smartway/ros2_ws/install/nav2_costmap_2d:/home/smartway/ros2_ws/install/nav2_behavior_tree:/home/smartway/ros2_ws/install/nav2_util:/home/smartway/ros2_ws/install/nav2_voxel_grid:/home/smartway/ros2_ws/install/nav2_msgs:/home/smartway/ros2_ws/install/nav2_common:/build/rpi_robot_action_interfaces:/build/rpi_robot_bringup:/build/rpi_robot_slam:/build/rplidar_ros:/opt/ros/foxy LD_LIBRARY_PATH=/home/smartway/ros2_ws/install/nav2_costmap_2d/lib:/home/smartway/ros2_ws/install/nav2_behavior_tree/lib:/home/smartway/ros2_ws/install/nav2_util/lib:/home/smartway/ros2_ws/install/nav2_voxel_grid/lib:/home/smartway/ros2_ws/install/nav2_msgs/lib:/opt/ros/foxy/opt/yaml_cpp_vendor/lib:/opt/ros/foxy/opt/rviz_ogre_vendor/lib:/opt/ros/foxy/lib/aarch64-linux-gnu:/opt/ros/foxy/lib:/usr/lib/aarch64-linux-gnu/gazebo-11/plugins PYTHONPATH=/home/smartway/ros2_ws/install/nav2_msgs/lib/python3.8/site-packages:/home/smartway/ros2_ws/install/nav2_common/lib/python3.8/site-packages:${PYTHONPATH} /usr/bin/cmake --install /home/smartway/ros2_ws/build/nav2_recoveries
