[0.121s] Invoking command in '/home/smartway/ros2_ws/build/nav2_core': AMENT_PREFIX_PATH=/home/smartway/ros2_ws/install/nav2_costmap_2d:/home/smartway/ros2_ws/install/nav2_util:/home/smartway/ros2_ws/install/nav2_voxel_grid:/home/smartway/ros2_ws/install/nav2_msgs:/home/smartway/ros2_ws/install/nav2_common:${AMENT_PREFIX_PATH} CMAKE_PREFIX_PATH=/home/smartway/ros2_ws/install/nav2_costmap_2d:/home/smartway/ros2_ws/install/nav2_util:/home/smartway/ros2_ws/install/nav2_voxel_grid:/home/smartway/ros2_ws/install/nav2_msgs:/home/smartway/ros2_ws/install/nav2_common:/build/rpi_robot_action_interfaces:/build/rpi_robot_bringup:/build/rpi_robot_slam:/build/rplidar_ros:/opt/ros/foxy LD_LIBRARY_PATH=/home/smartway/ros2_ws/install/nav2_costmap_2d/lib:/home/smartway/ros2_ws/install/nav2_util/lib:/home/smartway/ros2_ws/install/nav2_voxel_grid/lib:/home/smartway/ros2_ws/install/nav2_msgs/lib:/opt/ros/foxy/opt/yaml_cpp_vendor/lib:/opt/ros/foxy/opt/rviz_ogre_vendor/lib:/opt/ros/foxy/lib/aarch64-linux-gnu:/opt/ros/foxy/lib:/usr/lib/aarch64-linux-gnu/gazebo-11/plugins PYTHONPATH=/home/smartway/ros2_ws/install/nav2_msgs/lib/python3.8/site-packages:/home/smartway/ros2_ws/install/nav2_common/lib/python3.8/site-packages:${PYTHONPATH} /usr/bin/cmake /home/smartway/ros2_ws/src/navigation2/nav2_core -DCMAKE_INSTALL_PREFIX=/home/smartway/ros2_ws/install/nav2_core
[0.426s] -- The C compiler identification is GNU 9.4.0
[0.747s] -- The CXX compiler identification is GNU 9.4.0
[0.768s] -- Check for working C compiler: /usr/bin/cc
[1.121s] -- Check for working C compiler: /usr/bin/cc -- works
[1.125s] -- Detecting C compiler ABI info
[1.481s] -- Detecting C compiler ABI info - done
[1.523s] -- Detecting C compile features
[1.524s] -- Detecting C compile features - done
[1.533s] -- Check for working CXX compiler: /usr/bin/c++
[1.926s] -- Check for working CXX compiler: /usr/bin/c++ -- works
[1.930s] -- Detecting CXX compiler ABI info
[2.344s] -- Detecting CXX compiler ABI info - done
[2.385s] -- Detecting CXX compile features
[2.386s] -- Detecting CXX compile features - done
[2.416s] -- Found ament_cmake: 0.9.11 (/opt/ros/foxy/share/ament_cmake/cmake)
[2.571s] -- Found PythonInterp: /usr/bin/python3 (found suitable version "3.8.10", minimum required is "3") 
[2.572s] -- Using PYTHON_EXECUTABLE: /usr/bin/python3
[3.800s] -- Found nav2_common: 0.4.7 (/home/smartway/ros2_ws/install/nav2_common/share/nav2_common/cmake)
[3.822s] -- Found rclcpp: 2.4.2 (/opt/ros/foxy/share/rclcpp/cmake)
[4.205s] -- Using all available rosidl_typesupport_c: rosidl_typesupport_fastrtps_c;rosidl_typesupport_introspection_c
[4.280s] -- Found rosidl_adapter: 1.3.0 (/opt/ros/foxy/share/rosidl_adapter/cmake)
[4.965s] -- Found OpenSSL: /usr/lib/aarch64-linux-gnu/libcrypto.so (found version "1.1.1f")  
[5.243s] -- Found FastRTPS: /opt/ros/foxy/include  
[5.907s] -- Using all available rosidl_typesupport_cpp: rosidl_typesupport_fastrtps_cpp;rosidl_typesupport_introspection_cpp
[6.229s] -- Found rmw_implementation_cmake: 1.0.4 (/opt/ros/foxy/share/rmw_implementation_cmake/cmake)
[6.235s] -- Using RMW implementation 'rmw_fastrtps_cpp' as default
[6.239s] -- Looking for pthread.h
[6.625s] -- Looking for pthread.h - found
[6.628s] -- Performing Test CMAKE_HAVE_LIBC_PTHREAD
[7.122s] -- Performing Test CMAKE_HAVE_LIBC_PTHREAD - Failed
[7.124s] -- Looking for pthread_create in pthreads
[7.519s] -- Looking for pthread_create in pthreads - not found
[7.520s] -- Looking for pthread_create in pthread
[7.861s] -- Looking for pthread_create in pthread - found
[7.865s] -- Found Threads: TRUE  
[8.598s] -- Found rclcpp_lifecycle: 2.4.2 (/opt/ros/foxy/share/rclcpp_lifecycle/cmake)
[8.797s] -- Found geometry_msgs: 2.0.5 (/opt/ros/foxy/share/geometry_msgs/cmake)
[8.955s] -- Found nav2_costmap_2d: 0.4.7 (/home/smartway/ros2_ws/install/nav2_costmap_2d/share/nav2_costmap_2d/cmake)
[13.178s] -- Found Eigen3: TRUE (found version "3.3.7") 
[15.257s] -- Setting build type to Release as none was specified.
[15.278s] -- Found ament_lint_auto: 0.9.8 (/opt/ros/foxy/share/ament_lint_auto/cmake)
[16.212s] -- Added test 'cppcheck' to perform static code analysis on C / C++ code
[16.213s] -- Configured cppcheck include dirs: 
[16.213s] -- Configured cppcheck exclude dirs and/or files: 
[16.220s] -- Added test 'cpplint' to check C / C++ code against the Google style
[16.221s] -- Configured cpplint exclude dirs and/or files: 
[16.225s] -- Added test 'lint_cmake' to check CMake code style
[16.234s] -- Added test 'uncrustify' to check C / C++ code style
[16.234s] -- Configured uncrustify additional arguments: 
[16.238s] -- Added test 'xmllint' to check XML markup files
[16.286s] -- Configuring done
[16.299s] -- Generating done
[16.307s] -- Build files have been written to: /home/smartway/ros2_ws/build/nav2_core
[16.361s] Invoked command in '/home/smartway/ros2_ws/build/nav2_core' returned '0': AMENT_PREFIX_PATH=/home/smartway/ros2_ws/install/nav2_costmap_2d:/home/smartway/ros2_ws/install/nav2_util:/home/smartway/ros2_ws/install/nav2_voxel_grid:/home/smartway/ros2_ws/install/nav2_msgs:/home/smartway/ros2_ws/install/nav2_common:${AMENT_PREFIX_PATH} CMAKE_PREFIX_PATH=/home/smartway/ros2_ws/install/nav2_costmap_2d:/home/smartway/ros2_ws/install/nav2_util:/home/smartway/ros2_ws/install/nav2_voxel_grid:/home/smartway/ros2_ws/install/nav2_msgs:/home/smartway/ros2_ws/install/nav2_common:/build/rpi_robot_action_interfaces:/build/rpi_robot_bringup:/build/rpi_robot_slam:/build/rplidar_ros:/opt/ros/foxy LD_LIBRARY_PATH=/home/smartway/ros2_ws/install/nav2_costmap_2d/lib:/home/smartway/ros2_ws/install/nav2_util/lib:/home/smartway/ros2_ws/install/nav2_voxel_grid/lib:/home/smartway/ros2_ws/install/nav2_msgs/lib:/opt/ros/foxy/opt/yaml_cpp_vendor/lib:/opt/ros/foxy/opt/rviz_ogre_vendor/lib:/opt/ros/foxy/lib/aarch64-linux-gnu:/opt/ros/foxy/lib:/usr/lib/aarch64-linux-gnu/gazebo-11/plugins PYTHONPATH=/home/smartway/ros2_ws/install/nav2_msgs/lib/python3.8/site-packages:/home/smartway/ros2_ws/install/nav2_common/lib/python3.8/site-packages:${PYTHONPATH} /usr/bin/cmake /home/smartway/ros2_ws/src/navigation2/nav2_core -DCMAKE_INSTALL_PREFIX=/home/smartway/ros2_ws/install/nav2_core
[16.372s] Invoking command in '/home/smartway/ros2_ws/build/nav2_core': AMENT_PREFIX_PATH=/home/smartway/ros2_ws/install/nav2_costmap_2d:/home/smartway/ros2_ws/install/nav2_util:/home/smartway/ros2_ws/install/nav2_voxel_grid:/home/smartway/ros2_ws/install/nav2_msgs:/home/smartway/ros2_ws/install/nav2_common:${AMENT_PREFIX_PATH} CMAKE_PREFIX_PATH=/home/smartway/ros2_ws/install/nav2_costmap_2d:/home/smartway/ros2_ws/install/nav2_util:/home/smartway/ros2_ws/install/nav2_voxel_grid:/home/smartway/ros2_ws/install/nav2_msgs:/home/smartway/ros2_ws/install/nav2_common:/build/rpi_robot_action_interfaces:/build/rpi_robot_bringup:/build/rpi_robot_slam:/build/rplidar_ros:/opt/ros/foxy LD_LIBRARY_PATH=/home/smartway/ros2_ws/install/nav2_costmap_2d/lib:/home/smartway/ros2_ws/install/nav2_util/lib:/home/smartway/ros2_ws/install/nav2_voxel_grid/lib:/home/smartway/ros2_ws/install/nav2_msgs/lib:/opt/ros/foxy/opt/yaml_cpp_vendor/lib:/opt/ros/foxy/opt/rviz_ogre_vendor/lib:/opt/ros/foxy/lib/aarch64-linux-gnu:/opt/ros/foxy/lib:/usr/lib/aarch64-linux-gnu/gazebo-11/plugins PYTHONPATH=/home/smartway/ros2_ws/install/nav2_msgs/lib/python3.8/site-packages:/home/smartway/ros2_ws/install/nav2_common/lib/python3.8/site-packages:${PYTHONPATH} /usr/bin/cmake --build /home/smartway/ros2_ws/build/nav2_core -- -j4 -l4
[16.590s] Invoked command in '/home/smartway/ros2_ws/build/nav2_core' returned '0': AMENT_PREFIX_PATH=/home/smartway/ros2_ws/install/nav2_costmap_2d:/home/smartway/ros2_ws/install/nav2_util:/home/smartway/ros2_ws/install/nav2_voxel_grid:/home/smartway/ros2_ws/install/nav2_msgs:/home/smartway/ros2_ws/install/nav2_common:${AMENT_PREFIX_PATH} CMAKE_PREFIX_PATH=/home/smartway/ros2_ws/install/nav2_costmap_2d:/home/smartway/ros2_ws/install/nav2_util:/home/smartway/ros2_ws/install/nav2_voxel_grid:/home/smartway/ros2_ws/install/nav2_msgs:/home/smartway/ros2_ws/install/nav2_common:/build/rpi_robot_action_interfaces:/build/rpi_robot_bringup:/build/rpi_robot_slam:/build/rplidar_ros:/opt/ros/foxy LD_LIBRARY_PATH=/home/smartway/ros2_ws/install/nav2_costmap_2d/lib:/home/smartway/ros2_ws/install/nav2_util/lib:/home/smartway/ros2_ws/install/nav2_voxel_grid/lib:/home/smartway/ros2_ws/install/nav2_msgs/lib:/opt/ros/foxy/opt/yaml_cpp_vendor/lib:/opt/ros/foxy/opt/rviz_ogre_vendor/lib:/opt/ros/foxy/lib/aarch64-linux-gnu:/opt/ros/foxy/lib:/usr/lib/aarch64-linux-gnu/gazebo-11/plugins PYTHONPATH=/home/smartway/ros2_ws/install/nav2_msgs/lib/python3.8/site-packages:/home/smartway/ros2_ws/install/nav2_common/lib/python3.8/site-packages:${PYTHONPATH} /usr/bin/cmake --build /home/smartway/ros2_ws/build/nav2_core -- -j4 -l4
[16.703s] Invoking command in '/home/smartway/ros2_ws/build/nav2_core': AMENT_PREFIX_PATH=/home/smartway/ros2_ws/install/nav2_costmap_2d:/home/smartway/ros2_ws/install/nav2_util:/home/smartway/ros2_ws/install/nav2_voxel_grid:/home/smartway/ros2_ws/install/nav2_msgs:/home/smartway/ros2_ws/install/nav2_common:${AMENT_PREFIX_PATH} CMAKE_PREFIX_PATH=/home/smartway/ros2_ws/install/nav2_costmap_2d:/home/smartway/ros2_ws/install/nav2_util:/home/smartway/ros2_ws/install/nav2_voxel_grid:/home/smartway/ros2_ws/install/nav2_msgs:/home/smartway/ros2_ws/install/nav2_common:/build/rpi_robot_action_interfaces:/build/rpi_robot_bringup:/build/rpi_robot_slam:/build/rplidar_ros:/opt/ros/foxy LD_LIBRARY_PATH=/home/smartway/ros2_ws/install/nav2_costmap_2d/lib:/home/smartway/ros2_ws/install/nav2_util/lib:/home/smartway/ros2_ws/install/nav2_voxel_grid/lib:/home/smartway/ros2_ws/install/nav2_msgs/lib:/opt/ros/foxy/opt/yaml_cpp_vendor/lib:/opt/ros/foxy/opt/rviz_ogre_vendor/lib:/opt/ros/foxy/lib/aarch64-linux-gnu:/opt/ros/foxy/lib:/usr/lib/aarch64-linux-gnu/gazebo-11/plugins PYTHONPATH=/home/smartway/ros2_ws/install/nav2_msgs/lib/python3.8/site-packages:/home/smartway/ros2_ws/install/nav2_common/lib/python3.8/site-packages:${PYTHONPATH} /usr/bin/cmake --install /home/smartway/ros2_ws/build/nav2_core
[16.742s] -- Install configuration: "Release"
[16.743s] -- Installing: /home/smartway/ros2_ws/install/nav2_core/include/
[16.743s] -- Installing: /home/smartway/ros2_ws/install/nav2_core/include//nav2_core
[16.744s] -- Installing: /home/smartway/ros2_ws/install/nav2_core/include//nav2_core/progress_checker.hpp
[16.745s] -- Installing: /home/smartway/ros2_ws/install/nav2_core/include//nav2_core/exceptions.hpp
[16.754s] -- Installing: /home/smartway/ros2_ws/install/nav2_core/include//nav2_core/global_planner.hpp
[16.755s] -- Installing: /home/smartway/ros2_ws/install/nav2_core/include//nav2_core/controller.hpp
[16.756s] -- Installing: /home/smartway/ros2_ws/install/nav2_core/include//nav2_core/recovery.hpp
[16.756s] -- Installing: /home/smartway/ros2_ws/install/nav2_core/include//nav2_core/goal_checker.hpp
[16.757s] -- Installing: /home/smartway/ros2_ws/install/nav2_core/share/ament_index/resource_index/package_run_dependencies/nav2_core
[16.758s] -- Installing: /home/smartway/ros2_ws/install/nav2_core/share/ament_index/resource_index/parent_prefix_path/nav2_core
[16.758s] -- Installing: /home/smartway/ros2_ws/install/nav2_core/share/nav2_core/environment/ament_prefix_path.sh
[16.759s] -- Installing: /home/smartway/ros2_ws/install/nav2_core/share/nav2_core/environment/ament_prefix_path.dsv
[16.759s] -- Installing: /home/smartway/ros2_ws/install/nav2_core/share/nav2_core/environment/path.sh
[16.760s] -- Installing: /home/smartway/ros2_ws/install/nav2_core/share/nav2_core/environment/path.dsv
[16.760s] -- Installing: /home/smartway/ros2_ws/install/nav2_core/share/nav2_core/local_setup.bash
[16.761s] -- Installing: /home/smartway/ros2_ws/install/nav2_core/share/nav2_core/local_setup.sh
[16.762s] -- Installing: /home/smartway/ros2_ws/install/nav2_core/share/nav2_core/local_setup.zsh
[16.763s] -- Installing: /home/smartway/ros2_ws/install/nav2_core/share/nav2_core/local_setup.dsv
[16.764s] -- Installing: /home/smartway/ros2_ws/install/nav2_core/share/nav2_core/package.dsv
[16.765s] -- Installing: /home/smartway/ros2_ws/install/nav2_core/share/ament_index/resource_index/packages/nav2_core
[16.767s] -- Installing: /home/smartway/ros2_ws/install/nav2_core/share/nav2_core/cmake/ament_cmake_export_include_directories-extras.cmake
[16.768s] -- Installing: /home/smartway/ros2_ws/install/nav2_core/share/nav2_core/cmake/ament_cmake_export_dependencies-extras.cmake
[16.769s] -- Installing: /home/smartway/ros2_ws/install/nav2_core/share/nav2_core/cmake/nav2_coreConfig.cmake
[16.770s] -- Installing: /home/smartway/ros2_ws/install/nav2_core/share/nav2_core/cmake/nav2_coreConfig-version.cmake
[16.772s] -- Installing: /home/smartway/ros2_ws/install/nav2_core/share/nav2_core/package.xml
[16.789s] Invoked command in '/home/smartway/ros2_ws/build/nav2_core' returned '0': AMENT_PREFIX_PATH=/home/smartway/ros2_ws/install/nav2_costmap_2d:/home/smartway/ros2_ws/install/nav2_util:/home/smartway/ros2_ws/install/nav2_voxel_grid:/home/smartway/ros2_ws/install/nav2_msgs:/home/smartway/ros2_ws/install/nav2_common:${AMENT_PREFIX_PATH} CMAKE_PREFIX_PATH=/home/smartway/ros2_ws/install/nav2_costmap_2d:/home/smartway/ros2_ws/install/nav2_util:/home/smartway/ros2_ws/install/nav2_voxel_grid:/home/smartway/ros2_ws/install/nav2_msgs:/home/smartway/ros2_ws/install/nav2_common:/build/rpi_robot_action_interfaces:/build/rpi_robot_bringup:/build/rpi_robot_slam:/build/rplidar_ros:/opt/ros/foxy LD_LIBRARY_PATH=/home/smartway/ros2_ws/install/nav2_costmap_2d/lib:/home/smartway/ros2_ws/install/nav2_util/lib:/home/smartway/ros2_ws/install/nav2_voxel_grid/lib:/home/smartway/ros2_ws/install/nav2_msgs/lib:/opt/ros/foxy/opt/yaml_cpp_vendor/lib:/opt/ros/foxy/opt/rviz_ogre_vendor/lib:/opt/ros/foxy/lib/aarch64-linux-gnu:/opt/ros/foxy/lib:/usr/lib/aarch64-linux-gnu/gazebo-11/plugins PYTHONPATH=/home/smartway/ros2_ws/install/nav2_msgs/lib/python3.8/site-packages:/home/smartway/ros2_ws/install/nav2_common/lib/python3.8/site-packages:${PYTHONPATH} /usr/bin/cmake --install /home/smartway/ros2_ws/build/nav2_core
