[0.181s] Invoking command in '/home/smartway/ros2_ws/build/nav2_map_server': AMENT_PREFIX_PATH=/home/smartway/ros2_ws/install/nav2_util:/home/smartway/ros2_ws/install/nav2_msgs:/home/smartway/ros2_ws/install/nav2_common:${AMENT_PREFIX_PATH} CMAKE_PREFIX_PATH=/home/smartway/ros2_ws/install/nav2_util:/home/smartway/ros2_ws/install/nav2_msgs:/home/smartway/ros2_ws/install/nav2_common:/build/rpi_robot_action_interfaces:/build/rpi_robot_bringup:/build/rpi_robot_slam:/build/rplidar_ros:/opt/ros/foxy LD_LIBRARY_PATH=/home/smartway/ros2_ws/install/nav2_util/lib:/home/smartway/ros2_ws/install/nav2_msgs/lib:/opt/ros/foxy/opt/yaml_cpp_vendor/lib:/opt/ros/foxy/opt/rviz_ogre_vendor/lib:/opt/ros/foxy/lib/aarch64-linux-gnu:/opt/ros/foxy/lib:/usr/lib/aarch64-linux-gnu/gazebo-11/plugins PYTHONPATH=/home/smartway/ros2_ws/install/nav2_msgs/lib/python3.8/site-packages:/home/smartway/ros2_ws/install/nav2_common/lib/python3.8/site-packages:${PYTHONPATH} /usr/bin/cmake /home/smartway/ros2_ws/src/navigation2/nav2_map_server -DCMAKE_INSTALL_PREFIX=/home/smartway/ros2_ws/install/nav2_map_server
[0.586s] -- The C compiler identification is GNU 9.4.0
[0.943s] -- The CXX compiler identification is GNU 9.4.0
[0.969s] -- Check for working C compiler: /usr/bin/cc
[1.446s] -- Check for working C compiler: /usr/bin/cc -- works
[1.450s] -- Detecting C compiler ABI info
[1.936s] -- Detecting C compiler ABI info - done
[1.994s] -- Detecting C compile features
[1.998s] -- Detecting C compile features - done
[2.015s] -- Check for working CXX compiler: /usr/bin/c++
[2.571s] -- Check for working CXX compiler: /usr/bin/c++ -- works
[2.576s] -- Detecting CXX compiler ABI info
[3.104s] -- Detecting CXX compiler ABI info - done
[3.154s] -- Detecting CXX compile features
[3.157s] -- Detecting CXX compile features - done
[3.188s] -- Found ament_cmake: 0.9.11 (/opt/ros/foxy/share/ament_cmake/cmake)
[3.415s] -- Found PythonInterp: /usr/bin/python3 (found suitable version "3.8.10", minimum required is "3") 
[3.417s] -- Using PYTHON_EXECUTABLE: /usr/bin/python3
[5.128s] -- Found nav2_common: 0.4.7 (/home/smartway/ros2_ws/install/nav2_common/share/nav2_common/cmake)
[5.149s] -- Found rclcpp: 2.4.2 (/opt/ros/foxy/share/rclcpp/cmake)
[5.529s] -- Using all available rosidl_typesupport_c: rosidl_typesupport_fastrtps_c;rosidl_typesupport_introspection_c
[5.602s] -- Found rosidl_adapter: 1.3.0 (/opt/ros/foxy/share/rosidl_adapter/cmake)
[6.307s] -- Found OpenSSL: /usr/lib/aarch64-linux-gnu/libcrypto.so (found version "1.1.1f")  
[6.591s] -- Found FastRTPS: /opt/ros/foxy/include  
[7.328s] -- Using all available rosidl_typesupport_cpp: rosidl_typesupport_fastrtps_cpp;rosidl_typesupport_introspection_cpp
[7.696s] -- Found rmw_implementation_cmake: 1.0.4 (/opt/ros/foxy/share/rmw_implementation_cmake/cmake)
[7.721s] -- Using RMW implementation 'rmw_fastrtps_cpp' as default
[7.726s] -- Looking for pthread.h
[8.171s] -- Looking for pthread.h - found
[8.174s] -- Performing Test CMAKE_HAVE_LIBC_PTHREAD
[8.633s] -- Performing Test CMAKE_HAVE_LIBC_PTHREAD - Failed
[8.636s] -- Looking for pthread_create in pthreads
[8.993s] -- Looking for pthread_create in pthreads - not found
[8.996s] -- Looking for pthread_create in pthread
[9.415s] -- Looking for pthread_create in pthread - found
[9.421s] -- Found Threads: TRUE  
[10.256s] -- Found rclcpp_lifecycle: 2.4.2 (/opt/ros/foxy/share/rclcpp_lifecycle/cmake)
[10.446s] -- Found nav_msgs: 2.0.5 (/opt/ros/foxy/share/nav_msgs/cmake)
[10.956s] -- Found nav2_msgs: 0.4.7 (/home/smartway/ros2_ws/install/nav2_msgs/share/nav2_msgs/cmake)
[12.118s] -- Found yaml_cpp_vendor: 7.0.3 (/opt/ros/foxy/share/yaml_cpp_vendor/cmake)
[12.118s] -- Setting yaml-cpp_DIR to: '/opt/ros/foxy/share/yaml_cpp_vendor/cmake/../../../opt/yaml_cpp_vendor/lib/cmake/yaml-cpp'
[12.148s] -- Found tf2: 0.13.14 (/opt/ros/foxy/share/tf2/cmake)
[12.199s] -- Found nav2_util: 0.4.7 (/home/smartway/ros2_ws/install/nav2_util/share/nav2_util/cmake)
[13.664s] -- Found eigen3_cmake_module: 0.1.1 (/opt/ros/foxy/share/eigen3_cmake_module/cmake)
[13.683s] -- Found Eigen3: TRUE (found version "3.3.7") 
[14.270s] -- Found GRAPHICSMAGICKCPP: /usr/include/GraphicsMagick  
[14.272s] -- Setting build type to Release as none was specified.
[17.649s] -- Found ament_lint_auto: 0.9.8 (/opt/ros/foxy/share/ament_lint_auto/cmake)
[18.937s] -- Found gtest sources under '/opt/ros/foxy/src/gtest_vendor': C++ tests using 'Google Test' will be built
[18.949s] -- Check if compiler accepts -pthread
[19.847s] -- Check if compiler accepts -pthread - yes
[19.892s] -- Found gtest sources under '/opt/ros/foxy/src/gtest_vendor': C++ tests using 'Google Test' will be built
[19.963s] -- Found gtest sources under '/opt/ros/foxy/src/gtest_vendor': C++ tests using 'Google Test' will be built
[20.121s] -- Added test 'cppcheck' to perform static code analysis on C / C++ code
[20.133s] -- Configured cppcheck include dirs: /home/smartway/ros2_ws/src/navigation2/nav2_map_server/include
[20.135s] -- Configured cppcheck exclude dirs and/or files: 
[20.205s] -- Added test 'cpplint' to check C / C++ code against the Google style
[20.206s] -- Configured cpplint exclude dirs and/or files: 
[20.220s] -- Added test 'flake8' to check Python code syntax and style conventions
[20.246s] -- Added test 'lint_cmake' to check CMake code style
[20.254s] -- Added test 'pep257' to check Python code against some of the style conventions in PEP 257
[20.318s] -- Added test 'uncrustify' to check C / C++ code style
[20.320s] -- Configured uncrustify additional arguments: 
[20.334s] -- Added test 'xmllint' to check XML markup files
[20.435s] -- Configuring done
[23.890s] -- Generating done
[23.940s] -- Build files have been written to: /home/smartway/ros2_ws/build/nav2_map_server
[24.119s] Invoked command in '/home/smartway/ros2_ws/build/nav2_map_server' returned '0': AMENT_PREFIX_PATH=/home/smartway/ros2_ws/install/nav2_util:/home/smartway/ros2_ws/install/nav2_msgs:/home/smartway/ros2_ws/install/nav2_common:${AMENT_PREFIX_PATH} CMAKE_PREFIX_PATH=/home/smartway/ros2_ws/install/nav2_util:/home/smartway/ros2_ws/install/nav2_msgs:/home/smartway/ros2_ws/install/nav2_common:/build/rpi_robot_action_interfaces:/build/rpi_robot_bringup:/build/rpi_robot_slam:/build/rplidar_ros:/opt/ros/foxy LD_LIBRARY_PATH=/home/smartway/ros2_ws/install/nav2_util/lib:/home/smartway/ros2_ws/install/nav2_msgs/lib:/opt/ros/foxy/opt/yaml_cpp_vendor/lib:/opt/ros/foxy/opt/rviz_ogre_vendor/lib:/opt/ros/foxy/lib/aarch64-linux-gnu:/opt/ros/foxy/lib:/usr/lib/aarch64-linux-gnu/gazebo-11/plugins PYTHONPATH=/home/smartway/ros2_ws/install/nav2_msgs/lib/python3.8/site-packages:/home/smartway/ros2_ws/install/nav2_common/lib/python3.8/site-packages:${PYTHONPATH} /usr/bin/cmake /home/smartway/ros2_ws/src/navigation2/nav2_map_server -DCMAKE_INSTALL_PREFIX=/home/smartway/ros2_ws/install/nav2_map_server
[24.122s] Invoking command in '/home/smartway/ros2_ws/build/nav2_map_server': AMENT_PREFIX_PATH=/home/smartway/ros2_ws/install/nav2_util:/home/smartway/ros2_ws/install/nav2_msgs:/home/smartway/ros2_ws/install/nav2_common:${AMENT_PREFIX_PATH} CMAKE_PREFIX_PATH=/home/smartway/ros2_ws/install/nav2_util:/home/smartway/ros2_ws/install/nav2_msgs:/home/smartway/ros2_ws/install/nav2_common:/build/rpi_robot_action_interfaces:/build/rpi_robot_bringup:/build/rpi_robot_slam:/build/rplidar_ros:/opt/ros/foxy LD_LIBRARY_PATH=/home/smartway/ros2_ws/install/nav2_util/lib:/home/smartway/ros2_ws/install/nav2_msgs/lib:/opt/ros/foxy/opt/yaml_cpp_vendor/lib:/opt/ros/foxy/opt/rviz_ogre_vendor/lib:/opt/ros/foxy/lib/aarch64-linux-gnu:/opt/ros/foxy/lib:/usr/lib/aarch64-linux-gnu/gazebo-11/plugins PYTHONPATH=/home/smartway/ros2_ws/install/nav2_msgs/lib/python3.8/site-packages:/home/smartway/ros2_ws/install/nav2_common/lib/python3.8/site-packages:${PYTHONPATH} /usr/bin/cmake --build /home/smartway/ros2_ws/build/nav2_map_server -- -j4 -l4
[24.878s] [35m[1mScanning dependencies of target map_io[0m
[24.907s] [35m[1mScanning dependencies of target gtest_main[0m
[24.914s] [35m[1mScanning dependencies of target gtest[0m
[25.240s] [  3%] [32mBuilding CXX object gtest/CMakeFiles/gtest_main.dir/src/gtest_main.cc.o[0m
[25.242s] [  6%] [32mBuilding CXX object gtest/CMakeFiles/gtest.dir/src/gtest-all.cc.o[0m
[25.582s] [  9%] [32mBuilding CXX object CMakeFiles/map_io.dir/src/map_mode.cpp.o[0m
[25.654s] [ 12%] [32mBuilding CXX object CMakeFiles/map_io.dir/src/map_io.cpp.o[0m
[37.042s] [ 16%] [32m[1mLinking CXX static library libgtest_main.a[0m
[37.665s] [ 16%] Built target gtest_main
[79.579s] [ 19%] [32m[1mLinking CXX shared library libmap_io.so[0m
[81.750s] [ 19%] Built target map_io
[100.702s] [ 22%] [32m[1mLinking CXX static library libgtest.a[0m
[100.919s] [ 22%] Built target gtest
[100.989s] [35m[1mScanning dependencies of target test_map_saver_publisher[0m
[101.285s] [ 25%] [32mBuilding CXX object test/component/CMakeFiles/test_map_saver_publisher.dir/test_map_saver_publisher.cpp.o[0m
[133.343s] [ 29%] [32mBuilding CXX object test/component/CMakeFiles/test_map_saver_publisher.dir/__/test_constants.cpp.o[0m
[134.228s] [ 32%] [32m[1mLinking CXX executable test_map_saver_publisher[0m
[135.974s] [ 32%] Built target test_map_saver_publisher
[136.046s] [35m[1mScanning dependencies of target test_map_saver_cli[0m
[136.336s] [ 35%] [32mBuilding CXX object test/map_saver_cli/CMakeFiles/test_map_saver_cli.dir/test_map_saver_cli.cpp.o[0m
[167.621s] [ 38%] [32mBuilding CXX object test/map_saver_cli/CMakeFiles/test_map_saver_cli.dir/__/test_constants.cpp.o[0m
[168.530s] [ 41%] [32m[1mLinking CXX executable test_map_saver_cli[0m
[169.727s] [ 41%] Built target test_map_saver_cli
[169.794s] [35m[1mScanning dependencies of target test_map_io[0m
[170.237s] [ 45%] [32mBuilding CXX object test/unit/CMakeFiles/test_map_io.dir/test_map_io.cpp.o[0m
[201.065s] [ 48%] [32mBuilding CXX object test/unit/CMakeFiles/test_map_io.dir/__/test_constants.cpp.o[0m
[202.098s] [ 51%] [32m[1mLinking CXX executable test_map_io[0m
[203.845s] [ 51%] Built target test_map_io
[203.936s] [35m[1mScanning dependencies of target map_server_core[0m
[204.416s] [ 54%] [32mBuilding CXX object CMakeFiles/map_server_core.dir/src/map_server/map_server.cpp.o[0m
[240.468s] [ 58%] [32mBuilding CXX object CMakeFiles/map_server_core.dir/src/map_saver/map_saver.cpp.o[0m
[295.898s] [ 61%] [32m[1mLinking CXX shared library libmap_server_core.so[0m
[297.818s] [ 61%] Built target map_server_core
[297.882s] [35m[1mScanning dependencies of target map_server[0m
[298.133s] [ 64%] [32mBuilding CXX object CMakeFiles/map_server.dir/src/map_server/main.cpp.o[0m
[309.825s] [ 67%] [32m[1mLinking CXX executable map_server[0m
[311.557s] [ 67%] Built target map_server
[311.616s] [35m[1mScanning dependencies of target test_map_saver_node[0m
[311.905s] [ 70%] [32mBuilding CXX object test/component/CMakeFiles/test_map_saver_node.dir/test_map_saver_node.cpp.o[0m
[340.345s] [ 74%] [32mBuilding CXX object test/component/CMakeFiles/test_map_saver_node.dir/__/test_constants.cpp.o[0m
[341.858s] [ 77%] [32m[1mLinking CXX executable test_map_saver_node[0m
[344.959s] [ 77%] Built target test_map_saver_node
[345.116s] [35m[1mScanning dependencies of target test_map_server_node[0m
[345.611s] [ 80%] [32mBuilding CXX object test/component/CMakeFiles/test_map_server_node.dir/test_map_server_node.cpp.o[0m
[384.474s] [ 83%] [32mBuilding CXX object test/component/CMakeFiles/test_map_server_node.dir/__/test_constants.cpp.o[0m
[385.495s] [ 87%] [32m[1mLinking CXX executable test_map_server_node[0m
[387.595s] [ 87%] Built target test_map_server_node
[387.767s] [35m[1mScanning dependencies of target map_saver_server[0m
[388.312s] [ 90%] [32mBuilding CXX object CMakeFiles/map_saver_server.dir/src/map_saver/main_server.cpp.o[0m
[404.013s] [ 93%] [32m[1mLinking CXX executable map_saver_server[0m
[405.572s] [ 93%] Built target map_saver_server
[405.627s] [35m[1mScanning dependencies of target map_saver_cli[0m
[405.848s] [ 96%] [32mBuilding CXX object CMakeFiles/map_saver_cli.dir/src/map_saver/main_cli.cpp.o[0m
[417.820s] [100%] [32m[1mLinking CXX executable map_saver_cli[0m
[420.280s] [100%] Built target map_saver_cli
[420.392s] Invoked command in '/home/smartway/ros2_ws/build/nav2_map_server' returned '0': AMENT_PREFIX_PATH=/home/smartway/ros2_ws/install/nav2_util:/home/smartway/ros2_ws/install/nav2_msgs:/home/smartway/ros2_ws/install/nav2_common:${AMENT_PREFIX_PATH} CMAKE_PREFIX_PATH=/home/smartway/ros2_ws/install/nav2_util:/home/smartway/ros2_ws/install/nav2_msgs:/home/smartway/ros2_ws/install/nav2_common:/build/rpi_robot_action_interfaces:/build/rpi_robot_bringup:/build/rpi_robot_slam:/build/rplidar_ros:/opt/ros/foxy LD_LIBRARY_PATH=/home/smartway/ros2_ws/install/nav2_util/lib:/home/smartway/ros2_ws/install/nav2_msgs/lib:/opt/ros/foxy/opt/yaml_cpp_vendor/lib:/opt/ros/foxy/opt/rviz_ogre_vendor/lib:/opt/ros/foxy/lib/aarch64-linux-gnu:/opt/ros/foxy/lib:/usr/lib/aarch64-linux-gnu/gazebo-11/plugins PYTHONPATH=/home/smartway/ros2_ws/install/nav2_msgs/lib/python3.8/site-packages:/home/smartway/ros2_ws/install/nav2_common/lib/python3.8/site-packages:${PYTHONPATH} /usr/bin/cmake --build /home/smartway/ros2_ws/build/nav2_map_server -- -j4 -l4
[421.843s] Invoking command in '/home/smartway/ros2_ws/build/nav2_map_server': AMENT_PREFIX_PATH=/home/smartway/ros2_ws/install/nav2_util:/home/smartway/ros2_ws/install/nav2_msgs:/home/smartway/ros2_ws/install/nav2_common:${AMENT_PREFIX_PATH} CMAKE_PREFIX_PATH=/home/smartway/ros2_ws/install/nav2_util:/home/smartway/ros2_ws/install/nav2_msgs:/home/smartway/ros2_ws/install/nav2_common:/build/rpi_robot_action_interfaces:/build/rpi_robot_bringup:/build/rpi_robot_slam:/build/rplidar_ros:/opt/ros/foxy LD_LIBRARY_PATH=/home/smartway/ros2_ws/install/nav2_util/lib:/home/smartway/ros2_ws/install/nav2_msgs/lib:/opt/ros/foxy/opt/yaml_cpp_vendor/lib:/opt/ros/foxy/opt/rviz_ogre_vendor/lib:/opt/ros/foxy/lib/aarch64-linux-gnu:/opt/ros/foxy/lib:/usr/lib/aarch64-linux-gnu/gazebo-11/plugins PYTHONPATH=/home/smartway/ros2_ws/install/nav2_msgs/lib/python3.8/site-packages:/home/smartway/ros2_ws/install/nav2_common/lib/python3.8/site-packages:${PYTHONPATH} /usr/bin/cmake --install /home/smartway/ros2_ws/build/nav2_map_server
[421.911s] -- Install configuration: "Release"
[421.914s] -- Installing: /home/smartway/ros2_ws/install/nav2_map_server/lib/libmap_server_core.so
[421.924s] -- Set runtime path of "/home/smartway/ros2_ws/install/nav2_map_server/lib/libmap_server_core.so" to ""
[421.926s] -- Installing: /home/smartway/ros2_ws/install/nav2_map_server/lib/libmap_io.so
[421.931s] -- Set runtime path of "/home/smartway/ros2_ws/install/nav2_map_server/lib/libmap_io.so" to ""
[421.934s] -- Installing: /home/smartway/ros2_ws/install/nav2_map_server/lib/nav2_map_server/map_server
[421.939s] -- Set runtime path of "/home/smartway/ros2_ws/install/nav2_map_server/lib/nav2_map_server/map_server" to ""
[421.941s] -- Installing: /home/smartway/ros2_ws/install/nav2_map_server/lib/nav2_map_server/map_saver_cli
[421.946s] -- Set runtime path of "/home/smartway/ros2_ws/install/nav2_map_server/lib/nav2_map_server/map_saver_cli" to ""
[421.948s] -- Installing: /home/smartway/ros2_ws/install/nav2_map_server/lib/nav2_map_server/map_saver_server
[421.953s] -- Set runtime path of "/home/smartway/ros2_ws/install/nav2_map_server/lib/nav2_map_server/map_saver_server" to ""
[421.955s] -- Installing: /home/smartway/ros2_ws/install/nav2_map_server/include/
[421.957s] -- Installing: /home/smartway/ros2_ws/install/nav2_map_server/include//nav2_map_server
[421.959s] -- Installing: /home/smartway/ros2_ws/install/nav2_map_server/include//nav2_map_server/map_server.hpp
[421.962s] -- Installing: /home/smartway/ros2_ws/install/nav2_map_server/include//nav2_map_server/map_saver.hpp
[421.965s] -- Installing: /home/smartway/ros2_ws/install/nav2_map_server/include//nav2_map_server/map_io.hpp
[421.968s] -- Installing: /home/smartway/ros2_ws/install/nav2_map_server/include//nav2_map_server/map_mode.hpp
[421.970s] -- Installing: /home/smartway/ros2_ws/install/nav2_map_server/share/nav2_map_server/launch
[421.973s] -- Installing: /home/smartway/ros2_ws/install/nav2_map_server/share/nav2_map_server/launch/map_saver_server.launch.py
[421.976s] -- Installing: /home/smartway/ros2_ws/install/nav2_map_server/share/nav2_map_server/environment/library_path.sh
[421.979s] -- Installing: /home/smartway/ros2_ws/install/nav2_map_server/share/nav2_map_server/environment/library_path.dsv
[421.983s] -- Installing: /home/smartway/ros2_ws/install/nav2_map_server/share/ament_index/resource_index/package_run_dependencies/nav2_map_server
[421.986s] -- Installing: /home/smartway/ros2_ws/install/nav2_map_server/share/ament_index/resource_index/parent_prefix_path/nav2_map_server
[421.989s] -- Installing: /home/smartway/ros2_ws/install/nav2_map_server/share/nav2_map_server/environment/ament_prefix_path.sh
[421.992s] -- Installing: /home/smartway/ros2_ws/install/nav2_map_server/share/nav2_map_server/environment/ament_prefix_path.dsv
[421.995s] -- Installing: /home/smartway/ros2_ws/install/nav2_map_server/share/nav2_map_server/environment/path.sh
[422.010s] -- Installing: /home/smartway/ros2_ws/install/nav2_map_server/share/nav2_map_server/environment/path.dsv
[422.013s] -- Installing: /home/smartway/ros2_ws/install/nav2_map_server/share/nav2_map_server/local_setup.bash
[422.016s] -- Installing: /home/smartway/ros2_ws/install/nav2_map_server/share/nav2_map_server/local_setup.sh
[422.019s] -- Installing: /home/smartway/ros2_ws/install/nav2_map_server/share/nav2_map_server/local_setup.zsh
[422.022s] -- Installing: /home/smartway/ros2_ws/install/nav2_map_server/share/nav2_map_server/local_setup.dsv
[422.025s] -- Installing: /home/smartway/ros2_ws/install/nav2_map_server/share/nav2_map_server/package.dsv
[422.029s] -- Installing: /home/smartway/ros2_ws/install/nav2_map_server/share/ament_index/resource_index/packages/nav2_map_server
[422.042s] -- Installing: /home/smartway/ros2_ws/install/nav2_map_server/share/nav2_map_server/cmake/ament_cmake_export_include_directories-extras.cmake
[422.045s] -- Installing: /home/smartway/ros2_ws/install/nav2_map_server/share/nav2_map_server/cmake/ament_cmake_export_libraries-extras.cmake
[422.049s] -- Installing: /home/smartway/ros2_ws/install/nav2_map_server/share/nav2_map_server/cmake/nav2_map_serverConfig.cmake
[422.051s] -- Installing: /home/smartway/ros2_ws/install/nav2_map_server/share/nav2_map_server/cmake/nav2_map_serverConfig-version.cmake
[422.054s] -- Installing: /home/smartway/ros2_ws/install/nav2_map_server/share/nav2_map_server/package.xml
[422.085s] Invoked command in '/home/smartway/ros2_ws/build/nav2_map_server' returned '0': AMENT_PREFIX_PATH=/home/smartway/ros2_ws/install/nav2_util:/home/smartway/ros2_ws/install/nav2_msgs:/home/smartway/ros2_ws/install/nav2_common:${AMENT_PREFIX_PATH} CMAKE_PREFIX_PATH=/home/smartway/ros2_ws/install/nav2_util:/home/smartway/ros2_ws/install/nav2_msgs:/home/smartway/ros2_ws/install/nav2_common:/build/rpi_robot_action_interfaces:/build/rpi_robot_bringup:/build/rpi_robot_slam:/build/rplidar_ros:/opt/ros/foxy LD_LIBRARY_PATH=/home/smartway/ros2_ws/install/nav2_util/lib:/home/smartway/ros2_ws/install/nav2_msgs/lib:/opt/ros/foxy/opt/yaml_cpp_vendor/lib:/opt/ros/foxy/opt/rviz_ogre_vendor/lib:/opt/ros/foxy/lib/aarch64-linux-gnu:/opt/ros/foxy/lib:/usr/lib/aarch64-linux-gnu/gazebo-11/plugins PYTHONPATH=/home/smartway/ros2_ws/install/nav2_msgs/lib/python3.8/site-packages:/home/smartway/ros2_ws/install/nav2_common/lib/python3.8/site-packages:${PYTHONPATH} /usr/bin/cmake --install /home/smartway/ros2_ws/build/nav2_map_server
