[0.169s] Invoking command in '/home/smartway/ros2_ws/build/nav_2d_msgs': /usr/bin/cmake /home/smartway/ros2_ws/src/navigation2/nav2_dwb_controller/nav_2d_msgs -DAMENT_CMAKE_SYMLINK_INSTALL=1 -DCMAKE_INSTALL_PREFIX=/home/smartway/ros2_ws/install/nav_2d_msgs
[1.068s] -- Configuring incomplete, errors occurred!
[1.073s] See also "/home/smartway/ros2_ws/build/nav_2d_msgs/CMakeFiles/CMakeOutput.log".
[1.075s] CMake Error at CMakeLists.txt:4 (find_package):
[1.076s]   By not providing "Findgeometry_msgs.cmake" in CMAKE_MODULE_PATH this
[1.076s]   project has asked CMake to find a package configuration file provided by
[1.078s]   "geometry_msgs", but CMake did not find one.
[1.081s] 
[1.084s]   Could not find a package configuration file provided by "geometry_msgs"
[1.086s]   with any of the following names:
[1.087s] 
[1.089s]     geometry_msgsConfig.cmake
[1.090s]     geometry_msgs-config.cmake
[1.091s] 
[1.092s]   Add the installation prefix of "geometry_msgs" to CMAKE_PREFIX_PATH or set
[1.094s]   "geometry_msgs_DIR" to a directory containing one of the above files.  If
[1.094s]   "geometry_msgs" provides a separate development package or SDK, be sure it
[1.097s]   has been installed.
[1.109s] 
[1.111s] 
[1.117s] Invoked command in '/home/smartway/ros2_ws/build/nav_2d_msgs' returned '1': /usr/bin/cmake /home/smartway/ros2_ws/src/navigation2/nav2_dwb_controller/nav_2d_msgs -DAMENT_CMAKE_SYMLINK_INSTALL=1 -DCMAKE_INSTALL_PREFIX=/home/smartway/ros2_ws/install/nav_2d_msgs
