[0.078s] Invoking command in '/home/smartway/ros2_ws/build/nav2_util': AMENT_PREFIX_PATH=/home/smartway/ros2_ws/install/nav2_msgs:/home/smartway/ros2_ws/install/nav2_common:${AMENT_PREFIX_PATH} CMAKE_PREFIX_PATH=/home/smartway/ros2_ws/install/nav2_msgs:/home/smartway/ros2_ws/install/nav2_common:/build/rpi_robot_action_interfaces:/build/rpi_robot_bringup:/build/rpi_robot_slam:/build/rplidar_ros:/opt/ros/foxy LD_LIBRARY_PATH=/home/smartway/ros2_ws/install/nav2_msgs/lib:/opt/ros/foxy/opt/yaml_cpp_vendor/lib:/opt/ros/foxy/opt/rviz_ogre_vendor/lib:/opt/ros/foxy/lib/aarch64-linux-gnu:/opt/ros/foxy/lib:/usr/lib/aarch64-linux-gnu/gazebo-11/plugins PYTHONPATH=/home/smartway/ros2_ws/install/nav2_msgs/lib/python3.8/site-packages:/home/smartway/ros2_ws/install/nav2_common/lib/python3.8/site-packages:${PYTHONPATH} /usr/bin/cmake /home/smartway/ros2_ws/src/navigation2/nav2_util -DCMAKE_INSTALL_PREFIX=/home/smartway/ros2_ws/install/nav2_util
[0.348s] -- The C compiler identification is GNU 9.4.0
[0.597s] -- The CXX compiler identification is GNU 9.4.0
[0.613s] -- Check for working C compiler: /usr/bin/cc
[0.924s] -- Check for working C compiler: /usr/bin/cc -- works
[0.927s] -- Detecting C compiler ABI info
[1.237s] -- Detecting C compiler ABI info - done
[1.275s] -- Detecting C compile features
[1.276s] -- Detecting C compile features - done
[1.285s] -- Check for working CXX compiler: /usr/bin/c++
[1.627s] -- Check for working CXX compiler: /usr/bin/c++ -- works
[1.630s] -- Detecting CXX compiler ABI info
[1.987s] -- Detecting CXX compiler ABI info - done
[2.026s] -- Detecting CXX compile features
[2.028s] -- Detecting CXX compile features - done
[2.052s] -- Found ament_cmake: 0.9.11 (/opt/ros/foxy/share/ament_cmake/cmake)
[2.187s] -- Found PythonInterp: /usr/bin/python3 (found suitable version "3.8.10", minimum required is "3") 
[2.188s] -- Using PYTHON_EXECUTABLE: /usr/bin/python3
[3.344s] -- Found nav2_common: 0.4.7 (/home/smartway/ros2_ws/install/nav2_common/share/nav2_common/cmake)
[3.347s] -- Found nav2_msgs: 0.4.7 (/home/smartway/ros2_ws/install/nav2_msgs/share/nav2_msgs/cmake)
[3.601s] -- Using all available rosidl_typesupport_c: rosidl_typesupport_fastrtps_c;rosidl_typesupport_introspection_c
[3.665s] -- Found rosidl_adapter: 1.3.0 (/opt/ros/foxy/share/rosidl_adapter/cmake)
[4.332s] -- Found OpenSSL: /usr/lib/aarch64-linux-gnu/libcrypto.so (found version "1.1.1f")  
[4.604s] -- Found FastRTPS: /opt/ros/foxy/include  
[5.228s] -- Using all available rosidl_typesupport_cpp: rosidl_typesupport_fastrtps_cpp;rosidl_typesupport_introspection_cpp
[6.871s] -- Found tf2_ros: 0.13.14 (/opt/ros/foxy/share/tf2_ros/cmake)
[7.219s] -- Found rmw_implementation_cmake: 1.0.4 (/opt/ros/foxy/share/rmw_implementation_cmake/cmake)
[7.224s] -- Using RMW implementation 'rmw_fastrtps_cpp' as default
[7.227s] -- Looking for pthread.h
[7.560s] -- Looking for pthread.h - found
[7.561s] -- Performing Test CMAKE_HAVE_LIBC_PTHREAD
[7.898s] -- Performing Test CMAKE_HAVE_LIBC_PTHREAD - Failed
[7.899s] -- Looking for pthread_create in pthreads
[8.186s] -- Looking for pthread_create in pthreads - not found
[8.187s] -- Looking for pthread_create in pthread
[8.518s] -- Looking for pthread_create in pthread - found
[8.523s] -- Found Threads: TRUE  
[10.254s] -- Found tf2_geometry_msgs: 0.13.14 (/opt/ros/foxy/share/tf2_geometry_msgs/cmake)
[10.311s] -- Found eigen3_cmake_module: 0.1.1 (/opt/ros/foxy/share/eigen3_cmake_module/cmake)
[10.338s] -- Found Eigen3: TRUE (found version "3.3.7") 
[10.446s] -- Found lifecycle_msgs: 1.0.0 (/opt/ros/foxy/share/lifecycle_msgs/cmake)
[10.497s] -- Found test_msgs: 1.0.0 (/opt/ros/foxy/share/test_msgs/cmake)
[10.732s] -- Found rclcpp_lifecycle: 2.4.2 (/opt/ros/foxy/share/rclcpp_lifecycle/cmake)
[10.806s] -- Setting build type to Release as none was specified.
[10.900s] -- Found Boost: /usr/lib/aarch64-linux-gnu/cmake/Boost-1.71.0/BoostConfig.cmake (found version "1.71.0") found components: program_options 
[10.924s] -- Found ament_lint_auto: 0.9.8 (/opt/ros/foxy/share/ament_lint_auto/cmake)
[10.945s] -- Found ament_cmake_pytest: 0.9.11 (/opt/ros/foxy/share/ament_cmake_pytest/cmake)
[10.965s] -- Found launch_testing_ament_cmake: 0.10.10 (/opt/ros/foxy/share/launch_testing_ament_cmake/cmake)
[10.984s] -- Found python_cmake_module: 0.8.1 (/opt/ros/foxy/share/python_cmake_module/cmake)
[11.082s] -- Found PythonInterp: /usr/bin/python3 (found suitable version "3.8.10", minimum required is "3.5") 
[11.102s] -- Found PythonLibs: /usr/lib/aarch64-linux-gnu/libpython3.8.so (found suitable version "3.8.10", minimum required is "3.5") 
[11.102s] -- Using PYTHON_EXECUTABLE: /usr/bin/python3
[11.102s] -- Using PYTHON_INCLUDE_DIRS: /usr/include/python3.8
[11.103s] -- Using PYTHON_LIBRARIES: /usr/lib/aarch64-linux-gnu/libpython3.8.so
[11.204s] -- Found PythonExtra: .so  
[11.912s] -- Found gtest sources under '/opt/ros/foxy/src/gtest_vendor': C++ tests using 'Google Test' will be built
[11.919s] -- Check if compiler accepts -pthread
[12.263s] -- Check if compiler accepts -pthread - yes
[12.386s] -- Added test 'copyright' to check source files copyright and LICENSE
[12.411s] -- Added test 'cppcheck' to perform static code analysis on C / C++ code
[12.412s] -- Configured cppcheck include dirs: /home/smartway/ros2_ws/src/navigation2/nav2_util/include
[12.412s] -- Configured cppcheck exclude dirs and/or files: 
[12.438s] -- Added test 'cpplint' to check C / C++ code against the Google style
[12.438s] -- Configured cpplint exclude dirs and/or files: 
[12.443s] -- Added test 'flake8' to check Python code syntax and style conventions
[12.451s] -- Added test 'lint_cmake' to check CMake code style
[12.456s] -- Added test 'pep257' to check Python code against some of the style conventions in PEP 257
[12.481s] -- Added test 'uncrustify' to check C / C++ code style
[12.481s] -- Configured uncrustify additional arguments: 
[12.486s] -- Added test 'xmllint' to check XML markup files
[12.536s] -- Configuring done
[12.990s] -- Generating done
[13.004s] -- Build files have been written to: /home/smartway/ros2_ws/build/nav2_util
[13.065s] Invoked command in '/home/smartway/ros2_ws/build/nav2_util' returned '0': AMENT_PREFIX_PATH=/home/smartway/ros2_ws/install/nav2_msgs:/home/smartway/ros2_ws/install/nav2_common:${AMENT_PREFIX_PATH} CMAKE_PREFIX_PATH=/home/smartway/ros2_ws/install/nav2_msgs:/home/smartway/ros2_ws/install/nav2_common:/build/rpi_robot_action_interfaces:/build/rpi_robot_bringup:/build/rpi_robot_slam:/build/rplidar_ros:/opt/ros/foxy LD_LIBRARY_PATH=/home/smartway/ros2_ws/install/nav2_msgs/lib:/opt/ros/foxy/opt/yaml_cpp_vendor/lib:/opt/ros/foxy/opt/rviz_ogre_vendor/lib:/opt/ros/foxy/lib/aarch64-linux-gnu:/opt/ros/foxy/lib:/usr/lib/aarch64-linux-gnu/gazebo-11/plugins PYTHONPATH=/home/smartway/ros2_ws/install/nav2_msgs/lib/python3.8/site-packages:/home/smartway/ros2_ws/install/nav2_common/lib/python3.8/site-packages:${PYTHONPATH} /usr/bin/cmake /home/smartway/ros2_ws/src/navigation2/nav2_util -DCMAKE_INSTALL_PREFIX=/home/smartway/ros2_ws/install/nav2_util
[13.075s] Invoking command in '/home/smartway/ros2_ws/build/nav2_util': AMENT_PREFIX_PATH=/home/smartway/ros2_ws/install/nav2_msgs:/home/smartway/ros2_ws/install/nav2_common:${AMENT_PREFIX_PATH} CMAKE_PREFIX_PATH=/home/smartway/ros2_ws/install/nav2_msgs:/home/smartway/ros2_ws/install/nav2_common:/build/rpi_robot_action_interfaces:/build/rpi_robot_bringup:/build/rpi_robot_slam:/build/rplidar_ros:/opt/ros/foxy LD_LIBRARY_PATH=/home/smartway/ros2_ws/install/nav2_msgs/lib:/opt/ros/foxy/opt/yaml_cpp_vendor/lib:/opt/ros/foxy/opt/rviz_ogre_vendor/lib:/opt/ros/foxy/lib/aarch64-linux-gnu:/opt/ros/foxy/lib:/usr/lib/aarch64-linux-gnu/gazebo-11/plugins PYTHONPATH=/home/smartway/ros2_ws/install/nav2_msgs/lib/python3.8/site-packages:/home/smartway/ros2_ws/install/nav2_common/lib/python3.8/site-packages:${PYTHONPATH} /usr/bin/cmake --build /home/smartway/ros2_ws/build/nav2_util -- -j4 -l4
[13.280s] [35m[1mScanning dependencies of target dump_params[0m
[13.281s] [35m[1mScanning dependencies of target gtest[0m
[13.285s] [35m[1mScanning dependencies of target nav2_util_core[0m
[13.287s] [35m[1mScanning dependencies of target gtest_main[0m
[13.363s] [  2%] [32mBuilding CXX object gtest/CMakeFiles/gtest_main.dir/src/gtest_main.cc.o[0m
[13.376s] [  5%] [32mBuilding CXX object gtest/CMakeFiles/gtest.dir/src/gtest-all.cc.o[0m
[13.488s] [  7%] [32mBuilding CXX object src/CMakeFiles/dump_params.dir/dump_params.cpp.o[0m
[13.702s] [ 10%] [32mBuilding CXX object src/CMakeFiles/nav2_util_core.dir/costmap.cpp.o[0m
[18.073s] [ 12%] [32m[1mLinking CXX static library libgtest_main.a[0m
[18.319s] [ 12%] Built target gtest_main
[18.379s] [ 15%] [32mBuilding CXX object src/CMakeFiles/nav2_util_core.dir/node_utils.cpp.o[0m
[27.895s] [ 17%] [32mBuilding CXX object src/CMakeFiles/nav2_util_core.dir/lifecycle_service_client.cpp.o[0m
[32.100s] [ 20%] [32mBuilding CXX object src/CMakeFiles/nav2_util_core.dir/string_utils.cpp.o[0m
[34.051s] [ 22%] [32mBuilding CXX object src/CMakeFiles/nav2_util_core.dir/lifecycle_utils.cpp.o[0m
[48.745s] [ 25%] [32mBuilding CXX object src/CMakeFiles/nav2_util_core.dir/lifecycle_node.cpp.o[0m
[55.976s] [ 27%] [32mBuilding CXX object src/CMakeFiles/nav2_util_core.dir/robot_utils.cpp.o[0m
[59.047s] [ 30%] [32m[1mLinking CXX executable dump_params[0m
[60.035s] [ 30%] Built target dump_params
[60.123s] [ 32%] [32mBuilding CXX object src/CMakeFiles/nav2_util_core.dir/node_thread.cpp.o[0m
[63.489s] [ 35%] [32m[1mLinking CXX static library libgtest.a[0m
[63.750s] [ 35%] Built target gtest
[63.863s] [ 37%] [32mBuilding CXX object src/CMakeFiles/nav2_util_core.dir/odometry_utils.cpp.o[0m
[67.051s] [35m[1mScanning dependencies of target test_execution_timer[0m
[67.157s] [ 40%] [32mBuilding CXX object test/CMakeFiles/test_execution_timer.dir/test_execution_timer.cpp.o[0m
[74.214s] [ 42%] [32m[1mLinking CXX executable test_execution_timer[0m
[74.593s] [ 42%] Built target test_execution_timer
[93.414s] [ 45%] [32m[1mLinking CXX shared library libnav2_util_core.so[0m
[94.246s] [ 45%] Built target nav2_util_core
[94.300s] [35m[1mScanning dependencies of target lifecycle_bringup[0m
[94.302s] [35m[1mScanning dependencies of target test_service_client[0m
[94.303s] [35m[1mScanning dependencies of target test_string_utils[0m
[94.303s] [35m[1mScanning dependencies of target test_lifecycle_node[0m
[94.429s] [ 47%] [32mBuilding CXX object test/CMakeFiles/test_string_utils.dir/test_string_utils.cpp.o[0m
[94.528s] [ 50%] [32mBuilding CXX object src/CMakeFiles/lifecycle_bringup.dir/lifecycle_bringup_commandline.cpp.o[0m
[94.562s] [ 52%] [32mBuilding CXX object test/CMakeFiles/test_lifecycle_node.dir/test_lifecycle_node.cpp.o[0m
[94.565s] [ 55%] [32mBuilding CXX object test/CMakeFiles/test_service_client.dir/test_service_client.cpp.o[0m
[102.428s] [ 57%] [32m[1mLinking CXX executable test_string_utils[0m
[103.438s] [ 57%] Built target test_string_utils
[103.511s] [35m[1mScanning dependencies of target test_lifecycle_utils[0m
[103.889s] [ 60%] [32mBuilding CXX object test/CMakeFiles/test_lifecycle_utils.dir/test_lifecycle_utils.cpp.o[0m
[105.963s] [ 62%] [32m[1mLinking CXX executable lifecycle_bringup[0m
[106.881s] [ 62%] Built target lifecycle_bringup
[106.965s] [35m[1mScanning dependencies of target test_actions[0m
[107.392s] [ 65%] [32mBuilding CXX object test/CMakeFiles/test_actions.dir/test_actions.cpp.o[0m
[111.132s] [ 67%] [32m[1mLinking CXX executable test_lifecycle_node[0m
[112.277s] [ 67%] Built target test_lifecycle_node
[112.345s] [35m[1mScanning dependencies of target test_node_utils[0m
[112.651s] [ 70%] [32mBuilding CXX object test/CMakeFiles/test_node_utils.dir/test_node_utils.cpp.o[0m
[117.064s] [ 72%] [32m[1mLinking CXX executable test_service_client[0m
[118.324s] [ 72%] Built target test_service_client
[118.394s] [35m[1mScanning dependencies of target test_lifecycle_cli_node[0m
[118.714s] [ 75%] [32mBuilding CXX object test/CMakeFiles/test_lifecycle_cli_node.dir/test_lifecycle_cli_node.cpp.o[0m
[123.129s] [ 77%] [32m[1mLinking CXX executable test_lifecycle_utils[0m
[124.763s] [ 77%] Built target test_lifecycle_utils
[124.831s] [35m[1mScanning dependencies of target test_geometry_utils[0m
[125.175s] [ 80%] [32mBuilding CXX object test/CMakeFiles/test_geometry_utils.dir/test_geometry_utils.cpp.o[0m
[137.244s] [ 82%] [32m[1mLinking CXX executable test_lifecycle_cli_node[0m
[138.119s] [ 85%] [32m[1mLinking CXX executable test_node_utils[0m
[138.661s] [ 85%] Built target test_lifecycle_cli_node
[139.283s] [ 85%] Built target test_node_utils
[141.511s] [ 87%] [32m[1mLinking CXX executable test_geometry_utils[0m
[142.083s] [ 87%] Built target test_geometry_utils
[178.250s] [ 90%] [32m[1mLinking CXX executable test_actions[0m
[179.337s] [ 90%] Built target test_actions
[179.389s] [35m[1mScanning dependencies of target test_robot_utils[0m
[179.390s] [35m[1mScanning dependencies of target test_odometry_utils[0m
[179.603s] [ 92%] [32mBuilding CXX object test/CMakeFiles/test_odometry_utils.dir/test_odometry_utils.cpp.o[0m
[179.615s] [ 95%] [32mBuilding CXX object test/CMakeFiles/test_robot_utils.dir/test_robot_utils.cpp.o[0m
[192.435s] [ 97%] [32m[1mLinking CXX executable test_robot_utils[0m
[193.351s] [ 97%] Built target test_robot_utils
[200.278s] [100%] [32m[1mLinking CXX executable test_odometry_utils[0m
[201.095s] [100%] Built target test_odometry_utils
[201.139s] Invoked command in '/home/smartway/ros2_ws/build/nav2_util' returned '0': AMENT_PREFIX_PATH=/home/smartway/ros2_ws/install/nav2_msgs:/home/smartway/ros2_ws/install/nav2_common:${AMENT_PREFIX_PATH} CMAKE_PREFIX_PATH=/home/smartway/ros2_ws/install/nav2_msgs:/home/smartway/ros2_ws/install/nav2_common:/build/rpi_robot_action_interfaces:/build/rpi_robot_bringup:/build/rpi_robot_slam:/build/rplidar_ros:/opt/ros/foxy LD_LIBRARY_PATH=/home/smartway/ros2_ws/install/nav2_msgs/lib:/opt/ros/foxy/opt/yaml_cpp_vendor/lib:/opt/ros/foxy/opt/rviz_ogre_vendor/lib:/opt/ros/foxy/lib/aarch64-linux-gnu:/opt/ros/foxy/lib:/usr/lib/aarch64-linux-gnu/gazebo-11/plugins PYTHONPATH=/home/smartway/ros2_ws/install/nav2_msgs/lib/python3.8/site-packages:/home/smartway/ros2_ws/install/nav2_common/lib/python3.8/site-packages:${PYTHONPATH} /usr/bin/cmake --build /home/smartway/ros2_ws/build/nav2_util -- -j4 -l4
[201.343s] Invoking command in '/home/smartway/ros2_ws/build/nav2_util': AMENT_PREFIX_PATH=/home/smartway/ros2_ws/install/nav2_msgs:/home/smartway/ros2_ws/install/nav2_common:${AMENT_PREFIX_PATH} CMAKE_PREFIX_PATH=/home/smartway/ros2_ws/install/nav2_msgs:/home/smartway/ros2_ws/install/nav2_common:/build/rpi_robot_action_interfaces:/build/rpi_robot_bringup:/build/rpi_robot_slam:/build/rplidar_ros:/opt/ros/foxy LD_LIBRARY_PATH=/home/smartway/ros2_ws/install/nav2_msgs/lib:/opt/ros/foxy/opt/yaml_cpp_vendor/lib:/opt/ros/foxy/opt/rviz_ogre_vendor/lib:/opt/ros/foxy/lib/aarch64-linux-gnu:/opt/ros/foxy/lib:/usr/lib/aarch64-linux-gnu/gazebo-11/plugins PYTHONPATH=/home/smartway/ros2_ws/install/nav2_msgs/lib/python3.8/site-packages:/home/smartway/ros2_ws/install/nav2_common/lib/python3.8/site-packages:${PYTHONPATH} /usr/bin/cmake --install /home/smartway/ros2_ws/build/nav2_util
[201.379s] -- Install configuration: "Release"
[201.379s] -- Installing: /home/smartway/ros2_ws/install/nav2_util/include/
[201.380s] -- Installing: /home/smartway/ros2_ws/install/nav2_util/include//nav2_util
[201.380s] -- Installing: /home/smartway/ros2_ws/install/nav2_util/include//nav2_util/lifecycle_service_client.hpp
[201.381s] -- Installing: /home/smartway/ros2_ws/install/nav2_util/include//nav2_util/service_client.hpp
[201.381s] -- Installing: /home/smartway/ros2_ws/install/nav2_util/include//nav2_util/node_thread.hpp
[201.382s] -- Installing: /home/smartway/ros2_ws/install/nav2_util/include//nav2_util/costmap.hpp
[201.384s] -- Installing: /home/smartway/ros2_ws/install/nav2_util/include//nav2_util/robot_utils.hpp
[201.385s] -- Installing: /home/smartway/ros2_ws/install/nav2_util/include//nav2_util/geometry_utils.hpp
[201.387s] -- Installing: /home/smartway/ros2_ws/install/nav2_util/include//nav2_util/execution_timer.hpp
[201.390s] -- Installing: /home/smartway/ros2_ws/install/nav2_util/include//nav2_util/string_utils.hpp
[201.392s] -- Installing: /home/smartway/ros2_ws/install/nav2_util/include//nav2_util/simple_action_server.hpp
[201.393s] -- Installing: /home/smartway/ros2_ws/install/nav2_util/include//nav2_util/lifecycle_node.hpp
[201.394s] -- Installing: /home/smartway/ros2_ws/install/nav2_util/include//nav2_util/clear_entirely_costmap_service_client.hpp
[201.394s] -- Installing: /home/smartway/ros2_ws/install/nav2_util/include//nav2_util/odometry_utils.hpp
[201.394s] -- Installing: /home/smartway/ros2_ws/install/nav2_util/include//nav2_util/line_iterator.hpp
[201.395s] -- Installing: /home/smartway/ros2_ws/install/nav2_util/include//nav2_util/node_utils.hpp
[201.395s] -- Installing: /home/smartway/ros2_ws/install/nav2_util/include//nav2_util/lifecycle_utils.hpp
[201.397s] -- Installing: /home/smartway/ros2_ws/install/nav2_util/share/nav2_util/environment/library_path.sh
[201.397s] -- Installing: /home/smartway/ros2_ws/install/nav2_util/share/nav2_util/environment/library_path.dsv
[201.399s] -- Installing: /home/smartway/ros2_ws/install/nav2_util/share/ament_index/resource_index/package_run_dependencies/nav2_util
[201.400s] -- Installing: /home/smartway/ros2_ws/install/nav2_util/share/ament_index/resource_index/parent_prefix_path/nav2_util
[201.401s] -- Installing: /home/smartway/ros2_ws/install/nav2_util/share/nav2_util/environment/ament_prefix_path.sh
[201.402s] -- Installing: /home/smartway/ros2_ws/install/nav2_util/share/nav2_util/environment/ament_prefix_path.dsv
[201.403s] -- Installing: /home/smartway/ros2_ws/install/nav2_util/share/nav2_util/environment/path.sh
[201.404s] -- Installing: /home/smartway/ros2_ws/install/nav2_util/share/nav2_util/environment/path.dsv
[201.405s] -- Installing: /home/smartway/ros2_ws/install/nav2_util/share/nav2_util/local_setup.bash
[201.406s] -- Installing: /home/smartway/ros2_ws/install/nav2_util/share/nav2_util/local_setup.sh
[201.407s] -- Installing: /home/smartway/ros2_ws/install/nav2_util/share/nav2_util/local_setup.zsh
[201.408s] -- Installing: /home/smartway/ros2_ws/install/nav2_util/share/nav2_util/local_setup.dsv
[201.409s] -- Installing: /home/smartway/ros2_ws/install/nav2_util/share/nav2_util/package.dsv
[201.410s] -- Installing: /home/smartway/ros2_ws/install/nav2_util/share/ament_index/resource_index/packages/nav2_util
[201.411s] -- Installing: /home/smartway/ros2_ws/install/nav2_util/share/nav2_util/cmake/ament_cmake_export_include_directories-extras.cmake
[201.412s] -- Installing: /home/smartway/ros2_ws/install/nav2_util/share/nav2_util/cmake/ament_cmake_export_libraries-extras.cmake
[201.413s] -- Installing: /home/smartway/ros2_ws/install/nav2_util/share/nav2_util/cmake/ament_cmake_export_dependencies-extras.cmake
[201.414s] -- Installing: /home/smartway/ros2_ws/install/nav2_util/share/nav2_util/cmake/nav2_utilConfig.cmake
[201.415s] -- Installing: /home/smartway/ros2_ws/install/nav2_util/share/nav2_util/cmake/nav2_utilConfig-version.cmake
[201.416s] -- Installing: /home/smartway/ros2_ws/install/nav2_util/share/nav2_util/package.xml
[201.418s] -- Installing: /home/smartway/ros2_ws/install/nav2_util/lib/libnav2_util_core.so
[201.424s] -- Set runtime path of "/home/smartway/ros2_ws/install/nav2_util/lib/libnav2_util_core.so" to ""
[201.425s] -- Installing: /home/smartway/ros2_ws/install/nav2_util/lib/nav2_util/lifecycle_bringup
[201.427s] -- Set runtime path of "/home/smartway/ros2_ws/install/nav2_util/lib/nav2_util/lifecycle_bringup" to ""
[201.427s] -- Installing: /home/smartway/ros2_ws/install/nav2_util/lib/nav2_util/dump_params
[201.431s] -- Set runtime path of "/home/smartway/ros2_ws/install/nav2_util/lib/nav2_util/dump_params" to ""
[201.447s] Invoked command in '/home/smartway/ros2_ws/build/nav2_util' returned '0': AMENT_PREFIX_PATH=/home/smartway/ros2_ws/install/nav2_msgs:/home/smartway/ros2_ws/install/nav2_common:${AMENT_PREFIX_PATH} CMAKE_PREFIX_PATH=/home/smartway/ros2_ws/install/nav2_msgs:/home/smartway/ros2_ws/install/nav2_common:/build/rpi_robot_action_interfaces:/build/rpi_robot_bringup:/build/rpi_robot_slam:/build/rplidar_ros:/opt/ros/foxy LD_LIBRARY_PATH=/home/smartway/ros2_ws/install/nav2_msgs/lib:/opt/ros/foxy/opt/yaml_cpp_vendor/lib:/opt/ros/foxy/opt/rviz_ogre_vendor/lib:/opt/ros/foxy/lib/aarch64-linux-gnu:/opt/ros/foxy/lib:/usr/lib/aarch64-linux-gnu/gazebo-11/plugins PYTHONPATH=/home/smartway/ros2_ws/install/nav2_msgs/lib/python3.8/site-packages:/home/smartway/ros2_ws/install/nav2_common/lib/python3.8/site-packages:${PYTHONPATH} /usr/bin/cmake --install /home/smartway/ros2_ws/build/nav2_util
