[0.138s] Invoking command in '/home/smartway/ros2_ws/build/nav_2d_msgs': /usr/bin/cmake /home/smartway/ros2_ws/src/navigation2/nav2_dwb_controller/nav_2d_msgs -DAMENT_CMAKE_SYMLINK_INSTALL=1 -DCMAKE_INSTALL_PREFIX=/home/smartway/ros2_ws/install/nav_2d_msgs
[1.322s] -- The C compiler identification is GNU 9.4.0
[1.322s] -- The CXX compiler identification is GNU 9.4.0
[1.323s] -- Check for working C compiler: /usr/bin/cc
[1.324s] -- Check for working C compiler: /usr/bin/cc -- works
[1.325s] -- Detecting C compiler ABI info
[1.358s] -- Detecting C compiler ABI info - done
[1.405s] -- Detecting C compile features
[1.411s] -- Detecting C compile features - done
[1.429s] -- Check for working CXX compiler: /usr/bin/c++
[1.876s] -- Check for working CXX compiler: /usr/bin/c++ -- works
[1.882s] -- Detecting CXX compiler ABI info
[2.302s] -- Detecting CXX compiler ABI info - done
[2.361s] -- Detecting CXX compile features
[2.364s] -- Detecting CXX compile features - done
[2.555s] CMake Error at CMakeLists.txt:4 (find_package):
[2.555s]   By not providing "Findgeometry_msgs.cmake" in CMAKE_MODULE_PATH this
[2.556s]   project has asked CMake to find a package configuration file provided by
[2.556s]   "geometry_msgs", but CMake did not find one.
[2.558s] 
[2.559s]   Could not find a package configuration file provided by "geometry_msgs"
[2.562s]   with any of the following names:
[2.563s] 
[2.564s]     geometry_msgsConfig.cmake
[2.566s]     geometry_msgs-config.cmake
[2.568s] 
[2.569s]   Add the installation prefix of "geometry_msgs" to CMAKE_PREFIX_PATH or set
[2.570s]   "geometry_msgs_DIR" to a directory containing one of the above files.  If
[2.573s]   "geometry_msgs" provides a separate development package or SDK, be sure it
[2.574s]   has been installed.
[2.574s] 
[2.575s] 
[2.575s] -- Configuring incomplete, errors occurred!
[2.575s] See also "/home/smartway/ros2_ws/build/nav_2d_msgs/CMakeFiles/CMakeOutput.log".
