[0.185s] Invoking command in '/home/smartway/ros2_ws/build/nav2_amcl': AMENT_PREFIX_PATH=/home/smartway/ros2_ws/install/nav2_util:/home/smartway/ros2_ws/install/nav2_msgs:/home/smartway/ros2_ws/install/nav2_common:${AMENT_PREFIX_PATH} CMAKE_PREFIX_PATH=/home/smartway/ros2_ws/install/nav2_util:/home/smartway/ros2_ws/install/nav2_msgs:/home/smartway/ros2_ws/install/nav2_common:/build/rpi_robot_action_interfaces:/build/rpi_robot_bringup:/build/rpi_robot_slam:/build/rplidar_ros:/opt/ros/foxy LD_LIBRARY_PATH=/home/smartway/ros2_ws/install/nav2_util/lib:/home/smartway/ros2_ws/install/nav2_msgs/lib:/opt/ros/foxy/opt/yaml_cpp_vendor/lib:/opt/ros/foxy/opt/rviz_ogre_vendor/lib:/opt/ros/foxy/lib/aarch64-linux-gnu:/opt/ros/foxy/lib:/usr/lib/aarch64-linux-gnu/gazebo-11/plugins PYTHONPATH=/home/smartway/ros2_ws/install/nav2_msgs/lib/python3.8/site-packages:/home/smartway/ros2_ws/install/nav2_common/lib/python3.8/site-packages:${PYTHONPATH} /usr/bin/cmake /home/smartway/ros2_ws/src/navigation2/nav2_amcl -DCMAKE_INSTALL_PREFIX=/home/smartway/ros2_ws/install/nav2_amcl
[0.762s] -- The C compiler identification is GNU 9.4.0
[1.352s] -- The CXX compiler identification is GNU 9.4.0
[1.395s] -- Check for working C compiler: /usr/bin/cc
[2.172s] -- Check for working C compiler: /usr/bin/cc -- works
[2.176s] -- Detecting C compiler ABI info
[2.684s] -- Detecting C compiler ABI info - done
[2.734s] -- Detecting C compile features
[2.737s] -- Detecting C compile features - done
[2.752s] -- Check for working CXX compiler: /usr/bin/c++
[3.365s] -- Check for working CXX compiler: /usr/bin/c++ -- works
[3.372s] -- Detecting CXX compiler ABI info
[3.882s] -- Detecting CXX compiler ABI info - done
[3.948s] -- Detecting CXX compile features
[3.953s] -- Detecting CXX compile features - done
[3.997s] -- Found ament_cmake: 0.9.11 (/opt/ros/foxy/share/ament_cmake/cmake)
[4.261s] -- Found PythonInterp: /usr/bin/python3 (found suitable version "3.8.10", minimum required is "3") 
[4.262s] -- Using PYTHON_EXECUTABLE: /usr/bin/python3
[6.376s] -- Found nav2_common: 0.4.7 (/home/smartway/ros2_ws/install/nav2_common/share/nav2_common/cmake)
[6.401s] -- Found rclcpp: 2.4.2 (/opt/ros/foxy/share/rclcpp/cmake)
[6.871s] -- Using all available rosidl_typesupport_c: rosidl_typesupport_fastrtps_c;rosidl_typesupport_introspection_c
[6.957s] -- Found rosidl_adapter: 1.3.0 (/opt/ros/foxy/share/rosidl_adapter/cmake)
[7.823s] -- Found OpenSSL: /usr/lib/aarch64-linux-gnu/libcrypto.so (found version "1.1.1f")  
[8.204s] -- Found FastRTPS: /opt/ros/foxy/include  
[9.132s] -- Using all available rosidl_typesupport_cpp: rosidl_typesupport_fastrtps_cpp;rosidl_typesupport_introspection_cpp
[9.674s] -- Found rmw_implementation_cmake: 1.0.4 (/opt/ros/foxy/share/rmw_implementation_cmake/cmake)
[9.685s] -- Using RMW implementation 'rmw_fastrtps_cpp' as default
[9.691s] -- Looking for pthread.h
[10.216s] -- Looking for pthread.h - found
[10.218s] -- Performing Test CMAKE_HAVE_LIBC_PTHREAD
[10.790s] -- Performing Test CMAKE_HAVE_LIBC_PTHREAD - Failed
[10.794s] -- Looking for pthread_create in pthreads
[11.254s] -- Looking for pthread_create in pthreads - not found
[11.255s] -- Looking for pthread_create in pthread
[11.870s] -- Looking for pthread_create in pthread - found
[11.877s] -- Found Threads: TRUE  
[12.901s] -- Found rclcpp_lifecycle: 2.4.2 (/opt/ros/foxy/share/rclcpp_lifecycle/cmake)
[13.127s] -- Found message_filters: 3.2.5 (/opt/ros/foxy/share/message_filters/cmake)
[13.172s] -- Found tf2_geometry_msgs: 0.13.14 (/opt/ros/foxy/share/tf2_geometry_msgs/cmake)
[13.456s] -- Found eigen3_cmake_module: 0.1.1 (/opt/ros/foxy/share/eigen3_cmake_module/cmake)
[13.490s] -- Found Eigen3: TRUE (found version "3.3.7") 
[15.866s] -- Found nav_msgs: 2.0.5 (/opt/ros/foxy/share/nav_msgs/cmake)
[16.340s] -- Found sensor_msgs: 2.0.5 (/opt/ros/foxy/share/sensor_msgs/cmake)
[16.749s] -- Found std_srvs: 2.0.5 (/opt/ros/foxy/share/std_srvs/cmake)
[16.806s] -- Found nav2_util: 0.4.7 (/home/smartway/ros2_ws/install/nav2_util/share/nav2_util/cmake)
[18.946s] -- Setting build type to Release as none was specified.
[18.954s] -- Looking for drand48
[19.428s] -- Looking for drand48 - found
[24.281s] -- Found ament_lint_auto: 0.9.8 (/opt/ros/foxy/share/ament_lint_auto/cmake)
[24.935s] -- Added test 'cppcheck' to perform static code analysis on C / C++ code
[24.939s] -- Configured cppcheck include dirs: /home/smartway/ros2_ws/src/navigation2/nav2_amcl/include;/home/smartway/ros2_ws/src/navigation2/nav2_amcl/src/include
[24.940s] -- Configured cppcheck exclude dirs and/or files: 
[24.959s] -- Added test 'lint_cmake' to check CMake code style
[24.995s] -- Added test 'uncrustify' to check C / C++ code style
[24.997s] -- Configured uncrustify additional arguments: 
[25.005s] -- Added test 'xmllint' to check XML markup files
[25.066s] -- Configuring done
[25.819s] -- Generating done
[25.838s] -- Build files have been written to: /home/smartway/ros2_ws/build/nav2_amcl
[25.928s] Invoked command in '/home/smartway/ros2_ws/build/nav2_amcl' returned '0': AMENT_PREFIX_PATH=/home/smartway/ros2_ws/install/nav2_util:/home/smartway/ros2_ws/install/nav2_msgs:/home/smartway/ros2_ws/install/nav2_common:${AMENT_PREFIX_PATH} CMAKE_PREFIX_PATH=/home/smartway/ros2_ws/install/nav2_util:/home/smartway/ros2_ws/install/nav2_msgs:/home/smartway/ros2_ws/install/nav2_common:/build/rpi_robot_action_interfaces:/build/rpi_robot_bringup:/build/rpi_robot_slam:/build/rplidar_ros:/opt/ros/foxy LD_LIBRARY_PATH=/home/smartway/ros2_ws/install/nav2_util/lib:/home/smartway/ros2_ws/install/nav2_msgs/lib:/opt/ros/foxy/opt/yaml_cpp_vendor/lib:/opt/ros/foxy/opt/rviz_ogre_vendor/lib:/opt/ros/foxy/lib/aarch64-linux-gnu:/opt/ros/foxy/lib:/usr/lib/aarch64-linux-gnu/gazebo-11/plugins PYTHONPATH=/home/smartway/ros2_ws/install/nav2_msgs/lib/python3.8/site-packages:/home/smartway/ros2_ws/install/nav2_common/lib/python3.8/site-packages:${PYTHONPATH} /usr/bin/cmake /home/smartway/ros2_ws/src/navigation2/nav2_amcl -DCMAKE_INSTALL_PREFIX=/home/smartway/ros2_ws/install/nav2_amcl
[25.937s] Invoking command in '/home/smartway/ros2_ws/build/nav2_amcl': AMENT_PREFIX_PATH=/home/smartway/ros2_ws/install/nav2_util:/home/smartway/ros2_ws/install/nav2_msgs:/home/smartway/ros2_ws/install/nav2_common:${AMENT_PREFIX_PATH} CMAKE_PREFIX_PATH=/home/smartway/ros2_ws/install/nav2_util:/home/smartway/ros2_ws/install/nav2_msgs:/home/smartway/ros2_ws/install/nav2_common:/build/rpi_robot_action_interfaces:/build/rpi_robot_bringup:/build/rpi_robot_slam:/build/rplidar_ros:/opt/ros/foxy LD_LIBRARY_PATH=/home/smartway/ros2_ws/install/nav2_util/lib:/home/smartway/ros2_ws/install/nav2_msgs/lib:/opt/ros/foxy/opt/yaml_cpp_vendor/lib:/opt/ros/foxy/opt/rviz_ogre_vendor/lib:/opt/ros/foxy/lib/aarch64-linux-gnu:/opt/ros/foxy/lib:/usr/lib/aarch64-linux-gnu/gazebo-11/plugins PYTHONPATH=/home/smartway/ros2_ws/install/nav2_msgs/lib/python3.8/site-packages:/home/smartway/ros2_ws/install/nav2_common/lib/python3.8/site-packages:${PYTHONPATH} /usr/bin/cmake --build /home/smartway/ros2_ws/build/nav2_amcl -- -j4 -l4
[26.216s] [35m[1mScanning dependencies of target map_lib[0m
[26.299s] [  3%] [32mBuilding C object src/map/CMakeFiles/map_lib.dir/map.c.o[0m
[26.613s] [  7%] [32mBuilding C object src/map/CMakeFiles/map_lib.dir/map_range.c.o[0m
[27.014s] [ 11%] [32mBuilding C object src/map/CMakeFiles/map_lib.dir/map_draw.c.o[0m
[27.185s] [ 15%] [32mBuilding CXX object src/map/CMakeFiles/map_lib.dir/map_cspace.cpp.o[0m
[29.464s] [ 19%] [32mBuilding C object src/map/CMakeFiles/map_lib.dir/map_store.c.o[0m
[29.869s] [ 23%] [32m[1mLinking CXX shared library libmap_lib.so[0m
[30.308s] [ 23%] Built target map_lib
[30.478s] [35m[1mScanning dependencies of target pf_lib[0m
[30.569s] [ 26%] [32mBuilding C object src/pf/CMakeFiles/pf_lib.dir/pf.c.o[0m
[31.724s] [ 30%] [32mBuilding C object src/pf/CMakeFiles/pf_lib.dir/pf_vector.c.o[0m
[32.308s] [ 34%] [32mBuilding C object src/pf/CMakeFiles/pf_lib.dir/eig3.c.o[0m
[33.184s] [ 38%] [32mBuilding C object src/pf/CMakeFiles/pf_lib.dir/pf_draw.c.o[0m
[33.394s] [ 42%] [32mBuilding C object src/pf/CMakeFiles/pf_lib.dir/pf_pdf.c.o[0m
[33.861s] [ 46%] [32mBuilding C object src/pf/CMakeFiles/pf_lib.dir/pf_kdtree.c.o[0m
[34.664s] [ 50%] [32m[1mLinking C shared library libpf_lib.so[0m
[34.930s] [ 50%] Built target pf_lib
[35.010s] [35m[1mScanning dependencies of target sensors_lib[0m
[35.118s] [ 53%] [32mBuilding CXX object src/sensors/CMakeFiles/sensors_lib.dir/laser/laser.cpp.o[0m
[36.949s] [ 57%] [32mBuilding CXX object src/sensors/CMakeFiles/sensors_lib.dir/laser/likelihood_field_model.cpp.o[0m
[38.632s] [ 61%] [32mBuilding CXX object src/sensors/CMakeFiles/sensors_lib.dir/laser/likelihood_field_model_prob.cpp.o[0m
[40.782s] [ 65%] [32mBuilding CXX object src/sensors/CMakeFiles/sensors_lib.dir/laser/beam_model.cpp.o[0m
[42.576s] [ 69%] [32m[1mLinking CXX shared library libsensors_lib.so[0m
[43.026s] [ 69%] Built target sensors_lib
[43.102s] [35m[1mScanning dependencies of target motions_lib[0m
[43.234s] [ 73%] [32mBuilding CXX object src/motion_model/CMakeFiles/motions_lib.dir/omni_motion_model.cpp.o[0m
[45.215s] [ 76%] [32mBuilding CXX object src/motion_model/CMakeFiles/motions_lib.dir/motion_model.cpp.o[0m
[46.822s] [ 80%] [32mBuilding CXX object src/motion_model/CMakeFiles/motions_lib.dir/differential_motion_model.cpp.o[0m
[48.925s] [ 84%] [32m[1mLinking CXX shared library libmotions_lib.so[0m
[49.615s] [ 84%] Built target motions_lib
[49.691s] [35m[1mScanning dependencies of target amcl_core[0m
[50.132s] [ 88%] [32mBuilding CXX object CMakeFiles/amcl_core.dir/src/amcl_node.cpp.o[0m
[180.252s] [ 92%] [32m[1mLinking CXX shared library libamcl_core.so[0m
[182.902s] [ 92%] Built target amcl_core
[182.970s] [35m[1mScanning dependencies of target amcl[0m
[183.289s] [ 96%] [32mBuilding CXX object CMakeFiles/amcl.dir/src/main.cpp.o[0m
[202.620s] [100%] [32m[1mLinking CXX executable amcl[0m
[204.924s] [100%] Built target amcl
[204.999s] Invoked command in '/home/smartway/ros2_ws/build/nav2_amcl' returned '0': AMENT_PREFIX_PATH=/home/smartway/ros2_ws/install/nav2_util:/home/smartway/ros2_ws/install/nav2_msgs:/home/smartway/ros2_ws/install/nav2_common:${AMENT_PREFIX_PATH} CMAKE_PREFIX_PATH=/home/smartway/ros2_ws/install/nav2_util:/home/smartway/ros2_ws/install/nav2_msgs:/home/smartway/ros2_ws/install/nav2_common:/build/rpi_robot_action_interfaces:/build/rpi_robot_bringup:/build/rpi_robot_slam:/build/rplidar_ros:/opt/ros/foxy LD_LIBRARY_PATH=/home/smartway/ros2_ws/install/nav2_util/lib:/home/smartway/ros2_ws/install/nav2_msgs/lib:/opt/ros/foxy/opt/yaml_cpp_vendor/lib:/opt/ros/foxy/opt/rviz_ogre_vendor/lib:/opt/ros/foxy/lib/aarch64-linux-gnu:/opt/ros/foxy/lib:/usr/lib/aarch64-linux-gnu/gazebo-11/plugins PYTHONPATH=/home/smartway/ros2_ws/install/nav2_msgs/lib/python3.8/site-packages:/home/smartway/ros2_ws/install/nav2_common/lib/python3.8/site-packages:${PYTHONPATH} /usr/bin/cmake --build /home/smartway/ros2_ws/build/nav2_amcl -- -j4 -l4
[205.267s] Invoking command in '/home/smartway/ros2_ws/build/nav2_amcl': AMENT_PREFIX_PATH=/home/smartway/ros2_ws/install/nav2_util:/home/smartway/ros2_ws/install/nav2_msgs:/home/smartway/ros2_ws/install/nav2_common:${AMENT_PREFIX_PATH} CMAKE_PREFIX_PATH=/home/smartway/ros2_ws/install/nav2_util:/home/smartway/ros2_ws/install/nav2_msgs:/home/smartway/ros2_ws/install/nav2_common:/build/rpi_robot_action_interfaces:/build/rpi_robot_bringup:/build/rpi_robot_slam:/build/rplidar_ros:/opt/ros/foxy LD_LIBRARY_PATH=/home/smartway/ros2_ws/install/nav2_util/lib:/home/smartway/ros2_ws/install/nav2_msgs/lib:/opt/ros/foxy/opt/yaml_cpp_vendor/lib:/opt/ros/foxy/opt/rviz_ogre_vendor/lib:/opt/ros/foxy/lib/aarch64-linux-gnu:/opt/ros/foxy/lib:/usr/lib/aarch64-linux-gnu/gazebo-11/plugins PYTHONPATH=/home/smartway/ros2_ws/install/nav2_msgs/lib/python3.8/site-packages:/home/smartway/ros2_ws/install/nav2_common/lib/python3.8/site-packages:${PYTHONPATH} /usr/bin/cmake --install /home/smartway/ros2_ws/build/nav2_amcl
[205.341s] -- Install configuration: "Release"
[205.344s] -- Installing: /home/smartway/ros2_ws/install/nav2_amcl/lib/libamcl_core.so
[205.360s] -- Set runtime path of "/home/smartway/ros2_ws/install/nav2_amcl/lib/libamcl_core.so" to ""
[205.363s] -- Installing: /home/smartway/ros2_ws/install/nav2_amcl/lib/nav2_amcl/amcl
[205.369s] -- Set runtime path of "/home/smartway/ros2_ws/install/nav2_amcl/lib/nav2_amcl/amcl" to ""
[205.373s] -- Installing: /home/smartway/ros2_ws/install/nav2_amcl/include/
[205.376s] -- Installing: /home/smartway/ros2_ws/install/nav2_amcl/include//nav2_amcl
[205.379s] -- Installing: /home/smartway/ros2_ws/install/nav2_amcl/include//nav2_amcl/motion_model
[205.383s] -- Installing: /home/smartway/ros2_ws/install/nav2_amcl/include//nav2_amcl/motion_model/motion_model.hpp
[205.387s] -- Installing: /home/smartway/ros2_ws/install/nav2_amcl/include//nav2_amcl/map
[205.391s] -- Installing: /home/smartway/ros2_ws/install/nav2_amcl/include//nav2_amcl/map/map.hpp
[205.394s] -- Installing: /home/smartway/ros2_ws/install/nav2_amcl/include//nav2_amcl/angleutils.hpp
[205.397s] -- Installing: /home/smartway/ros2_ws/install/nav2_amcl/include//nav2_amcl/sensors
[205.402s] -- Installing: /home/smartway/ros2_ws/install/nav2_amcl/include//nav2_amcl/sensors/laser
[205.405s] -- Installing: /home/smartway/ros2_ws/install/nav2_amcl/include//nav2_amcl/sensors/laser/laser.hpp
[205.410s] -- Installing: /home/smartway/ros2_ws/install/nav2_amcl/include//nav2_amcl/amcl_node.hpp
[205.413s] -- Installing: /home/smartway/ros2_ws/install/nav2_amcl/include//nav2_amcl/pf
[205.416s] -- Installing: /home/smartway/ros2_ws/install/nav2_amcl/include//nav2_amcl/pf/eig3.hpp
[205.420s] -- Installing: /home/smartway/ros2_ws/install/nav2_amcl/include//nav2_amcl/pf/pf_vector.hpp
[205.423s] -- Installing: /home/smartway/ros2_ws/install/nav2_amcl/include//nav2_amcl/pf/pf.hpp
[205.427s] -- Installing: /home/smartway/ros2_ws/install/nav2_amcl/include//nav2_amcl/pf/pf_kdtree.hpp
[205.431s] -- Installing: /home/smartway/ros2_ws/install/nav2_amcl/include//nav2_amcl/pf/pf_pdf.hpp
[205.435s] -- Installing: /home/smartway/ros2_ws/install/nav2_amcl/share/nav2_amcl/environment/library_path.sh
[205.439s] -- Installing: /home/smartway/ros2_ws/install/nav2_amcl/share/nav2_amcl/environment/library_path.dsv
[205.444s] -- Installing: /home/smartway/ros2_ws/install/nav2_amcl/share/ament_index/resource_index/package_run_dependencies/nav2_amcl
[205.449s] -- Installing: /home/smartway/ros2_ws/install/nav2_amcl/share/ament_index/resource_index/parent_prefix_path/nav2_amcl
[205.452s] -- Installing: /home/smartway/ros2_ws/install/nav2_amcl/share/nav2_amcl/environment/ament_prefix_path.sh
[205.456s] -- Installing: /home/smartway/ros2_ws/install/nav2_amcl/share/nav2_amcl/environment/ament_prefix_path.dsv
[205.459s] -- Installing: /home/smartway/ros2_ws/install/nav2_amcl/share/nav2_amcl/environment/path.sh
[205.462s] -- Installing: /home/smartway/ros2_ws/install/nav2_amcl/share/nav2_amcl/environment/path.dsv
[205.466s] -- Installing: /home/smartway/ros2_ws/install/nav2_amcl/share/nav2_amcl/local_setup.bash
[205.470s] -- Installing: /home/smartway/ros2_ws/install/nav2_amcl/share/nav2_amcl/local_setup.sh
[205.475s] -- Installing: /home/smartway/ros2_ws/install/nav2_amcl/share/nav2_amcl/local_setup.zsh
[205.479s] -- Installing: /home/smartway/ros2_ws/install/nav2_amcl/share/nav2_amcl/local_setup.dsv
[205.482s] -- Installing: /home/smartway/ros2_ws/install/nav2_amcl/share/nav2_amcl/package.dsv
[205.487s] -- Installing: /home/smartway/ros2_ws/install/nav2_amcl/share/ament_index/resource_index/packages/nav2_amcl
[205.491s] -- Installing: /home/smartway/ros2_ws/install/nav2_amcl/share/nav2_amcl/cmake/ament_cmake_export_include_directories-extras.cmake
[205.495s] -- Installing: /home/smartway/ros2_ws/install/nav2_amcl/share/nav2_amcl/cmake/ament_cmake_export_libraries-extras.cmake
[205.499s] -- Installing: /home/smartway/ros2_ws/install/nav2_amcl/share/nav2_amcl/cmake/ament_cmake_export_dependencies-extras.cmake
[205.504s] -- Installing: /home/smartway/ros2_ws/install/nav2_amcl/share/nav2_amcl/cmake/nav2_amclConfig.cmake
[205.511s] -- Installing: /home/smartway/ros2_ws/install/nav2_amcl/share/nav2_amcl/cmake/nav2_amclConfig-version.cmake
[205.515s] -- Installing: /home/smartway/ros2_ws/install/nav2_amcl/share/nav2_amcl/package.xml
[205.519s] -- Installing: /home/smartway/ros2_ws/install/nav2_amcl/lib/libpf_lib.so
[205.524s] -- Installing: /home/smartway/ros2_ws/install/nav2_amcl/lib/libmap_lib.so
[205.529s] -- Installing: /home/smartway/ros2_ws/install/nav2_amcl/lib/libmotions_lib.so
[205.534s] -- Set runtime path of "/home/smartway/ros2_ws/install/nav2_amcl/lib/libmotions_lib.so" to ""
[205.537s] -- Installing: /home/smartway/ros2_ws/install/nav2_amcl/lib/libsensors_lib.so
[205.542s] -- Set runtime path of "/home/smartway/ros2_ws/install/nav2_amcl/lib/libsensors_lib.so" to ""
[205.568s] Invoked command in '/home/smartway/ros2_ws/build/nav2_amcl' returned '0': AMENT_PREFIX_PATH=/home/smartway/ros2_ws/install/nav2_util:/home/smartway/ros2_ws/install/nav2_msgs:/home/smartway/ros2_ws/install/nav2_common:${AMENT_PREFIX_PATH} CMAKE_PREFIX_PATH=/home/smartway/ros2_ws/install/nav2_util:/home/smartway/ros2_ws/install/nav2_msgs:/home/smartway/ros2_ws/install/nav2_common:/build/rpi_robot_action_interfaces:/build/rpi_robot_bringup:/build/rpi_robot_slam:/build/rplidar_ros:/opt/ros/foxy LD_LIBRARY_PATH=/home/smartway/ros2_ws/install/nav2_util/lib:/home/smartway/ros2_ws/install/nav2_msgs/lib:/opt/ros/foxy/opt/yaml_cpp_vendor/lib:/opt/ros/foxy/opt/rviz_ogre_vendor/lib:/opt/ros/foxy/lib/aarch64-linux-gnu:/opt/ros/foxy/lib:/usr/lib/aarch64-linux-gnu/gazebo-11/plugins PYTHONPATH=/home/smartway/ros2_ws/install/nav2_msgs/lib/python3.8/site-packages:/home/smartway/ros2_ws/install/nav2_common/lib/python3.8/site-packages:${PYTHONPATH} /usr/bin/cmake --install /home/smartway/ros2_ws/build/nav2_amcl
