[0.321s] Invoking command in '/home/smartway/ros2_ws/build/dwb_plugins': AMENT_PREFIX_PATH=/home/smartway/ros2_ws/install/dwb_core:/home/smartway/ros2_ws/install/nav2_core:/home/smartway/ros2_ws/install/nav2_costmap_2d:/home/smartway/ros2_ws/install/nav_2d_utils:/home/smartway/ros2_ws/install/nav2_util:/home/smartway/ros2_ws/install/nav2_voxel_grid:/home/smartway/ros2_ws/install/nav2_msgs:/home/smartway/ros2_ws/install/dwb_msgs:/home/smartway/ros2_ws/install/nav_2d_msgs:/home/smartway/ros2_ws/install/nav2_common:${AMENT_PREFIX_PATH} CMAKE_PREFIX_PATH=/home/smartway/ros2_ws/install/dwb_core:/home/smartway/ros2_ws/install/nav2_core:/home/smartway/ros2_ws/install/nav2_costmap_2d:/home/smartway/ros2_ws/install/nav_2d_utils:/home/smartway/ros2_ws/install/nav2_util:/home/smartway/ros2_ws/install/nav2_voxel_grid:/home/smartway/ros2_ws/install/nav2_msgs:/home/smartway/ros2_ws/install/dwb_msgs:/home/smartway/ros2_ws/install/nav_2d_msgs:/home/smartway/ros2_ws/install/nav2_common:/build/rpi_robot_action_interfaces:/build/rpi_robot_bringup:/build/rpi_robot_slam:/build/rplidar_ros:/opt/ros/foxy LD_LIBRARY_PATH=/home/smartway/ros2_ws/install/dwb_core/lib:/home/smartway/ros2_ws/install/nav2_costmap_2d/lib:/home/smartway/ros2_ws/install/nav_2d_utils/lib:/home/smartway/ros2_ws/install/nav2_util/lib:/home/smartway/ros2_ws/install/nav2_voxel_grid/lib:/home/smartway/ros2_ws/install/nav2_msgs/lib:/home/smartway/ros2_ws/install/dwb_msgs/lib:/home/smartway/ros2_ws/install/nav_2d_msgs/lib:/opt/ros/foxy/opt/yaml_cpp_vendor/lib:/opt/ros/foxy/opt/rviz_ogre_vendor/lib:/opt/ros/foxy/lib/aarch64-linux-gnu:/opt/ros/foxy/lib:/usr/lib/aarch64-linux-gnu/gazebo-11/plugins PYTHONPATH=/home/smartway/ros2_ws/install/nav2_msgs/lib/python3.8/site-packages:/home/smartway/ros2_ws/install/dwb_msgs/lib/python3.8/site-packages:/home/smartway/ros2_ws/install/nav_2d_msgs/lib/python3.8/site-packages:/home/smartway/ros2_ws/install/nav2_common/lib/python3.8/site-packages:${PYTHONPATH} /usr/bin/cmake /home/smartway/ros2_ws/src/navigation2/nav2_dwb_controller/dwb_plugins -DCMAKE_INSTALL_PREFIX=/home/smartway/ros2_ws/install/dwb_plugins
[0.830s] -- The C compiler identification is GNU 9.4.0
[1.177s] -- The CXX compiler identification is GNU 9.4.0
[1.239s] -- Check for working C compiler: /usr/bin/cc
[1.814s] -- Check for working C compiler: /usr/bin/cc -- works
[1.825s] -- Detecting C compiler ABI info
[2.387s] -- Detecting C compiler ABI info - done
[2.469s] -- Detecting C compile features
[2.471s] -- Detecting C compile features - done
[2.487s] -- Check for working CXX compiler: /usr/bin/c++
[3.084s] -- Check for working CXX compiler: /usr/bin/c++ -- works
[3.091s] -- Detecting CXX compiler ABI info
[3.707s] -- Detecting CXX compiler ABI info - done
[3.776s] -- Detecting CXX compile features
[3.781s] -- Detecting CXX compile features - done
[3.837s] -- Found ament_cmake: 0.9.11 (/opt/ros/foxy/share/ament_cmake/cmake)
[4.099s] -- Found PythonInterp: /usr/bin/python3 (found suitable version "3.8.10", minimum required is "3") 
[4.100s] -- Using PYTHON_EXECUTABLE: /usr/bin/python3
[6.281s] -- Found nav2_common: 0.4.7 (/home/smartway/ros2_ws/install/nav2_common/share/nav2_common/cmake)
[6.310s] -- Found angles: 1.12.6 (/opt/ros/foxy/share/angles/cmake)
[6.320s] -- Found dwb_core: 0.4.7 (/home/smartway/ros2_ws/install/dwb_core/share/dwb_core/cmake)
[6.898s] -- Using all available rosidl_typesupport_c: rosidl_typesupport_fastrtps_c;rosidl_typesupport_introspection_c
[7.004s] -- Found rosidl_adapter: 1.3.0 (/opt/ros/foxy/share/rosidl_adapter/cmake)
[7.942s] -- Found OpenSSL: /usr/lib/aarch64-linux-gnu/libcrypto.so (found version "1.1.1f")  
[8.338s] -- Found FastRTPS: /opt/ros/foxy/include  
[9.420s] -- Using all available rosidl_typesupport_cpp: rosidl_typesupport_fastrtps_cpp;rosidl_typesupport_introspection_cpp
[10.048s] -- Found rmw_implementation_cmake: 1.0.4 (/opt/ros/foxy/share/rmw_implementation_cmake/cmake)
[10.058s] -- Using RMW implementation 'rmw_fastrtps_cpp' as default
[10.063s] -- Looking for pthread.h
[10.584s] -- Looking for pthread.h - found
[10.592s] -- Performing Test CMAKE_HAVE_LIBC_PTHREAD
[11.159s] -- Performing Test CMAKE_HAVE_LIBC_PTHREAD - Failed
[11.162s] -- Looking for pthread_create in pthreads
[11.645s] -- Looking for pthread_create in pthreads - not found
[11.648s] -- Looking for pthread_create in pthread
[12.250s] -- Looking for pthread_create in pthread - found
[12.256s] -- Found Threads: TRUE  
[21.611s] -- Found Eigen3: TRUE (found version "3.3.7") 
[34.390s] -- Setting build type to Release as none was specified.
[47.573s] -- Found ament_lint_auto: 0.9.8 (/opt/ros/foxy/share/ament_lint_auto/cmake)
[48.797s] -- Found gtest sources under '/opt/ros/foxy/src/gtest_vendor': C++ tests using 'Google Test' will be built
[48.833s] -- Check if compiler accepts -pthread
[50.066s] -- Check if compiler accepts -pthread - yes
[50.172s] -- Added test 'cppcheck' to perform static code analysis on C / C++ code
[50.175s] -- Configured cppcheck include dirs: /home/smartway/ros2_ws/src/navigation2/nav2_dwb_controller/dwb_plugins/include
[50.176s] -- Configured cppcheck exclude dirs and/or files: 
[50.198s] -- Added test 'cpplint' to check C / C++ code against the Google style
[50.199s] -- Configured cpplint exclude dirs and/or files: 
[50.208s] -- Added test 'lint_cmake' to check CMake code style
[50.226s] -- Added test 'uncrustify' to check C / C++ code style
[50.228s] -- Configured uncrustify additional arguments: 
[50.234s] -- Added test 'xmllint' to check XML markup files
[50.300s] -- Configuring done
[51.122s] -- Generating done
[51.137s] -- Build files have been written to: /home/smartway/ros2_ws/build/dwb_plugins
[51.317s] Invoked command in '/home/smartway/ros2_ws/build/dwb_plugins' returned '0': AMENT_PREFIX_PATH=/home/smartway/ros2_ws/install/dwb_core:/home/smartway/ros2_ws/install/nav2_core:/home/smartway/ros2_ws/install/nav2_costmap_2d:/home/smartway/ros2_ws/install/nav_2d_utils:/home/smartway/ros2_ws/install/nav2_util:/home/smartway/ros2_ws/install/nav2_voxel_grid:/home/smartway/ros2_ws/install/nav2_msgs:/home/smartway/ros2_ws/install/dwb_msgs:/home/smartway/ros2_ws/install/nav_2d_msgs:/home/smartway/ros2_ws/install/nav2_common:${AMENT_PREFIX_PATH} CMAKE_PREFIX_PATH=/home/smartway/ros2_ws/install/dwb_core:/home/smartway/ros2_ws/install/nav2_core:/home/smartway/ros2_ws/install/nav2_costmap_2d:/home/smartway/ros2_ws/install/nav_2d_utils:/home/smartway/ros2_ws/install/nav2_util:/home/smartway/ros2_ws/install/nav2_voxel_grid:/home/smartway/ros2_ws/install/nav2_msgs:/home/smartway/ros2_ws/install/dwb_msgs:/home/smartway/ros2_ws/install/nav_2d_msgs:/home/smartway/ros2_ws/install/nav2_common:/build/rpi_robot_action_interfaces:/build/rpi_robot_bringup:/build/rpi_robot_slam:/build/rplidar_ros:/opt/ros/foxy LD_LIBRARY_PATH=/home/smartway/ros2_ws/install/dwb_core/lib:/home/smartway/ros2_ws/install/nav2_costmap_2d/lib:/home/smartway/ros2_ws/install/nav_2d_utils/lib:/home/smartway/ros2_ws/install/nav2_util/lib:/home/smartway/ros2_ws/install/nav2_voxel_grid/lib:/home/smartway/ros2_ws/install/nav2_msgs/lib:/home/smartway/ros2_ws/install/dwb_msgs/lib:/home/smartway/ros2_ws/install/nav_2d_msgs/lib:/opt/ros/foxy/opt/yaml_cpp_vendor/lib:/opt/ros/foxy/opt/rviz_ogre_vendor/lib:/opt/ros/foxy/lib/aarch64-linux-gnu:/opt/ros/foxy/lib:/usr/lib/aarch64-linux-gnu/gazebo-11/plugins PYTHONPATH=/home/smartway/ros2_ws/install/nav2_msgs/lib/python3.8/site-packages:/home/smartway/ros2_ws/install/dwb_msgs/lib/python3.8/site-packages:/home/smartway/ros2_ws/install/nav_2d_msgs/lib/python3.8/site-packages:/home/smartway/ros2_ws/install/nav2_common/lib/python3.8/site-packages:${PYTHONPATH} /usr/bin/cmake /home/smartway/ros2_ws/src/navigation2/nav2_dwb_controller/dwb_plugins -DCMAKE_INSTALL_PREFIX=/home/smartway/ros2_ws/install/dwb_plugins
[51.320s] Invoking command in '/home/smartway/ros2_ws/build/dwb_plugins': AMENT_PREFIX_PATH=/home/smartway/ros2_ws/install/dwb_core:/home/smartway/ros2_ws/install/nav2_core:/home/smartway/ros2_ws/install/nav2_costmap_2d:/home/smartway/ros2_ws/install/nav_2d_utils:/home/smartway/ros2_ws/install/nav2_util:/home/smartway/ros2_ws/install/nav2_voxel_grid:/home/smartway/ros2_ws/install/nav2_msgs:/home/smartway/ros2_ws/install/dwb_msgs:/home/smartway/ros2_ws/install/nav_2d_msgs:/home/smartway/ros2_ws/install/nav2_common:${AMENT_PREFIX_PATH} CMAKE_PREFIX_PATH=/home/smartway/ros2_ws/install/dwb_core:/home/smartway/ros2_ws/install/nav2_core:/home/smartway/ros2_ws/install/nav2_costmap_2d:/home/smartway/ros2_ws/install/nav_2d_utils:/home/smartway/ros2_ws/install/nav2_util:/home/smartway/ros2_ws/install/nav2_voxel_grid:/home/smartway/ros2_ws/install/nav2_msgs:/home/smartway/ros2_ws/install/dwb_msgs:/home/smartway/ros2_ws/install/nav_2d_msgs:/home/smartway/ros2_ws/install/nav2_common:/build/rpi_robot_action_interfaces:/build/rpi_robot_bringup:/build/rpi_robot_slam:/build/rplidar_ros:/opt/ros/foxy LD_LIBRARY_PATH=/home/smartway/ros2_ws/install/dwb_core/lib:/home/smartway/ros2_ws/install/nav2_costmap_2d/lib:/home/smartway/ros2_ws/install/nav_2d_utils/lib:/home/smartway/ros2_ws/install/nav2_util/lib:/home/smartway/ros2_ws/install/nav2_voxel_grid/lib:/home/smartway/ros2_ws/install/nav2_msgs/lib:/home/smartway/ros2_ws/install/dwb_msgs/lib:/home/smartway/ros2_ws/install/nav_2d_msgs/lib:/opt/ros/foxy/opt/yaml_cpp_vendor/lib:/opt/ros/foxy/opt/rviz_ogre_vendor/lib:/opt/ros/foxy/lib/aarch64-linux-gnu:/opt/ros/foxy/lib:/usr/lib/aarch64-linux-gnu/gazebo-11/plugins PYTHONPATH=/home/smartway/ros2_ws/install/nav2_msgs/lib/python3.8/site-packages:/home/smartway/ros2_ws/install/dwb_msgs/lib/python3.8/site-packages:/home/smartway/ros2_ws/install/nav_2d_msgs/lib/python3.8/site-packages:/home/smartway/ros2_ws/install/nav2_common/lib/python3.8/site-packages:${PYTHONPATH} /usr/bin/cmake --build /home/smartway/ros2_ws/build/dwb_plugins -- -j4 -l4
[51.810s] [35m[1mScanning dependencies of target standard_traj_generator[0m
[52.313s] [  7%] [32mBuilding CXX object CMakeFiles/standard_traj_generator.dir/src/standard_traj_generator.cpp.o[0m
[74.362s] [ 15%] [32mBuilding CXX object CMakeFiles/standard_traj_generator.dir/src/limited_accel_generator.cpp.o[0m
[94.045s] [ 23%] [32mBuilding CXX object CMakeFiles/standard_traj_generator.dir/src/kinematic_parameters.cpp.o[0m
[151.181s] [ 30%] [32mBuilding CXX object CMakeFiles/standard_traj_generator.dir/src/xy_theta_iterator.cpp.o[0m
[171.238s] [ 38%] [32m[1mLinking CXX shared library libstandard_traj_generator.so[0m
[173.058s] [ 38%] Built target standard_traj_generator
[173.144s] [35m[1mScanning dependencies of target gtest_main[0m
[173.252s] [ 46%] [32mBuilding CXX object gtest/CMakeFiles/gtest_main.dir/src/gtest_main.cc.o[0m
[179.249s] [ 53%] [32m[1mLinking CXX static library libgtest_main.a[0m
[179.572s] [ 53%] Built target gtest_main
[179.681s] [35m[1mScanning dependencies of target gtest[0m
[179.848s] [ 61%] [32mBuilding CXX object gtest/CMakeFiles/gtest.dir/src/gtest-all.cc.o[0m
[232.554s] [ 69%] [32m[1mLinking CXX static library libgtest.a[0m
[232.834s] [ 69%] Built target gtest
[232.902s] [35m[1mScanning dependencies of target twist_gen_test[0m
[233.264s] [ 76%] [32mBuilding CXX object test/CMakeFiles/twist_gen_test.dir/twist_gen.cpp.o[0m
[257.229s] [ 84%] [32m[1mLinking CXX executable twist_gen_test[0m
[258.596s] [ 84%] Built target twist_gen_test
[258.660s] [35m[1mScanning dependencies of target vtest[0m
[258.763s] [ 92%] [32mBuilding CXX object test/CMakeFiles/vtest.dir/velocity_iterator_test.cpp.o[0m
[264.005s] [100%] [32m[1mLinking CXX executable vtest[0m
[264.405s] [100%] Built target vtest
[264.461s] Invoked command in '/home/smartway/ros2_ws/build/dwb_plugins' returned '0': AMENT_PREFIX_PATH=/home/smartway/ros2_ws/install/dwb_core:/home/smartway/ros2_ws/install/nav2_core:/home/smartway/ros2_ws/install/nav2_costmap_2d:/home/smartway/ros2_ws/install/nav_2d_utils:/home/smartway/ros2_ws/install/nav2_util:/home/smartway/ros2_ws/install/nav2_voxel_grid:/home/smartway/ros2_ws/install/nav2_msgs:/home/smartway/ros2_ws/install/dwb_msgs:/home/smartway/ros2_ws/install/nav_2d_msgs:/home/smartway/ros2_ws/install/nav2_common:${AMENT_PREFIX_PATH} CMAKE_PREFIX_PATH=/home/smartway/ros2_ws/install/dwb_core:/home/smartway/ros2_ws/install/nav2_core:/home/smartway/ros2_ws/install/nav2_costmap_2d:/home/smartway/ros2_ws/install/nav_2d_utils:/home/smartway/ros2_ws/install/nav2_util:/home/smartway/ros2_ws/install/nav2_voxel_grid:/home/smartway/ros2_ws/install/nav2_msgs:/home/smartway/ros2_ws/install/dwb_msgs:/home/smartway/ros2_ws/install/nav_2d_msgs:/home/smartway/ros2_ws/install/nav2_common:/build/rpi_robot_action_interfaces:/build/rpi_robot_bringup:/build/rpi_robot_slam:/build/rplidar_ros:/opt/ros/foxy LD_LIBRARY_PATH=/home/smartway/ros2_ws/install/dwb_core/lib:/home/smartway/ros2_ws/install/nav2_costmap_2d/lib:/home/smartway/ros2_ws/install/nav_2d_utils/lib:/home/smartway/ros2_ws/install/nav2_util/lib:/home/smartway/ros2_ws/install/nav2_voxel_grid/lib:/home/smartway/ros2_ws/install/nav2_msgs/lib:/home/smartway/ros2_ws/install/dwb_msgs/lib:/home/smartway/ros2_ws/install/nav_2d_msgs/lib:/opt/ros/foxy/opt/yaml_cpp_vendor/lib:/opt/ros/foxy/opt/rviz_ogre_vendor/lib:/opt/ros/foxy/lib/aarch64-linux-gnu:/opt/ros/foxy/lib:/usr/lib/aarch64-linux-gnu/gazebo-11/plugins PYTHONPATH=/home/smartway/ros2_ws/install/nav2_msgs/lib/python3.8/site-packages:/home/smartway/ros2_ws/install/dwb_msgs/lib/python3.8/site-packages:/home/smartway/ros2_ws/install/nav_2d_msgs/lib/python3.8/site-packages:/home/smartway/ros2_ws/install/nav2_common/lib/python3.8/site-packages:${PYTHONPATH} /usr/bin/cmake --build /home/smartway/ros2_ws/build/dwb_plugins -- -j4 -l4
[264.669s] Invoking command in '/home/smartway/ros2_ws/build/dwb_plugins': AMENT_PREFIX_PATH=/home/smartway/ros2_ws/install/dwb_core:/home/smartway/ros2_ws/install/nav2_core:/home/smartway/ros2_ws/install/nav2_costmap_2d:/home/smartway/ros2_ws/install/nav_2d_utils:/home/smartway/ros2_ws/install/nav2_util:/home/smartway/ros2_ws/install/nav2_voxel_grid:/home/smartway/ros2_ws/install/nav2_msgs:/home/smartway/ros2_ws/install/dwb_msgs:/home/smartway/ros2_ws/install/nav_2d_msgs:/home/smartway/ros2_ws/install/nav2_common:${AMENT_PREFIX_PATH} CMAKE_PREFIX_PATH=/home/smartway/ros2_ws/install/dwb_core:/home/smartway/ros2_ws/install/nav2_core:/home/smartway/ros2_ws/install/nav2_costmap_2d:/home/smartway/ros2_ws/install/nav_2d_utils:/home/smartway/ros2_ws/install/nav2_util:/home/smartway/ros2_ws/install/nav2_voxel_grid:/home/smartway/ros2_ws/install/nav2_msgs:/home/smartway/ros2_ws/install/dwb_msgs:/home/smartway/ros2_ws/install/nav_2d_msgs:/home/smartway/ros2_ws/install/nav2_common:/build/rpi_robot_action_interfaces:/build/rpi_robot_bringup:/build/rpi_robot_slam:/build/rplidar_ros:/opt/ros/foxy LD_LIBRARY_PATH=/home/smartway/ros2_ws/install/dwb_core/lib:/home/smartway/ros2_ws/install/nav2_costmap_2d/lib:/home/smartway/ros2_ws/install/nav_2d_utils/lib:/home/smartway/ros2_ws/install/nav2_util/lib:/home/smartway/ros2_ws/install/nav2_voxel_grid/lib:/home/smartway/ros2_ws/install/nav2_msgs/lib:/home/smartway/ros2_ws/install/dwb_msgs/lib:/home/smartway/ros2_ws/install/nav_2d_msgs/lib:/opt/ros/foxy/opt/yaml_cpp_vendor/lib:/opt/ros/foxy/opt/rviz_ogre_vendor/lib:/opt/ros/foxy/lib/aarch64-linux-gnu:/opt/ros/foxy/lib:/usr/lib/aarch64-linux-gnu/gazebo-11/plugins PYTHONPATH=/home/smartway/ros2_ws/install/nav2_msgs/lib/python3.8/site-packages:/home/smartway/ros2_ws/install/dwb_msgs/lib/python3.8/site-packages:/home/smartway/ros2_ws/install/nav_2d_msgs/lib/python3.8/site-packages:/home/smartway/ros2_ws/install/nav2_common/lib/python3.8/site-packages:${PYTHONPATH} /usr/bin/cmake --install /home/smartway/ros2_ws/build/dwb_plugins
[264.717s] -- Install configuration: "Release"
[264.718s] -- Installing: /home/smartway/ros2_ws/install/dwb_plugins/lib/libstandard_traj_generator.so
[264.724s] -- Set runtime path of "/home/smartway/ros2_ws/install/dwb_plugins/lib/libstandard_traj_generator.so" to ""
[264.725s] -- Installing: /home/smartway/ros2_ws/install/dwb_plugins/include/
[264.725s] -- Installing: /home/smartway/ros2_ws/install/dwb_plugins/include//dwb_plugins
[264.726s] -- Installing: /home/smartway/ros2_ws/install/dwb_plugins/include//dwb_plugins/xy_theta_iterator.hpp
[264.726s] -- Installing: /home/smartway/ros2_ws/install/dwb_plugins/include//dwb_plugins/standard_traj_generator.hpp
[264.727s] -- Installing: /home/smartway/ros2_ws/install/dwb_plugins/include//dwb_plugins/kinematic_parameters.hpp
[264.728s] -- Installing: /home/smartway/ros2_ws/install/dwb_plugins/include//dwb_plugins/limited_accel_generator.hpp
[264.729s] -- Installing: /home/smartway/ros2_ws/install/dwb_plugins/include//dwb_plugins/velocity_iterator.hpp
[264.730s] -- Installing: /home/smartway/ros2_ws/install/dwb_plugins/include//dwb_plugins/one_d_velocity_iterator.hpp
[264.732s] -- Installing: /home/smartway/ros2_ws/install/dwb_plugins/share/dwb_plugins/plugins.xml
[264.733s] -- Installing: /home/smartway/ros2_ws/install/dwb_plugins/share/dwb_plugins/environment/library_path.sh
[264.734s] -- Installing: /home/smartway/ros2_ws/install/dwb_plugins/share/dwb_plugins/environment/library_path.dsv
[264.736s] -- Up-to-date: /home/smartway/ros2_ws/install/dwb_plugins/share/dwb_plugins/plugins.xml
[264.737s] -- Installing: /home/smartway/ros2_ws/install/dwb_plugins/share/ament_index/resource_index/package_run_dependencies/dwb_plugins
[264.738s] -- Installing: /home/smartway/ros2_ws/install/dwb_plugins/share/ament_index/resource_index/parent_prefix_path/dwb_plugins
[264.740s] -- Installing: /home/smartway/ros2_ws/install/dwb_plugins/share/dwb_plugins/environment/ament_prefix_path.sh
[264.741s] -- Installing: /home/smartway/ros2_ws/install/dwb_plugins/share/dwb_plugins/environment/ament_prefix_path.dsv
[264.742s] -- Installing: /home/smartway/ros2_ws/install/dwb_plugins/share/dwb_plugins/environment/path.sh
[264.743s] -- Installing: /home/smartway/ros2_ws/install/dwb_plugins/share/dwb_plugins/environment/path.dsv
[264.745s] -- Installing: /home/smartway/ros2_ws/install/dwb_plugins/share/dwb_plugins/local_setup.bash
[264.746s] -- Installing: /home/smartway/ros2_ws/install/dwb_plugins/share/dwb_plugins/local_setup.sh
[264.747s] -- Installing: /home/smartway/ros2_ws/install/dwb_plugins/share/dwb_plugins/local_setup.zsh
[264.748s] -- Installing: /home/smartway/ros2_ws/install/dwb_plugins/share/dwb_plugins/local_setup.dsv
[264.749s] -- Installing: /home/smartway/ros2_ws/install/dwb_plugins/share/dwb_plugins/package.dsv
[264.751s] -- Installing: /home/smartway/ros2_ws/install/dwb_plugins/share/ament_index/resource_index/packages/dwb_plugins
[264.752s] -- Installing: /home/smartway/ros2_ws/install/dwb_plugins/share/ament_index/resource_index/dwb_core__pluginlib__plugin/dwb_plugins
[264.754s] -- Installing: /home/smartway/ros2_ws/install/dwb_plugins/share/dwb_plugins/cmake/ament_cmake_export_include_directories-extras.cmake
[264.755s] -- Installing: /home/smartway/ros2_ws/install/dwb_plugins/share/dwb_plugins/cmake/ament_cmake_export_libraries-extras.cmake
[264.757s] -- Installing: /home/smartway/ros2_ws/install/dwb_plugins/share/dwb_plugins/cmake/ament_cmake_export_definitions-extras.cmake
[264.758s] -- Installing: /home/smartway/ros2_ws/install/dwb_plugins/share/dwb_plugins/cmake/dwb_pluginsConfig.cmake
[264.759s] -- Installing: /home/smartway/ros2_ws/install/dwb_plugins/share/dwb_plugins/cmake/dwb_pluginsConfig-version.cmake
[264.760s] -- Installing: /home/smartway/ros2_ws/install/dwb_plugins/share/dwb_plugins/package.xml
[264.778s] Invoked command in '/home/smartway/ros2_ws/build/dwb_plugins' returned '0': AMENT_PREFIX_PATH=/home/smartway/ros2_ws/install/dwb_core:/home/smartway/ros2_ws/install/nav2_core:/home/smartway/ros2_ws/install/nav2_costmap_2d:/home/smartway/ros2_ws/install/nav_2d_utils:/home/smartway/ros2_ws/install/nav2_util:/home/smartway/ros2_ws/install/nav2_voxel_grid:/home/smartway/ros2_ws/install/nav2_msgs:/home/smartway/ros2_ws/install/dwb_msgs:/home/smartway/ros2_ws/install/nav_2d_msgs:/home/smartway/ros2_ws/install/nav2_common:${AMENT_PREFIX_PATH} CMAKE_PREFIX_PATH=/home/smartway/ros2_ws/install/dwb_core:/home/smartway/ros2_ws/install/nav2_core:/home/smartway/ros2_ws/install/nav2_costmap_2d:/home/smartway/ros2_ws/install/nav_2d_utils:/home/smartway/ros2_ws/install/nav2_util:/home/smartway/ros2_ws/install/nav2_voxel_grid:/home/smartway/ros2_ws/install/nav2_msgs:/home/smartway/ros2_ws/install/dwb_msgs:/home/smartway/ros2_ws/install/nav_2d_msgs:/home/smartway/ros2_ws/install/nav2_common:/build/rpi_robot_action_interfaces:/build/rpi_robot_bringup:/build/rpi_robot_slam:/build/rplidar_ros:/opt/ros/foxy LD_LIBRARY_PATH=/home/smartway/ros2_ws/install/dwb_core/lib:/home/smartway/ros2_ws/install/nav2_costmap_2d/lib:/home/smartway/ros2_ws/install/nav_2d_utils/lib:/home/smartway/ros2_ws/install/nav2_util/lib:/home/smartway/ros2_ws/install/nav2_voxel_grid/lib:/home/smartway/ros2_ws/install/nav2_msgs/lib:/home/smartway/ros2_ws/install/dwb_msgs/lib:/home/smartway/ros2_ws/install/nav_2d_msgs/lib:/opt/ros/foxy/opt/yaml_cpp_vendor/lib:/opt/ros/foxy/opt/rviz_ogre_vendor/lib:/opt/ros/foxy/lib/aarch64-linux-gnu:/opt/ros/foxy/lib:/usr/lib/aarch64-linux-gnu/gazebo-11/plugins PYTHONPATH=/home/smartway/ros2_ws/install/nav2_msgs/lib/python3.8/site-packages:/home/smartway/ros2_ws/install/dwb_msgs/lib/python3.8/site-packages:/home/smartway/ros2_ws/install/nav_2d_msgs/lib/python3.8/site-packages:/home/smartway/ros2_ws/install/nav2_common/lib/python3.8/site-packages:${PYTHONPATH} /usr/bin/cmake --install /home/smartway/ros2_ws/build/dwb_plugins
