Performing C++ SOURCE FILE Test CMAKE_HAVE_LIBC_PTHREAD failed with the following output:
Change Dir: /home/smartway/ros2_ws/build/nav2_behavior_tree/CMakeFiles/CMakeTmp

Run Build Command(s):/usr/bin/make cmTC_b16ee/fast && /usr/bin/make -f CMakeFiles/cmTC_b16ee.dir/build.make CMakeFiles/cmTC_b16ee.dir/build
make[1]: Entering directory '/home/smartway/ros2_ws/build/nav2_behavior_tree/CMakeFiles/CMakeTmp'
Building CXX object CMakeFiles/cmTC_b16ee.dir/src.cxx.o
/usr/bin/c++    -DCMAKE_HAVE_LIBC_PTHREAD   -o CMakeFiles/cmTC_b16ee.dir/src.cxx.o -c /home/smartway/ros2_ws/build/nav2_behavior_tree/CMakeFiles/CMakeTmp/src.cxx
Linking CXX executable cmTC_b16ee
/usr/bin/cmake -E cmake_link_script CMakeFiles/cmTC_b16ee.dir/link.txt --verbose=1
/usr/bin/c++   -DCMAKE_HAVE_LIBC_PTHREAD    CMakeFiles/cmTC_b16ee.dir/src.cxx.o  -o cmTC_b16ee 
/usr/bin/ld: CMakeFiles/cmTC_b16ee.dir/src.cxx.o: in function `main':
src.cxx:(.text+0x48): undefined reference to `pthread_create'
/usr/bin/ld: src.cxx:(.text+0x50): undefined reference to `pthread_detach'
/usr/bin/ld: src.cxx:(.text+0x5c): undefined reference to `pthread_join'
collect2: error: ld returned 1 exit status
make[1]: *** [CMakeFiles/cmTC_b16ee.dir/build.make:87: cmTC_b16ee] Error 1
make[1]: Leaving directory '/home/smartway/ros2_ws/build/nav2_behavior_tree/CMakeFiles/CMakeTmp'
make: *** [Makefile:121: cmTC_b16ee/fast] Error 2


Source file was:
#include <pthread.h>

void* test_func(void* data)
{
  return data;
}

int main(void)
{
  pthread_t thread;
  pthread_create(&thread, NULL, test_func, NULL);
  pthread_detach(thread);
  pthread_join(thread, NULL);
  pthread_atfork(NULL, NULL, NULL);
  pthread_exit(NULL);

  return 0;
}

Determining if the function pthread_create exists in the pthreads failed with the following output:
Change Dir: /home/smartway/ros2_ws/build/nav2_behavior_tree/CMakeFiles/CMakeTmp

Run Build Command(s):/usr/bin/make cmTC_cf9aa/fast && /usr/bin/make -f CMakeFiles/cmTC_cf9aa.dir/build.make CMakeFiles/cmTC_cf9aa.dir/build
make[1]: Entering directory '/home/smartway/ros2_ws/build/nav2_behavior_tree/CMakeFiles/CMakeTmp'
Building CXX object CMakeFiles/cmTC_cf9aa.dir/CheckFunctionExists.cxx.o
/usr/bin/c++    -DCHECK_FUNCTION_EXISTS=pthread_create   -o CMakeFiles/cmTC_cf9aa.dir/CheckFunctionExists.cxx.o -c /home/smartway/ros2_ws/build/nav2_behavior_tree/CMakeFiles/CheckLibraryExists/CheckFunctionExists.cxx
Linking CXX executable cmTC_cf9aa
/usr/bin/cmake -E cmake_link_script CMakeFiles/cmTC_cf9aa.dir/link.txt --verbose=1
/usr/bin/c++   -DCHECK_FUNCTION_EXISTS=pthread_create    CMakeFiles/cmTC_cf9aa.dir/CheckFunctionExists.cxx.o  -o cmTC_cf9aa  -lpthreads 
/usr/bin/ld: cannot find -lpthreads
collect2: error: ld returned 1 exit status
make[1]: *** [CMakeFiles/cmTC_cf9aa.dir/build.make:87: cmTC_cf9aa] Error 1
make[1]: Leaving directory '/home/smartway/ros2_ws/build/nav2_behavior_tree/CMakeFiles/CMakeTmp'
make: *** [Makefile:121: cmTC_cf9aa/fast] Error 2



