[0.136s] Invoking command in '/home/smartway/ros2_ws/build/rplidar_ros': CMAKE_PREFIX_PATH=${CMAKE_PREFIX_PATH}:/opt/ros/foxy /usr/bin/cmake /home/smartway/ros2_ws/rplidar_ros2 -DCMAKE_INSTALL_PREFIX=/home/smartway/ros2_ws/install/rplidar_ros
[0.513s] -- The C compiler identification is GNU 9.4.0
[0.957s] -- The CXX compiler identification is GNU 9.4.0
[0.990s] -- Check for working C compiler: /usr/bin/cc
[1.506s] -- Check for working C compiler: /usr/bin/cc -- works
[1.509s] -- Detecting C compiler ABI info
[1.932s] -- Detecting C compiler ABI info - done
[2.001s] -- Detecting C compile features
[2.002s] -- Detecting C compile features - done
[2.013s] -- Check for working CXX compiler: /usr/bin/c++
[2.517s] -- Check for working CXX compiler: /usr/bin/c++ -- works
[2.520s] -- Detecting CXX compiler ABI info
[2.948s] -- Detecting CXX compiler ABI info - done
[2.990s] -- Detecting CXX compile features
[2.991s] -- Detecting CXX compile features - done
[3.012s] -- Found ament_cmake_auto: 0.9.11 (/opt/ros/foxy/share/ament_cmake_auto/cmake)
[3.191s] -- Found PythonInterp: /usr/bin/python3 (found suitable version "3.8.10", minimum required is "3") 
[3.193s] -- Using PYTHON_EXECUTABLE: /usr/bin/python3
[4.677s] -- Found ament_cmake_ros: 0.9.2 (/opt/ros/foxy/share/ament_cmake_ros/cmake)
[5.490s] -- Using all available rosidl_typesupport_c: rosidl_typesupport_fastrtps_c;rosidl_typesupport_introspection_c
[5.556s] -- Found rosidl_adapter: 1.3.0 (/opt/ros/foxy/share/rosidl_adapter/cmake)
[6.243s] -- Found OpenSSL: /usr/lib/aarch64-linux-gnu/libcrypto.so (found version "1.1.1f")  
[6.521s] -- Found FastRTPS: /opt/ros/foxy/include  
[7.190s] -- Using all available rosidl_typesupport_cpp: rosidl_typesupport_fastrtps_cpp;rosidl_typesupport_introspection_cpp
[7.514s] -- Found rmw_implementation_cmake: 1.0.4 (/opt/ros/foxy/share/rmw_implementation_cmake/cmake)
[7.520s] -- Using RMW implementation 'rmw_fastrtps_cpp' as default
[7.524s] -- Looking for pthread.h
[7.908s] -- Looking for pthread.h - found
[7.910s] -- Performing Test CMAKE_HAVE_LIBC_PTHREAD
[8.286s] -- Performing Test CMAKE_HAVE_LIBC_PTHREAD - Failed
[8.288s] -- Looking for pthread_create in pthreads
[8.642s] -- Looking for pthread_create in pthreads - not found
[8.644s] -- Looking for pthread_create in pthread
[9.094s] -- Looking for pthread_create in pthread - found
[9.099s] -- Found Threads: TRUE  
[10.865s] -- Configuring done
[11.010s] -- Generating done
[11.025s] -- Build files have been written to: /home/smartway/ros2_ws/build/rplidar_ros
[11.101s] Invoked command in '/home/smartway/ros2_ws/build/rplidar_ros' returned '0': CMAKE_PREFIX_PATH=${CMAKE_PREFIX_PATH}:/opt/ros/foxy /usr/bin/cmake /home/smartway/ros2_ws/rplidar_ros2 -DCMAKE_INSTALL_PREFIX=/home/smartway/ros2_ws/install/rplidar_ros
[11.106s] Invoking command in '/home/smartway/ros2_ws/build/rplidar_ros': CMAKE_PREFIX_PATH=${CMAKE_PREFIX_PATH}:/opt/ros/foxy /usr/bin/cmake --build /home/smartway/ros2_ws/build/rplidar_ros -- -j4 -l4
[11.325s] [35m[1mScanning dependencies of target rplidar_composition_node[0m
[11.565s] [  5%] [32mBuilding CXX object CMakeFiles/rplidar_composition_node.dir/src/rplidar_node.cpp.o[0m
[12.115s] In file included from [01m[K/home/smartway/ros2_ws/rplidar_ros2/src/rplidar_node.cpp:36[m[K:
[12.117s] [01m[K/home/smartway/ros2_ws/rplidar_ros2/include/rplidar_node.hpp:50:[m[K [01;35m[Kwarning: [m[K"M_PI" redefined
[12.118s]    50 | #define M_PI 3.1415926535897932384626433832795
[12.118s]       | 
[12.119s] In file included from [01m[K/usr/include/c++/9/cmath:45[m[K,
[12.120s]                  from [01m[K/opt/ros/foxy/include/libstatistics_collector/moving_average_statistics/types.hpp:18[m[K,
[12.121s]                  from [01m[K/opt/ros/foxy/include/libstatistics_collector/collector/generate_statistics_message.hpp:24[m[K,
[12.122s]                  from [01m[K/opt/ros/foxy/include/rclcpp/topic_statistics/subscription_topic_statistics.hpp:23[m[K,
[12.123s]                  from [01m[K/opt/ros/foxy/include/rclcpp/subscription.hpp:50[m[K,
[12.124s]                  from [01m[K/opt/ros/foxy/include/rclcpp/any_executable.hpp:25[m[K,
[12.125s]                  from [01m[K/opt/ros/foxy/include/rclcpp/memory_strategy.hpp:24[m[K,
[12.125s]                  from [01m[K/opt/ros/foxy/include/rclcpp/memory_strategies.hpp:18[m[K,
[12.125s]                  from [01m[K/opt/ros/foxy/include/rclcpp/executor_options.hpp:20[m[K,
[12.126s]                  from [01m[K/opt/ros/foxy/include/rclcpp/executor.hpp:33[m[K,
[12.126s]                  from [01m[K/opt/ros/foxy/include/rclcpp/executors/multi_threaded_executor.hpp:26[m[K,
[12.129s]                  from [01m[K/opt/ros/foxy/include/rclcpp/executors.hpp:21[m[K,
[12.129s]                  from [01m[K/opt/ros/foxy/include/rclcpp/rclcpp.hpp:146[m[K,
[12.130s]                  from [01m[K/home/smartway/ros2_ws/rplidar_ros2/include/rplidar_node.hpp:34[m[K,
[12.131s]                  from [01m[K/home/smartway/ros2_ws/rplidar_ros2/src/rplidar_node.cpp:36[m[K:
[12.131s] [01m[K/usr/include/math.h:1070:[m[K [01;36m[Knote: [m[Kthis is the location of the previous definition
[12.132s]  1070 | # define M_PI  3.14159265358979323846 /* pi */
[12.133s]       | 
[19.947s] In file included from [01m[K/home/smartway/ros2_ws/rplidar_ros2/./sdk/include/rplidar.h:39[m[K,
[19.948s]                  from [01m[K/home/smartway/ros2_ws/rplidar_ros2/include/rplidar_node.hpp:41[m[K,
[19.948s]                  from [01m[K/home/smartway/ros2_ws/rplidar_ros2/src/rplidar_node.cpp:36[m[K:
[19.951s] [01m[K/home/smartway/ros2_ws/rplidar_ros2/./sdk/include/rplidar_protocol.h:59:14:[m[K [01;35m[Kwarning: [m[KISO C++ forbids zero-size array ‘[01m[Kdata[m[K’ [[01;35m[K-Wpedantic[m[K]
[19.951s]    59 |     _u8 data[[01;35m[K0[m[K];
[19.952s]       |              [01;35m[K^[m[K
[19.955s] In file included from [01m[K/home/smartway/ros2_ws/rplidar_ros2/./sdk/include/rplidar.h:40[m[K,
[19.957s]                  from [01m[K/home/smartway/ros2_ws/rplidar_ros2/include/rplidar_node.hpp:41[m[K,
[19.957s]                  from [01m[K/home/smartway/ros2_ws/rplidar_ros2/src/rplidar_node.cpp:36[m[K:
[19.958s] [01m[K/home/smartway/ros2_ws/rplidar_ros2/./sdk/include/rplidar_cmd.h:260:18:[m[K [01;35m[Kwarning: [m[KISO C++ forbids zero-size array ‘[01m[Kpayload[m[K’ [[01;35m[K-Wpedantic[m[K]
[19.958s]   260 |     _u8  payload[[01;35m[K0[m[K];
[19.959s]       |                  [01;35m[K^[m[K
[20.362s] [01m[K/home/smartway/ros2_ws/rplidar_ros2/src/rplidar_node.cpp:[m[K In member function ‘[01m[Kvoid rplidar_ros::rplidar_node::stop_motor({anonymous}::EmptyRequest, {anonymous}::EmptyResponse)[m[K’:
[20.363s] [01m[K/home/smartway/ros2_ws/rplidar_ros2/src/rplidar_node.cpp:245:50:[m[K [01;35m[Kwarning: [m[Kunused parameter ‘[01m[Kreq[m[K’ [[01;35m[K-Wunused-parameter[m[K]
[20.364s]   245 | void rplidar_node::stop_motor([01;35m[Kconst EmptyRequest req[m[K, EmptyResponse res)
[20.364s]       |                               [01;35m[K~~~~~~~~~~~~~~~~~~~^~~[m[K
[20.365s] [01m[K/home/smartway/ros2_ws/rplidar_ros2/src/rplidar_node.cpp:245:69:[m[K [01;35m[Kwarning: [m[Kunused parameter ‘[01m[Kres[m[K’ [[01;35m[K-Wunused-parameter[m[K]
[20.366s]   245 | void rplidar_node::stop_motor(const EmptyRequest req, [01;35m[KEmptyResponse res[m[K)
[20.367s]       |                                                       [01;35m[K~~~~~~~~~~~~~~^~~[m[K
[20.368s] [01m[K/home/smartway/ros2_ws/rplidar_ros2/src/rplidar_node.cpp:[m[K In member function ‘[01m[Kvoid rplidar_ros::rplidar_node::start_motor({anonymous}::EmptyRequest, {anonymous}::EmptyResponse)[m[K’:
[20.368s] [01m[K/home/smartway/ros2_ws/rplidar_ros2/src/rplidar_node.cpp:256:51:[m[K [01;35m[Kwarning: [m[Kunused parameter ‘[01m[Kreq[m[K’ [[01;35m[K-Wunused-parameter[m[K]
[20.369s]   256 | void rplidar_node::start_motor([01;35m[Kconst EmptyRequest req[m[K, EmptyResponse res)
[20.370s]       |                                [01;35m[K~~~~~~~~~~~~~~~~~~~^~~[m[K
[20.371s] [01m[K/home/smartway/ros2_ws/rplidar_ros2/src/rplidar_node.cpp:256:70:[m[K [01;35m[Kwarning: [m[Kunused parameter ‘[01m[Kres[m[K’ [[01;35m[K-Wunused-parameter[m[K]
[20.373s]   256 | void rplidar_node::start_motor(const EmptyRequest req, [01;35m[KEmptyResponse res[m[K)
[20.374s]       |                                                        [01;35m[K~~~~~~~~~~~~~~^~~[m[K
[20.408s] [01m[K/home/smartway/ros2_ws/rplidar_ros2/src/rplidar_node.cpp:[m[K In member function ‘[01m[Kvoid rplidar_ros::rplidar_node::publish_loop()[m[K’:
[20.409s] [01m[K/home/smartway/ros2_ws/rplidar_ros2/src/rplidar_node.cpp:343:46:[m[K [01;35m[Kwarning: [m[KISO C++ forbids variable length array ‘[01m[Kangle_compensate_nodes[m[K’ [[01;35m[K-Wvla[m[K]
[20.410s]   343 |       rplidar_response_measurement_node_hq_t [01;35m[Kangle_compensate_nodes[m[K[angle_compensate_nodes_count];
[20.411s]       |                                              [01;35m[K^~~~~~~~~~~~~~~~~~~~~~[m[K
[20.412s] [01m[K/home/smartway/ros2_ws/rplidar_ros2/src/rplidar_node.cpp:353:25:[m[K [01;35m[Kwarning: [m[Kcomparison of integer expressions of different signedness: ‘[01m[Ksize_t[m[K’ {aka ‘[01m[Klong unsigned int[m[K’} and ‘[01m[Kint[m[K’ [[01;35m[K-Wsign-compare[m[K]
[20.413s]   353 |           for (j = 0; [01;35m[Kj < m_angle_compensate_multiple[m[K; j++) {
[20.414s]       |                       [01;35m[K~~^~~~~~~~~~~~~~~~~~~~~~~~~~~~~[m[K
[20.419s] [01m[K/home/smartway/ros2_ws/rplidar_ros2/src/rplidar_node.cpp:374:44:[m[K [01;35m[Kwarning: [m[Kcomparison of integer expressions of different signedness: ‘[01m[Ksize_t[m[K’ {aka ‘[01m[Klong unsigned int[m[K’} and ‘[01m[Kint[m[K’ [[01;35m[K-Wsign-compare[m[K]
[20.420s]   374 |       for (size_t x = start_node, y = 0; [01;35m[Kx < end_node[m[K; ++x, ++y) {
[20.421s]       |                                          [01;35m[K~~^~~~~~~~~~[m[K
[20.421s] [01m[K/home/smartway/ros2_ws/rplidar_ros2/src/rplidar_node.cpp:381:11:[m[K [01;35m[Kwarning: [m[Kunused variable ‘[01m[Kangle_min[m[K’ [[01;35m[K-Wunused-variable[m[K]
[20.422s]   381 |     float [01;35m[Kangle_min[m[K = deg_2_rad(0.0f);
[20.423s]       |           [01;35m[K^~~~~~~~~[m[K
[20.423s] [01m[K/home/smartway/ros2_ws/rplidar_ros2/src/rplidar_node.cpp:382:11:[m[K [01;35m[Kwarning: [m[Kunused variable ‘[01m[Kangle_max[m[K’ [[01;35m[K-Wunused-variable[m[K]
[20.424s]   382 |     float [01;35m[Kangle_max[m[K = deg_2_rad(359.0f);
[20.425s]       |           [01;35m[K^~~~~~~~~[m[K
[33.404s] [ 11%] [32mBuilding CXX object CMakeFiles/rplidar_composition_node.dir/sdk/src/arch/linux/net_serial.cpp.o[0m
[36.073s] [01m[K/home/smartway/ros2_ws/rplidar_ros2/sdk/src/arch/linux/net_serial.cpp:[m[K In member function ‘[01m[Kbool rp::arch::net::raw_serial::open(const char*, uint32_t, uint32_t)[m[K’:
[36.074s] [01m[K/home/smartway/ros2_ws/rplidar_ros2/sdk/src/arch/linux/net_serial.cpp:97:74:[m[K [01;35m[Kwarning: [m[Kunused parameter ‘[01m[Kflags[m[K’ [[01;35m[K-Wunused-parameter[m[K]
[36.075s]    97 | ial::open(const char * portname, uint32_t baudrate, [01;35m[Kuint32_t flags[m[K)
[36.076s]       |                                                     [01;35m[K~~~~~~~~~^~~~~[m[K
[36.077s] 
[36.079s] [01m[K/home/smartway/ros2_ws/rplidar_ros2/sdk/src/arch/linux/net_serial.cpp:[m[K In member function ‘[01m[Kvirtual void rp::arch::net::raw_serial::flush(_u32)[m[K’:
[36.080s] [01m[K/home/smartway/ros2_ws/rplidar_ros2/sdk/src/arch/linux/net_serial.cpp:281:30:[m[K [01;35m[Kwarning: [m[Kunused parameter ‘[01m[Kflags[m[K’ [[01;35m[K-Wunused-parameter[m[K]
[36.081s]   281 | void raw_serial::flush( [01;35m[K_u32 flags[m[K)
[36.082s]       |                         [01;35m[K~~~~~^~~~~[m[K
[36.082s] [01m[K/home/smartway/ros2_ws/rplidar_ros2/sdk/src/arch/linux/net_serial.cpp:[m[K In member function ‘[01m[Kvirtual int rp::arch::net::raw_serial::waitforsent(_u32, size_t*)[m[K’:
[36.083s] [01m[K/home/smartway/ros2_ws/rplidar_ros2/sdk/src/arch/linux/net_serial.cpp:286:34:[m[K [01;35m[Kwarning: [m[Kunused parameter ‘[01m[Ktimeout[m[K’ [[01;35m[K-Wunused-parameter[m[K]
[36.085s]   286 | int raw_serial::waitforsent([01;35m[K_u32 timeout[m[K, size_t * returned_size)
[36.085s]       |                             [01;35m[K~~~~~^~~~~~~[m[K
[36.088s] [01m[K/home/smartway/ros2_ws/rplidar_ros2/sdk/src/arch/linux/net_serial.cpp:[m[K In member function ‘[01m[Kvirtual int rp::arch::net::raw_serial::waitforrecv(_u32, size_t*)[m[K’:
[36.089s] [01m[K/home/smartway/ros2_ws/rplidar_ros2/sdk/src/arch/linux/net_serial.cpp:292:34:[m[K [01;35m[Kwarning: [m[Kunused parameter ‘[01m[Ktimeout[m[K’ [[01;35m[K-Wunused-parameter[m[K]
[36.090s]   292 | int raw_serial::waitforrecv([01;35m[K_u32 timeout[m[K, size_t * returned_size)
[36.091s]       |                             [01;35m[K~~~~~^~~~~~~[m[K
[36.718s] [ 16%] [32mBuilding CXX object CMakeFiles/rplidar_composition_node.dir/sdk/src/arch/linux/net_socket.cpp.o[0m
[38.605s] In file included from [01m[K/home/smartway/ros2_ws/rplidar_ros2/./sdk/include/rplidar.h:39[m[K,
[38.606s]                  from [01m[K/home/smartway/ros2_ws/rplidar_ros2/./sdk/src/sdkcommon.h:48[m[K,
[38.607s]                  from [01m[K/home/smartway/ros2_ws/rplidar_ros2/sdk/src/arch/linux/net_socket.cpp:10[m[K:
[38.608s] [01m[K/home/smartway/ros2_ws/rplidar_ros2/./sdk/include/rplidar_protocol.h:59:14:[m[K [01;35m[Kwarning: [m[KISO C++ forbids zero-size array ‘[01m[Kdata[m[K’ [[01;35m[K-Wpedantic[m[K]
[38.609s]    59 |     _u8 data[[01;35m[K0[m[K];
[38.610s]       |              [01;35m[K^[m[K
[38.612s] In file included from [01m[K/home/smartway/ros2_ws/rplidar_ros2/./sdk/include/rplidar.h:40[m[K,
[38.613s]                  from [01m[K/home/smartway/ros2_ws/rplidar_ros2/./sdk/src/sdkcommon.h:48[m[K,
[38.614s]                  from [01m[K/home/smartway/ros2_ws/rplidar_ros2/sdk/src/arch/linux/net_socket.cpp:10[m[K:
[38.615s] [01m[K/home/smartway/ros2_ws/rplidar_ros2/./sdk/include/rplidar_cmd.h:260:18:[m[K [01;35m[Kwarning: [m[KISO C++ forbids zero-size array ‘[01m[Kpayload[m[K’ [[01;35m[K-Wpedantic[m[K]
[38.620s]   260 |     _u8  payload[[01;35m[K0[m[K];
[38.621s]       |                  [01;35m[K^[m[K
[38.654s] [01m[K/home/smartway/ros2_ws/rplidar_ros2/sdk/src/arch/linux/net_socket.cpp:[m[K In member function ‘[01m[Kvirtual u_result rp::net::SocketAddress::getAddressAsString(char*, size_t) const[m[K’:
[38.655s] [01m[K/home/smartway/ros2_ws/rplidar_ros2/sdk/src/arch/linux/net_socket.cpp:170:17:[m[K [01;35m[Kwarning: [m[Kordered comparison of pointer with integer zero [[01;35m[K-Wextra[m[K]
[38.655s]   170 |     return ans<=[01;35m[K0[m[K?RESULT_OPERATION_FAIL:RESULT_OK;
[38.656s]       |                 [01;35m[K^[m[K
[38.690s] [01m[K/home/smartway/ros2_ws/rplidar_ros2/sdk/src/arch/linux/net_socket.cpp:[m[K In member function ‘[01m[Kvirtual u_result rp::arch::net::StreamSocketImpl::send(const void*, size_t)[m[K’:
[38.691s] [01m[K/home/smartway/ros2_ws/rplidar_ros2/sdk/src/arch/linux/net_socket.cpp:438:17:[m[K [01;35m[Kwarning: [m[Kcomparison of integer expressions of different signedness: ‘[01m[Ksize_t[m[K’ {aka ‘[01m[Klong unsigned int[m[K’} and ‘[01m[Kint[m[K’ [[01;35m[K-Wsign-compare[m[K]
[38.692s]   438 |         if ([01;35m[Kans == (int)len[m[K) {
[38.693s]       |             [01;35m[K~~~~^~~~~~~~~~~[m[K
[38.709s] In file included from [01m[K/home/smartway/ros2_ws/rplidar_ros2/./sdk/src/arch/linux/arch_linux.h:42[m[K,
[38.710s]                  from [01m[K/home/smartway/ros2_ws/rplidar_ros2/./sdk/src/sdkcommon.h:40[m[K,
[38.711s]                  from [01m[K/home/smartway/ros2_ws/rplidar_ros2/sdk/src/arch/linux/net_socket.cpp:10[m[K:
[38.712s] [01m[K/home/smartway/ros2_ws/rplidar_ros2/sdk/src/arch/linux/net_socket.cpp:[m[K In member function ‘[01m[Kvirtual u_result rp::arch::net::DGramSocketImpl::sendTo(const rp::net::SocketAddress&, const void*, size_t)[m[K’:
[38.713s] [01m[K/home/smartway/ros2_ws/rplidar_ros2/sdk/src/arch/linux/net_socket.cpp:726:24:[m[K [01;35m[Kwarning: [m[Kcomparison of integer expressions of different signedness: ‘[01m[Ksize_t[m[K’ {aka ‘[01m[Klong unsigned int[m[K’} and ‘[01m[Kint[m[K’ [[01;35m[K-Wsign-compare[m[K]
[38.714s]   726 |             assert([01;35m[Kans == (int)len[m[K);
[38.715s]       |                    [01;35m[K~~~~^~~~~~~~~~~[m[K
[39.674s] [ 22%] [32mBuilding CXX object CMakeFiles/rplidar_composition_node.dir/sdk/src/arch/linux/timer.cpp.o[0m
[41.897s] [ 27%] [32mBuilding CXX object CMakeFiles/rplidar_composition_node.dir/sdk/src/hal/thread.cpp.o[0m
[43.832s] In file included from [01m[K/home/smartway/ros2_ws/rplidar_ros2/./sdk/include/rplidar.h:39[m[K,
[43.833s]                  from [01m[K/home/smartway/ros2_ws/rplidar_ros2/./sdk/src/sdkcommon.h:48[m[K,
[43.834s]                  from [01m[K/home/smartway/ros2_ws/rplidar_ros2/sdk/src/hal/thread.cpp:35[m[K:
[43.835s] [01m[K/home/smartway/ros2_ws/rplidar_ros2/./sdk/include/rplidar_protocol.h:59:14:[m[K [01;35m[Kwarning: [m[KISO C++ forbids zero-size array ‘[01m[Kdata[m[K’ [[01;35m[K-Wpedantic[m[K]
[43.836s]    59 |     _u8 data[[01;35m[K0[m[K];
[43.837s]       |              [01;35m[K^[m[K
[43.838s] In file included from [01m[K/home/smartway/ros2_ws/rplidar_ros2/./sdk/include/rplidar.h:40[m[K,
[43.839s]                  from [01m[K/home/smartway/ros2_ws/rplidar_ros2/./sdk/src/sdkcommon.h:48[m[K,
[43.842s]                  from [01m[K/home/smartway/ros2_ws/rplidar_ros2/sdk/src/hal/thread.cpp:35[m[K:
[43.843s] [01m[K/home/smartway/ros2_ws/rplidar_ros2/./sdk/include/rplidar_cmd.h:260:18:[m[K [01;35m[Kwarning: [m[KISO C++ forbids zero-size array ‘[01m[Kpayload[m[K’ [[01;35m[K-Wpedantic[m[K]
[43.844s]   260 |     _u8  payload[[01;35m[K0[m[K];
[43.860s]       |                  [01;35m[K^[m[K
[43.863s] In file included from [01m[K/home/smartway/ros2_ws/rplidar_ros2/sdk/src/hal/thread.cpp:43[m[K:
[43.864s] [01m[K/home/smartway/ros2_ws/rplidar_ros2/./sdk/src/arch/linux/thread.hpp:[m[K In static member function ‘[01m[Kstatic rp::hal::Thread rp::hal::Thread::create(thread_proc_t, void*)[m[K’:
[43.865s] [01m[K/home/smartway/ros2_ws/rplidar_ros2/./sdk/src/arch/linux/thread.hpp:48:77:[m[K [01;35m[Kwarning: [m[Kcast between incompatible function types from ‘[01m[Kthread_proc_t[m[K’ {aka ‘[01m[Klong unsigned int (*)(void*)[m[K’} to ‘[01m[Kvoid* (*)(void*)[m[K’ [[01;35m[K-Wcast-function-type[m[K]
[43.866s]    48 | ad_create((pthread_t *)&newborn._handle, NULL, (void * (*)(void *))[01;35m[Kproc[m[K, data);
[43.867s]       |                                                                    [01;35m[K^~~~[m[K
[43.868s] 
[43.868s] [01m[K/home/smartway/ros2_ws/rplidar_ros2/./sdk/src/arch/linux/thread.hpp:[m[K In member function ‘[01m[Ku_result rp::hal::Thread::join(long unsigned int)[m[K’:
[43.869s] [01m[K/home/smartway/ros2_ws/rplidar_ros2/./sdk/src/arch/linux/thread.hpp:129:37:[m[K [01;35m[Kwarning: [m[Kunused parameter ‘[01m[Ktimeout[m[K’ [[01;35m[K-Wunused-parameter[m[K]
[43.870s]   129 | u_result Thread::join([01;35m[Kunsigned long timeout[m[K)
[43.880s]       |                       [01;35m[K~~~~~~~~~~~~~~^~~~~~~[m[K
[44.523s] [ 33%] [32mBuilding CXX object CMakeFiles/rplidar_composition_node.dir/sdk/src/rplidar_driver.cpp.o[0m
[47.021s] In file included from [01m[K/home/smartway/ros2_ws/rplidar_ros2/./sdk/include/rplidar.h:39[m[K,
[47.022s]                  from [01m[K/home/smartway/ros2_ws/rplidar_ros2/sdk/src/sdkcommon.h:48[m[K,
[47.023s]                  from [01m[K/home/smartway/ros2_ws/rplidar_ros2/sdk/src/rplidar_driver.cpp:35[m[K:
[47.024s] [01m[K/home/smartway/ros2_ws/rplidar_ros2/./sdk/include/rplidar_protocol.h:59:14:[m[K [01;35m[Kwarning: [m[KISO C++ forbids zero-size array ‘[01m[Kdata[m[K’ [[01;35m[K-Wpedantic[m[K]
[47.025s]    59 |     _u8 data[[01;35m[K0[m[K];
[47.028s]       |              [01;35m[K^[m[K
[47.030s] In file included from [01m[K/home/smartway/ros2_ws/rplidar_ros2/./sdk/include/rplidar.h:40[m[K,
[47.031s]                  from [01m[K/home/smartway/ros2_ws/rplidar_ros2/sdk/src/sdkcommon.h:48[m[K,
[47.032s]                  from [01m[K/home/smartway/ros2_ws/rplidar_ros2/sdk/src/rplidar_driver.cpp:35[m[K:
[47.033s] [01m[K/home/smartway/ros2_ws/rplidar_ros2/./sdk/include/rplidar_cmd.h:260:18:[m[K [01;35m[Kwarning: [m[KISO C++ forbids zero-size array ‘[01m[Kpayload[m[K’ [[01;35m[K-Wpedantic[m[K]
[47.034s]   260 |     _u8  payload[[01;35m[K0[m[K];
[47.035s]       |                  [01;35m[K^[m[K
[47.876s] [01m[K/home/smartway/ros2_ws/rplidar_ros2/sdk/src/rplidar_driver.cpp:[m[K In member function ‘[01m[Kvirtual u_result rp::standalone::rplidar::RPlidarDriverImplCommon::reset(_u32)[m[K’:
[47.876s] [01m[K/home/smartway/ros2_ws/rplidar_ros2/sdk/src/rplidar_driver.cpp:121:46:[m[K [01;35m[Kwarning: [m[Kunused parameter ‘[01m[Ktimeout[m[K’ [[01;35m[K-Wunused-parameter[m[K]
[47.877s]   121 | u_result RPlidarDriverImplCommon::reset([01;35m[K_u32 timeout[m[K)
[47.877s]       |                                         [01;35m[K~~~~~^~~~~~~[m[K
[47.883s] [01m[K/home/smartway/ros2_ws/rplidar_ros2/sdk/src/rplidar_driver.cpp:[m[K In member function ‘[01m[Kvirtual u_result rp::standalone::rplidar::RPlidarDriverImplCommon::checkIfTofLidar(bool&, _u32)[m[K’:
[47.884s] [01m[K/home/smartway/ros2_ws/rplidar_ros2/sdk/src/rplidar_driver.cpp:274:75:[m[K [01;35m[Kwarning: [m[Kunused parameter ‘[01m[Ktimeout[m[K’ [[01;35m[K-Wunused-parameter[m[K]
[47.884s]   274 | esult RPlidarDriverImplCommon::checkIfTofLidar(bool & isTofLidar, [01;35m[K_u32 timeout[m[K)
[47.885s]       |                                                                   [01;35m[K~~~~~^~~~~~~[m[K
[47.886s] 
[47.936s] [01m[K/home/smartway/ros2_ws/rplidar_ros2/sdk/src/rplidar_driver.cpp:[m[K In member function ‘[01m[Kvirtual void rp::standalone::rplidar::RPlidarDriverImplCommon::_dense_capsuleToNormal(const rplidar_response_capsule_measurement_nodes_t&, rplidar_response_measurement_node_hq_t*, size_t&)[m[K’:
[47.936s] [01m[K/home/smartway/ros2_ws/rplidar_ros2/sdk/src/rplidar_driver.cpp:872:108:[m[K [01;35m[Kwarning: [m[Ktype qualifiers ignored on cast result type [[01;35m[K-Wignored-qualifiers[m[K]
[47.937s]   872 |  int>(_cached_previous_dense_capsuledata.cabins[pos].distance[01;35m[K)[m[K;
[47.938s]       |                                                              [01;35m[K^[m[K
[47.938s] 
[47.939s] [01m[K/home/smartway/ros2_ws/rplidar_ros2/sdk/src/rplidar_driver.cpp:[m[K In function ‘[01m[K_u32 rp::standalone::rplidar::_crc32cal(_u32, void*, _u16)[m[K’:
[47.940s] [01m[K/home/smartway/ros2_ws/rplidar_ros2/sdk/src/rplidar_driver.cpp:996:23:[m[K [01;35m[Kwarning: [m[Ksuggest parentheses around ‘[01m[K-[m[K’ in operand of ‘[01m[K&[m[K’ [[01;35m[K-Wparentheses[m[K]
[47.941s]   996 |     _u8 leftBytes = [01;35m[K4 - len[m[K & 0x3;
[47.941s]       |                     [01;35m[K~~^~~~~[m[K
[47.949s] [01m[K/home/smartway/ros2_ws/rplidar_ros2/sdk/src/rplidar_driver.cpp:[m[K In member function ‘[01m[Kvirtual void rp::standalone::rplidar::RPlidarDriverImplCommon::_ultraCapsuleToNormal(const rplidar_response_ultra_capsule_measurement_nodes_t&, rplidar_response_measurement_node_hq_t*, size_t&)[m[K’:
[47.950s] [01m[K/home/smartway/ros2_ws/rplidar_ros2/sdk/src/rplidar_driver.cpp:1207:32:[m[K [01;35m[Kwarning: [m[Kcomparison of integer expressions of different signedness: ‘[01m[Kint[m[K’ and ‘[01m[Kunsigned int[m[K’ [[01;35m[K-Wsign-compare[m[K]
[47.951s]  1207 |             if (([01;35m[Kdist_predict1 == 0xFFFFFE00[m[K) || (dist_predict1 == 0x1FF)) {
[47.952s]       |                  [01;35m[K~~~~~~~~~~~~~~^~~~~~~~~~~~~[m[K
[47.953s] [01m[K/home/smartway/ros2_ws/rplidar_ros2/sdk/src/rplidar_driver.cpp:1215:32:[m[K [01;35m[Kwarning: [m[Kcomparison of integer expressions of different signedness: ‘[01m[Kint[m[K’ and ‘[01m[Kunsigned int[m[K’ [[01;35m[K-Wsign-compare[m[K]
[47.953s]  1215 |             if (([01;35m[Kdist_predict2 == 0xFFFFFE00[m[K) || (dist_predict2 == 0x1FF)) {
[47.954s]       |                  [01;35m[K~~~~~~~~~~~~~~^~~~~~~~~~~~~[m[K
[47.989s] [01m[K/home/smartway/ros2_ws/rplidar_ros2/sdk/src/rplidar_driver.cpp:[m[K In member function ‘[01m[Kvirtual u_result rp::standalone::rplidar::RPlidarDriverImplCommon::getAllSupportedScanModes(std::vector<rp::standalone::rplidar::RplidarScanMode>&, _u32)[m[K’:
[47.990s] [01m[K/home/smartway/ros2_ws/rplidar_ros2/sdk/src/rplidar_driver.cpp:1453:105:[m[K [01;35m[Kwarning: [m[Kunused parameter ‘[01m[KtimeoutInMs[m[K’ [[01;35m[K-Wunused-parameter[m[K]
[47.990s]  1453 | AllSupportedScanModes(std::vector<RplidarScanMode>& outModes, [01;35m[K_u32 timeoutInMs[m[K)
[47.991s]       |                                                               [01;35m[K~~~~~^~~~~~~~~~~[m[K
[47.992s] 
[47.996s] [01m[K/home/smartway/ros2_ws/rplidar_ros2/sdk/src/rplidar_driver.cpp:[m[K In member function ‘[01m[Kvirtual u_result rp::standalone::rplidar::RPlidarDriverImplCommon::startScan(bool, bool, _u32, rp::standalone::rplidar::RplidarScanMode*)[m[K’:
[47.997s] [01m[K/home/smartway/ros2_ws/rplidar_ros2/sdk/src/rplidar_driver.cpp:1550:83:[m[K [01;35m[Kwarning: [m[Kunused parameter ‘[01m[Koptions[m[K’ [[01;35m[K-Wunused-parameter[m[K]
[47.997s]  1550 | rImplCommon::startScan(bool force, bool useTypicalScan, [01;35m[K_u32 options[m[K, RplidarScanMode* outUsedScanMode)
[47.998s]       |                                                         [01;35m[K~~~~~^~~~~~~[m[K
[47.999s] 
[48.008s] [01m[K/home/smartway/ros2_ws/rplidar_ros2/sdk/src/rplidar_driver.cpp:[m[K In member function ‘[01m[Kvirtual u_result rp::standalone::rplidar::RPlidarDriverImplCommon::stop(_u32)[m[K’:
[48.008s] [01m[K/home/smartway/ros2_ws/rplidar_ros2/sdk/src/rplidar_driver.cpp:1774:45:[m[K [01;35m[Kwarning: [m[Kunused parameter ‘[01m[Ktimeout[m[K’ [[01;35m[K-Wunused-parameter[m[K]
[48.009s]  1774 | u_result RPlidarDriverImplCommon::stop([01;35m[K_u32 timeout[m[K)
[48.010s]       |                                        [01;35m[K~~~~~^~~~~~~[m[K
[48.039s] [01m[K/home/smartway/ros2_ws/rplidar_ros2/sdk/src/rplidar_driver.cpp:[m[K In member function ‘[01m[Kvirtual u_result rp::standalone::rplidar::RPlidarDriverImplCommon::setLidarSpinSpeed(_u16, _u32)[m[K’:
[48.040s] [01m[K/home/smartway/ros2_ws/rplidar_ros2/sdk/src/rplidar_driver.cpp:2162:68:[m[K [01;35m[Kwarning: [m[Kunused parameter ‘[01m[Ktimeout[m[K’ [[01;35m[K-Wunused-parameter[m[K]
[48.040s]  2162 | u_result RPlidarDriverImplCommon::setLidarSpinSpeed(_u16 rpm, [01;35m[K_u32 timeout[m[K)
[48.041s]       |                                                               [01;35m[K~~~~~^~~~~~~[m[K
[48.047s] [01m[K/home/smartway/ros2_ws/rplidar_ros2/sdk/src/rplidar_driver.cpp:[m[K In member function ‘[01m[Kvirtual u_result rp::standalone::rplidar::RPlidarDriverSerial::connect(const char*, _u32, _u32)[m[K’:
[48.048s] [01m[K/home/smartway/ros2_ws/rplidar_ros2/sdk/src/rplidar_driver.cpp:2240:83:[m[K [01;35m[Kwarning: [m[Kunused parameter ‘[01m[Kflag[m[K’ [[01;35m[K-Wunused-parameter[m[K]
[48.049s]  2240 | rSerial::connect(const char * port_path, _u32 baudrate, [01;35m[K_u32 flag[m[K)
[48.050s]       |                                                         [01;35m[K~~~~~^~~~[m[K
[48.052s] 
[48.054s] [01m[K/home/smartway/ros2_ws/rplidar_ros2/sdk/src/rplidar_driver.cpp:[m[K In member function ‘[01m[Kvirtual u_result rp::standalone::rplidar::RPlidarDriverTCP::connect(const char*, _u32, _u32)[m[K’:
[48.055s] [01m[K/home/smartway/ros2_ws/rplidar_ros2/sdk/src/rplidar_driver.cpp:2282:72:[m[K [01;35m[Kwarning: [m[Kunused parameter ‘[01m[Kflag[m[K’ [[01;35m[K-Wunused-parameter[m[K]
[48.057s]  2282 | u_result RPlidarDriverTCP::connect(const char * ipStr, _u32 port, [01;35m[K_u32 flag[m[K)
[48.057s]       |                                                                   [01;35m[K~~~~~^~~~[m[K
[51.261s] [ 38%] [32m[1mLinking CXX shared library librplidar_composition_node.so[0m
[53.040s] [ 38%] Built target rplidar_composition_node
[53.094s] [35m[1mScanning dependencies of target rplidarNode[0m
[53.342s] [ 44%] [32mBuilding CXX object CMakeFiles/rplidarNode.dir/src/node.cpp.o[0m
[53.914s] [01m[K/home/smartway/ros2_ws/rplidar_ros2/src/node.cpp:51:[m[K [01;35m[Kwarning: [m[K"M_PI" redefined
[53.915s]    51 | #define M_PI 3.1415926535897932384626433832795
[53.916s]       | 
[53.921s] In file included from [01m[K/usr/include/c++/9/cmath:45[m[K,
[53.922s]                  from [01m[K/opt/ros/foxy/include/libstatistics_collector/moving_average_statistics/types.hpp:18[m[K,
[53.922s]                  from [01m[K/opt/ros/foxy/include/libstatistics_collector/collector/generate_statistics_message.hpp:24[m[K,
[53.923s]                  from [01m[K/opt/ros/foxy/include/rclcpp/topic_statistics/subscription_topic_statistics.hpp:23[m[K,
[53.924s]                  from [01m[K/opt/ros/foxy/include/rclcpp/subscription.hpp:50[m[K,
[53.924s]                  from [01m[K/opt/ros/foxy/include/rclcpp/any_executable.hpp:25[m[K,
[53.925s]                  from [01m[K/opt/ros/foxy/include/rclcpp/memory_strategy.hpp:24[m[K,
[53.926s]                  from [01m[K/opt/ros/foxy/include/rclcpp/memory_strategies.hpp:18[m[K,
[53.926s]                  from [01m[K/opt/ros/foxy/include/rclcpp/executor_options.hpp:20[m[K,
[53.927s]                  from [01m[K/opt/ros/foxy/include/rclcpp/executor.hpp:33[m[K,
[53.928s]                  from [01m[K/opt/ros/foxy/include/rclcpp/executors/multi_threaded_executor.hpp:26[m[K,
[53.929s]                  from [01m[K/opt/ros/foxy/include/rclcpp/executors.hpp:21[m[K,
[53.930s]                  from [01m[K/opt/ros/foxy/include/rclcpp/rclcpp.hpp:146[m[K,
[53.930s]                  from [01m[K/home/smartway/ros2_ws/rplidar_ros2/src/node.cpp:36[m[K:
[53.931s] [01m[K/usr/include/math.h:1070:[m[K [01;36m[Knote: [m[Kthis is the location of the previous definition
[53.932s]  1070 | # define M_PI  3.14159265358979323846 /* pi */
[53.932s]       | 
[53.945s] [01m[K/home/smartway/ros2_ws/rplidar_ros2/src/node.cpp:231:14:[m[K [01;35m[Kwarning: [m[Kinvalid suffix on literal; C++11 requires a space between literal and string macro [[01;35m[K-Wliteral-suffix[m[K]
[53.946s]   231 |     ROS_INFO([01;35m[K"[m[KRPLIDAR running on ROS package rplidar_ros. SDK Version:"RPLIDAR_SDK_VERSION"");
[53.946s]       |              [01;35m[K^[m[K
[61.815s] In file included from [01m[K/home/smartway/ros2_ws/rplidar_ros2/./sdk/include/rplidar.h:39[m[K,
[61.817s]                  from [01m[K/home/smartway/ros2_ws/rplidar_ros2/src/node.cpp:45[m[K:
[61.817s] [01m[K/home/smartway/ros2_ws/rplidar_ros2/./sdk/include/rplidar_protocol.h:59:14:[m[K [01;35m[Kwarning: [m[KISO C++ forbids zero-size array ‘[01m[Kdata[m[K’ [[01;35m[K-Wpedantic[m[K]
[61.818s]    59 |     _u8 data[[01;35m[K0[m[K];
[61.819s]       |              [01;35m[K^[m[K
[61.820s] In file included from [01m[K/home/smartway/ros2_ws/rplidar_ros2/./sdk/include/rplidar.h:40[m[K,
[61.821s]                  from [01m[K/home/smartway/ros2_ws/rplidar_ros2/src/node.cpp:45[m[K:
[61.822s] [01m[K/home/smartway/ros2_ws/rplidar_ros2/./sdk/include/rplidar_cmd.h:260:18:[m[K [01;35m[Kwarning: [m[KISO C++ forbids zero-size array ‘[01m[Kpayload[m[K’ [[01;35m[K-Wpedantic[m[K]
[61.822s]   260 |     _u8  payload[[01;35m[K0[m[K];
[61.823s]       |                  [01;35m[K^[m[K
[61.945s] [01m[K/home/smartway/ros2_ws/rplidar_ros2/src/node.cpp:[m[K In function ‘[01m[Kbool stop_motor(std::shared_ptr<std_srvs::srv::Empty_Request_<std::allocator<void> > >, std::shared_ptr<std_srvs::srv::Empty_Response_<std::allocator<void> > >)[m[K’:
[61.946s] [01m[K/home/smartway/ros2_ws/rplidar_ros2/src/node.cpp:166:70:[m[K [01;35m[Kwarning: [m[Kunused parameter ‘[01m[Kreq[m[K’ [[01;35m[K-Wunused-parameter[m[K]
[61.947s]   166 | bool stop_motor([01;35m[Kconst std::shared_ptr<std_srvs::srv::Empty::Request> req[m[K,
[61.947s]       |                 [01;35m[K~~~~~~~~~~~~~~~~~~~~~~~~~~~~~~~~~~~~~~~~~~~~~~~~~~~~~^~~[m[K
[61.958s] [01m[K/home/smartway/ros2_ws/rplidar_ros2/src/node.cpp:167:65:[m[K [01;35m[Kwarning: [m[Kunused parameter ‘[01m[Kres[m[K’ [[01;35m[K-Wunused-parameter[m[K]
[61.959s]   167 |                 [01;35m[Kstd::shared_ptr<std_srvs::srv::Empty::Response> res[m[K)
[61.960s]       |                 [01;35m[K~~~~~~~~~~~~~~~~~~~~~~~~~~~~~~~~~~~~~~~~~~~~~~~~^~~[m[K
[61.960s] [01m[K/home/smartway/ros2_ws/rplidar_ros2/src/node.cpp:[m[K In function ‘[01m[Kbool start_motor(std::shared_ptr<std_srvs::srv::Empty_Request_<std::allocator<void> > >, std::shared_ptr<std_srvs::srv::Empty_Response_<std::allocator<void> > >)[m[K’:
[61.962s] [01m[K/home/smartway/ros2_ws/rplidar_ros2/src/node.cpp:178:71:[m[K [01;35m[Kwarning: [m[Kunused parameter ‘[01m[Kreq[m[K’ [[01;35m[K-Wunused-parameter[m[K]
[61.963s]   178 | bool start_motor([01;35m[Kconst std::shared_ptr<std_srvs::srv::Empty::Request> req[m[K,
[61.966s]       |                  [01;35m[K~~~~~~~~~~~~~~~~~~~~~~~~~~~~~~~~~~~~~~~~~~~~~~~~~~~~~^~~[m[K
[61.967s] [01m[K/home/smartway/ros2_ws/rplidar_ros2/src/node.cpp:179:66:[m[K [01;35m[Kwarning: [m[Kunused parameter ‘[01m[Kres[m[K’ [[01;35m[K-Wunused-parameter[m[K]
[61.968s]   179 |                  [01;35m[Kstd::shared_ptr<std_srvs::srv::Empty::Response> res[m[K)
[61.969s]       |                  [01;35m[K~~~~~~~~~~~~~~~~~~~~~~~~~~~~~~~~~~~~~~~~~~~~~~~~^~~[m[K
[62.110s] [01m[K/home/smartway/ros2_ws/rplidar_ros2/src/node.cpp:[m[K In function ‘[01m[Kint main(int, char**)[m[K’:
[62.111s] [01m[K/home/smartway/ros2_ws/rplidar_ros2/src/node.cpp:356:60:[m[K [01;35m[Kwarning: [m[KISO C++ forbids variable length array ‘[01m[Kangle_compensate_nodes[m[K’ [[01;35m[K-Wvla[m[K]
[62.111s]   356 |                     rplidar_response_measurement_node_hq_t [01;35m[Kangle_compensate_nodes[m[K[angle_compensate_nodes_count];
[62.112s]       |                                                            [01;35m[K^~~~~~~~~~~~~~~~~~~~~~[m[K
[62.113s] [01m[K/home/smartway/ros2_ws/rplidar_ros2/src/node.cpp:360:30:[m[K [01;35m[Kwarning: [m[Kcomparison of integer expressions of different signedness: ‘[01m[Kint[m[K’ and ‘[01m[Ksize_t[m[K’ {aka ‘[01m[Klong unsigned int[m[K’} [[01;35m[K-Wsign-compare[m[K]
[62.114s]   360 |                     for( ; [01;35m[Ki < count[m[K; i++ ) {
[62.114s]       |                            [01;35m[K~~^~~~~~~[m[K
[76.133s] [ 50%] [32mBuilding CXX object CMakeFiles/rplidarNode.dir/sdk/src/arch/linux/net_serial.cpp.o[0m
[79.050s] [01m[K/home/smartway/ros2_ws/rplidar_ros2/sdk/src/arch/linux/net_serial.cpp:[m[K In member function ‘[01m[Kbool rp::arch::net::raw_serial::open(const char*, uint32_t, uint32_t)[m[K’:
[79.051s] [01m[K/home/smartway/ros2_ws/rplidar_ros2/sdk/src/arch/linux/net_serial.cpp:97:74:[m[K [01;35m[Kwarning: [m[Kunused parameter ‘[01m[Kflags[m[K’ [[01;35m[K-Wunused-parameter[m[K]
[79.052s]    97 | ial::open(const char * portname, uint32_t baudrate, [01;35m[Kuint32_t flags[m[K)
[79.053s]       |                                                     [01;35m[K~~~~~~~~~^~~~~[m[K
[79.053s] 
[79.055s] [01m[K/home/smartway/ros2_ws/rplidar_ros2/sdk/src/arch/linux/net_serial.cpp:[m[K In member function ‘[01m[Kvirtual void rp::arch::net::raw_serial::flush(_u32)[m[K’:
[79.056s] [01m[K/home/smartway/ros2_ws/rplidar_ros2/sdk/src/arch/linux/net_serial.cpp:281:30:[m[K [01;35m[Kwarning: [m[Kunused parameter ‘[01m[Kflags[m[K’ [[01;35m[K-Wunused-parameter[m[K]
[79.057s]   281 | void raw_serial::flush( [01;35m[K_u32 flags[m[K)
[79.058s]       |                         [01;35m[K~~~~~^~~~~[m[K
[79.058s] [01m[K/home/smartway/ros2_ws/rplidar_ros2/sdk/src/arch/linux/net_serial.cpp:[m[K In member function ‘[01m[Kvirtual int rp::arch::net::raw_serial::waitforsent(_u32, size_t*)[m[K’:
[79.061s] [01m[K/home/smartway/ros2_ws/rplidar_ros2/sdk/src/arch/linux/net_serial.cpp:286:34:[m[K [01;35m[Kwarning: [m[Kunused parameter ‘[01m[Ktimeout[m[K’ [[01;35m[K-Wunused-parameter[m[K]
[79.062s]   286 | int raw_serial::waitforsent([01;35m[K_u32 timeout[m[K, size_t * returned_size)
[79.062s]       |                             [01;35m[K~~~~~^~~~~~~[m[K
[79.063s] [01m[K/home/smartway/ros2_ws/rplidar_ros2/sdk/src/arch/linux/net_serial.cpp:[m[K In member function ‘[01m[Kvirtual int rp::arch::net::raw_serial::waitforrecv(_u32, size_t*)[m[K’:
[79.064s] [01m[K/home/smartway/ros2_ws/rplidar_ros2/sdk/src/arch/linux/net_serial.cpp:292:34:[m[K [01;35m[Kwarning: [m[Kunused parameter ‘[01m[Ktimeout[m[K’ [[01;35m[K-Wunused-parameter[m[K]
[79.064s]   292 | int raw_serial::waitforrecv([01;35m[K_u32 timeout[m[K, size_t * returned_size)
[79.065s]       |                             [01;35m[K~~~~~^~~~~~~[m[K
[79.694s] [ 55%] [32mBuilding CXX object CMakeFiles/rplidarNode.dir/sdk/src/arch/linux/net_socket.cpp.o[0m
[81.748s] In file included from [01m[K/home/smartway/ros2_ws/rplidar_ros2/./sdk/include/rplidar.h:39[m[K,
[81.750s]                  from [01m[K/home/smartway/ros2_ws/rplidar_ros2/./sdk/src/sdkcommon.h:48[m[K,
[81.751s]                  from [01m[K/home/smartway/ros2_ws/rplidar_ros2/sdk/src/arch/linux/net_socket.cpp:10[m[K:
[81.753s] [01m[K/home/smartway/ros2_ws/rplidar_ros2/./sdk/include/rplidar_protocol.h:59:14:[m[K [01;35m[Kwarning: [m[KISO C++ forbids zero-size array ‘[01m[Kdata[m[K’ [[01;35m[K-Wpedantic[m[K]
[81.754s]    59 |     _u8 data[[01;35m[K0[m[K];
[81.755s]       |              [01;35m[K^[m[K
[81.764s] In file included from [01m[K/home/smartway/ros2_ws/rplidar_ros2/./sdk/include/rplidar.h:40[m[K,
[81.766s]                  from [01m[K/home/smartway/ros2_ws/rplidar_ros2/./sdk/src/sdkcommon.h:48[m[K,
[81.767s]                  from [01m[K/home/smartway/ros2_ws/rplidar_ros2/sdk/src/arch/linux/net_socket.cpp:10[m[K:
[81.769s] [01m[K/home/smartway/ros2_ws/rplidar_ros2/./sdk/include/rplidar_cmd.h:260:18:[m[K [01;35m[Kwarning: [m[KISO C++ forbids zero-size array ‘[01m[Kpayload[m[K’ [[01;35m[K-Wpedantic[m[K]
[81.770s]   260 |     _u8  payload[[01;35m[K0[m[K];
[81.772s]       |                  [01;35m[K^[m[K
[81.819s] [01m[K/home/smartway/ros2_ws/rplidar_ros2/sdk/src/arch/linux/net_socket.cpp:[m[K In member function ‘[01m[Kvirtual u_result rp::net::SocketAddress::getAddressAsString(char*, size_t) const[m[K’:
[81.820s] [01m[K/home/smartway/ros2_ws/rplidar_ros2/sdk/src/arch/linux/net_socket.cpp:170:17:[m[K [01;35m[Kwarning: [m[Kordered comparison of pointer with integer zero [[01;35m[K-Wextra[m[K]
[81.821s]   170 |     return ans<=[01;35m[K0[m[K?RESULT_OPERATION_FAIL:RESULT_OK;
[81.822s]       |                 [01;35m[K^[m[K
[81.850s] [01m[K/home/smartway/ros2_ws/rplidar_ros2/sdk/src/arch/linux/net_socket.cpp:[m[K In member function ‘[01m[Kvirtual u_result rp::arch::net::StreamSocketImpl::send(const void*, size_t)[m[K’:
[81.850s] [01m[K/home/smartway/ros2_ws/rplidar_ros2/sdk/src/arch/linux/net_socket.cpp:438:17:[m[K [01;35m[Kwarning: [m[Kcomparison of integer expressions of different signedness: ‘[01m[Ksize_t[m[K’ {aka ‘[01m[Klong unsigned int[m[K’} and ‘[01m[Kint[m[K’ [[01;35m[K-Wsign-compare[m[K]
[81.851s]   438 |         if ([01;35m[Kans == (int)len[m[K) {
[81.852s]       |             [01;35m[K~~~~^~~~~~~~~~~[m[K
[81.871s] In file included from [01m[K/home/smartway/ros2_ws/rplidar_ros2/./sdk/src/arch/linux/arch_linux.h:42[m[K,
[81.872s]                  from [01m[K/home/smartway/ros2_ws/rplidar_ros2/./sdk/src/sdkcommon.h:40[m[K,
[81.873s]                  from [01m[K/home/smartway/ros2_ws/rplidar_ros2/sdk/src/arch/linux/net_socket.cpp:10[m[K:
[81.874s] [01m[K/home/smartway/ros2_ws/rplidar_ros2/sdk/src/arch/linux/net_socket.cpp:[m[K In member function ‘[01m[Kvirtual u_result rp::arch::net::DGramSocketImpl::sendTo(const rp::net::SocketAddress&, const void*, size_t)[m[K’:
[81.874s] [01m[K/home/smartway/ros2_ws/rplidar_ros2/sdk/src/arch/linux/net_socket.cpp:726:24:[m[K [01;35m[Kwarning: [m[Kcomparison of integer expressions of different signedness: ‘[01m[Ksize_t[m[K’ {aka ‘[01m[Klong unsigned int[m[K’} and ‘[01m[Kint[m[K’ [[01;35m[K-Wsign-compare[m[K]
[81.886s]   726 |             assert([01;35m[Kans == (int)len[m[K);
[81.886s]       |                    [01;35m[K~~~~^~~~~~~~~~~[m[K
[82.986s] [ 61%] [32mBuilding CXX object CMakeFiles/rplidarNode.dir/sdk/src/arch/linux/timer.cpp.o[0m
[85.567s] [ 66%] [32mBuilding CXX object CMakeFiles/rplidarNode.dir/sdk/src/hal/thread.cpp.o[0m
[87.742s] In file included from [01m[K/home/smartway/ros2_ws/rplidar_ros2/./sdk/include/rplidar.h:39[m[K,
[87.743s]                  from [01m[K/home/smartway/ros2_ws/rplidar_ros2/./sdk/src/sdkcommon.h:48[m[K,
[87.744s]                  from [01m[K/home/smartway/ros2_ws/rplidar_ros2/sdk/src/hal/thread.cpp:35[m[K:
[87.746s] [01m[K/home/smartway/ros2_ws/rplidar_ros2/./sdk/include/rplidar_protocol.h:59:14:[m[K [01;35m[Kwarning: [m[KISO C++ forbids zero-size array ‘[01m[Kdata[m[K’ [[01;35m[K-Wpedantic[m[K]
[87.747s]    59 |     _u8 data[[01;35m[K0[m[K];
[87.749s]       |              [01;35m[K^[m[K
[87.750s] In file included from [01m[K/home/smartway/ros2_ws/rplidar_ros2/./sdk/include/rplidar.h:40[m[K,
[87.751s]                  from [01m[K/home/smartway/ros2_ws/rplidar_ros2/./sdk/src/sdkcommon.h:48[m[K,
[87.753s]                  from [01m[K/home/smartway/ros2_ws/rplidar_ros2/sdk/src/hal/thread.cpp:35[m[K:
[87.754s] [01m[K/home/smartway/ros2_ws/rplidar_ros2/./sdk/include/rplidar_cmd.h:260:18:[m[K [01;35m[Kwarning: [m[KISO C++ forbids zero-size array ‘[01m[Kpayload[m[K’ [[01;35m[K-Wpedantic[m[K]
[87.754s]   260 |     _u8  payload[[01;35m[K0[m[K];
[87.763s]       |                  [01;35m[K^[m[K
[87.766s] In file included from [01m[K/home/smartway/ros2_ws/rplidar_ros2/sdk/src/hal/thread.cpp:43[m[K:
[87.767s] [01m[K/home/smartway/ros2_ws/rplidar_ros2/./sdk/src/arch/linux/thread.hpp:[m[K In static member function ‘[01m[Kstatic rp::hal::Thread rp::hal::Thread::create(thread_proc_t, void*)[m[K’:
[87.789s] [01m[K/home/smartway/ros2_ws/rplidar_ros2/./sdk/src/arch/linux/thread.hpp:48:77:[m[K [01;35m[Kwarning: [m[Kcast between incompatible function types from ‘[01m[Kthread_proc_t[m[K’ {aka ‘[01m[Klong unsigned int (*)(void*)[m[K’} to ‘[01m[Kvoid* (*)(void*)[m[K’ [[01;35m[K-Wcast-function-type[m[K]
[87.790s]    48 | ad_create((pthread_t *)&newborn._handle, NULL, (void * (*)(void *))[01;35m[Kproc[m[K, data);
[87.790s]       |                                                                    [01;35m[K^~~~[m[K
[87.792s] 
[87.793s] [01m[K/home/smartway/ros2_ws/rplidar_ros2/./sdk/src/arch/linux/thread.hpp:[m[K In member function ‘[01m[Ku_result rp::hal::Thread::join(long unsigned int)[m[K’:
[87.793s] [01m[K/home/smartway/ros2_ws/rplidar_ros2/./sdk/src/arch/linux/thread.hpp:129:37:[m[K [01;35m[Kwarning: [m[Kunused parameter ‘[01m[Ktimeout[m[K’ [[01;35m[K-Wunused-parameter[m[K]
[87.794s]   129 | u_result Thread::join([01;35m[Kunsigned long timeout[m[K)
[87.795s]       |                       [01;35m[K~~~~~~~~~~~~~~^~~~~~~[m[K
[88.292s] [ 72%] [32mBuilding CXX object CMakeFiles/rplidarNode.dir/sdk/src/rplidar_driver.cpp.o[0m
[90.616s] In file included from [01m[K/home/smartway/ros2_ws/rplidar_ros2/./sdk/include/rplidar.h:39[m[K,
[90.616s]                  from [01m[K/home/smartway/ros2_ws/rplidar_ros2/sdk/src/sdkcommon.h:48[m[K,
[90.617s]                  from [01m[K/home/smartway/ros2_ws/rplidar_ros2/sdk/src/rplidar_driver.cpp:35[m[K:
[90.617s] [01m[K/home/smartway/ros2_ws/rplidar_ros2/./sdk/include/rplidar_protocol.h:59:14:[m[K [01;35m[Kwarning: [m[KISO C++ forbids zero-size array ‘[01m[Kdata[m[K’ [[01;35m[K-Wpedantic[m[K]
[90.618s]    59 |     _u8 data[[01;35m[K0[m[K];
[90.619s]       |              [01;35m[K^[m[K
[90.620s] In file included from [01m[K/home/smartway/ros2_ws/rplidar_ros2/./sdk/include/rplidar.h:40[m[K,
[90.621s]                  from [01m[K/home/smartway/ros2_ws/rplidar_ros2/sdk/src/sdkcommon.h:48[m[K,
[90.621s]                  from [01m[K/home/smartway/ros2_ws/rplidar_ros2/sdk/src/rplidar_driver.cpp:35[m[K:
[90.622s] [01m[K/home/smartway/ros2_ws/rplidar_ros2/./sdk/include/rplidar_cmd.h:260:18:[m[K [01;35m[Kwarning: [m[KISO C++ forbids zero-size array ‘[01m[Kpayload[m[K’ [[01;35m[K-Wpedantic[m[K]
[90.622s]   260 |     _u8  payload[[01;35m[K0[m[K];
[90.623s]       |                  [01;35m[K^[m[K
[91.635s] [01m[K/home/smartway/ros2_ws/rplidar_ros2/sdk/src/rplidar_driver.cpp:[m[K In member function ‘[01m[Kvirtual u_result rp::standalone::rplidar::RPlidarDriverImplCommon::reset(_u32)[m[K’:
[91.635s] [01m[K/home/smartway/ros2_ws/rplidar_ros2/sdk/src/rplidar_driver.cpp:121:46:[m[K [01;35m[Kwarning: [m[Kunused parameter ‘[01m[Ktimeout[m[K’ [[01;35m[K-Wunused-parameter[m[K]
[91.636s]   121 | u_result RPlidarDriverImplCommon::reset([01;35m[K_u32 timeout[m[K)
[91.637s]       |                                         [01;35m[K~~~~~^~~~~~~[m[K
[91.648s] [01m[K/home/smartway/ros2_ws/rplidar_ros2/sdk/src/rplidar_driver.cpp:[m[K In member function ‘[01m[Kvirtual u_result rp::standalone::rplidar::RPlidarDriverImplCommon::checkIfTofLidar(bool&, _u32)[m[K’:
[91.649s] [01m[K/home/smartway/ros2_ws/rplidar_ros2/sdk/src/rplidar_driver.cpp:274:75:[m[K [01;35m[Kwarning: [m[Kunused parameter ‘[01m[Ktimeout[m[K’ [[01;35m[K-Wunused-parameter[m[K]
[91.649s]   274 | esult RPlidarDriverImplCommon::checkIfTofLidar(bool & isTofLidar, [01;35m[K_u32 timeout[m[K)
[91.650s]       |                                                                   [01;35m[K~~~~~^~~~~~~[m[K
[91.650s] 
[91.679s] [01m[K/home/smartway/ros2_ws/rplidar_ros2/sdk/src/rplidar_driver.cpp:[m[K In member function ‘[01m[Kvirtual void rp::standalone::rplidar::RPlidarDriverImplCommon::_dense_capsuleToNormal(const rplidar_response_capsule_measurement_nodes_t&, rplidar_response_measurement_node_hq_t*, size_t&)[m[K’:
[91.680s] [01m[K/home/smartway/ros2_ws/rplidar_ros2/sdk/src/rplidar_driver.cpp:872:108:[m[K [01;35m[Kwarning: [m[Ktype qualifiers ignored on cast result type [[01;35m[K-Wignored-qualifiers[m[K]
[91.681s]   872 |  int>(_cached_previous_dense_capsuledata.cabins[pos].distance[01;35m[K)[m[K;
[91.681s]       |                                                              [01;35m[K^[m[K
[91.682s] 
[91.687s] [01m[K/home/smartway/ros2_ws/rplidar_ros2/sdk/src/rplidar_driver.cpp:[m[K In function ‘[01m[K_u32 rp::standalone::rplidar::_crc32cal(_u32, void*, _u16)[m[K’:
[91.688s] [01m[K/home/smartway/ros2_ws/rplidar_ros2/sdk/src/rplidar_driver.cpp:996:23:[m[K [01;35m[Kwarning: [m[Ksuggest parentheses around ‘[01m[K-[m[K’ in operand of ‘[01m[K&[m[K’ [[01;35m[K-Wparentheses[m[K]
[91.688s]   996 |     _u8 leftBytes = [01;35m[K4 - len[m[K & 0x3;
[91.689s]       |                     [01;35m[K~~^~~~~[m[K
[91.696s] [01m[K/home/smartway/ros2_ws/rplidar_ros2/sdk/src/rplidar_driver.cpp:[m[K In member function ‘[01m[Kvirtual void rp::standalone::rplidar::RPlidarDriverImplCommon::_ultraCapsuleToNormal(const rplidar_response_ultra_capsule_measurement_nodes_t&, rplidar_response_measurement_node_hq_t*, size_t&)[m[K’:
[91.697s] [01m[K/home/smartway/ros2_ws/rplidar_ros2/sdk/src/rplidar_driver.cpp:1207:32:[m[K [01;35m[Kwarning: [m[Kcomparison of integer expressions of different signedness: ‘[01m[Kint[m[K’ and ‘[01m[Kunsigned int[m[K’ [[01;35m[K-Wsign-compare[m[K]
[91.698s]  1207 |             if (([01;35m[Kdist_predict1 == 0xFFFFFE00[m[K) || (dist_predict1 == 0x1FF)) {
[91.699s]       |                  [01;35m[K~~~~~~~~~~~~~~^~~~~~~~~~~~~[m[K
[91.700s] [01m[K/home/smartway/ros2_ws/rplidar_ros2/sdk/src/rplidar_driver.cpp:1215:32:[m[K [01;35m[Kwarning: [m[Kcomparison of integer expressions of different signedness: ‘[01m[Kint[m[K’ and ‘[01m[Kunsigned int[m[K’ [[01;35m[K-Wsign-compare[m[K]
[91.700s]  1215 |             if (([01;35m[Kdist_predict2 == 0xFFFFFE00[m[K) || (dist_predict2 == 0x1FF)) {
[91.701s]       |                  [01;35m[K~~~~~~~~~~~~~~^~~~~~~~~~~~~[m[K
[91.761s] [01m[K/home/smartway/ros2_ws/rplidar_ros2/sdk/src/rplidar_driver.cpp:[m[K In member function ‘[01m[Kvirtual u_result rp::standalone::rplidar::RPlidarDriverImplCommon::getAllSupportedScanModes(std::vector<rp::standalone::rplidar::RplidarScanMode>&, _u32)[m[K’:
[91.764s] [01m[K/home/smartway/ros2_ws/rplidar_ros2/sdk/src/rplidar_driver.cpp:1453:105:[m[K [01;35m[Kwarning: [m[Kunused parameter ‘[01m[KtimeoutInMs[m[K’ [[01;35m[K-Wunused-parameter[m[K]
[91.765s]  1453 | AllSupportedScanModes(std::vector<RplidarScanMode>& outModes, [01;35m[K_u32 timeoutInMs[m[K)
[91.766s]       |                                                               [01;35m[K~~~~~^~~~~~~~~~~[m[K
[91.766s] 
[91.767s] [01m[K/home/smartway/ros2_ws/rplidar_ros2/sdk/src/rplidar_driver.cpp:[m[K In member function ‘[01m[Kvirtual u_result rp::standalone::rplidar::RPlidarDriverImplCommon::startScan(bool, bool, _u32, rp::standalone::rplidar::RplidarScanMode*)[m[K’:
[91.768s] [01m[K/home/smartway/ros2_ws/rplidar_ros2/sdk/src/rplidar_driver.cpp:1550:83:[m[K [01;35m[Kwarning: [m[Kunused parameter ‘[01m[Koptions[m[K’ [[01;35m[K-Wunused-parameter[m[K]
[91.768s]  1550 | rImplCommon::startScan(bool force, bool useTypicalScan, [01;35m[K_u32 options[m[K, RplidarScanMode* outUsedScanMode)
[91.769s]       |                                                         [01;35m[K~~~~~^~~~~~~[m[K
[91.776s] 
[91.777s] [01m[K/home/smartway/ros2_ws/rplidar_ros2/sdk/src/rplidar_driver.cpp:[m[K In member function ‘[01m[Kvirtual u_result rp::standalone::rplidar::RPlidarDriverImplCommon::stop(_u32)[m[K’:
[91.778s] [01m[K/home/smartway/ros2_ws/rplidar_ros2/sdk/src/rplidar_driver.cpp:1774:45:[m[K [01;35m[Kwarning: [m[Kunused parameter ‘[01m[Ktimeout[m[K’ [[01;35m[K-Wunused-parameter[m[K]
[91.779s]  1774 | u_result RPlidarDriverImplCommon::stop([01;35m[K_u32 timeout[m[K)
[91.780s]       |                                        [01;35m[K~~~~~^~~~~~~[m[K
[91.780s] [01m[K/home/smartway/ros2_ws/rplidar_ros2/sdk/src/rplidar_driver.cpp:[m[K In member function ‘[01m[Kvirtual u_result rp::standalone::rplidar::RPlidarDriverImplCommon::setLidarSpinSpeed(_u16, _u32)[m[K’:
[91.781s] [01m[K/home/smartway/ros2_ws/rplidar_ros2/sdk/src/rplidar_driver.cpp:2162:68:[m[K [01;35m[Kwarning: [m[Kunused parameter ‘[01m[Ktimeout[m[K’ [[01;35m[K-Wunused-parameter[m[K]
[91.782s]  2162 | u_result RPlidarDriverImplCommon::setLidarSpinSpeed(_u16 rpm, [01;35m[K_u32 timeout[m[K)
[91.782s]       |                                                               [01;35m[K~~~~~^~~~~~~[m[K
[91.783s] [01m[K/home/smartway/ros2_ws/rplidar_ros2/sdk/src/rplidar_driver.cpp:[m[K In member function ‘[01m[Kvirtual u_result rp::standalone::rplidar::RPlidarDriverSerial::connect(const char*, _u32, _u32)[m[K’:
[91.784s] [01m[K/home/smartway/ros2_ws/rplidar_ros2/sdk/src/rplidar_driver.cpp:2240:83:[m[K [01;35m[Kwarning: [m[Kunused parameter ‘[01m[Kflag[m[K’ [[01;35m[K-Wunused-parameter[m[K]
[91.785s]  2240 | rSerial::connect(const char * port_path, _u32 baudrate, [01;35m[K_u32 flag[m[K)
[91.785s]       |                                                         [01;35m[K~~~~~^~~~[m[K
[91.786s] 
[91.787s] [01m[K/home/smartway/ros2_ws/rplidar_ros2/sdk/src/rplidar_driver.cpp:[m[K In member function ‘[01m[Kvirtual u_result rp::standalone::rplidar::RPlidarDriverTCP::connect(const char*, _u32, _u32)[m[K’:
[91.787s] [01m[K/home/smartway/ros2_ws/rplidar_ros2/sdk/src/rplidar_driver.cpp:2282:72:[m[K [01;35m[Kwarning: [m[Kunused parameter ‘[01m[Kflag[m[K’ [[01;35m[K-Wunused-parameter[m[K]
[91.788s]  2282 | u_result RPlidarDriverTCP::connect(const char * ipStr, _u32 port, [01;35m[K_u32 flag[m[K)
[91.793s]       |                                                                   [01;35m[K~~~~~^~~~[m[K
[93.952s] [ 77%] [32m[1mLinking CXX executable rplidarNode[0m
[95.112s] [ 77%] Built target rplidarNode
[95.169s] [35m[1mScanning dependencies of target rplidar_composition[0m
[95.404s] [ 83%] [32mBuilding CXX object CMakeFiles/rplidar_composition.dir/src/standalone_rplidar.cpp.o[0m
[95.937s] In file included from [01m[K/home/smartway/ros2_ws/rplidar_ros2/src/standalone_rplidar.cpp:16[m[K:
[95.938s] [01m[K/home/smartway/ros2_ws/rplidar_ros2/include/rplidar_node.hpp:50:[m[K [01;35m[Kwarning: [m[K"M_PI" redefined
[95.938s]    50 | #define M_PI 3.1415926535897932384626433832795
[95.940s]       | 
[95.941s] In file included from [01m[K/usr/include/c++/9/cmath:45[m[K,
[95.942s]                  from [01m[K/opt/ros/foxy/include/libstatistics_collector/moving_average_statistics/types.hpp:18[m[K,
[95.942s]                  from [01m[K/opt/ros/foxy/include/libstatistics_collector/collector/generate_statistics_message.hpp:24[m[K,
[95.943s]                  from [01m[K/opt/ros/foxy/include/rclcpp/topic_statistics/subscription_topic_statistics.hpp:23[m[K,
[95.944s]                  from [01m[K/opt/ros/foxy/include/rclcpp/subscription.hpp:50[m[K,
[95.944s]                  from [01m[K/opt/ros/foxy/include/rclcpp/any_executable.hpp:25[m[K,
[95.945s]                  from [01m[K/opt/ros/foxy/include/rclcpp/memory_strategy.hpp:24[m[K,
[95.945s]                  from [01m[K/opt/ros/foxy/include/rclcpp/memory_strategies.hpp:18[m[K,
[95.946s]                  from [01m[K/opt/ros/foxy/include/rclcpp/executor_options.hpp:20[m[K,
[95.946s]                  from [01m[K/opt/ros/foxy/include/rclcpp/executor.hpp:33[m[K,
[95.947s]                  from [01m[K/opt/ros/foxy/include/rclcpp/executors/multi_threaded_executor.hpp:26[m[K,
[95.948s]                  from [01m[K/opt/ros/foxy/include/rclcpp/executors.hpp:21[m[K,
[95.948s]                  from [01m[K/opt/ros/foxy/include/rclcpp/rclcpp.hpp:146[m[K,
[95.949s]                  from [01m[K/home/smartway/ros2_ws/rplidar_ros2/include/rplidar_node.hpp:34[m[K,
[95.950s]                  from [01m[K/home/smartway/ros2_ws/rplidar_ros2/src/standalone_rplidar.cpp:16[m[K:
[95.950s] [01m[K/usr/include/math.h:1070:[m[K [01;36m[Knote: [m[Kthis is the location of the previous definition
[95.951s]  1070 | # define M_PI  3.14159265358979323846 /* pi */
[95.952s]       | 
[104.365s] In file included from [01m[K/home/smartway/ros2_ws/rplidar_ros2/./sdk/include/rplidar.h:39[m[K,
[104.366s]                  from [01m[K/home/smartway/ros2_ws/rplidar_ros2/include/rplidar_node.hpp:41[m[K,
[104.366s]                  from [01m[K/home/smartway/ros2_ws/rplidar_ros2/src/standalone_rplidar.cpp:16[m[K:
[104.368s] [01m[K/home/smartway/ros2_ws/rplidar_ros2/./sdk/include/rplidar_protocol.h:59:14:[m[K [01;35m[Kwarning: [m[KISO C++ forbids zero-size array ‘[01m[Kdata[m[K’ [[01;35m[K-Wpedantic[m[K]
[104.373s]    59 |     _u8 data[[01;35m[K0[m[K];
[104.375s]       |              [01;35m[K^[m[K
[104.376s] In file included from [01m[K/home/smartway/ros2_ws/rplidar_ros2/./sdk/include/rplidar.h:40[m[K,
[104.377s]                  from [01m[K/home/smartway/ros2_ws/rplidar_ros2/include/rplidar_node.hpp:41[m[K,
[104.377s]                  from [01m[K/home/smartway/ros2_ws/rplidar_ros2/src/standalone_rplidar.cpp:16[m[K:
[104.378s] [01m[K/home/smartway/ros2_ws/rplidar_ros2/./sdk/include/rplidar_cmd.h:260:18:[m[K [01;35m[Kwarning: [m[KISO C++ forbids zero-size array ‘[01m[Kpayload[m[K’ [[01;35m[K-Wpedantic[m[K]
[104.378s]   260 |     _u8  payload[[01;35m[K0[m[K];
[104.379s]       |                  [01;35m[K^[m[K
[107.289s] In file included from [01m[K/home/smartway/ros2_ws/rplidar_ros2/src/standalone_rplidar.cpp:16[m[K:
[107.290s] [01m[K/home/smartway/ros2_ws/rplidar_ros2/include/rplidar_node.hpp:76:14:[m[K [01;35m[Kwarning: [m[K‘[01m[Kfloat rplidar_ros::getAngle(const rplidar_response_measurement_node_hq_t&)[m[K’ defined but not used [[01;35m[K-Wunused-function[m[K]
[107.291s]    76 | static float [01;35m[KgetAngle[m[K(const rplidar_response_measurement_node_hq_t& node)
[107.292s]       |              [01;35m[K^~~~~~~~[m[K
[107.892s] [ 88%] [32m[1mLinking CXX executable rplidar_composition[0m
[108.847s] [ 88%] Built target rplidar_composition
[108.902s] [35m[1mScanning dependencies of target rplidarNodeClient[0m
[109.123s] [ 94%] [32mBuilding CXX object CMakeFiles/rplidarNodeClient.dir/src/client.cpp.o[0m
[109.692s] [01m[K/home/smartway/ros2_ws/rplidar_ros2/src/client.cpp:43:[m[K [01;35m[Kwarning: [m[K"M_PI" redefined
[109.692s]    43 | #define M_PI 3.1415926535897932384626433832795
[109.693s]       | 
[109.694s] In file included from [01m[K/usr/include/c++/9/cmath:45[m[K,
[109.695s]                  from [01m[K/opt/ros/foxy/include/libstatistics_collector/moving_average_statistics/types.hpp:18[m[K,
[109.696s]                  from [01m[K/opt/ros/foxy/include/libstatistics_collector/collector/generate_statistics_message.hpp:24[m[K,
[109.696s]                  from [01m[K/opt/ros/foxy/include/rclcpp/topic_statistics/subscription_topic_statistics.hpp:23[m[K,
[109.697s]                  from [01m[K/opt/ros/foxy/include/rclcpp/subscription.hpp:50[m[K,
[109.698s]                  from [01m[K/opt/ros/foxy/include/rclcpp/any_executable.hpp:25[m[K,
[109.698s]                  from [01m[K/opt/ros/foxy/include/rclcpp/memory_strategy.hpp:24[m[K,
[109.699s]                  from [01m[K/opt/ros/foxy/include/rclcpp/memory_strategies.hpp:18[m[K,
[109.700s]                  from [01m[K/opt/ros/foxy/include/rclcpp/executor_options.hpp:20[m[K,
[109.700s]                  from [01m[K/opt/ros/foxy/include/rclcpp/executor.hpp:33[m[K,
[109.701s]                  from [01m[K/opt/ros/foxy/include/rclcpp/executors/multi_threaded_executor.hpp:26[m[K,
[109.702s]                  from [01m[K/opt/ros/foxy/include/rclcpp/executors.hpp:21[m[K,
[109.702s]                  from [01m[K/opt/ros/foxy/include/rclcpp/rclcpp.hpp:146[m[K,
[109.703s]                  from [01m[K/home/smartway/ros2_ws/rplidar_ros2/src/client.cpp:38[m[K:
[109.704s] [01m[K/usr/include/math.h:1070:[m[K [01;36m[Knote: [m[Kthis is the location of the previous definition
[109.704s]  1070 | # define M_PI  3.14159265358979323846 /* pi */
[109.705s]       | 
[135.558s] [100%] [32m[1mLinking CXX executable rplidarNodeClient[0m
[136.965s] [100%] Built target rplidarNodeClient
[137.020s] Invoked command in '/home/smartway/ros2_ws/build/rplidar_ros' returned '0': CMAKE_PREFIX_PATH=${CMAKE_PREFIX_PATH}:/opt/ros/foxy /usr/bin/cmake --build /home/smartway/ros2_ws/build/rplidar_ros -- -j4 -l4
[137.298s] Invoking command in '/home/smartway/ros2_ws/build/rplidar_ros': CMAKE_PREFIX_PATH=${CMAKE_PREFIX_PATH}:/opt/ros/foxy /usr/bin/cmake --install /home/smartway/ros2_ws/build/rplidar_ros
[137.359s] -- Install configuration: ""
[137.360s] -- Installing: /home/smartway/ros2_ws/install/rplidar_ros/lib/rplidar_ros/rplidarNode
[137.368s] -- Set runtime path of "/home/smartway/ros2_ws/install/rplidar_ros/lib/rplidar_ros/rplidarNode" to ""
[137.369s] -- Installing: /home/smartway/ros2_ws/install/rplidar_ros/lib/rplidar_ros/rplidarNodeClient
[137.382s] -- Set runtime path of "/home/smartway/ros2_ws/install/rplidar_ros/lib/rplidar_ros/rplidarNodeClient" to ""
[137.383s] -- Installing: /home/smartway/ros2_ws/install/rplidar_ros/lib/rplidar_ros/rplidar_composition
[137.386s] -- Set runtime path of "/home/smartway/ros2_ws/install/rplidar_ros/lib/rplidar_ros/rplidar_composition" to ""
[137.387s] -- Installing: /home/smartway/ros2_ws/install/rplidar_ros/share/rplidar_ros/launch
[137.388s] -- Installing: /home/smartway/ros2_ws/install/rplidar_ros/share/rplidar_ros/launch/rplidar.launch.py
[137.389s] -- Installing: /home/smartway/ros2_ws/install/rplidar_ros/share/rplidar_ros/launch/rplidar_a3.launch.py
[137.390s] -- Installing: /home/smartway/ros2_ws/install/rplidar_ros/share/rplidar_ros/launch/view_rplidar.launch.py
[137.391s] -- Installing: /home/smartway/ros2_ws/install/rplidar_ros/share/rplidar_ros/launch/rplidar_s1_tcp.launch.py
[137.391s] -- Installing: /home/smartway/ros2_ws/install/rplidar_ros/share/rplidar_ros/launch/view_rplidar_a3.launch.py
[137.392s] -- Installing: /home/smartway/ros2_ws/install/rplidar_ros/share/rplidar_ros/launch/view_rplidar_s1.launch.py
[137.393s] -- Installing: /home/smartway/ros2_ws/install/rplidar_ros/share/rplidar_ros/launch/test_rplidar.launch.py
[137.394s] -- Installing: /home/smartway/ros2_ws/install/rplidar_ros/share/rplidar_ros/launch/view_rplidar_s1_tcp.launch.py
[137.395s] -- Installing: /home/smartway/ros2_ws/install/rplidar_ros/share/rplidar_ros/launch/test_rplidar_a3.launch.py
[137.396s] -- Installing: /home/smartway/ros2_ws/install/rplidar_ros/share/rplidar_ros/launch/rplidar_s1.launch.py
[137.397s] -- Installing: /home/smartway/ros2_ws/install/rplidar_ros/share/rplidar_ros/rviz
[137.398s] -- Installing: /home/smartway/ros2_ws/install/rplidar_ros/share/rplidar_ros/rviz/rplidar.rviz
[137.399s] -- Installing: /home/smartway/ros2_ws/install/rplidar_ros/lib/librplidar_composition_node.so
[137.414s] -- Set runtime path of "/home/smartway/ros2_ws/install/rplidar_ros/lib/librplidar_composition_node.so" to ""
[137.416s] -- Installing: /home/smartway/ros2_ws/install/rplidar_ros/include
[137.417s] -- Installing: /home/smartway/ros2_ws/install/rplidar_ros/include/rplidar_node.hpp
[137.418s] -- Installing: /home/smartway/ros2_ws/install/rplidar_ros/include/visibility.h
[137.419s] -- Up-to-date: /home/smartway/ros2_ws/install/rplidar_ros/lib/rplidar_ros/rplidarNode
[137.420s] -- Up-to-date: /home/smartway/ros2_ws/install/rplidar_ros/lib/rplidar_ros/rplidarNodeClient
[137.422s] -- Up-to-date: /home/smartway/ros2_ws/install/rplidar_ros/lib/rplidar_ros/rplidar_composition
[137.425s] -- Installing: /home/smartway/ros2_ws/install/rplidar_ros/share/ament_index/resource_index/package_run_dependencies/rplidar_ros
[137.426s] -- Installing: /home/smartway/ros2_ws/install/rplidar_ros/share/ament_index/resource_index/parent_prefix_path/rplidar_ros
[137.428s] -- Installing: /home/smartway/ros2_ws/install/rplidar_ros/share/rplidar_ros/environment/ament_prefix_path.sh
[137.430s] -- Installing: /home/smartway/ros2_ws/install/rplidar_ros/share/rplidar_ros/environment/ament_prefix_path.dsv
[137.445s] -- Installing: /home/smartway/ros2_ws/install/rplidar_ros/share/rplidar_ros/environment/path.sh
[137.446s] -- Installing: /home/smartway/ros2_ws/install/rplidar_ros/share/rplidar_ros/environment/path.dsv
[137.447s] -- Installing: /home/smartway/ros2_ws/install/rplidar_ros/share/rplidar_ros/local_setup.bash
[137.448s] -- Installing: /home/smartway/ros2_ws/install/rplidar_ros/share/rplidar_ros/local_setup.sh
[137.449s] -- Installing: /home/smartway/ros2_ws/install/rplidar_ros/share/rplidar_ros/local_setup.zsh
[137.449s] -- Installing: /home/smartway/ros2_ws/install/rplidar_ros/share/rplidar_ros/local_setup.dsv
[137.450s] -- Installing: /home/smartway/ros2_ws/install/rplidar_ros/share/rplidar_ros/package.dsv
[137.451s] -- Installing: /home/smartway/ros2_ws/install/rplidar_ros/share/ament_index/resource_index/packages/rplidar_ros
[137.452s] -- Installing: /home/smartway/ros2_ws/install/rplidar_ros/share/rplidar_ros/cmake/ament_cmake_export_dependencies-extras.cmake
[137.453s] -- Installing: /home/smartway/ros2_ws/install/rplidar_ros/share/rplidar_ros/cmake/ament_cmake_export_include_directories-extras.cmake
[137.453s] -- Installing: /home/smartway/ros2_ws/install/rplidar_ros/share/rplidar_ros/cmake/rplidar_rosConfig.cmake
[137.454s] -- Installing: /home/smartway/ros2_ws/install/rplidar_ros/share/rplidar_ros/cmake/rplidar_rosConfig-version.cmake
[137.455s] -- Installing: /home/smartway/ros2_ws/install/rplidar_ros/share/rplidar_ros/package.xml
[137.473s] Invoked command in '/home/smartway/ros2_ws/build/rplidar_ros' returned '0': CMAKE_PREFIX_PATH=${CMAKE_PREFIX_PATH}:/opt/ros/foxy /usr/bin/cmake --install /home/smartway/ros2_ws/build/rplidar_ros
