[0.303s] Invoking command in '/home/smartway/ros2_ws/build/nav2_controller': AMENT_PREFIX_PATH=/home/smartway/ros2_ws/install/nav2_core:/home/smartway/ros2_ws/install/nav2_costmap_2d:/home/smartway/ros2_ws/install/nav_2d_utils:/home/smartway/ros2_ws/install/nav2_util:/home/smartway/ros2_ws/install/nav2_voxel_grid:/home/smartway/ros2_ws/install/nav2_msgs:/home/smartway/ros2_ws/install/nav_2d_msgs:/home/smartway/ros2_ws/install/nav2_common:${AMENT_PREFIX_PATH} CMAKE_PREFIX_PATH=/home/smartway/ros2_ws/install/nav2_core:/home/smartway/ros2_ws/install/nav2_costmap_2d:/home/smartway/ros2_ws/install/nav_2d_utils:/home/smartway/ros2_ws/install/nav2_util:/home/smartway/ros2_ws/install/nav2_voxel_grid:/home/smartway/ros2_ws/install/nav2_msgs:/home/smartway/ros2_ws/install/nav_2d_msgs:/home/smartway/ros2_ws/install/nav2_common:/build/rpi_robot_action_interfaces:/build/rpi_robot_bringup:/build/rpi_robot_slam:/build/rplidar_ros:/opt/ros/foxy LD_LIBRARY_PATH=/home/smartway/ros2_ws/install/nav2_costmap_2d/lib:/home/smartway/ros2_ws/install/nav_2d_utils/lib:/home/smartway/ros2_ws/install/nav2_util/lib:/home/smartway/ros2_ws/install/nav2_voxel_grid/lib:/home/smartway/ros2_ws/install/nav2_msgs/lib:/home/smartway/ros2_ws/install/nav_2d_msgs/lib:/opt/ros/foxy/opt/yaml_cpp_vendor/lib:/opt/ros/foxy/opt/rviz_ogre_vendor/lib:/opt/ros/foxy/lib/aarch64-linux-gnu:/opt/ros/foxy/lib:/usr/lib/aarch64-linux-gnu/gazebo-11/plugins PYTHONPATH=/home/smartway/ros2_ws/install/nav2_msgs/lib/python3.8/site-packages:/home/smartway/ros2_ws/install/nav_2d_msgs/lib/python3.8/site-packages:/home/smartway/ros2_ws/install/nav2_common/lib/python3.8/site-packages:${PYTHONPATH} /usr/bin/cmake /home/smartway/ros2_ws/src/navigation2/nav2_controller -DCMAKE_INSTALL_PREFIX=/home/smartway/ros2_ws/install/nav2_controller
[0.772s] -- The C compiler identification is GNU 9.4.0
[1.202s] -- The CXX compiler identification is GNU 9.4.0
[1.228s] -- Check for working C compiler: /usr/bin/cc
[1.781s] -- Check for working C compiler: /usr/bin/cc -- works
[1.788s] -- Detecting C compiler ABI info
[2.334s] -- Detecting C compiler ABI info - done
[2.390s] -- Detecting C compile features
[2.392s] -- Detecting C compile features - done
[2.406s] -- Check for working CXX compiler: /usr/bin/c++
[3.022s] -- Check for working CXX compiler: /usr/bin/c++ -- works
[3.032s] -- Detecting CXX compiler ABI info
[3.657s] -- Detecting CXX compiler ABI info - done
[3.703s] -- Detecting CXX compile features
[3.706s] -- Detecting CXX compile features - done
[3.779s] -- Found ament_cmake: 0.9.11 (/opt/ros/foxy/share/ament_cmake/cmake)
[3.929s] -- Found PythonInterp: /usr/bin/python3 (found suitable version "3.8.10", minimum required is "3") 
[3.930s] -- Using PYTHON_EXECUTABLE: /usr/bin/python3
[6.069s] -- Found nav2_core: 0.4.7 (/home/smartway/ros2_ws/install/nav2_core/share/nav2_core/cmake)
[6.959s] -- Using all available rosidl_typesupport_c: rosidl_typesupport_fastrtps_c;rosidl_typesupport_introspection_c
[7.154s] -- Found rosidl_adapter: 1.3.0 (/opt/ros/foxy/share/rosidl_adapter/cmake)
[8.992s] -- Found OpenSSL: /usr/lib/aarch64-linux-gnu/libcrypto.so (found version "1.1.1f")  
[9.848s] -- Found FastRTPS: /opt/ros/foxy/include  
[11.250s] -- Using all available rosidl_typesupport_cpp: rosidl_typesupport_fastrtps_cpp;rosidl_typesupport_introspection_cpp
[11.890s] -- Found rmw_implementation_cmake: 1.0.4 (/opt/ros/foxy/share/rmw_implementation_cmake/cmake)
[11.900s] -- Using RMW implementation 'rmw_fastrtps_cpp' as default
[11.906s] -- Looking for pthread.h
[12.974s] -- Looking for pthread.h - found
[12.976s] -- Performing Test CMAKE_HAVE_LIBC_PTHREAD
[13.836s] -- Performing Test CMAKE_HAVE_LIBC_PTHREAD - Failed
[13.864s] -- Looking for pthread_create in pthreads
[14.303s] -- Looking for pthread_create in pthreads - not found
[14.312s] -- Looking for pthread_create in pthread
[14.808s] -- Looking for pthread_create in pthread - found
[14.813s] -- Found Threads: TRUE  
[21.166s] -- Found Eigen3: TRUE (found version "3.3.7") 
[26.427s] -- Found nav2_common: 0.4.7 (/home/smartway/ros2_ws/install/nav2_common/share/nav2_common/cmake)
[26.448s] -- Found nav_2d_utils: 0.4.7 (/home/smartway/ros2_ws/install/nav_2d_utils/share/nav_2d_utils/cmake)
[28.713s] -- Setting build type to Release as none was specified.
[65.095s] -- Found ament_lint_auto: 0.9.8 (/opt/ros/foxy/share/ament_lint_auto/cmake)
[65.872s] -- Found ament_cmake_gtest: 0.9.11 (/opt/ros/foxy/share/ament_cmake_gtest/cmake)
[65.930s] -- Found gtest sources under '/opt/ros/foxy/src/gtest_vendor': C++ tests using 'Google Test' will be built
[65.943s] -- Check if compiler accepts -pthread
[66.528s] -- Check if compiler accepts -pthread - yes
[74.397s] -- Added test 'cppcheck' to perform static code analysis on C / C++ code
[74.403s] -- Configured cppcheck include dirs: /home/smartway/ros2_ws/src/navigation2/nav2_controller/include
[74.404s] -- Configured cppcheck exclude dirs and/or files: 
[74.422s] -- Added test 'cpplint' to check C / C++ code against the Google style
[74.423s] -- Configured cpplint exclude dirs and/or files: 
[74.432s] -- Added test 'lint_cmake' to check CMake code style
[74.451s] -- Added test 'uncrustify' to check C / C++ code style
[74.452s] -- Configured uncrustify additional arguments: 
[74.458s] -- Added test 'xmllint' to check XML markup files
[74.549s] -- Configuring done
[76.728s] -- Generating done
[76.752s] -- Build files have been written to: /home/smartway/ros2_ws/build/nav2_controller
[76.849s] Invoked command in '/home/smartway/ros2_ws/build/nav2_controller' returned '0': AMENT_PREFIX_PATH=/home/smartway/ros2_ws/install/nav2_core:/home/smartway/ros2_ws/install/nav2_costmap_2d:/home/smartway/ros2_ws/install/nav_2d_utils:/home/smartway/ros2_ws/install/nav2_util:/home/smartway/ros2_ws/install/nav2_voxel_grid:/home/smartway/ros2_ws/install/nav2_msgs:/home/smartway/ros2_ws/install/nav_2d_msgs:/home/smartway/ros2_ws/install/nav2_common:${AMENT_PREFIX_PATH} CMAKE_PREFIX_PATH=/home/smartway/ros2_ws/install/nav2_core:/home/smartway/ros2_ws/install/nav2_costmap_2d:/home/smartway/ros2_ws/install/nav_2d_utils:/home/smartway/ros2_ws/install/nav2_util:/home/smartway/ros2_ws/install/nav2_voxel_grid:/home/smartway/ros2_ws/install/nav2_msgs:/home/smartway/ros2_ws/install/nav_2d_msgs:/home/smartway/ros2_ws/install/nav2_common:/build/rpi_robot_action_interfaces:/build/rpi_robot_bringup:/build/rpi_robot_slam:/build/rplidar_ros:/opt/ros/foxy LD_LIBRARY_PATH=/home/smartway/ros2_ws/install/nav2_costmap_2d/lib:/home/smartway/ros2_ws/install/nav_2d_utils/lib:/home/smartway/ros2_ws/install/nav2_util/lib:/home/smartway/ros2_ws/install/nav2_voxel_grid/lib:/home/smartway/ros2_ws/install/nav2_msgs/lib:/home/smartway/ros2_ws/install/nav_2d_msgs/lib:/opt/ros/foxy/opt/yaml_cpp_vendor/lib:/opt/ros/foxy/opt/rviz_ogre_vendor/lib:/opt/ros/foxy/lib/aarch64-linux-gnu:/opt/ros/foxy/lib:/usr/lib/aarch64-linux-gnu/gazebo-11/plugins PYTHONPATH=/home/smartway/ros2_ws/install/nav2_msgs/lib/python3.8/site-packages:/home/smartway/ros2_ws/install/nav_2d_msgs/lib/python3.8/site-packages:/home/smartway/ros2_ws/install/nav2_common/lib/python3.8/site-packages:${PYTHONPATH} /usr/bin/cmake /home/smartway/ros2_ws/src/navigation2/nav2_controller -DCMAKE_INSTALL_PREFIX=/home/smartway/ros2_ws/install/nav2_controller
[76.852s] Invoking command in '/home/smartway/ros2_ws/build/nav2_controller': AMENT_PREFIX_PATH=/home/smartway/ros2_ws/install/nav2_core:/home/smartway/ros2_ws/install/nav2_costmap_2d:/home/smartway/ros2_ws/install/nav_2d_utils:/home/smartway/ros2_ws/install/nav2_util:/home/smartway/ros2_ws/install/nav2_voxel_grid:/home/smartway/ros2_ws/install/nav2_msgs:/home/smartway/ros2_ws/install/nav_2d_msgs:/home/smartway/ros2_ws/install/nav2_common:${AMENT_PREFIX_PATH} CMAKE_PREFIX_PATH=/home/smartway/ros2_ws/install/nav2_core:/home/smartway/ros2_ws/install/nav2_costmap_2d:/home/smartway/ros2_ws/install/nav_2d_utils:/home/smartway/ros2_ws/install/nav2_util:/home/smartway/ros2_ws/install/nav2_voxel_grid:/home/smartway/ros2_ws/install/nav2_msgs:/home/smartway/ros2_ws/install/nav_2d_msgs:/home/smartway/ros2_ws/install/nav2_common:/build/rpi_robot_action_interfaces:/build/rpi_robot_bringup:/build/rpi_robot_slam:/build/rplidar_ros:/opt/ros/foxy LD_LIBRARY_PATH=/home/smartway/ros2_ws/install/nav2_costmap_2d/lib:/home/smartway/ros2_ws/install/nav_2d_utils/lib:/home/smartway/ros2_ws/install/nav2_util/lib:/home/smartway/ros2_ws/install/nav2_voxel_grid/lib:/home/smartway/ros2_ws/install/nav2_msgs/lib:/home/smartway/ros2_ws/install/nav_2d_msgs/lib:/opt/ros/foxy/opt/yaml_cpp_vendor/lib:/opt/ros/foxy/opt/rviz_ogre_vendor/lib:/opt/ros/foxy/lib/aarch64-linux-gnu:/opt/ros/foxy/lib:/usr/lib/aarch64-linux-gnu/gazebo-11/plugins PYTHONPATH=/home/smartway/ros2_ws/install/nav2_msgs/lib/python3.8/site-packages:/home/smartway/ros2_ws/install/nav_2d_msgs/lib/python3.8/site-packages:/home/smartway/ros2_ws/install/nav2_common/lib/python3.8/site-packages:${PYTHONPATH} /usr/bin/cmake --build /home/smartway/ros2_ws/build/nav2_controller -- -j4 -l4
[77.217s] [35m[1mScanning dependencies of target simple_goal_checker[0m
[77.723s] [  5%] [32mBuilding CXX object CMakeFiles/simple_goal_checker.dir/plugins/simple_goal_checker.cpp.o[0m
[96.234s] [ 11%] [32m[1mLinking CXX shared library libsimple_goal_checker.so[0m
[97.764s] [ 11%] Built target simple_goal_checker
[97.861s] [35m[1mScanning dependencies of target gtest[0m
[97.982s] [ 16%] [32mBuilding CXX object gtest/CMakeFiles/gtest.dir/src/gtest-all.cc.o[0m
[155.573s] [ 22%] [32m[1mLinking CXX static library libgtest.a[0m
[155.809s] [ 22%] Built target gtest
[155.881s] [35m[1mScanning dependencies of target gtest_main[0m
[155.970s] [ 27%] [32mBuilding CXX object gtest/CMakeFiles/gtest_main.dir/src/gtest_main.cc.o[0m
[161.301s] [ 33%] [32m[1mLinking CXX static library libgtest_main.a[0m
[161.629s] [ 33%] Built target gtest_main
[161.768s] [35m[1mScanning dependencies of target stopped_goal_checker[0m
[162.329s] [ 38%] [32mBuilding CXX object CMakeFiles/stopped_goal_checker.dir/plugins/stopped_goal_checker.cpp.o[0m
[182.217s] [ 44%] [32m[1mLinking CXX shared library libstopped_goal_checker.so[0m
[183.789s] [ 44%] Built target stopped_goal_checker
[183.894s] [35m[1mScanning dependencies of target controller_server_core[0m
[184.648s] [ 50%] [32mBuilding CXX object CMakeFiles/controller_server_core.dir/src/nav2_controller.cpp.o[0m
[348.461s] [ 55%] [32m[1mLinking CXX static library libcontroller_server_core.a[0m
[348.846s] [ 55%] Built target controller_server_core
[348.909s] [35m[1mScanning dependencies of target gctest[0m
[349.360s] [ 61%] [32mBuilding CXX object plugins/test/CMakeFiles/gctest.dir/goal_checker.cpp.o[0m
[368.230s] [ 66%] [32m[1mLinking CXX executable gctest[0m
[370.793s] [ 66%] Built target gctest
[370.888s] [35m[1mScanning dependencies of target controller_server[0m
[371.561s] [ 72%] [32mBuilding CXX object CMakeFiles/controller_server.dir/src/main.cpp.o[0m
[411.789s] [ 77%] [32m[1mLinking CXX executable controller_server[0m
[415.471s] [ 77%] Built target controller_server
[415.560s] [35m[1mScanning dependencies of target simple_progress_checker[0m
[416.044s] [ 83%] [32mBuilding CXX object CMakeFiles/simple_progress_checker.dir/plugins/simple_progress_checker.cpp.o[0m
[433.130s] [ 88%] [32m[1mLinking CXX shared library libsimple_progress_checker.so[0m
[434.537s] [ 88%] Built target simple_progress_checker
[434.621s] [35m[1mScanning dependencies of target pctest[0m
[435.071s] [ 94%] [32mBuilding CXX object plugins/test/CMakeFiles/pctest.dir/progress_checker.cpp.o[0m
[454.935s] [100%] [32m[1mLinking CXX executable pctest[0m
[457.104s] [100%] Built target pctest
[457.201s] Invoked command in '/home/smartway/ros2_ws/build/nav2_controller' returned '0': AMENT_PREFIX_PATH=/home/smartway/ros2_ws/install/nav2_core:/home/smartway/ros2_ws/install/nav2_costmap_2d:/home/smartway/ros2_ws/install/nav_2d_utils:/home/smartway/ros2_ws/install/nav2_util:/home/smartway/ros2_ws/install/nav2_voxel_grid:/home/smartway/ros2_ws/install/nav2_msgs:/home/smartway/ros2_ws/install/nav_2d_msgs:/home/smartway/ros2_ws/install/nav2_common:${AMENT_PREFIX_PATH} CMAKE_PREFIX_PATH=/home/smartway/ros2_ws/install/nav2_core:/home/smartway/ros2_ws/install/nav2_costmap_2d:/home/smartway/ros2_ws/install/nav_2d_utils:/home/smartway/ros2_ws/install/nav2_util:/home/smartway/ros2_ws/install/nav2_voxel_grid:/home/smartway/ros2_ws/install/nav2_msgs:/home/smartway/ros2_ws/install/nav_2d_msgs:/home/smartway/ros2_ws/install/nav2_common:/build/rpi_robot_action_interfaces:/build/rpi_robot_bringup:/build/rpi_robot_slam:/build/rplidar_ros:/opt/ros/foxy LD_LIBRARY_PATH=/home/smartway/ros2_ws/install/nav2_costmap_2d/lib:/home/smartway/ros2_ws/install/nav_2d_utils/lib:/home/smartway/ros2_ws/install/nav2_util/lib:/home/smartway/ros2_ws/install/nav2_voxel_grid/lib:/home/smartway/ros2_ws/install/nav2_msgs/lib:/home/smartway/ros2_ws/install/nav_2d_msgs/lib:/opt/ros/foxy/opt/yaml_cpp_vendor/lib:/opt/ros/foxy/opt/rviz_ogre_vendor/lib:/opt/ros/foxy/lib/aarch64-linux-gnu:/opt/ros/foxy/lib:/usr/lib/aarch64-linux-gnu/gazebo-11/plugins PYTHONPATH=/home/smartway/ros2_ws/install/nav2_msgs/lib/python3.8/site-packages:/home/smartway/ros2_ws/install/nav_2d_msgs/lib/python3.8/site-packages:/home/smartway/ros2_ws/install/nav2_common/lib/python3.8/site-packages:${PYTHONPATH} /usr/bin/cmake --build /home/smartway/ros2_ws/build/nav2_controller -- -j4 -l4
[457.566s] Invoking command in '/home/smartway/ros2_ws/build/nav2_controller': AMENT_PREFIX_PATH=/home/smartway/ros2_ws/install/nav2_core:/home/smartway/ros2_ws/install/nav2_costmap_2d:/home/smartway/ros2_ws/install/nav_2d_utils:/home/smartway/ros2_ws/install/nav2_util:/home/smartway/ros2_ws/install/nav2_voxel_grid:/home/smartway/ros2_ws/install/nav2_msgs:/home/smartway/ros2_ws/install/nav_2d_msgs:/home/smartway/ros2_ws/install/nav2_common:${AMENT_PREFIX_PATH} CMAKE_PREFIX_PATH=/home/smartway/ros2_ws/install/nav2_core:/home/smartway/ros2_ws/install/nav2_costmap_2d:/home/smartway/ros2_ws/install/nav_2d_utils:/home/smartway/ros2_ws/install/nav2_util:/home/smartway/ros2_ws/install/nav2_voxel_grid:/home/smartway/ros2_ws/install/nav2_msgs:/home/smartway/ros2_ws/install/nav_2d_msgs:/home/smartway/ros2_ws/install/nav2_common:/build/rpi_robot_action_interfaces:/build/rpi_robot_bringup:/build/rpi_robot_slam:/build/rplidar_ros:/opt/ros/foxy LD_LIBRARY_PATH=/home/smartway/ros2_ws/install/nav2_costmap_2d/lib:/home/smartway/ros2_ws/install/nav_2d_utils/lib:/home/smartway/ros2_ws/install/nav2_util/lib:/home/smartway/ros2_ws/install/nav2_voxel_grid/lib:/home/smartway/ros2_ws/install/nav2_msgs/lib:/home/smartway/ros2_ws/install/nav_2d_msgs/lib:/opt/ros/foxy/opt/yaml_cpp_vendor/lib:/opt/ros/foxy/opt/rviz_ogre_vendor/lib:/opt/ros/foxy/lib/aarch64-linux-gnu:/opt/ros/foxy/lib:/usr/lib/aarch64-linux-gnu/gazebo-11/plugins PYTHONPATH=/home/smartway/ros2_ws/install/nav2_msgs/lib/python3.8/site-packages:/home/smartway/ros2_ws/install/nav_2d_msgs/lib/python3.8/site-packages:/home/smartway/ros2_ws/install/nav2_common/lib/python3.8/site-packages:${PYTHONPATH} /usr/bin/cmake --install /home/smartway/ros2_ws/build/nav2_controller
[457.654s] -- Install configuration: "Release"
[457.657s] -- Installing: /home/smartway/ros2_ws/install/nav2_controller/lib/libsimple_progress_checker.so
[457.663s] -- Set runtime path of "/home/smartway/ros2_ws/install/nav2_controller/lib/libsimple_progress_checker.so" to ""
[457.666s] -- Installing: /home/smartway/ros2_ws/install/nav2_controller/lib/libsimple_goal_checker.so
[457.671s] -- Set runtime path of "/home/smartway/ros2_ws/install/nav2_controller/lib/libsimple_goal_checker.so" to ""
[457.674s] -- Installing: /home/smartway/ros2_ws/install/nav2_controller/lib/libstopped_goal_checker.so
[457.682s] -- Set runtime path of "/home/smartway/ros2_ws/install/nav2_controller/lib/libstopped_goal_checker.so" to ""
[457.684s] -- Installing: /home/smartway/ros2_ws/install/nav2_controller/lib/libcontroller_server_core.a
[457.704s] -- Installing: /home/smartway/ros2_ws/install/nav2_controller/lib/nav2_controller/controller_server
[457.718s] -- Set runtime path of "/home/smartway/ros2_ws/install/nav2_controller/lib/nav2_controller/controller_server" to ""
[457.723s] -- Installing: /home/smartway/ros2_ws/install/nav2_controller/include/
[457.725s] -- Installing: /home/smartway/ros2_ws/install/nav2_controller/include//nav2_controller
[457.728s] -- Installing: /home/smartway/ros2_ws/install/nav2_controller/include//nav2_controller/plugins
[457.732s] -- Installing: /home/smartway/ros2_ws/install/nav2_controller/include//nav2_controller/plugins/simple_progress_checker.hpp
[457.735s] -- Installing: /home/smartway/ros2_ws/install/nav2_controller/include//nav2_controller/plugins/stopped_goal_checker.hpp
[457.738s] -- Installing: /home/smartway/ros2_ws/install/nav2_controller/include//nav2_controller/plugins/simple_goal_checker.hpp
[457.741s] -- Installing: /home/smartway/ros2_ws/install/nav2_controller/include//nav2_controller/nav2_controller.hpp
[457.745s] -- Installing: /home/smartway/ros2_ws/install/nav2_controller/share/nav2_controller/environment/library_path.sh
[457.749s] -- Installing: /home/smartway/ros2_ws/install/nav2_controller/share/nav2_controller/environment/library_path.dsv
[457.753s] -- Installing: /home/smartway/ros2_ws/install/nav2_controller/share/nav2_controller/plugins.xml
[457.758s] -- Installing: /home/smartway/ros2_ws/install/nav2_controller/share/ament_index/resource_index/package_run_dependencies/nav2_controller
[457.762s] -- Installing: /home/smartway/ros2_ws/install/nav2_controller/share/ament_index/resource_index/parent_prefix_path/nav2_controller
[457.766s] -- Installing: /home/smartway/ros2_ws/install/nav2_controller/share/nav2_controller/environment/ament_prefix_path.sh
[457.770s] -- Installing: /home/smartway/ros2_ws/install/nav2_controller/share/nav2_controller/environment/ament_prefix_path.dsv
[457.773s] -- Installing: /home/smartway/ros2_ws/install/nav2_controller/share/nav2_controller/environment/path.sh
[457.777s] -- Installing: /home/smartway/ros2_ws/install/nav2_controller/share/nav2_controller/environment/path.dsv
[457.782s] -- Installing: /home/smartway/ros2_ws/install/nav2_controller/share/nav2_controller/local_setup.bash
[457.786s] -- Installing: /home/smartway/ros2_ws/install/nav2_controller/share/nav2_controller/local_setup.sh
[457.789s] -- Installing: /home/smartway/ros2_ws/install/nav2_controller/share/nav2_controller/local_setup.zsh
[457.794s] -- Installing: /home/smartway/ros2_ws/install/nav2_controller/share/nav2_controller/local_setup.dsv
[457.798s] -- Installing: /home/smartway/ros2_ws/install/nav2_controller/share/nav2_controller/package.dsv
[457.801s] -- Installing: /home/smartway/ros2_ws/install/nav2_controller/share/ament_index/resource_index/packages/nav2_controller
[457.805s] -- Installing: /home/smartway/ros2_ws/install/nav2_controller/share/ament_index/resource_index/nav2_core__pluginlib__plugin/nav2_controller
[457.809s] -- Installing: /home/smartway/ros2_ws/install/nav2_controller/share/nav2_controller/cmake/ament_cmake_export_include_directories-extras.cmake
[457.813s] -- Installing: /home/smartway/ros2_ws/install/nav2_controller/share/nav2_controller/cmake/ament_cmake_export_libraries-extras.cmake
[457.818s] -- Installing: /home/smartway/ros2_ws/install/nav2_controller/share/nav2_controller/cmake/ament_cmake_export_definitions-extras.cmake
[457.825s] -- Installing: /home/smartway/ros2_ws/install/nav2_controller/share/nav2_controller/cmake/nav2_controllerConfig.cmake
[457.828s] -- Installing: /home/smartway/ros2_ws/install/nav2_controller/share/nav2_controller/cmake/nav2_controllerConfig-version.cmake
[457.831s] -- Installing: /home/smartway/ros2_ws/install/nav2_controller/share/nav2_controller/package.xml
[457.855s] Invoked command in '/home/smartway/ros2_ws/build/nav2_controller' returned '0': AMENT_PREFIX_PATH=/home/smartway/ros2_ws/install/nav2_core:/home/smartway/ros2_ws/install/nav2_costmap_2d:/home/smartway/ros2_ws/install/nav_2d_utils:/home/smartway/ros2_ws/install/nav2_util:/home/smartway/ros2_ws/install/nav2_voxel_grid:/home/smartway/ros2_ws/install/nav2_msgs:/home/smartway/ros2_ws/install/nav_2d_msgs:/home/smartway/ros2_ws/install/nav2_common:${AMENT_PREFIX_PATH} CMAKE_PREFIX_PATH=/home/smartway/ros2_ws/install/nav2_core:/home/smartway/ros2_ws/install/nav2_costmap_2d:/home/smartway/ros2_ws/install/nav_2d_utils:/home/smartway/ros2_ws/install/nav2_util:/home/smartway/ros2_ws/install/nav2_voxel_grid:/home/smartway/ros2_ws/install/nav2_msgs:/home/smartway/ros2_ws/install/nav_2d_msgs:/home/smartway/ros2_ws/install/nav2_common:/build/rpi_robot_action_interfaces:/build/rpi_robot_bringup:/build/rpi_robot_slam:/build/rplidar_ros:/opt/ros/foxy LD_LIBRARY_PATH=/home/smartway/ros2_ws/install/nav2_costmap_2d/lib:/home/smartway/ros2_ws/install/nav_2d_utils/lib:/home/smartway/ros2_ws/install/nav2_util/lib:/home/smartway/ros2_ws/install/nav2_voxel_grid/lib:/home/smartway/ros2_ws/install/nav2_msgs/lib:/home/smartway/ros2_ws/install/nav_2d_msgs/lib:/opt/ros/foxy/opt/yaml_cpp_vendor/lib:/opt/ros/foxy/opt/rviz_ogre_vendor/lib:/opt/ros/foxy/lib/aarch64-linux-gnu:/opt/ros/foxy/lib:/usr/lib/aarch64-linux-gnu/gazebo-11/plugins PYTHONPATH=/home/smartway/ros2_ws/install/nav2_msgs/lib/python3.8/site-packages:/home/smartway/ros2_ws/install/nav_2d_msgs/lib/python3.8/site-packages:/home/smartway/ros2_ws/install/nav2_common/lib/python3.8/site-packages:${PYTHONPATH} /usr/bin/cmake --install /home/smartway/ros2_ws/build/nav2_controller
