[1.264s] DEBUG:colcon:Command line arguments: ['/usr/bin/colcon', 'build']
[1.264s] DEBUG:colcon:Parsed command line arguments: Namespace(allow_overriding=[], ament_cmake_args=None, base_paths=['.'], build_base='build', catkin_cmake_args=None, catkin_skip_building_tests=False, cmake_args=None, cmake_clean_cache=False, cmake_clean_first=False, cmake_force_configure=False, cmake_target=None, cmake_target_skip_unavailable=False, continue_on_error=False, event_handlers=None, executor='parallel', ignore_user_meta=False, install_base='install', log_base=None, log_level=None, main=<bound method BuildVerb.main of <colcon_core.verb.build.BuildVerb object at 0xffffb5ba99d0>>, merge_install=False, metas=['./colcon.meta'], packages_above=None, packages_above_and_dependencies=None, packages_above_depth=None, packages_end=None, packages_ignore=None, packages_ignore_regex=None, packages_select=None, packages_select_build_failed=False, packages_select_by_dep=None, packages_select_regex=None, packages_select_test_failures=False, packages_skip=None, packages_skip_build_finished=False, packages_skip_by_dep=None, packages_skip_regex=None, packages_skip_test_passed=False, packages_skip_up_to=None, packages_start=None, packages_up_to=None, packages_up_to_regex=None, parallel_workers=4, paths=None, symlink_install=False, test_result_base=None, verb_extension=<colcon_core.verb.build.BuildVerb object at 0xffffb5ba99d0>, verb_name='build', verb_parser=<colcon_defaults.argument_parser.defaults.DefaultArgumentsDecorator object at 0xffffb5ba9f40>)
[1.370s] Level 1:colcon.colcon_core.package_discovery:discover_packages(colcon_meta) check parameters
[1.370s] Level 1:colcon.colcon_core.package_discovery:discover_packages(recursive) check parameters
[1.370s] Level 1:colcon.colcon_core.package_discovery:discover_packages(ignore) check parameters
[1.370s] Level 1:colcon.colcon_core.package_discovery:discover_packages(path) check parameters
[1.370s] Level 1:colcon.colcon_core.package_discovery:discover_packages(colcon_meta) discover
[1.371s] Level 1:colcon.colcon_core.package_discovery:discover_packages(recursive) discover
[1.371s] INFO:colcon.colcon_core.package_discovery:Crawling recursively for packages in '/home/smartway/ros2_ws'
[1.371s] Level 1:colcon.colcon_core.package_identification:_identify(.) by extensions ['ignore', 'ignore_ament_install']
[1.372s] Level 1:colcon.colcon_core.package_identification:_identify(.) by extension 'ignore'
[1.372s] Level 1:colcon.colcon_core.package_identification:_identify(.) by extension 'ignore_ament_install'
[1.372s] Level 1:colcon.colcon_core.package_identification:_identify(.) by extensions ['colcon_pkg']
[1.372s] Level 1:colcon.colcon_core.package_identification:_identify(.) by extension 'colcon_pkg'
[1.373s] Level 1:colcon.colcon_core.package_identification:_identify(.) by extensions ['colcon_meta']
[1.373s] Level 1:colcon.colcon_core.package_identification:_identify(.) by extension 'colcon_meta'
[1.373s] Level 1:colcon.colcon_core.package_identification:_identify(.) by extensions ['ros']
[1.373s] Level 1:colcon.colcon_core.package_identification:_identify(.) by extension 'ros'
[1.451s] Level 1:colcon.colcon_core.package_identification:_identify(.) by extensions ['cmake', 'python']
[1.451s] Level 1:colcon.colcon_core.package_identification:_identify(.) by extension 'cmake'
[1.452s] Level 1:colcon.colcon_core.package_identification:_identify(.) by extension 'python'
[1.452s] Level 1:colcon.colcon_core.package_identification:_identify(.) by extensions ['python_setup_py']
[1.452s] Level 1:colcon.colcon_core.package_identification:_identify(.) by extension 'python_setup_py'
[1.452s] Level 1:colcon.colcon_core.package_identification:_identify(build) by extensions ['ignore', 'ignore_ament_install']
[1.453s] Level 1:colcon.colcon_core.package_identification:_identify(build) by extension 'ignore'
[1.453s] Level 1:colcon.colcon_core.package_identification:_identify(build) ignored
[1.453s] Level 1:colcon.colcon_core.package_identification:_identify(install) by extensions ['ignore', 'ignore_ament_install']
[1.454s] Level 1:colcon.colcon_core.package_identification:_identify(install) by extension 'ignore'
[1.454s] Level 1:colcon.colcon_core.package_identification:_identify(install) ignored
[1.454s] Level 1:colcon.colcon_core.package_identification:_identify(log) by extensions ['ignore', 'ignore_ament_install']
[1.455s] Level 1:colcon.colcon_core.package_identification:_identify(log) by extension 'ignore'
[1.455s] Level 1:colcon.colcon_core.package_identification:_identify(log) ignored
[1.455s] Level 1:colcon.colcon_core.package_identification:_identify(rpi-robot-ros-foxy) by extensions ['ignore', 'ignore_ament_install']
[1.456s] Level 1:colcon.colcon_core.package_identification:_identify(rpi-robot-ros-foxy) by extension 'ignore'
[1.456s] Level 1:colcon.colcon_core.package_identification:_identify(rpi-robot-ros-foxy) by extension 'ignore_ament_install'
[1.456s] Level 1:colcon.colcon_core.package_identification:_identify(rpi-robot-ros-foxy) by extensions ['colcon_pkg']
[1.456s] Level 1:colcon.colcon_core.package_identification:_identify(rpi-robot-ros-foxy) by extension 'colcon_pkg'
[1.456s] Level 1:colcon.colcon_core.package_identification:_identify(rpi-robot-ros-foxy) by extensions ['colcon_meta']
[1.456s] Level 1:colcon.colcon_core.package_identification:_identify(rpi-robot-ros-foxy) by extension 'colcon_meta'
[1.457s] Level 1:colcon.colcon_core.package_identification:_identify(rpi-robot-ros-foxy) by extensions ['ros']
[1.457s] Level 1:colcon.colcon_core.package_identification:_identify(rpi-robot-ros-foxy) by extension 'ros'
[1.457s] Level 1:colcon.colcon_core.package_identification:_identify(rpi-robot-ros-foxy) by extensions ['cmake', 'python']
[1.457s] Level 1:colcon.colcon_core.package_identification:_identify(rpi-robot-ros-foxy) by extension 'cmake'
[1.457s] Level 1:colcon.colcon_core.package_identification:_identify(rpi-robot-ros-foxy) by extension 'python'
[1.458s] Level 1:colcon.colcon_core.package_identification:_identify(rpi-robot-ros-foxy) by extensions ['python_setup_py']
[1.458s] Level 1:colcon.colcon_core.package_identification:_identify(rpi-robot-ros-foxy) by extension 'python_setup_py'
[1.458s] Level 1:colcon.colcon_core.package_identification:_identify(rpi-robot-ros-foxy/img) by extensions ['ignore', 'ignore_ament_install']
[1.459s] Level 1:colcon.colcon_core.package_identification:_identify(rpi-robot-ros-foxy/img) by extension 'ignore'
[1.459s] Level 1:colcon.colcon_core.package_identification:_identify(rpi-robot-ros-foxy/img) by extension 'ignore_ament_install'
[1.459s] Level 1:colcon.colcon_core.package_identification:_identify(rpi-robot-ros-foxy/img) by extensions ['colcon_pkg']
[1.459s] Level 1:colcon.colcon_core.package_identification:_identify(rpi-robot-ros-foxy/img) by extension 'colcon_pkg'
[1.459s] Level 1:colcon.colcon_core.package_identification:_identify(rpi-robot-ros-foxy/img) by extensions ['colcon_meta']
[1.459s] Level 1:colcon.colcon_core.package_identification:_identify(rpi-robot-ros-foxy/img) by extension 'colcon_meta'
[1.460s] Level 1:colcon.colcon_core.package_identification:_identify(rpi-robot-ros-foxy/img) by extensions ['ros']
[1.460s] Level 1:colcon.colcon_core.package_identification:_identify(rpi-robot-ros-foxy/img) by extension 'ros'
[1.460s] Level 1:colcon.colcon_core.package_identification:_identify(rpi-robot-ros-foxy/img) by extensions ['cmake', 'python']
[1.460s] Level 1:colcon.colcon_core.package_identification:_identify(rpi-robot-ros-foxy/img) by extension 'cmake'
[1.460s] Level 1:colcon.colcon_core.package_identification:_identify(rpi-robot-ros-foxy/img) by extension 'python'
[1.460s] Level 1:colcon.colcon_core.package_identification:_identify(rpi-robot-ros-foxy/img) by extensions ['python_setup_py']
[1.461s] Level 1:colcon.colcon_core.package_identification:_identify(rpi-robot-ros-foxy/img) by extension 'python_setup_py'
[1.461s] Level 1:colcon.colcon_core.package_identification:_identify(rpi-robot-ros-foxy/rpi_robot_action_interfaces) by extensions ['ignore', 'ignore_ament_install']
[1.461s] Level 1:colcon.colcon_core.package_identification:_identify(rpi-robot-ros-foxy/rpi_robot_action_interfaces) by extension 'ignore'
[1.462s] Level 1:colcon.colcon_core.package_identification:_identify(rpi-robot-ros-foxy/rpi_robot_action_interfaces) by extension 'ignore_ament_install'
[1.462s] Level 1:colcon.colcon_core.package_identification:_identify(rpi-robot-ros-foxy/rpi_robot_action_interfaces) by extensions ['colcon_pkg']
[1.462s] Level 1:colcon.colcon_core.package_identification:_identify(rpi-robot-ros-foxy/rpi_robot_action_interfaces) by extension 'colcon_pkg'
[1.462s] Level 1:colcon.colcon_core.package_identification:_identify(rpi-robot-ros-foxy/rpi_robot_action_interfaces) by extensions ['colcon_meta']
[1.462s] Level 1:colcon.colcon_core.package_identification:_identify(rpi-robot-ros-foxy/rpi_robot_action_interfaces) by extension 'colcon_meta'
[1.462s] Level 1:colcon.colcon_core.package_identification:_identify(rpi-robot-ros-foxy/rpi_robot_action_interfaces) by extensions ['ros']
[1.463s] Level 1:colcon.colcon_core.package_identification:_identify(rpi-robot-ros-foxy/rpi_robot_action_interfaces) by extension 'ros'
[1.472s] DEBUG:colcon.colcon_core.package_identification:Package 'rpi-robot-ros-foxy/rpi_robot_action_interfaces' with type 'ros.ament_cmake' and name 'rpi_robot_action_interfaces'
[1.472s] Level 1:colcon.colcon_core.package_identification:_identify(rpi-robot-ros-foxy/rpi_robot_bringup) by extensions ['ignore', 'ignore_ament_install']
[1.473s] Level 1:colcon.colcon_core.package_identification:_identify(rpi-robot-ros-foxy/rpi_robot_bringup) by extension 'ignore'
[1.473s] Level 1:colcon.colcon_core.package_identification:_identify(rpi-robot-ros-foxy/rpi_robot_bringup) by extension 'ignore_ament_install'
[1.473s] Level 1:colcon.colcon_core.package_identification:_identify(rpi-robot-ros-foxy/rpi_robot_bringup) by extensions ['colcon_pkg']
[1.473s] Level 1:colcon.colcon_core.package_identification:_identify(rpi-robot-ros-foxy/rpi_robot_bringup) by extension 'colcon_pkg'
[1.474s] Level 1:colcon.colcon_core.package_identification:_identify(rpi-robot-ros-foxy/rpi_robot_bringup) by extensions ['colcon_meta']
[1.474s] Level 1:colcon.colcon_core.package_identification:_identify(rpi-robot-ros-foxy/rpi_robot_bringup) by extension 'colcon_meta'
[1.474s] Level 1:colcon.colcon_core.package_identification:_identify(rpi-robot-ros-foxy/rpi_robot_bringup) by extensions ['ros']
[1.474s] Level 1:colcon.colcon_core.package_identification:_identify(rpi-robot-ros-foxy/rpi_robot_bringup) by extension 'ros'
[1.476s] DEBUG:colcon.colcon_core.package_identification:Package 'rpi-robot-ros-foxy/rpi_robot_bringup' with type 'ros.ament_cmake' and name 'rpi_robot_bringup'
[1.477s] Level 1:colcon.colcon_core.package_identification:_identify(rpi-robot-ros-foxy/rpi_robot_control) by extensions ['ignore', 'ignore_ament_install']
[1.477s] Level 1:colcon.colcon_core.package_identification:_identify(rpi-robot-ros-foxy/rpi_robot_control) by extension 'ignore'
[1.478s] Level 1:colcon.colcon_core.package_identification:_identify(rpi-robot-ros-foxy/rpi_robot_control) by extension 'ignore_ament_install'
[1.478s] Level 1:colcon.colcon_core.package_identification:_identify(rpi-robot-ros-foxy/rpi_robot_control) by extensions ['colcon_pkg']
[1.478s] Level 1:colcon.colcon_core.package_identification:_identify(rpi-robot-ros-foxy/rpi_robot_control) by extension 'colcon_pkg'
[1.478s] Level 1:colcon.colcon_core.package_identification:_identify(rpi-robot-ros-foxy/rpi_robot_control) by extensions ['colcon_meta']
[1.478s] Level 1:colcon.colcon_core.package_identification:_identify(rpi-robot-ros-foxy/rpi_robot_control) by extension 'colcon_meta'
[1.479s] Level 1:colcon.colcon_core.package_identification:_identify(rpi-robot-ros-foxy/rpi_robot_control) by extensions ['ros']
[1.479s] Level 1:colcon.colcon_core.package_identification:_identify(rpi-robot-ros-foxy/rpi_robot_control) by extension 'ros'
[1.481s] DEBUG:colcon.colcon_core.package_identification:Package 'rpi-robot-ros-foxy/rpi_robot_control' with type 'ros.ament_python' and name 'rpi_robot_control'
[1.481s] Level 1:colcon.colcon_core.package_identification:_identify(rpi-robot-ros-foxy/rpi_robot_slam) by extensions ['ignore', 'ignore_ament_install']
[1.482s] Level 1:colcon.colcon_core.package_identification:_identify(rpi-robot-ros-foxy/rpi_robot_slam) by extension 'ignore'
[1.482s] Level 1:colcon.colcon_core.package_identification:_identify(rpi-robot-ros-foxy/rpi_robot_slam) by extension 'ignore_ament_install'
[1.482s] Level 1:colcon.colcon_core.package_identification:_identify(rpi-robot-ros-foxy/rpi_robot_slam) by extensions ['colcon_pkg']
[1.482s] Level 1:colcon.colcon_core.package_identification:_identify(rpi-robot-ros-foxy/rpi_robot_slam) by extension 'colcon_pkg'
[1.483s] Level 1:colcon.colcon_core.package_identification:_identify(rpi-robot-ros-foxy/rpi_robot_slam) by extensions ['colcon_meta']
[1.483s] Level 1:colcon.colcon_core.package_identification:_identify(rpi-robot-ros-foxy/rpi_robot_slam) by extension 'colcon_meta'
[1.483s] Level 1:colcon.colcon_core.package_identification:_identify(rpi-robot-ros-foxy/rpi_robot_slam) by extensions ['ros']
[1.483s] Level 1:colcon.colcon_core.package_identification:_identify(rpi-robot-ros-foxy/rpi_robot_slam) by extension 'ros'
[1.485s] DEBUG:colcon.colcon_core.package_identification:Package 'rpi-robot-ros-foxy/rpi_robot_slam' with type 'ros.ament_cmake' and name 'rpi_robot_slam'
[1.486s] Level 1:colcon.colcon_core.package_identification:_identify(rplidar_ros2) by extensions ['ignore', 'ignore_ament_install']
[1.487s] Level 1:colcon.colcon_core.package_identification:_identify(rplidar_ros2) by extension 'ignore'
[1.487s] Level 1:colcon.colcon_core.package_identification:_identify(rplidar_ros2) by extension 'ignore_ament_install'
[1.488s] Level 1:colcon.colcon_core.package_identification:_identify(rplidar_ros2) by extensions ['colcon_pkg']
[1.488s] Level 1:colcon.colcon_core.package_identification:_identify(rplidar_ros2) by extension 'colcon_pkg'
[1.488s] Level 1:colcon.colcon_core.package_identification:_identify(rplidar_ros2) by extensions ['colcon_meta']
[1.488s] Level 1:colcon.colcon_core.package_identification:_identify(rplidar_ros2) by extension 'colcon_meta'
[1.489s] Level 1:colcon.colcon_core.package_identification:_identify(rplidar_ros2) by extensions ['ros']
[1.489s] Level 1:colcon.colcon_core.package_identification:_identify(rplidar_ros2) by extension 'ros'
[1.492s] DEBUG:colcon.colcon_core.package_identification:Package 'rplidar_ros2' with type 'ros.ament_cmake' and name 'rplidar_ros'
[1.493s] Level 1:colcon.colcon_core.package_identification:_identify(src) by extensions ['ignore', 'ignore_ament_install']
[1.493s] Level 1:colcon.colcon_core.package_identification:_identify(src) by extension 'ignore'
[1.494s] Level 1:colcon.colcon_core.package_identification:_identify(src) by extension 'ignore_ament_install'
[1.494s] Level 1:colcon.colcon_core.package_identification:_identify(src) by extensions ['colcon_pkg']
[1.495s] Level 1:colcon.colcon_core.package_identification:_identify(src) by extension 'colcon_pkg'
[1.495s] Level 1:colcon.colcon_core.package_identification:_identify(src) by extensions ['colcon_meta']
[1.496s] Level 1:colcon.colcon_core.package_identification:_identify(src) by extension 'colcon_meta'
[1.496s] Level 1:colcon.colcon_core.package_identification:_identify(src) by extensions ['ros']
[1.496s] Level 1:colcon.colcon_core.package_identification:_identify(src) by extension 'ros'
[1.497s] Level 1:colcon.colcon_core.package_identification:_identify(src) by extensions ['cmake', 'python']
[1.497s] Level 1:colcon.colcon_core.package_identification:_identify(src) by extension 'cmake'
[1.497s] Level 1:colcon.colcon_core.package_identification:_identify(src) by extension 'python'
[1.498s] Level 1:colcon.colcon_core.package_identification:_identify(src) by extensions ['python_setup_py']
[1.498s] Level 1:colcon.colcon_core.package_identification:_identify(src) by extension 'python_setup_py'
[1.498s] Level 1:colcon.colcon_core.package_discovery:discover_packages(recursive) using defaults
[1.498s] Level 1:colcon.colcon_core.package_discovery:discover_packages(ignore) discover
[1.498s] Level 1:colcon.colcon_core.package_discovery:discover_packages(ignore) using defaults
[1.499s] Level 1:colcon.colcon_core.package_discovery:discover_packages(path) discover
[1.499s] Level 1:colcon.colcon_core.package_discovery:discover_packages(path) using defaults
[1.580s] Level 1:colcon.colcon_core.package_discovery:discover_packages(prefix_path) check parameters
[1.580s] Level 1:colcon.colcon_core.package_discovery:discover_packages(prefix_path) discover
[1.591s] DEBUG:colcon.colcon_installed_package_information.package_discovery:Found 1 installed packages in /home/smartway/ros2_ws/install
[1.602s] DEBUG:colcon.colcon_installed_package_information.package_discovery:Found 298 installed packages in /opt/ros/foxy
[1.609s] Level 1:colcon.colcon_core.package_discovery:discover_packages(prefix_path) using defaults
[1.905s] Level 5:colcon.colcon_core.verb:set package 'rpi_robot_action_interfaces' build argument 'cmake_args' from command line to 'None'
[1.905s] Level 5:colcon.colcon_core.verb:set package 'rpi_robot_action_interfaces' build argument 'cmake_target' from command line to 'None'
[1.905s] Level 5:colcon.colcon_core.verb:set package 'rpi_robot_action_interfaces' build argument 'cmake_target_skip_unavailable' from command line to 'False'
[1.905s] Level 5:colcon.colcon_core.verb:set package 'rpi_robot_action_interfaces' build argument 'cmake_clean_cache' from command line to 'False'
[1.906s] Level 5:colcon.colcon_core.verb:set package 'rpi_robot_action_interfaces' build argument 'cmake_clean_first' from command line to 'False'
[1.906s] Level 5:colcon.colcon_core.verb:set package 'rpi_robot_action_interfaces' build argument 'cmake_force_configure' from command line to 'False'
[1.906s] Level 5:colcon.colcon_core.verb:set package 'rpi_robot_action_interfaces' build argument 'ament_cmake_args' from command line to 'None'
[1.906s] Level 5:colcon.colcon_core.verb:set package 'rpi_robot_action_interfaces' build argument 'catkin_cmake_args' from command line to 'None'
[1.906s] Level 5:colcon.colcon_core.verb:set package 'rpi_robot_action_interfaces' build argument 'catkin_skip_building_tests' from command line to 'False'
[1.906s] DEBUG:colcon.colcon_core.verb:Building package 'rpi_robot_action_interfaces' with the following arguments: {'ament_cmake_args': None, 'build_base': '/home/smartway/ros2_ws/build/rpi_robot_action_interfaces', 'catkin_cmake_args': None, 'catkin_skip_building_tests': False, 'cmake_args': None, 'cmake_clean_cache': False, 'cmake_clean_first': False, 'cmake_force_configure': False, 'cmake_target': None, 'cmake_target_skip_unavailable': False, 'install_base': '/home/smartway/ros2_ws/install/rpi_robot_action_interfaces', 'merge_install': False, 'path': '/home/smartway/ros2_ws/rpi-robot-ros-foxy/rpi_robot_action_interfaces', 'symlink_install': False, 'test_result_base': None}
[1.911s] Level 5:colcon.colcon_core.verb:set package 'rpi_robot_bringup' build argument 'cmake_args' from command line to 'None'
[1.911s] Level 5:colcon.colcon_core.verb:set package 'rpi_robot_bringup' build argument 'cmake_target' from command line to 'None'
[1.911s] Level 5:colcon.colcon_core.verb:set package 'rpi_robot_bringup' build argument 'cmake_target_skip_unavailable' from command line to 'False'
[1.911s] Level 5:colcon.colcon_core.verb:set package 'rpi_robot_bringup' build argument 'cmake_clean_cache' from command line to 'False'
[1.911s] Level 5:colcon.colcon_core.verb:set package 'rpi_robot_bringup' build argument 'cmake_clean_first' from command line to 'False'
[1.911s] Level 5:colcon.colcon_core.verb:set package 'rpi_robot_bringup' build argument 'cmake_force_configure' from command line to 'False'
[1.911s] Level 5:colcon.colcon_core.verb:set package 'rpi_robot_bringup' build argument 'ament_cmake_args' from command line to 'None'
[1.911s] Level 5:colcon.colcon_core.verb:set package 'rpi_robot_bringup' build argument 'catkin_cmake_args' from command line to 'None'
[1.911s] Level 5:colcon.colcon_core.verb:set package 'rpi_robot_bringup' build argument 'catkin_skip_building_tests' from command line to 'False'
[1.912s] DEBUG:colcon.colcon_core.verb:Building package 'rpi_robot_bringup' with the following arguments: {'ament_cmake_args': None, 'build_base': '/home/smartway/ros2_ws/build/rpi_robot_bringup', 'catkin_cmake_args': None, 'catkin_skip_building_tests': False, 'cmake_args': None, 'cmake_clean_cache': False, 'cmake_clean_first': False, 'cmake_force_configure': False, 'cmake_target': None, 'cmake_target_skip_unavailable': False, 'install_base': '/home/smartway/ros2_ws/install/rpi_robot_bringup', 'merge_install': False, 'path': '/home/smartway/ros2_ws/rpi-robot-ros-foxy/rpi_robot_bringup', 'symlink_install': False, 'test_result_base': None}
[1.916s] Level 5:colcon.colcon_core.verb:set package 'rpi_robot_control' build argument 'cmake_args' from command line to 'None'
[1.916s] Level 5:colcon.colcon_core.verb:set package 'rpi_robot_control' build argument 'cmake_target' from command line to 'None'
[1.916s] Level 5:colcon.colcon_core.verb:set package 'rpi_robot_control' build argument 'cmake_target_skip_unavailable' from command line to 'False'
[1.916s] Level 5:colcon.colcon_core.verb:set package 'rpi_robot_control' build argument 'cmake_clean_cache' from command line to 'False'
[1.916s] Level 5:colcon.colcon_core.verb:set package 'rpi_robot_control' build argument 'cmake_clean_first' from command line to 'False'
[1.916s] Level 5:colcon.colcon_core.verb:set package 'rpi_robot_control' build argument 'cmake_force_configure' from command line to 'False'
[1.916s] Level 5:colcon.colcon_core.verb:set package 'rpi_robot_control' build argument 'ament_cmake_args' from command line to 'None'
[1.917s] Level 5:colcon.colcon_core.verb:set package 'rpi_robot_control' build argument 'catkin_cmake_args' from command line to 'None'
[1.917s] Level 5:colcon.colcon_core.verb:set package 'rpi_robot_control' build argument 'catkin_skip_building_tests' from command line to 'False'
[1.917s] DEBUG:colcon.colcon_core.verb:Building package 'rpi_robot_control' with the following arguments: {'ament_cmake_args': None, 'build_base': '/home/smartway/ros2_ws/build/rpi_robot_control', 'catkin_cmake_args': None, 'catkin_skip_building_tests': False, 'cmake_args': None, 'cmake_clean_cache': False, 'cmake_clean_first': False, 'cmake_force_configure': False, 'cmake_target': None, 'cmake_target_skip_unavailable': False, 'install_base': '/home/smartway/ros2_ws/install/rpi_robot_control', 'merge_install': False, 'path': '/home/smartway/ros2_ws/rpi-robot-ros-foxy/rpi_robot_control', 'symlink_install': False, 'test_result_base': None}
[1.921s] Level 5:colcon.colcon_core.verb:set package 'rpi_robot_slam' build argument 'cmake_args' from command line to 'None'
[1.921s] Level 5:colcon.colcon_core.verb:set package 'rpi_robot_slam' build argument 'cmake_target' from command line to 'None'
[1.921s] Level 5:colcon.colcon_core.verb:set package 'rpi_robot_slam' build argument 'cmake_target_skip_unavailable' from command line to 'False'
[1.921s] Level 5:colcon.colcon_core.verb:set package 'rpi_robot_slam' build argument 'cmake_clean_cache' from command line to 'False'
[1.921s] Level 5:colcon.colcon_core.verb:set package 'rpi_robot_slam' build argument 'cmake_clean_first' from command line to 'False'
[1.921s] Level 5:colcon.colcon_core.verb:set package 'rpi_robot_slam' build argument 'cmake_force_configure' from command line to 'False'
[1.921s] Level 5:colcon.colcon_core.verb:set package 'rpi_robot_slam' build argument 'ament_cmake_args' from command line to 'None'
[1.921s] Level 5:colcon.colcon_core.verb:set package 'rpi_robot_slam' build argument 'catkin_cmake_args' from command line to 'None'
[1.922s] Level 5:colcon.colcon_core.verb:set package 'rpi_robot_slam' build argument 'catkin_skip_building_tests' from command line to 'False'
[1.922s] DEBUG:colcon.colcon_core.verb:Building package 'rpi_robot_slam' with the following arguments: {'ament_cmake_args': None, 'build_base': '/home/smartway/ros2_ws/build/rpi_robot_slam', 'catkin_cmake_args': None, 'catkin_skip_building_tests': False, 'cmake_args': None, 'cmake_clean_cache': False, 'cmake_clean_first': False, 'cmake_force_configure': False, 'cmake_target': None, 'cmake_target_skip_unavailable': False, 'install_base': '/home/smartway/ros2_ws/install/rpi_robot_slam', 'merge_install': False, 'path': '/home/smartway/ros2_ws/rpi-robot-ros-foxy/rpi_robot_slam', 'symlink_install': False, 'test_result_base': None}
[1.926s] Level 5:colcon.colcon_core.verb:set package 'rplidar_ros' build argument 'cmake_args' from command line to 'None'
[1.926s] Level 5:colcon.colcon_core.verb:set package 'rplidar_ros' build argument 'cmake_target' from command line to 'None'
[1.926s] Level 5:colcon.colcon_core.verb:set package 'rplidar_ros' build argument 'cmake_target_skip_unavailable' from command line to 'False'
[1.926s] Level 5:colcon.colcon_core.verb:set package 'rplidar_ros' build argument 'cmake_clean_cache' from command line to 'False'
[1.926s] Level 5:colcon.colcon_core.verb:set package 'rplidar_ros' build argument 'cmake_clean_first' from command line to 'False'
[1.926s] Level 5:colcon.colcon_core.verb:set package 'rplidar_ros' build argument 'cmake_force_configure' from command line to 'False'
[1.926s] Level 5:colcon.colcon_core.verb:set package 'rplidar_ros' build argument 'ament_cmake_args' from command line to 'None'
[1.926s] Level 5:colcon.colcon_core.verb:set package 'rplidar_ros' build argument 'catkin_cmake_args' from command line to 'None'
[1.927s] Level 5:colcon.colcon_core.verb:set package 'rplidar_ros' build argument 'catkin_skip_building_tests' from command line to 'False'
[1.927s] DEBUG:colcon.colcon_core.verb:Building package 'rplidar_ros' with the following arguments: {'ament_cmake_args': None, 'build_base': '/home/smartway/ros2_ws/build/rplidar_ros', 'catkin_cmake_args': None, 'catkin_skip_building_tests': False, 'cmake_args': None, 'cmake_clean_cache': False, 'cmake_clean_first': False, 'cmake_force_configure': False, 'cmake_target': None, 'cmake_target_skip_unavailable': False, 'install_base': '/home/smartway/ros2_ws/install/rplidar_ros', 'merge_install': False, 'path': '/home/smartway/ros2_ws/rplidar_ros2', 'symlink_install': False, 'test_result_base': None}
[1.929s] INFO:colcon.colcon_core.executor:Executing jobs using 'parallel' executor
[1.942s] DEBUG:colcon.colcon_parallel_executor.executor.parallel:run_until_complete
[1.943s] INFO:colcon.colcon_ros.task.ament_cmake.build:Building ROS package in '/home/smartway/ros2_ws/rpi-robot-ros-foxy/rpi_robot_action_interfaces' with build type 'ament_cmake'
[1.944s] INFO:colcon.colcon_cmake.task.cmake.build:Building CMake package in '/home/smartway/ros2_ws/rpi-robot-ros-foxy/rpi_robot_action_interfaces'
[1.965s] INFO:colcon.colcon_core.plugin_system:Skipping extension 'colcon_core.shell.bat': Not used on non-Windows systems
[1.966s] INFO:colcon.colcon_core.shell:Skip shell extension 'powershell' for command environment: Not usable outside of PowerShell
[1.966s] DEBUG:colcon.colcon_core.shell:Skip shell extension 'dsv' for command environment
[1.998s] INFO:colcon.colcon_ros.task.ament_cmake.build:Building ROS package in '/home/smartway/ros2_ws/rpi-robot-ros-foxy/rpi_robot_bringup' with build type 'ament_cmake'
[2.000s] INFO:colcon.colcon_cmake.task.cmake.build:Building CMake package in '/home/smartway/ros2_ws/rpi-robot-ros-foxy/rpi_robot_bringup'
[2.009s] INFO:colcon.colcon_core.shell:Skip shell extension 'powershell' for command environment: Not usable outside of PowerShell
[2.010s] DEBUG:colcon.colcon_core.shell:Skip shell extension 'dsv' for command environment
[2.044s] INFO:colcon.colcon_ros.task.ament_python.build:Building ROS package in '/home/smartway/ros2_ws/rpi-robot-ros-foxy/rpi_robot_control' with build type 'ament_python'
[2.046s] Level 1:colcon.colcon_core.shell:create_environment_hook('rpi_robot_control', 'ament_prefix_path')
[2.053s] INFO:colcon.colcon_core.shell:Creating environment hook '/home/smartway/ros2_ws/install/rpi_robot_control/share/rpi_robot_control/hook/ament_prefix_path.ps1'
[2.057s] INFO:colcon.colcon_core.shell:Creating environment descriptor '/home/smartway/ros2_ws/install/rpi_robot_control/share/rpi_robot_control/hook/ament_prefix_path.dsv'
[2.061s] INFO:colcon.colcon_core.shell:Creating environment hook '/home/smartway/ros2_ws/install/rpi_robot_control/share/rpi_robot_control/hook/ament_prefix_path.sh'
[2.072s] INFO:colcon.colcon_core.shell:Skip shell extension 'powershell' for command environment: Not usable outside of PowerShell
[2.073s] DEBUG:colcon.colcon_core.shell:Skip shell extension 'dsv' for command environment
[2.106s] INFO:colcon.colcon_ros.task.ament_cmake.build:Building ROS package in '/home/smartway/ros2_ws/rpi-robot-ros-foxy/rpi_robot_slam' with build type 'ament_cmake'
[2.107s] INFO:colcon.colcon_cmake.task.cmake.build:Building CMake package in '/home/smartway/ros2_ws/rpi-robot-ros-foxy/rpi_robot_slam'
[2.114s] INFO:colcon.colcon_core.shell:Skip shell extension 'powershell' for command environment: Not usable outside of PowerShell
[2.115s] DEBUG:colcon.colcon_core.shell:Skip shell extension 'dsv' for command environment
[2.170s] DEBUG:colcon.colcon_core.event_handler.log_command:Invoking command in '/home/smartway/ros2_ws/build/rpi_robot_action_interfaces': CMAKE_PREFIX_PATH=${CMAKE_PREFIX_PATH}:/opt/ros/foxy /usr/bin/cmake /home/smartway/ros2_ws/rpi-robot-ros-foxy/rpi_robot_action_interfaces -DCMAKE_INSTALL_PREFIX=/home/smartway/ros2_ws/install/rpi_robot_action_interfaces
[2.208s] DEBUG:colcon.colcon_core.event_handler.log_command:Invoking command in '/home/smartway/ros2_ws/build/rpi_robot_bringup': CMAKE_PREFIX_PATH=${CMAKE_PREFIX_PATH}:/opt/ros/foxy /usr/bin/cmake /home/smartway/ros2_ws/rpi-robot-ros-foxy/rpi_robot_bringup -DCMAKE_INSTALL_PREFIX=/home/smartway/ros2_ws/install/rpi_robot_bringup
[3.872s] INFO:colcon.colcon_core.task.python.build:Building Python package in '/home/smartway/ros2_ws/rpi-robot-ros-foxy/rpi_robot_control'
[3.883s] INFO:colcon.colcon_core.shell:Skip shell extension 'powershell' for command environment: Not usable outside of PowerShell
[3.883s] DEBUG:colcon.colcon_core.shell:Skip shell extension 'dsv' for command environment
[3.947s] DEBUG:colcon.colcon_core.event_handler.log_command:Invoking command in '/home/smartway/ros2_ws/build/rpi_robot_slam': CMAKE_PREFIX_PATH=${CMAKE_PREFIX_PATH}:/opt/ros/foxy /usr/bin/cmake /home/smartway/ros2_ws/rpi-robot-ros-foxy/rpi_robot_slam -DCMAKE_INSTALL_PREFIX=/home/smartway/ros2_ws/install/rpi_robot_slam
[7.368s] DEBUG:colcon.colcon_core.event_handler.log_command:Invoking command in '/home/smartway/ros2_ws/rpi-robot-ros-foxy/rpi_robot_control': PYTHONPATH=/home/smartway/ros2_ws/build/rpi_robot_control/prefix_override:/home/smartway/ros2_ws/install/rpi_robot_control/lib/python3.8/site-packages:${PYTHONPATH} /usr/bin/python3 setup.py egg_info --egg-base ../../build/rpi_robot_control build --build-base /home/smartway/ros2_ws/build/rpi_robot_control/build install --record /home/smartway/ros2_ws/build/rpi_robot_control/install.log --install-scripts $base/lib/rpi_robot_control --single-version-externally-managed
[9.213s] DEBUG:colcon.colcon_core.event_handler.log_command:Invoked command in '/home/smartway/ros2_ws/rpi-robot-ros-foxy/rpi_robot_control' returned '0': PYTHONPATH=/home/smartway/ros2_ws/build/rpi_robot_control/prefix_override:/home/smartway/ros2_ws/install/rpi_robot_control/lib/python3.8/site-packages:${PYTHONPATH} /usr/bin/python3 setup.py egg_info --egg-base ../../build/rpi_robot_control build --build-base /home/smartway/ros2_ws/build/rpi_robot_control/build install --record /home/smartway/ros2_ws/build/rpi_robot_control/install.log --install-scripts $base/lib/rpi_robot_control --single-version-externally-managed
[9.250s] Level 1:colcon.colcon_core.environment:checking '/home/smartway/ros2_ws/install/rpi_robot_control' for CMake module files
[9.255s] Level 1:colcon.colcon_core.environment:checking '/home/smartway/ros2_ws/install/rpi_robot_control' for CMake config files
[9.259s] Level 1:colcon.colcon_core.environment:checking '/home/smartway/ros2_ws/install/rpi_robot_control/lib'
[9.262s] Level 1:colcon.colcon_core.environment:checking '/home/smartway/ros2_ws/install/rpi_robot_control/bin'
[9.264s] Level 1:colcon.colcon_core.environment:checking '/home/smartway/ros2_ws/install/rpi_robot_control/lib/pkgconfig/rpi_robot_control.pc'
[9.265s] Level 1:colcon.colcon_core.environment:checking '/home/smartway/ros2_ws/install/rpi_robot_control/lib/python3.8/site-packages'
[9.267s] Level 1:colcon.colcon_core.shell:create_environment_hook('rpi_robot_control', 'pythonpath')
[9.276s] INFO:colcon.colcon_core.shell:Creating environment hook '/home/smartway/ros2_ws/install/rpi_robot_control/share/rpi_robot_control/hook/pythonpath.ps1'
[9.277s] INFO:colcon.colcon_core.shell:Creating environment descriptor '/home/smartway/ros2_ws/install/rpi_robot_control/share/rpi_robot_control/hook/pythonpath.dsv'
[9.279s] INFO:colcon.colcon_core.shell:Creating environment hook '/home/smartway/ros2_ws/install/rpi_robot_control/share/rpi_robot_control/hook/pythonpath.sh'
[9.281s] Level 1:colcon.colcon_core.environment:checking '/home/smartway/ros2_ws/install/rpi_robot_control/bin'
[9.282s] Level 1:colcon.colcon_core.environment:create_environment_scripts_only(rpi_robot_control)
[9.290s] INFO:colcon.colcon_core.shell:Creating package script '/home/smartway/ros2_ws/install/rpi_robot_control/share/rpi_robot_control/package.ps1'
[9.294s] INFO:colcon.colcon_core.shell:Creating package descriptor '/home/smartway/ros2_ws/install/rpi_robot_control/share/rpi_robot_control/package.dsv'
[9.297s] INFO:colcon.colcon_core.shell:Creating package script '/home/smartway/ros2_ws/install/rpi_robot_control/share/rpi_robot_control/package.sh'
[9.300s] INFO:colcon.colcon_core.shell:Creating package script '/home/smartway/ros2_ws/install/rpi_robot_control/share/rpi_robot_control/package.bash'
[9.303s] INFO:colcon.colcon_core.shell:Creating package script '/home/smartway/ros2_ws/install/rpi_robot_control/share/rpi_robot_control/package.zsh'
[9.307s] Level 1:colcon.colcon_core.environment:create_file_with_runtime_dependencies(/home/smartway/ros2_ws/install/rpi_robot_control/share/colcon-core/packages/rpi_robot_control)
[9.312s] INFO:colcon.colcon_ros.task.ament_cmake.build:Building ROS package in '/home/smartway/ros2_ws/rplidar_ros2' with build type 'ament_cmake'
[9.313s] INFO:colcon.colcon_cmake.task.cmake.build:Building CMake package in '/home/smartway/ros2_ws/rplidar_ros2'
[9.320s] INFO:colcon.colcon_core.shell:Skip shell extension 'powershell' for command environment: Not usable outside of PowerShell
[9.321s] DEBUG:colcon.colcon_core.shell:Skip shell extension 'dsv' for command environment
[9.452s] DEBUG:colcon.colcon_core.event_handler.log_command:Invoking command in '/home/smartway/ros2_ws/build/rplidar_ros': CMAKE_PREFIX_PATH=${CMAKE_PREFIX_PATH}:/opt/ros/foxy /usr/bin/cmake --build /home/smartway/ros2_ws/build/rplidar_ros -- -j4 -l4
[9.525s] DEBUG:colcon.colcon_core.event_handler.log_command:Invoked command in '/home/smartway/ros2_ws/build/rpi_robot_slam' returned '0': CMAKE_PREFIX_PATH=${CMAKE_PREFIX_PATH}:/opt/ros/foxy /usr/bin/cmake /home/smartway/ros2_ws/rpi-robot-ros-foxy/rpi_robot_slam -DCMAKE_INSTALL_PREFIX=/home/smartway/ros2_ws/install/rpi_robot_slam
[9.539s] DEBUG:colcon.colcon_core.event_handler.log_command:Invoking command in '/home/smartway/ros2_ws/build/rpi_robot_slam': CMAKE_PREFIX_PATH=${CMAKE_PREFIX_PATH}:/opt/ros/foxy /usr/bin/cmake --build /home/smartway/ros2_ws/build/rpi_robot_slam -- -j4 -l4
[9.836s] DEBUG:colcon.colcon_core.event_handler.log_command:Invoked command in '/home/smartway/ros2_ws/build/rpi_robot_slam' returned '0': CMAKE_PREFIX_PATH=${CMAKE_PREFIX_PATH}:/opt/ros/foxy /usr/bin/cmake --build /home/smartway/ros2_ws/build/rpi_robot_slam -- -j4 -l4
[10.215s] DEBUG:colcon.colcon_core.event_handler.log_command:Invoking command in '/home/smartway/ros2_ws/build/rpi_robot_slam': CMAKE_PREFIX_PATH=${CMAKE_PREFIX_PATH}:/opt/ros/foxy /usr/bin/cmake --install /home/smartway/ros2_ws/build/rpi_robot_slam
[10.327s] Level 1:colcon.colcon_core.environment:create_environment_scripts_only(rpi_robot_slam)
[10.341s] Level 1:colcon.colcon_core.environment:checking '/home/smartway/ros2_ws/install/rpi_robot_slam' for CMake module files
[10.342s] DEBUG:colcon.colcon_core.event_handler.log_command:Invoked command in '/home/smartway/ros2_ws/build/rpi_robot_slam' returned '0': CMAKE_PREFIX_PATH=${CMAKE_PREFIX_PATH}:/opt/ros/foxy /usr/bin/cmake --install /home/smartway/ros2_ws/build/rpi_robot_slam
[10.346s] Level 1:colcon.colcon_core.environment:checking '/home/smartway/ros2_ws/install/rpi_robot_slam' for CMake config files
[10.348s] Level 1:colcon.colcon_core.shell:create_environment_hook('rpi_robot_slam', 'cmake_prefix_path')
[10.360s] INFO:colcon.colcon_core.shell:Creating environment hook '/home/smartway/ros2_ws/install/rpi_robot_slam/share/rpi_robot_slam/hook/cmake_prefix_path.ps1'
[10.364s] INFO:colcon.colcon_core.shell:Creating environment descriptor '/home/smartway/ros2_ws/install/rpi_robot_slam/share/rpi_robot_slam/hook/cmake_prefix_path.dsv'
[10.366s] INFO:colcon.colcon_core.shell:Creating environment hook '/home/smartway/ros2_ws/install/rpi_robot_slam/share/rpi_robot_slam/hook/cmake_prefix_path.sh'
[10.370s] Level 1:colcon.colcon_core.environment:checking '/home/smartway/ros2_ws/install/rpi_robot_slam/bin'
[10.371s] Level 1:colcon.colcon_core.environment:checking '/home/smartway/ros2_ws/install/rpi_robot_slam/lib/pkgconfig/rpi_robot_slam.pc'
[10.372s] Level 1:colcon.colcon_core.environment:checking '/home/smartway/ros2_ws/install/rpi_robot_slam/lib/python3.8/site-packages'
[10.374s] Level 1:colcon.colcon_core.environment:checking '/home/smartway/ros2_ws/install/rpi_robot_slam/bin'
[10.386s] INFO:colcon.colcon_core.shell:Creating package script '/home/smartway/ros2_ws/install/rpi_robot_slam/share/rpi_robot_slam/package.ps1'
[10.389s] INFO:colcon.colcon_core.shell:Creating package descriptor '/home/smartway/ros2_ws/install/rpi_robot_slam/share/rpi_robot_slam/package.dsv'
[10.394s] INFO:colcon.colcon_core.shell:Creating package script '/home/smartway/ros2_ws/install/rpi_robot_slam/share/rpi_robot_slam/package.sh'
[10.398s] INFO:colcon.colcon_core.shell:Creating package script '/home/smartway/ros2_ws/install/rpi_robot_slam/share/rpi_robot_slam/package.bash'
[10.401s] INFO:colcon.colcon_core.shell:Creating package script '/home/smartway/ros2_ws/install/rpi_robot_slam/share/rpi_robot_slam/package.zsh'
[10.403s] Level 1:colcon.colcon_core.environment:create_file_with_runtime_dependencies(/home/smartway/ros2_ws/install/rpi_robot_slam/share/colcon-core/packages/rpi_robot_slam)
[10.425s] DEBUG:colcon.colcon_core.event_handler.log_command:Invoked command in '/home/smartway/ros2_ws/build/rplidar_ros' returned '0': CMAKE_PREFIX_PATH=${CMAKE_PREFIX_PATH}:/opt/ros/foxy /usr/bin/cmake --build /home/smartway/ros2_ws/build/rplidar_ros -- -j4 -l4
[10.568s] Level 1:colcon.colcon_core.environment:create_environment_scripts_only(rpi_robot_slam)
[10.583s] Level 1:colcon.colcon_core.environment:checking '/home/smartway/ros2_ws/install/rpi_robot_slam' for CMake module files
[10.589s] Level 1:colcon.colcon_core.environment:checking '/home/smartway/ros2_ws/install/rpi_robot_slam' for CMake config files
[10.595s] Level 1:colcon.colcon_core.shell:create_environment_hook('rpi_robot_slam', 'cmake_prefix_path')
[10.612s] INFO:colcon.colcon_core.shell:Creating environment hook '/home/smartway/ros2_ws/install/rpi_robot_slam/share/rpi_robot_slam/hook/cmake_prefix_path.ps1'
[10.617s] INFO:colcon.colcon_core.shell:Creating environment descriptor '/home/smartway/ros2_ws/install/rpi_robot_slam/share/rpi_robot_slam/hook/cmake_prefix_path.dsv'
[10.622s] INFO:colcon.colcon_core.shell:Creating environment hook '/home/smartway/ros2_ws/install/rpi_robot_slam/share/rpi_robot_slam/hook/cmake_prefix_path.sh'
[10.628s] Level 1:colcon.colcon_core.environment:checking '/home/smartway/ros2_ws/install/rpi_robot_slam/bin'
[10.628s] Level 1:colcon.colcon_core.environment:checking '/home/smartway/ros2_ws/install/rpi_robot_slam/lib/pkgconfig/rpi_robot_slam.pc'
[10.629s] Level 1:colcon.colcon_core.environment:checking '/home/smartway/ros2_ws/install/rpi_robot_slam/lib/python3.8/site-packages'
[10.631s] Level 1:colcon.colcon_core.environment:checking '/home/smartway/ros2_ws/install/rpi_robot_slam/bin'
[10.637s] INFO:colcon.colcon_core.shell:Creating package script '/home/smartway/ros2_ws/install/rpi_robot_slam/share/rpi_robot_slam/package.ps1'
[10.640s] INFO:colcon.colcon_core.shell:Creating package descriptor '/home/smartway/ros2_ws/install/rpi_robot_slam/share/rpi_robot_slam/package.dsv'
[10.644s] INFO:colcon.colcon_core.shell:Creating package script '/home/smartway/ros2_ws/install/rpi_robot_slam/share/rpi_robot_slam/package.sh'
[10.647s] INFO:colcon.colcon_core.shell:Creating package script '/home/smartway/ros2_ws/install/rpi_robot_slam/share/rpi_robot_slam/package.bash'
[10.650s] INFO:colcon.colcon_core.shell:Creating package script '/home/smartway/ros2_ws/install/rpi_robot_slam/share/rpi_robot_slam/package.zsh'
[10.653s] Level 1:colcon.colcon_core.environment:create_file_with_runtime_dependencies(/home/smartway/ros2_ws/install/rpi_robot_slam/share/colcon-core/packages/rpi_robot_slam)
[10.776s] DEBUG:colcon.colcon_core.event_handler.log_command:Invoking command in '/home/smartway/ros2_ws/build/rplidar_ros': CMAKE_PREFIX_PATH=${CMAKE_PREFIX_PATH}:/opt/ros/foxy /usr/bin/cmake --install /home/smartway/ros2_ws/build/rplidar_ros
[10.864s] Level 1:colcon.colcon_core.environment:create_environment_scripts_only(rplidar_ros)
[10.877s] Level 1:colcon.colcon_core.environment:checking '/home/smartway/ros2_ws/install/rplidar_ros' for CMake module files
[10.882s] DEBUG:colcon.colcon_core.event_handler.log_command:Invoked command in '/home/smartway/ros2_ws/build/rplidar_ros' returned '0': CMAKE_PREFIX_PATH=${CMAKE_PREFIX_PATH}:/opt/ros/foxy /usr/bin/cmake --install /home/smartway/ros2_ws/build/rplidar_ros
[10.884s] Level 1:colcon.colcon_core.environment:checking '/home/smartway/ros2_ws/install/rplidar_ros' for CMake config files
[10.889s] Level 1:colcon.colcon_core.shell:create_environment_hook('rplidar_ros', 'cmake_prefix_path')
[10.903s] INFO:colcon.colcon_core.shell:Creating environment hook '/home/smartway/ros2_ws/install/rplidar_ros/share/rplidar_ros/hook/cmake_prefix_path.ps1'
[10.907s] INFO:colcon.colcon_core.shell:Creating environment descriptor '/home/smartway/ros2_ws/install/rplidar_ros/share/rplidar_ros/hook/cmake_prefix_path.dsv'
[10.910s] INFO:colcon.colcon_core.shell:Creating environment hook '/home/smartway/ros2_ws/install/rplidar_ros/share/rplidar_ros/hook/cmake_prefix_path.sh'
[10.913s] Level 1:colcon.colcon_core.environment:checking '/home/smartway/ros2_ws/install/rplidar_ros/lib'
[10.914s] Level 1:colcon.colcon_core.shell:create_environment_hook('rplidar_ros', 'ld_library_path_lib')
[10.920s] INFO:colcon.colcon_core.shell:Creating environment hook '/home/smartway/ros2_ws/install/rplidar_ros/share/rplidar_ros/hook/ld_library_path_lib.ps1'
[10.923s] INFO:colcon.colcon_core.shell:Creating environment descriptor '/home/smartway/ros2_ws/install/rplidar_ros/share/rplidar_ros/hook/ld_library_path_lib.dsv'
[10.925s] INFO:colcon.colcon_core.shell:Creating environment hook '/home/smartway/ros2_ws/install/rplidar_ros/share/rplidar_ros/hook/ld_library_path_lib.sh'
[10.927s] Level 1:colcon.colcon_core.environment:checking '/home/smartway/ros2_ws/install/rplidar_ros/bin'
[10.928s] Level 1:colcon.colcon_core.environment:checking '/home/smartway/ros2_ws/install/rplidar_ros/lib/pkgconfig/rplidar_ros.pc'
[10.929s] Level 1:colcon.colcon_core.environment:checking '/home/smartway/ros2_ws/install/rplidar_ros/lib/python3.8/site-packages'
[10.930s] Level 1:colcon.colcon_core.environment:checking '/home/smartway/ros2_ws/install/rplidar_ros/bin'
[10.937s] INFO:colcon.colcon_core.shell:Creating package script '/home/smartway/ros2_ws/install/rplidar_ros/share/rplidar_ros/package.ps1'
[10.940s] INFO:colcon.colcon_core.shell:Creating package descriptor '/home/smartway/ros2_ws/install/rplidar_ros/share/rplidar_ros/package.dsv'
[10.943s] INFO:colcon.colcon_core.shell:Creating package script '/home/smartway/ros2_ws/install/rplidar_ros/share/rplidar_ros/package.sh'
[10.946s] INFO:colcon.colcon_core.shell:Creating package script '/home/smartway/ros2_ws/install/rplidar_ros/share/rplidar_ros/package.bash'
[10.949s] INFO:colcon.colcon_core.shell:Creating package script '/home/smartway/ros2_ws/install/rplidar_ros/share/rplidar_ros/package.zsh'
[10.951s] Level 1:colcon.colcon_core.environment:create_file_with_runtime_dependencies(/home/smartway/ros2_ws/install/rplidar_ros/share/colcon-core/packages/rplidar_ros)
[11.207s] Level 1:colcon.colcon_core.environment:create_environment_scripts_only(rplidar_ros)
[11.216s] Level 1:colcon.colcon_core.environment:checking '/home/smartway/ros2_ws/install/rplidar_ros' for CMake module files
[11.220s] Level 1:colcon.colcon_core.environment:checking '/home/smartway/ros2_ws/install/rplidar_ros' for CMake config files
[11.223s] Level 1:colcon.colcon_core.shell:create_environment_hook('rplidar_ros', 'cmake_prefix_path')
[11.229s] INFO:colcon.colcon_core.shell:Creating environment hook '/home/smartway/ros2_ws/install/rplidar_ros/share/rplidar_ros/hook/cmake_prefix_path.ps1'
[11.232s] INFO:colcon.colcon_core.shell:Creating environment descriptor '/home/smartway/ros2_ws/install/rplidar_ros/share/rplidar_ros/hook/cmake_prefix_path.dsv'
[11.234s] INFO:colcon.colcon_core.shell:Creating environment hook '/home/smartway/ros2_ws/install/rplidar_ros/share/rplidar_ros/hook/cmake_prefix_path.sh'
[11.238s] Level 1:colcon.colcon_core.environment:checking '/home/smartway/ros2_ws/install/rplidar_ros/lib'
[11.239s] Level 1:colcon.colcon_core.shell:create_environment_hook('rplidar_ros', 'ld_library_path_lib')
[11.245s] INFO:colcon.colcon_core.shell:Creating environment hook '/home/smartway/ros2_ws/install/rplidar_ros/share/rplidar_ros/hook/ld_library_path_lib.ps1'
[11.247s] INFO:colcon.colcon_core.shell:Creating environment descriptor '/home/smartway/ros2_ws/install/rplidar_ros/share/rplidar_ros/hook/ld_library_path_lib.dsv'
[11.249s] INFO:colcon.colcon_core.shell:Creating environment hook '/home/smartway/ros2_ws/install/rplidar_ros/share/rplidar_ros/hook/ld_library_path_lib.sh'
[11.252s] Level 1:colcon.colcon_core.environment:checking '/home/smartway/ros2_ws/install/rplidar_ros/bin'
[11.252s] Level 1:colcon.colcon_core.environment:checking '/home/smartway/ros2_ws/install/rplidar_ros/lib/pkgconfig/rplidar_ros.pc'
[11.253s] Level 1:colcon.colcon_core.environment:checking '/home/smartway/ros2_ws/install/rplidar_ros/lib/python3.8/site-packages'
[11.254s] Level 1:colcon.colcon_core.environment:checking '/home/smartway/ros2_ws/install/rplidar_ros/bin'
[11.260s] INFO:colcon.colcon_core.shell:Creating package script '/home/smartway/ros2_ws/install/rplidar_ros/share/rplidar_ros/package.ps1'
[11.299s] INFO:colcon.colcon_core.shell:Creating package descriptor '/home/smartway/ros2_ws/install/rplidar_ros/share/rplidar_ros/package.dsv'
[11.303s] INFO:colcon.colcon_core.shell:Creating package script '/home/smartway/ros2_ws/install/rplidar_ros/share/rplidar_ros/package.sh'
[11.307s] INFO:colcon.colcon_core.shell:Creating package script '/home/smartway/ros2_ws/install/rplidar_ros/share/rplidar_ros/package.bash'
[11.311s] INFO:colcon.colcon_core.shell:Creating package script '/home/smartway/ros2_ws/install/rplidar_ros/share/rplidar_ros/package.zsh'
[11.314s] Level 1:colcon.colcon_core.environment:create_file_with_runtime_dependencies(/home/smartway/ros2_ws/install/rplidar_ros/share/colcon-core/packages/rplidar_ros)
[12.875s] DEBUG:colcon.colcon_core.event_handler.log_command:Invoked command in '/home/smartway/ros2_ws/build/rpi_robot_bringup' returned '0': CMAKE_PREFIX_PATH=${CMAKE_PREFIX_PATH}:/opt/ros/foxy /usr/bin/cmake /home/smartway/ros2_ws/rpi-robot-ros-foxy/rpi_robot_bringup -DCMAKE_INSTALL_PREFIX=/home/smartway/ros2_ws/install/rpi_robot_bringup
[12.886s] DEBUG:colcon.colcon_core.event_handler.log_command:Invoking command in '/home/smartway/ros2_ws/build/rpi_robot_bringup': CMAKE_PREFIX_PATH=${CMAKE_PREFIX_PATH}:/opt/ros/foxy /usr/bin/cmake --build /home/smartway/ros2_ws/build/rpi_robot_bringup -- -j4 -l4
[13.263s] DEBUG:colcon.colcon_core.event_handler.log_command:Invoked command in '/home/smartway/ros2_ws/build/rpi_robot_action_interfaces' returned '0': CMAKE_PREFIX_PATH=${CMAKE_PREFIX_PATH}:/opt/ros/foxy /usr/bin/cmake /home/smartway/ros2_ws/rpi-robot-ros-foxy/rpi_robot_action_interfaces -DCMAKE_INSTALL_PREFIX=/home/smartway/ros2_ws/install/rpi_robot_action_interfaces
[13.266s] DEBUG:colcon.colcon_core.event_handler.log_command:Invoking command in '/home/smartway/ros2_ws/build/rpi_robot_action_interfaces': CMAKE_PREFIX_PATH=${CMAKE_PREFIX_PATH}:/opt/ros/foxy /usr/bin/cmake --build /home/smartway/ros2_ws/build/rpi_robot_action_interfaces -- -j4 -l4
[25.520s] DEBUG:colcon.colcon_core.event_handler.log_command:Invoked command in '/home/smartway/ros2_ws/build/rpi_robot_bringup' returned '0': CMAKE_PREFIX_PATH=${CMAKE_PREFIX_PATH}:/opt/ros/foxy /usr/bin/cmake --build /home/smartway/ros2_ws/build/rpi_robot_bringup -- -j4 -l4
[25.656s] DEBUG:colcon.colcon_core.event_handler.log_command:Invoking command in '/home/smartway/ros2_ws/build/rpi_robot_bringup': CMAKE_PREFIX_PATH=${CMAKE_PREFIX_PATH}:/opt/ros/foxy /usr/bin/cmake --install /home/smartway/ros2_ws/build/rpi_robot_bringup
[25.923s] Level 1:colcon.colcon_core.environment:create_environment_scripts_only(rpi_robot_bringup)
[25.933s] Level 1:colcon.colcon_core.environment:checking '/home/smartway/ros2_ws/install/rpi_robot_bringup' for CMake module files
[25.935s] DEBUG:colcon.colcon_core.event_handler.log_command:Invoked command in '/home/smartway/ros2_ws/build/rpi_robot_bringup' returned '0': CMAKE_PREFIX_PATH=${CMAKE_PREFIX_PATH}:/opt/ros/foxy /usr/bin/cmake --install /home/smartway/ros2_ws/build/rpi_robot_bringup
[25.938s] Level 1:colcon.colcon_core.environment:checking '/home/smartway/ros2_ws/install/rpi_robot_bringup' for CMake config files
[25.941s] Level 1:colcon.colcon_core.shell:create_environment_hook('rpi_robot_bringup', 'cmake_prefix_path')
[25.947s] INFO:colcon.colcon_core.shell:Creating environment hook '/home/smartway/ros2_ws/install/rpi_robot_bringup/share/rpi_robot_bringup/hook/cmake_prefix_path.ps1'
[25.950s] INFO:colcon.colcon_core.shell:Creating environment descriptor '/home/smartway/ros2_ws/install/rpi_robot_bringup/share/rpi_robot_bringup/hook/cmake_prefix_path.dsv'
[25.951s] INFO:colcon.colcon_core.shell:Creating environment hook '/home/smartway/ros2_ws/install/rpi_robot_bringup/share/rpi_robot_bringup/hook/cmake_prefix_path.sh'
[25.954s] Level 1:colcon.colcon_core.environment:checking '/home/smartway/ros2_ws/install/rpi_robot_bringup/lib'
[25.955s] Level 1:colcon.colcon_core.environment:checking '/home/smartway/ros2_ws/install/rpi_robot_bringup/bin'
[25.955s] Level 1:colcon.colcon_core.environment:checking '/home/smartway/ros2_ws/install/rpi_robot_bringup/lib/pkgconfig/rpi_robot_bringup.pc'
[25.956s] Level 1:colcon.colcon_core.environment:checking '/home/smartway/ros2_ws/install/rpi_robot_bringup/lib/python3.8/site-packages'
[25.957s] Level 1:colcon.colcon_core.shell:create_environment_hook('rpi_robot_bringup', 'pythonpath')
[25.963s] INFO:colcon.colcon_core.shell:Creating environment hook '/home/smartway/ros2_ws/install/rpi_robot_bringup/share/rpi_robot_bringup/hook/pythonpath.ps1'
[25.965s] INFO:colcon.colcon_core.shell:Creating environment descriptor '/home/smartway/ros2_ws/install/rpi_robot_bringup/share/rpi_robot_bringup/hook/pythonpath.dsv'
[25.967s] INFO:colcon.colcon_core.shell:Creating environment hook '/home/smartway/ros2_ws/install/rpi_robot_bringup/share/rpi_robot_bringup/hook/pythonpath.sh'
[25.970s] Level 1:colcon.colcon_core.environment:checking '/home/smartway/ros2_ws/install/rpi_robot_bringup/bin'
[25.980s] INFO:colcon.colcon_core.shell:Creating package script '/home/smartway/ros2_ws/install/rpi_robot_bringup/share/rpi_robot_bringup/package.ps1'
[25.982s] INFO:colcon.colcon_core.shell:Creating package descriptor '/home/smartway/ros2_ws/install/rpi_robot_bringup/share/rpi_robot_bringup/package.dsv'
[25.985s] INFO:colcon.colcon_core.shell:Creating package script '/home/smartway/ros2_ws/install/rpi_robot_bringup/share/rpi_robot_bringup/package.sh'
[25.987s] INFO:colcon.colcon_core.shell:Creating package script '/home/smartway/ros2_ws/install/rpi_robot_bringup/share/rpi_robot_bringup/package.bash'
[25.989s] INFO:colcon.colcon_core.shell:Creating package script '/home/smartway/ros2_ws/install/rpi_robot_bringup/share/rpi_robot_bringup/package.zsh'
[25.991s] Level 1:colcon.colcon_core.environment:create_file_with_runtime_dependencies(/home/smartway/ros2_ws/install/rpi_robot_bringup/share/colcon-core/packages/rpi_robot_bringup)
[26.124s] Level 1:colcon.colcon_core.environment:create_environment_scripts_only(rpi_robot_bringup)
[26.134s] Level 1:colcon.colcon_core.environment:checking '/home/smartway/ros2_ws/install/rpi_robot_bringup' for CMake module files
[26.137s] Level 1:colcon.colcon_core.environment:checking '/home/smartway/ros2_ws/install/rpi_robot_bringup' for CMake config files
[26.141s] Level 1:colcon.colcon_core.shell:create_environment_hook('rpi_robot_bringup', 'cmake_prefix_path')
[26.147s] INFO:colcon.colcon_core.shell:Creating environment hook '/home/smartway/ros2_ws/install/rpi_robot_bringup/share/rpi_robot_bringup/hook/cmake_prefix_path.ps1'
[26.150s] INFO:colcon.colcon_core.shell:Creating environment descriptor '/home/smartway/ros2_ws/install/rpi_robot_bringup/share/rpi_robot_bringup/hook/cmake_prefix_path.dsv'
[26.152s] INFO:colcon.colcon_core.shell:Creating environment hook '/home/smartway/ros2_ws/install/rpi_robot_bringup/share/rpi_robot_bringup/hook/cmake_prefix_path.sh'
[26.155s] Level 1:colcon.colcon_core.environment:checking '/home/smartway/ros2_ws/install/rpi_robot_bringup/lib'
[26.156s] Level 1:colcon.colcon_core.environment:checking '/home/smartway/ros2_ws/install/rpi_robot_bringup/bin'
[26.156s] Level 1:colcon.colcon_core.environment:checking '/home/smartway/ros2_ws/install/rpi_robot_bringup/lib/pkgconfig/rpi_robot_bringup.pc'
[26.157s] Level 1:colcon.colcon_core.environment:checking '/home/smartway/ros2_ws/install/rpi_robot_bringup/lib/python3.8/site-packages'
[26.158s] Level 1:colcon.colcon_core.shell:create_environment_hook('rpi_robot_bringup', 'pythonpath')
[26.164s] INFO:colcon.colcon_core.shell:Creating environment hook '/home/smartway/ros2_ws/install/rpi_robot_bringup/share/rpi_robot_bringup/hook/pythonpath.ps1'
[26.167s] INFO:colcon.colcon_core.shell:Creating environment descriptor '/home/smartway/ros2_ws/install/rpi_robot_bringup/share/rpi_robot_bringup/hook/pythonpath.dsv'
[26.169s] INFO:colcon.colcon_core.shell:Creating environment hook '/home/smartway/ros2_ws/install/rpi_robot_bringup/share/rpi_robot_bringup/hook/pythonpath.sh'
[26.172s] Level 1:colcon.colcon_core.environment:checking '/home/smartway/ros2_ws/install/rpi_robot_bringup/bin'
[26.181s] INFO:colcon.colcon_core.shell:Creating package script '/home/smartway/ros2_ws/install/rpi_robot_bringup/share/rpi_robot_bringup/package.ps1'
[26.184s] INFO:colcon.colcon_core.shell:Creating package descriptor '/home/smartway/ros2_ws/install/rpi_robot_bringup/share/rpi_robot_bringup/package.dsv'
[26.187s] INFO:colcon.colcon_core.shell:Creating package script '/home/smartway/ros2_ws/install/rpi_robot_bringup/share/rpi_robot_bringup/package.sh'
[26.190s] INFO:colcon.colcon_core.shell:Creating package script '/home/smartway/ros2_ws/install/rpi_robot_bringup/share/rpi_robot_bringup/package.bash'
[26.194s] INFO:colcon.colcon_core.shell:Creating package script '/home/smartway/ros2_ws/install/rpi_robot_bringup/share/rpi_robot_bringup/package.zsh'
[26.196s] Level 1:colcon.colcon_core.environment:create_file_with_runtime_dependencies(/home/smartway/ros2_ws/install/rpi_robot_bringup/share/colcon-core/packages/rpi_robot_bringup)
[33.363s] DEBUG:colcon.colcon_core.event_handler.log_command:Invoked command in '/home/smartway/ros2_ws/build/rpi_robot_action_interfaces' returned '0': CMAKE_PREFIX_PATH=${CMAKE_PREFIX_PATH}:/opt/ros/foxy /usr/bin/cmake --build /home/smartway/ros2_ws/build/rpi_robot_action_interfaces -- -j4 -l4
[33.715s] DEBUG:colcon.colcon_core.event_handler.log_command:Invoking command in '/home/smartway/ros2_ws/build/rpi_robot_action_interfaces': CMAKE_PREFIX_PATH=${CMAKE_PREFIX_PATH}:/opt/ros/foxy /usr/bin/cmake --install /home/smartway/ros2_ws/build/rpi_robot_action_interfaces
[34.035s] Level 1:colcon.colcon_core.environment:create_environment_scripts_only(rpi_robot_action_interfaces)
[34.049s] Level 1:colcon.colcon_core.environment:checking '/home/smartway/ros2_ws/install/rpi_robot_action_interfaces' for CMake module files
[34.049s] DEBUG:colcon.colcon_core.event_handler.log_command:Invoked command in '/home/smartway/ros2_ws/build/rpi_robot_action_interfaces' returned '0': CMAKE_PREFIX_PATH=${CMAKE_PREFIX_PATH}:/opt/ros/foxy /usr/bin/cmake --install /home/smartway/ros2_ws/build/rpi_robot_action_interfaces
[34.054s] Level 1:colcon.colcon_core.environment:checking '/home/smartway/ros2_ws/install/rpi_robot_action_interfaces' for CMake config files
[34.058s] Level 1:colcon.colcon_core.shell:create_environment_hook('rpi_robot_action_interfaces', 'cmake_prefix_path')
[34.064s] INFO:colcon.colcon_core.shell:Creating environment hook '/home/smartway/ros2_ws/install/rpi_robot_action_interfaces/share/rpi_robot_action_interfaces/hook/cmake_prefix_path.ps1'
[34.066s] INFO:colcon.colcon_core.shell:Creating environment descriptor '/home/smartway/ros2_ws/install/rpi_robot_action_interfaces/share/rpi_robot_action_interfaces/hook/cmake_prefix_path.dsv'
[34.068s] INFO:colcon.colcon_core.shell:Creating environment hook '/home/smartway/ros2_ws/install/rpi_robot_action_interfaces/share/rpi_robot_action_interfaces/hook/cmake_prefix_path.sh'
[34.070s] Level 1:colcon.colcon_core.environment:checking '/home/smartway/ros2_ws/install/rpi_robot_action_interfaces/lib'
[34.070s] Level 1:colcon.colcon_core.shell:create_environment_hook('rpi_robot_action_interfaces', 'ld_library_path_lib')
[34.075s] INFO:colcon.colcon_core.shell:Creating environment hook '/home/smartway/ros2_ws/install/rpi_robot_action_interfaces/share/rpi_robot_action_interfaces/hook/ld_library_path_lib.ps1'
[34.077s] INFO:colcon.colcon_core.shell:Creating environment descriptor '/home/smartway/ros2_ws/install/rpi_robot_action_interfaces/share/rpi_robot_action_interfaces/hook/ld_library_path_lib.dsv'
[34.078s] INFO:colcon.colcon_core.shell:Creating environment hook '/home/smartway/ros2_ws/install/rpi_robot_action_interfaces/share/rpi_robot_action_interfaces/hook/ld_library_path_lib.sh'
[34.079s] Level 1:colcon.colcon_core.environment:checking '/home/smartway/ros2_ws/install/rpi_robot_action_interfaces/bin'
[34.080s] Level 1:colcon.colcon_core.environment:checking '/home/smartway/ros2_ws/install/rpi_robot_action_interfaces/lib/pkgconfig/rpi_robot_action_interfaces.pc'
[34.081s] Level 1:colcon.colcon_core.environment:checking '/home/smartway/ros2_ws/install/rpi_robot_action_interfaces/lib/python3.8/site-packages'
[34.081s] Level 1:colcon.colcon_core.shell:create_environment_hook('rpi_robot_action_interfaces', 'pythonpath')
[34.086s] INFO:colcon.colcon_core.shell:Creating environment hook '/home/smartway/ros2_ws/install/rpi_robot_action_interfaces/share/rpi_robot_action_interfaces/hook/pythonpath.ps1'
[34.088s] INFO:colcon.colcon_core.shell:Creating environment descriptor '/home/smartway/ros2_ws/install/rpi_robot_action_interfaces/share/rpi_robot_action_interfaces/hook/pythonpath.dsv'
[34.089s] INFO:colcon.colcon_core.shell:Creating environment hook '/home/smartway/ros2_ws/install/rpi_robot_action_interfaces/share/rpi_robot_action_interfaces/hook/pythonpath.sh'
[34.091s] Level 1:colcon.colcon_core.environment:checking '/home/smartway/ros2_ws/install/rpi_robot_action_interfaces/bin'
[34.096s] INFO:colcon.colcon_core.shell:Creating package script '/home/smartway/ros2_ws/install/rpi_robot_action_interfaces/share/rpi_robot_action_interfaces/package.ps1'
[34.099s] INFO:colcon.colcon_core.shell:Creating package descriptor '/home/smartway/ros2_ws/install/rpi_robot_action_interfaces/share/rpi_robot_action_interfaces/package.dsv'
[34.101s] INFO:colcon.colcon_core.shell:Creating package script '/home/smartway/ros2_ws/install/rpi_robot_action_interfaces/share/rpi_robot_action_interfaces/package.sh'
[34.103s] INFO:colcon.colcon_core.shell:Creating package script '/home/smartway/ros2_ws/install/rpi_robot_action_interfaces/share/rpi_robot_action_interfaces/package.bash'
[34.104s] INFO:colcon.colcon_core.shell:Creating package script '/home/smartway/ros2_ws/install/rpi_robot_action_interfaces/share/rpi_robot_action_interfaces/package.zsh'
[34.105s] Level 1:colcon.colcon_core.environment:create_file_with_runtime_dependencies(/home/smartway/ros2_ws/install/rpi_robot_action_interfaces/share/colcon-core/packages/rpi_robot_action_interfaces)
[34.441s] Level 1:colcon.colcon_core.environment:create_environment_scripts_only(rpi_robot_action_interfaces)
[34.452s] Level 1:colcon.colcon_core.environment:checking '/home/smartway/ros2_ws/install/rpi_robot_action_interfaces' for CMake module files
[34.456s] Level 1:colcon.colcon_core.environment:checking '/home/smartway/ros2_ws/install/rpi_robot_action_interfaces' for CMake config files
[34.462s] Level 1:colcon.colcon_core.shell:create_environment_hook('rpi_robot_action_interfaces', 'cmake_prefix_path')
[34.468s] INFO:colcon.colcon_core.shell:Creating environment hook '/home/smartway/ros2_ws/install/rpi_robot_action_interfaces/share/rpi_robot_action_interfaces/hook/cmake_prefix_path.ps1'
[34.470s] INFO:colcon.colcon_core.shell:Creating environment descriptor '/home/smartway/ros2_ws/install/rpi_robot_action_interfaces/share/rpi_robot_action_interfaces/hook/cmake_prefix_path.dsv'
[34.471s] INFO:colcon.colcon_core.shell:Creating environment hook '/home/smartway/ros2_ws/install/rpi_robot_action_interfaces/share/rpi_robot_action_interfaces/hook/cmake_prefix_path.sh'
[34.474s] Level 1:colcon.colcon_core.environment:checking '/home/smartway/ros2_ws/install/rpi_robot_action_interfaces/lib'
[34.474s] Level 1:colcon.colcon_core.shell:create_environment_hook('rpi_robot_action_interfaces', 'ld_library_path_lib')
[34.479s] INFO:colcon.colcon_core.shell:Creating environment hook '/home/smartway/ros2_ws/install/rpi_robot_action_interfaces/share/rpi_robot_action_interfaces/hook/ld_library_path_lib.ps1'
[34.481s] INFO:colcon.colcon_core.shell:Creating environment descriptor '/home/smartway/ros2_ws/install/rpi_robot_action_interfaces/share/rpi_robot_action_interfaces/hook/ld_library_path_lib.dsv'
[34.483s] INFO:colcon.colcon_core.shell:Creating environment hook '/home/smartway/ros2_ws/install/rpi_robot_action_interfaces/share/rpi_robot_action_interfaces/hook/ld_library_path_lib.sh'
[34.484s] Level 1:colcon.colcon_core.environment:checking '/home/smartway/ros2_ws/install/rpi_robot_action_interfaces/bin'
[34.485s] Level 1:colcon.colcon_core.environment:checking '/home/smartway/ros2_ws/install/rpi_robot_action_interfaces/lib/pkgconfig/rpi_robot_action_interfaces.pc'
[34.486s] Level 1:colcon.colcon_core.environment:checking '/home/smartway/ros2_ws/install/rpi_robot_action_interfaces/lib/python3.8/site-packages'
[34.486s] Level 1:colcon.colcon_core.shell:create_environment_hook('rpi_robot_action_interfaces', 'pythonpath')
[34.491s] INFO:colcon.colcon_core.shell:Creating environment hook '/home/smartway/ros2_ws/install/rpi_robot_action_interfaces/share/rpi_robot_action_interfaces/hook/pythonpath.ps1'
[34.493s] INFO:colcon.colcon_core.shell:Creating environment descriptor '/home/smartway/ros2_ws/install/rpi_robot_action_interfaces/share/rpi_robot_action_interfaces/hook/pythonpath.dsv'
[34.494s] INFO:colcon.colcon_core.shell:Creating environment hook '/home/smartway/ros2_ws/install/rpi_robot_action_interfaces/share/rpi_robot_action_interfaces/hook/pythonpath.sh'
[34.496s] Level 1:colcon.colcon_core.environment:checking '/home/smartway/ros2_ws/install/rpi_robot_action_interfaces/bin'
[34.502s] INFO:colcon.colcon_core.shell:Creating package script '/home/smartway/ros2_ws/install/rpi_robot_action_interfaces/share/rpi_robot_action_interfaces/package.ps1'
[34.505s] INFO:colcon.colcon_core.shell:Creating package descriptor '/home/smartway/ros2_ws/install/rpi_robot_action_interfaces/share/rpi_robot_action_interfaces/package.dsv'
[34.507s] INFO:colcon.colcon_core.shell:Creating package script '/home/smartway/ros2_ws/install/rpi_robot_action_interfaces/share/rpi_robot_action_interfaces/package.sh'
[34.509s] INFO:colcon.colcon_core.shell:Creating package script '/home/smartway/ros2_ws/install/rpi_robot_action_interfaces/share/rpi_robot_action_interfaces/package.bash'
[34.511s] INFO:colcon.colcon_core.shell:Creating package script '/home/smartway/ros2_ws/install/rpi_robot_action_interfaces/share/rpi_robot_action_interfaces/package.zsh'
[34.513s] Level 1:colcon.colcon_core.environment:create_file_with_runtime_dependencies(/home/smartway/ros2_ws/install/rpi_robot_action_interfaces/share/colcon-core/packages/rpi_robot_action_interfaces)
[34.514s] DEBUG:colcon.colcon_parallel_executor.executor.parallel:closing loop
[34.515s] DEBUG:colcon.colcon_parallel_executor.executor.parallel:loop closed
[34.516s] DEBUG:colcon.colcon_parallel_executor.executor.parallel:run_until_complete finished with '0'
[34.516s] DEBUG:colcon.colcon_core.event_reactor:joining thread
[34.547s] INFO:colcon.colcon_core.plugin_system:Skipping extension 'colcon_notification.desktop_notification.terminal_notifier': Not used on non-Darwin systems
[34.547s] INFO:colcon.colcon_core.plugin_system:Skipping extension 'colcon_notification.desktop_notification.win32': Not used on non-Windows systems
[34.548s] INFO:colcon.colcon_notification.desktop_notification:Sending desktop notification using 'notify2'
[34.613s] DEBUG:colcon.colcon_core.event_reactor:joined thread
[34.619s] INFO:colcon.colcon_core.shell:Creating prefix script '/home/smartway/ros2_ws/install/local_setup.ps1'
[34.624s] INFO:colcon.colcon_core.shell:Creating prefix util module '/home/smartway/ros2_ws/install/_local_setup_util_ps1.py'
[34.630s] INFO:colcon.colcon_core.shell:Creating prefix chain script '/home/smartway/ros2_ws/install/setup.ps1'
[34.639s] INFO:colcon.colcon_core.shell:Creating prefix script '/home/smartway/ros2_ws/install/local_setup.sh'
[34.642s] INFO:colcon.colcon_core.shell:Creating prefix util module '/home/smartway/ros2_ws/install/_local_setup_util_sh.py'
[34.644s] INFO:colcon.colcon_core.shell:Creating prefix chain script '/home/smartway/ros2_ws/install/setup.sh'
[34.658s] INFO:colcon.colcon_core.shell:Creating prefix script '/home/smartway/ros2_ws/install/local_setup.bash'
[34.661s] INFO:colcon.colcon_core.shell:Creating prefix chain script '/home/smartway/ros2_ws/install/setup.bash'
[34.679s] INFO:colcon.colcon_core.shell:Creating prefix script '/home/smartway/ros2_ws/install/local_setup.zsh'
[34.682s] INFO:colcon.colcon_core.shell:Creating prefix chain script '/home/smartway/ros2_ws/install/setup.zsh'
