[0.247s] Invoking command in '/home/smartway/ros2_ws/build/dwb_msgs': CMAKE_PREFIX_PATH=/home/smartway/ros2_ws/install/nav_2d_msgs:/home/smartway/ros2_ws/install/nav2_system_tests:/home/smartway/ros2_ws/install/nav2_bringup:/home/smartway/ros2_ws/install/navigation2:/home/smartway/ros2_ws/install/smac_planner:/home/smartway/ros2_ws/install/rplidar_ros:/home/smartway/ros2_ws/install/rpi_robot_slam:/home/smartway/ros2_ws/install/rpi_robot_bringup:/home/smartway/ros2_ws/install/rpi_robot_action_interfaces:/home/smartway/ros2_ws/install/nav2_dwb_controller:/home/smartway/ros2_ws/install/nav2_controller:/home/smartway/ros2_ws/install/dwb_plugins:/home/smartway/ros2_ws/install/dwb_critics:/home/smartway/ros2_ws/install/dwb_core:/home/smartway/ros2_ws/install/nav_2d_utils:/home/smartway/ros2_ws/install/dwb_msgs:/home/smartway/ros2_ws/install/nav2_waypoint_follower:/home/smartway/ros2_ws/install/nav2_regulated_pure_pursuit_controller:/home/smartway/ros2_ws/install/nav2_recoveries:/home/smartway/ros2_ws/install/nav2_planner:/home/smartway/ros2_ws/install/nav2_navfn_planner:/home/smartway/ros2_ws/install/nav2_core:/home/smartway/ros2_ws/install/costmap_queue:/home/smartway/ros2_ws/install/nav2_costmap_2d:/home/smartway/ros2_ws/install/nav2_voxel_grid:/home/smartway/ros2_ws/install/nav2_rviz_plugins:/home/smartway/ros2_ws/install/nav2_map_server:/home/smartway/ros2_ws/install/nav2_lifecycle_manager:/home/smartway/ros2_ws/install/nav2_bt_navigator:/home/smartway/ros2_ws/install/nav2_behavior_tree:/home/smartway/ros2_ws/install/nav2_amcl:/home/smartway/ros2_ws/install/nav2_util:/home/smartway/ros2_ws/install/nav2_msgs:/home/smartway/ros2_ws/install/nav2_common:/home/smartway/ros2_ws/install/rpi_robot_control:/home/smartway/ros2_ws/install/nav2_gazebo_spawner:/opt/ros/foxy LD_LIBRARY_PATH=/home/smartway/ros2_ws/install/nav_2d_msgs/lib:/home/smartway/ros2_ws/install/smac_planner/lib:/home/smartway/ros2_ws/install/rplidar_ros/lib:/home/smartway/ros2_ws/install/rpi_robot_action_interfaces/lib:/home/smartway/ros2_ws/install/nav2_controller/lib:/home/smartway/ros2_ws/install/dwb_plugins/lib:/home/smartway/ros2_ws/install/dwb_critics/lib:/home/smartway/ros2_ws/install/dwb_core/lib:/home/smartway/ros2_ws/install/nav_2d_utils/lib:/home/smartway/ros2_ws/install/dwb_msgs/lib:/home/smartway/ros2_ws/install/nav2_waypoint_follower/lib:/home/smartway/ros2_ws/install/nav2_regulated_pure_pursuit_controller/lib:/home/smartway/ros2_ws/install/nav2_recoveries/lib:/home/smartway/ros2_ws/install/nav2_planner/lib:/home/smartway/ros2_ws/install/nav2_navfn_planner/lib:/home/smartway/ros2_ws/install/costmap_queue/lib:/home/smartway/ros2_ws/install/nav2_costmap_2d/lib:/home/smartway/ros2_ws/install/nav2_voxel_grid/lib:/home/smartway/ros2_ws/install/nav2_rviz_plugins/lib:/home/smartway/ros2_ws/install/nav2_map_server/lib:/home/smartway/ros2_ws/install/nav2_lifecycle_manager/lib:/home/smartway/ros2_ws/install/nav2_bt_navigator/lib:/home/smartway/ros2_ws/install/nav2_behavior_tree/lib:/home/smartway/ros2_ws/install/nav2_amcl/lib:/home/smartway/ros2_ws/install/nav2_util/lib:/home/smartway/ros2_ws/install/nav2_msgs/lib:/usr/lib/aarch64-linux-gnu/gazebo-11/plugins:/opt/ros/foxy/opt/yaml_cpp_vendor/lib:/opt/ros/foxy/opt/rviz_ogre_vendor/lib:/opt/ros/foxy/lib/aarch64-linux-gnu:/opt/ros/foxy/lib PYTHONPATH=/home/smartway/ros2_ws/install/nav_2d_msgs/lib/python3.8/site-packages:/home/smartway/ros2_ws/install/rpi_robot_control/lib/python3.8/site-packages:/home/smartway/ros2_ws/install/rpi_robot_bringup/lib/python3.8/site-packages:/home/smartway/ros2_ws/install/rpi_robot_action_interfaces/lib/python3.8/site-packages:/home/smartway/ros2_ws/install/dwb_msgs/lib/python3.8/site-packages:/home/smartway/ros2_ws/install/nav2_msgs/lib/python3.8/site-packages:/home/smartway/ros2_ws/install/nav2_gazebo_spawner/lib/python3.8/site-packages:/home/smartway/ros2_ws/install/nav2_common/lib/python3.8/site-packages:/opt/ros/foxy/lib/python3.8/site-packages /usr/bin/cmake --build /home/smartway/ros2_ws/build/dwb_msgs -- -j4 -l4
[1.139s] [  1%] Built target dwb_msgs__cpp
[1.383s] [ 12%] Built target dwb_msgs__rosidl_generator_c
[1.691s] [ 24%] Built target dwb_msgs__rosidl_typesupport_cpp
[1.739s] [ 35%] Built target dwb_msgs__rosidl_typesupport_introspection_cpp
[1.831s] [ 47%] Built target dwb_msgs__rosidl_typesupport_fastrtps_cpp
[2.031s] [ 58%] Built target dwb_msgs__rosidl_typesupport_introspection_c
[2.102s] [ 70%] Built target dwb_msgs__rosidl_typesupport_c
[2.302s] [ 82%] Built target dwb_msgs__rosidl_typesupport_fastrtps_c
[2.618s] [ 82%] Built target dwb_msgs
[2.956s] [ 83%] Built target dwb_msgs__py
[3.343s] [ 93%] Built target dwb_msgs__python
[3.864s] [ 95%] Built target dwb_msgs__rosidl_typesupport_introspection_c__pyext
[4.031s] [ 97%] Built target dwb_msgs__rosidl_typesupport_c__pyext
[4.057s] [100%] Built target dwb_msgs__rosidl_typesupport_fastrtps_c__pyext
[5.795s] Invoked command in '/home/smartway/ros2_ws/build/dwb_msgs' returned '0': CMAKE_PREFIX_PATH=/home/smartway/ros2_ws/install/nav_2d_msgs:/home/smartway/ros2_ws/install/nav2_system_tests:/home/smartway/ros2_ws/install/nav2_bringup:/home/smartway/ros2_ws/install/navigation2:/home/smartway/ros2_ws/install/smac_planner:/home/smartway/ros2_ws/install/rplidar_ros:/home/smartway/ros2_ws/install/rpi_robot_slam:/home/smartway/ros2_ws/install/rpi_robot_bringup:/home/smartway/ros2_ws/install/rpi_robot_action_interfaces:/home/smartway/ros2_ws/install/nav2_dwb_controller:/home/smartway/ros2_ws/install/nav2_controller:/home/smartway/ros2_ws/install/dwb_plugins:/home/smartway/ros2_ws/install/dwb_critics:/home/smartway/ros2_ws/install/dwb_core:/home/smartway/ros2_ws/install/nav_2d_utils:/home/smartway/ros2_ws/install/dwb_msgs:/home/smartway/ros2_ws/install/nav2_waypoint_follower:/home/smartway/ros2_ws/install/nav2_regulated_pure_pursuit_controller:/home/smartway/ros2_ws/install/nav2_recoveries:/home/smartway/ros2_ws/install/nav2_planner:/home/smartway/ros2_ws/install/nav2_navfn_planner:/home/smartway/ros2_ws/install/nav2_core:/home/smartway/ros2_ws/install/costmap_queue:/home/smartway/ros2_ws/install/nav2_costmap_2d:/home/smartway/ros2_ws/install/nav2_voxel_grid:/home/smartway/ros2_ws/install/nav2_rviz_plugins:/home/smartway/ros2_ws/install/nav2_map_server:/home/smartway/ros2_ws/install/nav2_lifecycle_manager:/home/smartway/ros2_ws/install/nav2_bt_navigator:/home/smartway/ros2_ws/install/nav2_behavior_tree:/home/smartway/ros2_ws/install/nav2_amcl:/home/smartway/ros2_ws/install/nav2_util:/home/smartway/ros2_ws/install/nav2_msgs:/home/smartway/ros2_ws/install/nav2_common:/home/smartway/ros2_ws/install/rpi_robot_control:/home/smartway/ros2_ws/install/nav2_gazebo_spawner:/opt/ros/foxy LD_LIBRARY_PATH=/home/smartway/ros2_ws/install/nav_2d_msgs/lib:/home/smartway/ros2_ws/install/smac_planner/lib:/home/smartway/ros2_ws/install/rplidar_ros/lib:/home/smartway/ros2_ws/install/rpi_robot_action_interfaces/lib:/home/smartway/ros2_ws/install/nav2_controller/lib:/home/smartway/ros2_ws/install/dwb_plugins/lib:/home/smartway/ros2_ws/install/dwb_critics/lib:/home/smartway/ros2_ws/install/dwb_core/lib:/home/smartway/ros2_ws/install/nav_2d_utils/lib:/home/smartway/ros2_ws/install/dwb_msgs/lib:/home/smartway/ros2_ws/install/nav2_waypoint_follower/lib:/home/smartway/ros2_ws/install/nav2_regulated_pure_pursuit_controller/lib:/home/smartway/ros2_ws/install/nav2_recoveries/lib:/home/smartway/ros2_ws/install/nav2_planner/lib:/home/smartway/ros2_ws/install/nav2_navfn_planner/lib:/home/smartway/ros2_ws/install/costmap_queue/lib:/home/smartway/ros2_ws/install/nav2_costmap_2d/lib:/home/smartway/ros2_ws/install/nav2_voxel_grid/lib:/home/smartway/ros2_ws/install/nav2_rviz_plugins/lib:/home/smartway/ros2_ws/install/nav2_map_server/lib:/home/smartway/ros2_ws/install/nav2_lifecycle_manager/lib:/home/smartway/ros2_ws/install/nav2_bt_navigator/lib:/home/smartway/ros2_ws/install/nav2_behavior_tree/lib:/home/smartway/ros2_ws/install/nav2_amcl/lib:/home/smartway/ros2_ws/install/nav2_util/lib:/home/smartway/ros2_ws/install/nav2_msgs/lib:/usr/lib/aarch64-linux-gnu/gazebo-11/plugins:/opt/ros/foxy/opt/yaml_cpp_vendor/lib:/opt/ros/foxy/opt/rviz_ogre_vendor/lib:/opt/ros/foxy/lib/aarch64-linux-gnu:/opt/ros/foxy/lib PYTHONPATH=/home/smartway/ros2_ws/install/nav_2d_msgs/lib/python3.8/site-packages:/home/smartway/ros2_ws/install/rpi_robot_control/lib/python3.8/site-packages:/home/smartway/ros2_ws/install/rpi_robot_bringup/lib/python3.8/site-packages:/home/smartway/ros2_ws/install/rpi_robot_action_interfaces/lib/python3.8/site-packages:/home/smartway/ros2_ws/install/dwb_msgs/lib/python3.8/site-packages:/home/smartway/ros2_ws/install/nav2_msgs/lib/python3.8/site-packages:/home/smartway/ros2_ws/install/nav2_gazebo_spawner/lib/python3.8/site-packages:/home/smartway/ros2_ws/install/nav2_common/lib/python3.8/site-packages:/opt/ros/foxy/lib/python3.8/site-packages /usr/bin/cmake --build /home/smartway/ros2_ws/build/dwb_msgs -- -j4 -l4
[12.091s] Invoking command in '/home/smartway/ros2_ws/build/dwb_msgs': CMAKE_PREFIX_PATH=/home/smartway/ros2_ws/install/nav_2d_msgs:/home/smartway/ros2_ws/install/nav2_system_tests:/home/smartway/ros2_ws/install/nav2_bringup:/home/smartway/ros2_ws/install/navigation2:/home/smartway/ros2_ws/install/smac_planner:/home/smartway/ros2_ws/install/rplidar_ros:/home/smartway/ros2_ws/install/rpi_robot_slam:/home/smartway/ros2_ws/install/rpi_robot_bringup:/home/smartway/ros2_ws/install/rpi_robot_action_interfaces:/home/smartway/ros2_ws/install/nav2_dwb_controller:/home/smartway/ros2_ws/install/nav2_controller:/home/smartway/ros2_ws/install/dwb_plugins:/home/smartway/ros2_ws/install/dwb_critics:/home/smartway/ros2_ws/install/dwb_core:/home/smartway/ros2_ws/install/nav_2d_utils:/home/smartway/ros2_ws/install/dwb_msgs:/home/smartway/ros2_ws/install/nav2_waypoint_follower:/home/smartway/ros2_ws/install/nav2_regulated_pure_pursuit_controller:/home/smartway/ros2_ws/install/nav2_recoveries:/home/smartway/ros2_ws/install/nav2_planner:/home/smartway/ros2_ws/install/nav2_navfn_planner:/home/smartway/ros2_ws/install/nav2_core:/home/smartway/ros2_ws/install/costmap_queue:/home/smartway/ros2_ws/install/nav2_costmap_2d:/home/smartway/ros2_ws/install/nav2_voxel_grid:/home/smartway/ros2_ws/install/nav2_rviz_plugins:/home/smartway/ros2_ws/install/nav2_map_server:/home/smartway/ros2_ws/install/nav2_lifecycle_manager:/home/smartway/ros2_ws/install/nav2_bt_navigator:/home/smartway/ros2_ws/install/nav2_behavior_tree:/home/smartway/ros2_ws/install/nav2_amcl:/home/smartway/ros2_ws/install/nav2_util:/home/smartway/ros2_ws/install/nav2_msgs:/home/smartway/ros2_ws/install/nav2_common:/home/smartway/ros2_ws/install/rpi_robot_control:/home/smartway/ros2_ws/install/nav2_gazebo_spawner:/opt/ros/foxy LD_LIBRARY_PATH=/home/smartway/ros2_ws/install/nav_2d_msgs/lib:/home/smartway/ros2_ws/install/smac_planner/lib:/home/smartway/ros2_ws/install/rplidar_ros/lib:/home/smartway/ros2_ws/install/rpi_robot_action_interfaces/lib:/home/smartway/ros2_ws/install/nav2_controller/lib:/home/smartway/ros2_ws/install/dwb_plugins/lib:/home/smartway/ros2_ws/install/dwb_critics/lib:/home/smartway/ros2_ws/install/dwb_core/lib:/home/smartway/ros2_ws/install/nav_2d_utils/lib:/home/smartway/ros2_ws/install/dwb_msgs/lib:/home/smartway/ros2_ws/install/nav2_waypoint_follower/lib:/home/smartway/ros2_ws/install/nav2_regulated_pure_pursuit_controller/lib:/home/smartway/ros2_ws/install/nav2_recoveries/lib:/home/smartway/ros2_ws/install/nav2_planner/lib:/home/smartway/ros2_ws/install/nav2_navfn_planner/lib:/home/smartway/ros2_ws/install/costmap_queue/lib:/home/smartway/ros2_ws/install/nav2_costmap_2d/lib:/home/smartway/ros2_ws/install/nav2_voxel_grid/lib:/home/smartway/ros2_ws/install/nav2_rviz_plugins/lib:/home/smartway/ros2_ws/install/nav2_map_server/lib:/home/smartway/ros2_ws/install/nav2_lifecycle_manager/lib:/home/smartway/ros2_ws/install/nav2_bt_navigator/lib:/home/smartway/ros2_ws/install/nav2_behavior_tree/lib:/home/smartway/ros2_ws/install/nav2_amcl/lib:/home/smartway/ros2_ws/install/nav2_util/lib:/home/smartway/ros2_ws/install/nav2_msgs/lib:/usr/lib/aarch64-linux-gnu/gazebo-11/plugins:/opt/ros/foxy/opt/yaml_cpp_vendor/lib:/opt/ros/foxy/opt/rviz_ogre_vendor/lib:/opt/ros/foxy/lib/aarch64-linux-gnu:/opt/ros/foxy/lib PYTHONPATH=/home/smartway/ros2_ws/install/nav_2d_msgs/lib/python3.8/site-packages:/home/smartway/ros2_ws/install/rpi_robot_control/lib/python3.8/site-packages:/home/smartway/ros2_ws/install/rpi_robot_bringup/lib/python3.8/site-packages:/home/smartway/ros2_ws/install/rpi_robot_action_interfaces/lib/python3.8/site-packages:/home/smartway/ros2_ws/install/dwb_msgs/lib/python3.8/site-packages:/home/smartway/ros2_ws/install/nav2_msgs/lib/python3.8/site-packages:/home/smartway/ros2_ws/install/nav2_gazebo_spawner/lib/python3.8/site-packages:/home/smartway/ros2_ws/install/nav2_common/lib/python3.8/site-packages:/opt/ros/foxy/lib/python3.8/site-packages /usr/bin/cmake --install /home/smartway/ros2_ws/build/dwb_msgs
[12.287s] -- Install configuration: ""
[12.290s] -- Up-to-date: /home/smartway/ros2_ws/install/dwb_msgs/share/ament_index/resource_index/rosidl_interfaces/dwb_msgs
[12.291s] -- Up-to-date: /home/smartway/ros2_ws/install/dwb_msgs/include/dwb_msgs
[12.294s] -- Up-to-date: /home/smartway/ros2_ws/install/dwb_msgs/include/dwb_msgs/msg
[12.296s] -- Up-to-date: /home/smartway/ros2_ws/install/dwb_msgs/include/dwb_msgs/msg/critic_score.h
[12.304s] -- Up-to-date: /home/smartway/ros2_ws/install/dwb_msgs/include/dwb_msgs/msg/local_plan_evaluation.h
[12.321s] -- Up-to-date: /home/smartway/ros2_ws/install/dwb_msgs/include/dwb_msgs/msg/trajectory_score.h
[12.328s] -- Up-to-date: /home/smartway/ros2_ws/install/dwb_msgs/include/dwb_msgs/msg/trajectory2_d.h
[12.334s] -- Up-to-date: /home/smartway/ros2_ws/install/dwb_msgs/include/dwb_msgs/msg/detail
[12.343s] -- Up-to-date: /home/smartway/ros2_ws/install/dwb_msgs/include/dwb_msgs/msg/detail/trajectory2_d__struct.h
[12.346s] -- Up-to-date: /home/smartway/ros2_ws/install/dwb_msgs/include/dwb_msgs/msg/detail/critic_score__functions.h
[12.349s] -- Up-to-date: /home/smartway/ros2_ws/install/dwb_msgs/include/dwb_msgs/msg/detail/trajectory_score__struct.h
[12.353s] -- Up-to-date: /home/smartway/ros2_ws/install/dwb_msgs/include/dwb_msgs/msg/detail/trajectory_score__type_support.h
[12.357s] -- Up-to-date: /home/smartway/ros2_ws/install/dwb_msgs/include/dwb_msgs/msg/detail/local_plan_evaluation__type_support.h
[12.360s] -- Up-to-date: /home/smartway/ros2_ws/install/dwb_msgs/include/dwb_msgs/msg/detail/trajectory2_d__type_support.h
[12.363s] -- Up-to-date: /home/smartway/ros2_ws/install/dwb_msgs/include/dwb_msgs/msg/detail/local_plan_evaluation__functions.h
[12.366s] -- Up-to-date: /home/smartway/ros2_ws/install/dwb_msgs/include/dwb_msgs/msg/detail/critic_score__type_support.h
[12.371s] -- Up-to-date: /home/smartway/ros2_ws/install/dwb_msgs/include/dwb_msgs/msg/detail/trajectory_score__functions.c
[12.387s] -- Up-to-date: /home/smartway/ros2_ws/install/dwb_msgs/include/dwb_msgs/msg/detail/trajectory_score__functions.h
[12.412s] -- Up-to-date: /home/smartway/ros2_ws/install/dwb_msgs/include/dwb_msgs/msg/detail/local_plan_evaluation__struct.h
[12.413s] -- Up-to-date: /home/smartway/ros2_ws/install/dwb_msgs/include/dwb_msgs/msg/detail/critic_score__struct.h
[12.414s] -- Up-to-date: /home/smartway/ros2_ws/install/dwb_msgs/include/dwb_msgs/msg/detail/trajectory2_d__functions.h
[12.416s] -- Up-to-date: /home/smartway/ros2_ws/install/dwb_msgs/include/dwb_msgs/msg/detail/local_plan_evaluation__functions.c
[12.417s] -- Up-to-date: /home/smartway/ros2_ws/install/dwb_msgs/include/dwb_msgs/msg/detail/critic_score__functions.c
[12.418s] -- Up-to-date: /home/smartway/ros2_ws/install/dwb_msgs/include/dwb_msgs/msg/detail/trajectory2_d__functions.c
[12.419s] -- Up-to-date: /home/smartway/ros2_ws/install/dwb_msgs/include/dwb_msgs/msg/rosidl_generator_c__visibility_control.h
[12.420s] -- Up-to-date: /home/smartway/ros2_ws/install/dwb_msgs/include/dwb_msgs/srv
[12.422s] -- Up-to-date: /home/smartway/ros2_ws/install/dwb_msgs/include/dwb_msgs/srv/get_critic_score.h
[12.424s] -- Up-to-date: /home/smartway/ros2_ws/install/dwb_msgs/include/dwb_msgs/srv/debug_local_plan.h
[12.425s] -- Up-to-date: /home/smartway/ros2_ws/install/dwb_msgs/include/dwb_msgs/srv/score_trajectory.h
[12.428s] -- Up-to-date: /home/smartway/ros2_ws/install/dwb_msgs/include/dwb_msgs/srv/detail
[12.431s] -- Up-to-date: /home/smartway/ros2_ws/install/dwb_msgs/include/dwb_msgs/srv/detail/generate_trajectory__functions.h
[12.434s] -- Up-to-date: /home/smartway/ros2_ws/install/dwb_msgs/include/dwb_msgs/srv/detail/generate_twists__type_support.h
[12.437s] -- Up-to-date: /home/smartway/ros2_ws/install/dwb_msgs/include/dwb_msgs/srv/detail/debug_local_plan__type_support.h
[12.451s] -- Up-to-date: /home/smartway/ros2_ws/install/dwb_msgs/include/dwb_msgs/srv/detail/get_critic_score__functions.c
[12.453s] -- Up-to-date: /home/smartway/ros2_ws/install/dwb_msgs/include/dwb_msgs/srv/detail/debug_local_plan__struct.h
[12.454s] -- Up-to-date: /home/smartway/ros2_ws/install/dwb_msgs/include/dwb_msgs/srv/detail/generate_twists__struct.h
[12.455s] -- Up-to-date: /home/smartway/ros2_ws/install/dwb_msgs/include/dwb_msgs/srv/detail/generate_trajectory__type_support.h
[12.457s] -- Up-to-date: /home/smartway/ros2_ws/install/dwb_msgs/include/dwb_msgs/srv/detail/score_trajectory__type_support.h
[12.458s] -- Up-to-date: /home/smartway/ros2_ws/install/dwb_msgs/include/dwb_msgs/srv/detail/debug_local_plan__functions.h
[12.459s] -- Up-to-date: /home/smartway/ros2_ws/install/dwb_msgs/include/dwb_msgs/srv/detail/get_critic_score__struct.h
[12.462s] -- Up-to-date: /home/smartway/ros2_ws/install/dwb_msgs/include/dwb_msgs/srv/detail/generate_twists__functions.h
[12.466s] -- Up-to-date: /home/smartway/ros2_ws/install/dwb_msgs/include/dwb_msgs/srv/detail/score_trajectory__functions.c
[12.467s] -- Up-to-date: /home/smartway/ros2_ws/install/dwb_msgs/include/dwb_msgs/srv/detail/generate_twists__functions.c
[12.482s] -- Up-to-date: /home/smartway/ros2_ws/install/dwb_msgs/include/dwb_msgs/srv/detail/score_trajectory__struct.h
[12.486s] -- Up-to-date: /home/smartway/ros2_ws/install/dwb_msgs/include/dwb_msgs/srv/detail/generate_trajectory__struct.h
[12.489s] -- Up-to-date: /home/smartway/ros2_ws/install/dwb_msgs/include/dwb_msgs/srv/detail/get_critic_score__type_support.h
[12.490s] -- Up-to-date: /home/smartway/ros2_ws/install/dwb_msgs/include/dwb_msgs/srv/detail/debug_local_plan__functions.c
[12.495s] -- Up-to-date: /home/smartway/ros2_ws/install/dwb_msgs/include/dwb_msgs/srv/detail/score_trajectory__functions.h
[12.502s] -- Up-to-date: /home/smartway/ros2_ws/install/dwb_msgs/include/dwb_msgs/srv/detail/generate_trajectory__functions.c
[12.506s] -- Up-to-date: /home/smartway/ros2_ws/install/dwb_msgs/include/dwb_msgs/srv/detail/get_critic_score__functions.h
[12.512s] -- Up-to-date: /home/smartway/ros2_ws/install/dwb_msgs/include/dwb_msgs/srv/generate_twists.h
[12.524s] -- Up-to-date: /home/smartway/ros2_ws/install/dwb_msgs/include/dwb_msgs/srv/generate_trajectory.h
[12.525s] -- Up-to-date: /home/smartway/ros2_ws/install/dwb_msgs/share/dwb_msgs/environment/library_path.sh
[12.527s] -- Up-to-date: /home/smartway/ros2_ws/install/dwb_msgs/share/dwb_msgs/environment/library_path.dsv
[12.528s] -- Up-to-date: /home/smartway/ros2_ws/install/dwb_msgs/lib/libdwb_msgs__rosidl_generator_c.so
[12.530s] -- Up-to-date: /home/smartway/ros2_ws/install/dwb_msgs/include/dwb_msgs
[12.532s] -- Up-to-date: /home/smartway/ros2_ws/install/dwb_msgs/include/dwb_msgs/msg
[12.534s] -- Up-to-date: /home/smartway/ros2_ws/install/dwb_msgs/include/dwb_msgs/msg/rosidl_typesupport_fastrtps_c__visibility_control.h
[12.535s] -- Up-to-date: /home/smartway/ros2_ws/install/dwb_msgs/include/dwb_msgs/msg/detail
[12.536s] -- Up-to-date: /home/smartway/ros2_ws/install/dwb_msgs/include/dwb_msgs/msg/detail/trajectory2_d__rosidl_typesupport_fastrtps_c.h
[12.537s] -- Up-to-date: /home/smartway/ros2_ws/install/dwb_msgs/include/dwb_msgs/msg/detail/local_plan_evaluation__rosidl_typesupport_fastrtps_c.h
[12.538s] -- Up-to-date: /home/smartway/ros2_ws/install/dwb_msgs/include/dwb_msgs/msg/detail/critic_score__rosidl_typesupport_fastrtps_c.h
[12.545s] -- Up-to-date: /home/smartway/ros2_ws/install/dwb_msgs/include/dwb_msgs/msg/detail/trajectory_score__rosidl_typesupport_fastrtps_c.h
[12.551s] -- Up-to-date: /home/smartway/ros2_ws/install/dwb_msgs/include/dwb_msgs/srv
[12.557s] -- Up-to-date: /home/smartway/ros2_ws/install/dwb_msgs/include/dwb_msgs/srv/detail
[12.558s] -- Up-to-date: /home/smartway/ros2_ws/install/dwb_msgs/include/dwb_msgs/srv/detail/generate_twists__rosidl_typesupport_fastrtps_c.h
[12.561s] -- Up-to-date: /home/smartway/ros2_ws/install/dwb_msgs/include/dwb_msgs/srv/detail/score_trajectory__rosidl_typesupport_fastrtps_c.h
[12.565s] -- Up-to-date: /home/smartway/ros2_ws/install/dwb_msgs/include/dwb_msgs/srv/detail/generate_trajectory__rosidl_typesupport_fastrtps_c.h
[12.567s] -- Up-to-date: /home/smartway/ros2_ws/install/dwb_msgs/include/dwb_msgs/srv/detail/debug_local_plan__rosidl_typesupport_fastrtps_c.h
[12.571s] -- Up-to-date: /home/smartway/ros2_ws/install/dwb_msgs/include/dwb_msgs/srv/detail/get_critic_score__rosidl_typesupport_fastrtps_c.h
[12.585s] -- Up-to-date: /home/smartway/ros2_ws/install/dwb_msgs/lib/libdwb_msgs__rosidl_typesupport_fastrtps_c.so
[12.587s] -- Up-to-date: /home/smartway/ros2_ws/install/dwb_msgs/include/dwb_msgs
[12.591s] -- Up-to-date: /home/smartway/ros2_ws/install/dwb_msgs/include/dwb_msgs/msg
[12.593s] -- Up-to-date: /home/smartway/ros2_ws/install/dwb_msgs/include/dwb_msgs/msg/rosidl_typesupport_fastrtps_cpp__visibility_control.h
[12.596s] -- Up-to-date: /home/smartway/ros2_ws/install/dwb_msgs/include/dwb_msgs/msg/detail
[12.598s] -- Up-to-date: /home/smartway/ros2_ws/install/dwb_msgs/include/dwb_msgs/msg/detail/trajectory2_d__rosidl_typesupport_fastrtps_cpp.hpp
[12.601s] -- Up-to-date: /home/smartway/ros2_ws/install/dwb_msgs/include/dwb_msgs/msg/detail/critic_score__rosidl_typesupport_fastrtps_cpp.hpp
[12.610s] -- Up-to-date: /home/smartway/ros2_ws/install/dwb_msgs/include/dwb_msgs/msg/detail/dds_fastrtps
[12.620s] -- Up-to-date: /home/smartway/ros2_ws/install/dwb_msgs/include/dwb_msgs/msg/detail/local_plan_evaluation__rosidl_typesupport_fastrtps_cpp.hpp
[12.625s] -- Up-to-date: /home/smartway/ros2_ws/install/dwb_msgs/include/dwb_msgs/msg/detail/trajectory_score__rosidl_typesupport_fastrtps_cpp.hpp
[12.627s] -- Up-to-date: /home/smartway/ros2_ws/install/dwb_msgs/include/dwb_msgs/srv
[12.630s] -- Up-to-date: /home/smartway/ros2_ws/install/dwb_msgs/include/dwb_msgs/srv/detail
[12.632s] -- Up-to-date: /home/smartway/ros2_ws/install/dwb_msgs/include/dwb_msgs/srv/detail/dds_fastrtps
[12.633s] -- Up-to-date: /home/smartway/ros2_ws/install/dwb_msgs/include/dwb_msgs/srv/detail/score_trajectory__rosidl_typesupport_fastrtps_cpp.hpp
[12.635s] -- Up-to-date: /home/smartway/ros2_ws/install/dwb_msgs/include/dwb_msgs/srv/detail/debug_local_plan__rosidl_typesupport_fastrtps_cpp.hpp
[12.637s] -- Up-to-date: /home/smartway/ros2_ws/install/dwb_msgs/include/dwb_msgs/srv/detail/get_critic_score__rosidl_typesupport_fastrtps_cpp.hpp
[12.639s] -- Up-to-date: /home/smartway/ros2_ws/install/dwb_msgs/include/dwb_msgs/srv/detail/generate_trajectory__rosidl_typesupport_fastrtps_cpp.hpp
[12.653s] -- Up-to-date: /home/smartway/ros2_ws/install/dwb_msgs/include/dwb_msgs/srv/detail/generate_twists__rosidl_typesupport_fastrtps_cpp.hpp
[12.655s] -- Up-to-date: /home/smartway/ros2_ws/install/dwb_msgs/lib/libdwb_msgs__rosidl_typesupport_fastrtps_cpp.so
[12.656s] -- Up-to-date: /home/smartway/ros2_ws/install/dwb_msgs/include/dwb_msgs
[12.658s] -- Up-to-date: /home/smartway/ros2_ws/install/dwb_msgs/include/dwb_msgs/msg
[12.660s] -- Up-to-date: /home/smartway/ros2_ws/install/dwb_msgs/include/dwb_msgs/msg/detail
[12.661s] -- Up-to-date: /home/smartway/ros2_ws/install/dwb_msgs/include/dwb_msgs/msg/detail/trajectory_score__rosidl_typesupport_introspection_c.h
[12.663s] -- Up-to-date: /home/smartway/ros2_ws/install/dwb_msgs/include/dwb_msgs/msg/detail/critic_score__rosidl_typesupport_introspection_c.h
[12.664s] -- Up-to-date: /home/smartway/ros2_ws/install/dwb_msgs/include/dwb_msgs/msg/detail/trajectory_score__type_support.c
[12.665s] -- Up-to-date: /home/smartway/ros2_ws/install/dwb_msgs/include/dwb_msgs/msg/detail/critic_score__type_support.c
[12.666s] -- Up-to-date: /home/smartway/ros2_ws/install/dwb_msgs/include/dwb_msgs/msg/detail/local_plan_evaluation__type_support.c
[12.668s] -- Up-to-date: /home/smartway/ros2_ws/install/dwb_msgs/include/dwb_msgs/msg/detail/trajectory2_d__rosidl_typesupport_introspection_c.h
[12.669s] -- Up-to-date: /home/smartway/ros2_ws/install/dwb_msgs/include/dwb_msgs/msg/detail/local_plan_evaluation__rosidl_typesupport_introspection_c.h
[12.670s] -- Up-to-date: /home/smartway/ros2_ws/install/dwb_msgs/include/dwb_msgs/msg/detail/trajectory2_d__type_support.c
[12.672s] -- Up-to-date: /home/smartway/ros2_ws/install/dwb_msgs/include/dwb_msgs/msg/rosidl_typesupport_introspection_c__visibility_control.h
[12.674s] -- Up-to-date: /home/smartway/ros2_ws/install/dwb_msgs/include/dwb_msgs/srv
[12.703s] -- Up-to-date: /home/smartway/ros2_ws/install/dwb_msgs/include/dwb_msgs/srv/detail
[12.707s] -- Up-to-date: /home/smartway/ros2_ws/install/dwb_msgs/include/dwb_msgs/srv/detail/generate_trajectory__type_support.c
[12.708s] -- Up-to-date: /home/smartway/ros2_ws/install/dwb_msgs/include/dwb_msgs/srv/detail/get_critic_score__type_support.c
[12.709s] -- Up-to-date: /home/smartway/ros2_ws/install/dwb_msgs/include/dwb_msgs/srv/detail/score_trajectory__rosidl_typesupport_introspection_c.h
[12.710s] -- Up-to-date: /home/smartway/ros2_ws/install/dwb_msgs/include/dwb_msgs/srv/detail/debug_local_plan__rosidl_typesupport_introspection_c.h
[12.711s] -- Up-to-date: /home/smartway/ros2_ws/install/dwb_msgs/include/dwb_msgs/srv/detail/get_critic_score__rosidl_typesupport_introspection_c.h
[12.719s] -- Up-to-date: /home/smartway/ros2_ws/install/dwb_msgs/include/dwb_msgs/srv/detail/score_trajectory__type_support.c
[12.723s] -- Up-to-date: /home/smartway/ros2_ws/install/dwb_msgs/include/dwb_msgs/srv/detail/generate_trajectory__rosidl_typesupport_introspection_c.h
[12.728s] -- Up-to-date: /home/smartway/ros2_ws/install/dwb_msgs/include/dwb_msgs/srv/detail/generate_twists__rosidl_typesupport_introspection_c.h
[12.729s] -- Up-to-date: /home/smartway/ros2_ws/install/dwb_msgs/include/dwb_msgs/srv/detail/debug_local_plan__type_support.c
[12.730s] -- Up-to-date: /home/smartway/ros2_ws/install/dwb_msgs/include/dwb_msgs/srv/detail/generate_twists__type_support.c
[12.735s] -- Up-to-date: /home/smartway/ros2_ws/install/dwb_msgs/lib/libdwb_msgs__rosidl_typesupport_introspection_c.so
[12.739s] -- Up-to-date: /home/smartway/ros2_ws/install/dwb_msgs/lib/libdwb_msgs__rosidl_typesupport_c.so
[12.741s] -- Up-to-date: /home/smartway/ros2_ws/install/dwb_msgs/include/dwb_msgs
[12.744s] -- Up-to-date: /home/smartway/ros2_ws/install/dwb_msgs/include/dwb_msgs/msg
[12.745s] -- Up-to-date: /home/smartway/ros2_ws/install/dwb_msgs/include/dwb_msgs/msg/local_plan_evaluation.hpp
[12.747s] -- Up-to-date: /home/smartway/ros2_ws/install/dwb_msgs/include/dwb_msgs/msg/trajectory_score.hpp
[12.751s] -- Up-to-date: /home/smartway/ros2_ws/install/dwb_msgs/include/dwb_msgs/msg/detail
[12.753s] -- Up-to-date: /home/smartway/ros2_ws/install/dwb_msgs/include/dwb_msgs/msg/detail/trajectory_score__struct.hpp
[12.755s] -- Up-to-date: /home/smartway/ros2_ws/install/dwb_msgs/include/dwb_msgs/msg/detail/critic_score__builder.hpp
[12.757s] -- Up-to-date: /home/smartway/ros2_ws/install/dwb_msgs/include/dwb_msgs/msg/detail/trajectory2_d__struct.hpp
[12.759s] -- Up-to-date: /home/smartway/ros2_ws/install/dwb_msgs/include/dwb_msgs/msg/detail/trajectory_score__traits.hpp
[12.760s] -- Up-to-date: /home/smartway/ros2_ws/install/dwb_msgs/include/dwb_msgs/msg/detail/critic_score__traits.hpp
[12.762s] -- Up-to-date: /home/smartway/ros2_ws/install/dwb_msgs/include/dwb_msgs/msg/detail/critic_score__struct.hpp
[12.763s] -- Up-to-date: /home/smartway/ros2_ws/install/dwb_msgs/include/dwb_msgs/msg/detail/trajectory_score__builder.hpp
[12.765s] -- Up-to-date: /home/smartway/ros2_ws/install/dwb_msgs/include/dwb_msgs/msg/detail/local_plan_evaluation__builder.hpp
[12.766s] -- Up-to-date: /home/smartway/ros2_ws/install/dwb_msgs/include/dwb_msgs/msg/detail/local_plan_evaluation__struct.hpp
[12.768s] -- Up-to-date: /home/smartway/ros2_ws/install/dwb_msgs/include/dwb_msgs/msg/detail/trajectory2_d__builder.hpp
[12.769s] -- Up-to-date: /home/smartway/ros2_ws/install/dwb_msgs/include/dwb_msgs/msg/detail/trajectory2_d__traits.hpp
[12.771s] -- Up-to-date: /home/smartway/ros2_ws/install/dwb_msgs/include/dwb_msgs/msg/detail/local_plan_evaluation__traits.hpp
[12.775s] -- Up-to-date: /home/smartway/ros2_ws/install/dwb_msgs/include/dwb_msgs/msg/trajectory2_d.hpp
[12.787s] -- Up-to-date: /home/smartway/ros2_ws/install/dwb_msgs/include/dwb_msgs/msg/critic_score.hpp
[12.792s] -- Up-to-date: /home/smartway/ros2_ws/install/dwb_msgs/include/dwb_msgs/srv
[12.800s] -- Up-to-date: /home/smartway/ros2_ws/install/dwb_msgs/include/dwb_msgs/srv/score_trajectory.hpp
[12.801s] -- Up-to-date: /home/smartway/ros2_ws/install/dwb_msgs/include/dwb_msgs/srv/detail
[12.802s] -- Up-to-date: /home/smartway/ros2_ws/install/dwb_msgs/include/dwb_msgs/srv/detail/get_critic_score__builder.hpp
[12.808s] -- Up-to-date: /home/smartway/ros2_ws/install/dwb_msgs/include/dwb_msgs/srv/detail/score_trajectory__struct.hpp
[12.811s] -- Up-to-date: /home/smartway/ros2_ws/install/dwb_msgs/include/dwb_msgs/srv/detail/generate_trajectory__struct.hpp
[12.814s] -- Up-to-date: /home/smartway/ros2_ws/install/dwb_msgs/include/dwb_msgs/srv/detail/debug_local_plan__struct.hpp
[12.817s] -- Up-to-date: /home/smartway/ros2_ws/install/dwb_msgs/include/dwb_msgs/srv/detail/debug_local_plan__traits.hpp
[12.819s] -- Up-to-date: /home/smartway/ros2_ws/install/dwb_msgs/include/dwb_msgs/srv/detail/generate_twists__traits.hpp
[12.824s] -- Up-to-date: /home/smartway/ros2_ws/install/dwb_msgs/include/dwb_msgs/srv/detail/generate_trajectory__builder.hpp
[12.827s] -- Up-to-date: /home/smartway/ros2_ws/install/dwb_msgs/include/dwb_msgs/srv/detail/generate_trajectory__traits.hpp
[12.830s] -- Up-to-date: /home/smartway/ros2_ws/install/dwb_msgs/include/dwb_msgs/srv/detail/get_critic_score__traits.hpp
[12.833s] -- Up-to-date: /home/smartway/ros2_ws/install/dwb_msgs/include/dwb_msgs/srv/detail/score_trajectory__builder.hpp
[12.835s] -- Up-to-date: /home/smartway/ros2_ws/install/dwb_msgs/include/dwb_msgs/srv/detail/debug_local_plan__builder.hpp
[12.838s] -- Up-to-date: /home/smartway/ros2_ws/install/dwb_msgs/include/dwb_msgs/srv/detail/generate_twists__struct.hpp
[12.858s] -- Up-to-date: /home/smartway/ros2_ws/install/dwb_msgs/include/dwb_msgs/srv/detail/score_trajectory__traits.hpp
[12.872s] -- Up-to-date: /home/smartway/ros2_ws/install/dwb_msgs/include/dwb_msgs/srv/detail/generate_twists__builder.hpp
[12.873s] -- Up-to-date: /home/smartway/ros2_ws/install/dwb_msgs/include/dwb_msgs/srv/detail/get_critic_score__struct.hpp
[12.873s] -- Up-to-date: /home/smartway/ros2_ws/install/dwb_msgs/include/dwb_msgs/srv/generate_trajectory.hpp
[12.876s] -- Up-to-date: /home/smartway/ros2_ws/install/dwb_msgs/include/dwb_msgs/srv/generate_twists.hpp
[12.876s] -- Up-to-date: /home/smartway/ros2_ws/install/dwb_msgs/include/dwb_msgs/srv/debug_local_plan.hpp
[12.877s] -- Up-to-date: /home/smartway/ros2_ws/install/dwb_msgs/include/dwb_msgs/srv/get_critic_score.hpp
[12.877s] -- Up-to-date: /home/smartway/ros2_ws/install/dwb_msgs/include/dwb_msgs
[12.877s] -- Up-to-date: /home/smartway/ros2_ws/install/dwb_msgs/include/dwb_msgs/msg
[12.878s] -- Up-to-date: /home/smartway/ros2_ws/install/dwb_msgs/include/dwb_msgs/msg/detail
[12.878s] -- Up-to-date: /home/smartway/ros2_ws/install/dwb_msgs/include/dwb_msgs/msg/detail/local_plan_evaluation__type_support.cpp
[12.878s] -- Up-to-date: /home/smartway/ros2_ws/install/dwb_msgs/include/dwb_msgs/msg/detail/trajectory2_d__type_support.cpp
[12.879s] -- Up-to-date: /home/smartway/ros2_ws/install/dwb_msgs/include/dwb_msgs/msg/detail/trajectory_score__rosidl_typesupport_introspection_cpp.hpp
[12.879s] -- Up-to-date: /home/smartway/ros2_ws/install/dwb_msgs/include/dwb_msgs/msg/detail/critic_score__type_support.cpp
[12.879s] -- Up-to-date: /home/smartway/ros2_ws/install/dwb_msgs/include/dwb_msgs/msg/detail/critic_score__rosidl_typesupport_introspection_cpp.hpp
[12.880s] -- Up-to-date: /home/smartway/ros2_ws/install/dwb_msgs/include/dwb_msgs/msg/detail/trajectory2_d__rosidl_typesupport_introspection_cpp.hpp
[12.880s] -- Up-to-date: /home/smartway/ros2_ws/install/dwb_msgs/include/dwb_msgs/msg/detail/trajectory_score__type_support.cpp
[12.881s] -- Up-to-date: /home/smartway/ros2_ws/install/dwb_msgs/include/dwb_msgs/msg/detail/local_plan_evaluation__rosidl_typesupport_introspection_cpp.hpp
[12.882s] -- Up-to-date: /home/smartway/ros2_ws/install/dwb_msgs/include/dwb_msgs/srv
[12.883s] -- Up-to-date: /home/smartway/ros2_ws/install/dwb_msgs/include/dwb_msgs/srv/detail
[12.883s] -- Up-to-date: /home/smartway/ros2_ws/install/dwb_msgs/include/dwb_msgs/srv/detail/get_critic_score__type_support.cpp
[12.884s] -- Up-to-date: /home/smartway/ros2_ws/install/dwb_msgs/include/dwb_msgs/srv/detail/generate_trajectory__rosidl_typesupport_introspection_cpp.hpp
[12.884s] -- Up-to-date: /home/smartway/ros2_ws/install/dwb_msgs/include/dwb_msgs/srv/detail/generate_twists__rosidl_typesupport_introspection_cpp.hpp
[12.885s] -- Up-to-date: /home/smartway/ros2_ws/install/dwb_msgs/include/dwb_msgs/srv/detail/score_trajectory__rosidl_typesupport_introspection_cpp.hpp
[12.885s] -- Up-to-date: /home/smartway/ros2_ws/install/dwb_msgs/include/dwb_msgs/srv/detail/debug_local_plan__type_support.cpp
[12.885s] -- Up-to-date: /home/smartway/ros2_ws/install/dwb_msgs/include/dwb_msgs/srv/detail/score_trajectory__type_support.cpp
[12.886s] -- Up-to-date: /home/smartway/ros2_ws/install/dwb_msgs/include/dwb_msgs/srv/detail/generate_trajectory__type_support.cpp
[12.886s] -- Up-to-date: /home/smartway/ros2_ws/install/dwb_msgs/include/dwb_msgs/srv/detail/get_critic_score__rosidl_typesupport_introspection_cpp.hpp
[12.887s] -- Up-to-date: /home/smartway/ros2_ws/install/dwb_msgs/include/dwb_msgs/srv/detail/generate_twists__type_support.cpp
[12.887s] -- Up-to-date: /home/smartway/ros2_ws/install/dwb_msgs/include/dwb_msgs/srv/detail/debug_local_plan__rosidl_typesupport_introspection_cpp.hpp
[12.887s] -- Up-to-date: /home/smartway/ros2_ws/install/dwb_msgs/lib/libdwb_msgs__rosidl_typesupport_introspection_cpp.so
[12.888s] -- Up-to-date: /home/smartway/ros2_ws/install/dwb_msgs/lib/libdwb_msgs__rosidl_typesupport_cpp.so
[12.888s] -- Up-to-date: /home/smartway/ros2_ws/install/dwb_msgs/share/dwb_msgs/environment/pythonpath.sh
[12.919s] -- Up-to-date: /home/smartway/ros2_ws/install/dwb_msgs/share/dwb_msgs/environment/pythonpath.dsv
[12.920s] -- Up-to-date: /home/smartway/ros2_ws/install/dwb_msgs/lib/python3.8/site-packages/dwb_msgs/__init__.py
[12.921s] -- Up-to-date: /home/smartway/ros2_ws/install/dwb_msgs/lib/python3.8/site-packages/dwb_msgs/msg
[12.921s] -- Up-to-date: /home/smartway/ros2_ws/install/dwb_msgs/lib/python3.8/site-packages/dwb_msgs/msg/_trajectory2_d.py
[12.922s] -- Up-to-date: /home/smartway/ros2_ws/install/dwb_msgs/lib/python3.8/site-packages/dwb_msgs/msg/_trajectory_score_s.c
[12.922s] -- Up-to-date: /home/smartway/ros2_ws/install/dwb_msgs/lib/python3.8/site-packages/dwb_msgs/msg/_trajectory2_d_s.c
[12.923s] -- Up-to-date: /home/smartway/ros2_ws/install/dwb_msgs/lib/python3.8/site-packages/dwb_msgs/msg/_critic_score.py
[12.923s] -- Up-to-date: /home/smartway/ros2_ws/install/dwb_msgs/lib/python3.8/site-packages/dwb_msgs/msg/_local_plan_evaluation.py
[12.924s] -- Up-to-date: /home/smartway/ros2_ws/install/dwb_msgs/lib/python3.8/site-packages/dwb_msgs/msg/_local_plan_evaluation_s.c
[12.924s] -- Up-to-date: /home/smartway/ros2_ws/install/dwb_msgs/lib/python3.8/site-packages/dwb_msgs/msg/_trajectory_score.py
[12.925s] -- Up-to-date: /home/smartway/ros2_ws/install/dwb_msgs/lib/python3.8/site-packages/dwb_msgs/msg/_critic_score_s.c
[12.926s] -- Up-to-date: /home/smartway/ros2_ws/install/dwb_msgs/lib/python3.8/site-packages/dwb_msgs/msg/__init__.py
[12.926s] -- Up-to-date: /home/smartway/ros2_ws/install/dwb_msgs/lib/python3.8/site-packages/dwb_msgs/srv
[12.927s] -- Up-to-date: /home/smartway/ros2_ws/install/dwb_msgs/lib/python3.8/site-packages/dwb_msgs/srv/_debug_local_plan.py
[12.927s] -- Up-to-date: /home/smartway/ros2_ws/install/dwb_msgs/lib/python3.8/site-packages/dwb_msgs/srv/_generate_trajectory.py
[12.928s] -- Up-to-date: /home/smartway/ros2_ws/install/dwb_msgs/lib/python3.8/site-packages/dwb_msgs/srv/_get_critic_score.py
[12.928s] -- Up-to-date: /home/smartway/ros2_ws/install/dwb_msgs/lib/python3.8/site-packages/dwb_msgs/srv/_generate_twists_s.c
[12.929s] -- Up-to-date: /home/smartway/ros2_ws/install/dwb_msgs/lib/python3.8/site-packages/dwb_msgs/srv/_get_critic_score_s.c
[12.929s] -- Up-to-date: /home/smartway/ros2_ws/install/dwb_msgs/lib/python3.8/site-packages/dwb_msgs/srv/_debug_local_plan_s.c
[12.930s] -- Up-to-date: /home/smartway/ros2_ws/install/dwb_msgs/lib/python3.8/site-packages/dwb_msgs/srv/_generate_trajectory_s.c
[12.930s] -- Up-to-date: /home/smartway/ros2_ws/install/dwb_msgs/lib/python3.8/site-packages/dwb_msgs/srv/_generate_twists.py
[12.931s] -- Up-to-date: /home/smartway/ros2_ws/install/dwb_msgs/lib/python3.8/site-packages/dwb_msgs/srv/_score_trajectory_s.c
[12.931s] -- Up-to-date: /home/smartway/ros2_ws/install/dwb_msgs/lib/python3.8/site-packages/dwb_msgs/srv/__init__.py
[12.931s] -- Up-to-date: /home/smartway/ros2_ws/install/dwb_msgs/lib/python3.8/site-packages/dwb_msgs/srv/_score_trajectory.py
[12.932s] -- Up-to-date: /home/smartway/ros2_ws/install/dwb_msgs/lib/python3.8/site-packages/dwb_msgs/dwb_msgs_s__rosidl_typesupport_fastrtps_c.cpython-38-aarch64-linux-gnu.so
[12.944s] -- Up-to-date: /home/smartway/ros2_ws/install/dwb_msgs/lib/python3.8/site-packages/dwb_msgs/dwb_msgs_s__rosidl_typesupport_introspection_c.cpython-38-aarch64-linux-gnu.so
[12.945s] -- Up-to-date: /home/smartway/ros2_ws/install/dwb_msgs/lib/python3.8/site-packages/dwb_msgs/dwb_msgs_s__rosidl_typesupport_c.cpython-38-aarch64-linux-gnu.so
[12.945s] -- Up-to-date: /home/smartway/ros2_ws/install/dwb_msgs/lib/libdwb_msgs__python.so
[12.946s] -- Up-to-date: /home/smartway/ros2_ws/install/dwb_msgs/share/dwb_msgs/msg/CriticScore.idl
[12.946s] -- Up-to-date: /home/smartway/ros2_ws/install/dwb_msgs/share/dwb_msgs/msg/LocalPlanEvaluation.idl
[12.947s] -- Up-to-date: /home/smartway/ros2_ws/install/dwb_msgs/share/dwb_msgs/msg/Trajectory2D.idl
[12.947s] -- Up-to-date: /home/smartway/ros2_ws/install/dwb_msgs/share/dwb_msgs/msg/TrajectoryScore.idl
[12.948s] -- Up-to-date: /home/smartway/ros2_ws/install/dwb_msgs/share/dwb_msgs/srv/DebugLocalPlan.idl
[12.948s] -- Up-to-date: /home/smartway/ros2_ws/install/dwb_msgs/share/dwb_msgs/srv/GenerateTrajectory.idl
[12.948s] -- Up-to-date: /home/smartway/ros2_ws/install/dwb_msgs/share/dwb_msgs/srv/GenerateTwists.idl
[12.949s] -- Up-to-date: /home/smartway/ros2_ws/install/dwb_msgs/share/dwb_msgs/srv/GetCriticScore.idl
[12.949s] -- Up-to-date: /home/smartway/ros2_ws/install/dwb_msgs/share/dwb_msgs/srv/ScoreTrajectory.idl
[12.949s] -- Up-to-date: /home/smartway/ros2_ws/install/dwb_msgs/share/dwb_msgs/msg/CriticScore.msg
[12.950s] -- Up-to-date: /home/smartway/ros2_ws/install/dwb_msgs/share/dwb_msgs/msg/LocalPlanEvaluation.msg
[12.950s] -- Up-to-date: /home/smartway/ros2_ws/install/dwb_msgs/share/dwb_msgs/msg/Trajectory2D.msg
[12.951s] -- Up-to-date: /home/smartway/ros2_ws/install/dwb_msgs/share/dwb_msgs/msg/TrajectoryScore.msg
[12.951s] -- Up-to-date: /home/smartway/ros2_ws/install/dwb_msgs/share/dwb_msgs/srv/DebugLocalPlan.srv
[12.951s] -- Up-to-date: /home/smartway/ros2_ws/install/dwb_msgs/share/dwb_msgs/srv/DebugLocalPlan_Request.msg
[12.952s] -- Up-to-date: /home/smartway/ros2_ws/install/dwb_msgs/share/dwb_msgs/srv/DebugLocalPlan_Response.msg
[12.952s] -- Up-to-date: /home/smartway/ros2_ws/install/dwb_msgs/share/dwb_msgs/srv/GenerateTrajectory.srv
[12.952s] -- Up-to-date: /home/smartway/ros2_ws/install/dwb_msgs/share/dwb_msgs/srv/GenerateTrajectory_Request.msg
[12.953s] -- Up-to-date: /home/smartway/ros2_ws/install/dwb_msgs/share/dwb_msgs/srv/GenerateTrajectory_Response.msg
[12.953s] -- Up-to-date: /home/smartway/ros2_ws/install/dwb_msgs/share/dwb_msgs/srv/GenerateTwists.srv
[12.953s] -- Up-to-date: /home/smartway/ros2_ws/install/dwb_msgs/share/dwb_msgs/srv/GenerateTwists_Request.msg
[12.954s] -- Up-to-date: /home/smartway/ros2_ws/install/dwb_msgs/share/dwb_msgs/srv/GenerateTwists_Response.msg
[12.954s] -- Up-to-date: /home/smartway/ros2_ws/install/dwb_msgs/share/dwb_msgs/srv/GetCriticScore.srv
[12.969s] -- Up-to-date: /home/smartway/ros2_ws/install/dwb_msgs/share/dwb_msgs/srv/GetCriticScore_Request.msg
[12.970s] -- Up-to-date: /home/smartway/ros2_ws/install/dwb_msgs/share/dwb_msgs/srv/GetCriticScore_Response.msg
[12.972s] -- Up-to-date: /home/smartway/ros2_ws/install/dwb_msgs/share/dwb_msgs/srv/ScoreTrajectory.srv
[12.973s] -- Up-to-date: /home/smartway/ros2_ws/install/dwb_msgs/share/dwb_msgs/srv/ScoreTrajectory_Request.msg
[12.974s] -- Up-to-date: /home/smartway/ros2_ws/install/dwb_msgs/share/dwb_msgs/srv/ScoreTrajectory_Response.msg
[12.975s] -- Up-to-date: /home/smartway/ros2_ws/install/dwb_msgs/share/ament_index/resource_index/package_run_dependencies/dwb_msgs
[12.975s] -- Up-to-date: /home/smartway/ros2_ws/install/dwb_msgs/share/ament_index/resource_index/parent_prefix_path/dwb_msgs
[12.976s] -- Up-to-date: /home/smartway/ros2_ws/install/dwb_msgs/share/dwb_msgs/environment/ament_prefix_path.sh
[12.976s] -- Up-to-date: /home/smartway/ros2_ws/install/dwb_msgs/share/dwb_msgs/environment/ament_prefix_path.dsv
[12.976s] -- Up-to-date: /home/smartway/ros2_ws/install/dwb_msgs/share/dwb_msgs/environment/path.sh
[12.977s] -- Up-to-date: /home/smartway/ros2_ws/install/dwb_msgs/share/dwb_msgs/environment/path.dsv
[12.977s] -- Up-to-date: /home/smartway/ros2_ws/install/dwb_msgs/share/dwb_msgs/local_setup.bash
[12.978s] -- Up-to-date: /home/smartway/ros2_ws/install/dwb_msgs/share/dwb_msgs/local_setup.sh
[12.978s] -- Up-to-date: /home/smartway/ros2_ws/install/dwb_msgs/share/dwb_msgs/local_setup.zsh
[12.978s] -- Up-to-date: /home/smartway/ros2_ws/install/dwb_msgs/share/dwb_msgs/local_setup.dsv
[12.979s] -- Installing: /home/smartway/ros2_ws/install/dwb_msgs/share/dwb_msgs/package.dsv
[12.979s] -- Up-to-date: /home/smartway/ros2_ws/install/dwb_msgs/share/ament_index/resource_index/packages/dwb_msgs
[12.979s] -- Up-to-date: /home/smartway/ros2_ws/install/dwb_msgs/share/dwb_msgs/cmake/dwb_msgs__rosidl_generator_cExport.cmake
[12.980s] -- Up-to-date: /home/smartway/ros2_ws/install/dwb_msgs/share/dwb_msgs/cmake/dwb_msgs__rosidl_generator_cExport-noconfig.cmake
[12.980s] -- Up-to-date: /home/smartway/ros2_ws/install/dwb_msgs/share/dwb_msgs/cmake/dwb_msgs__rosidl_typesupport_introspection_cExport.cmake
[12.981s] -- Up-to-date: /home/smartway/ros2_ws/install/dwb_msgs/share/dwb_msgs/cmake/dwb_msgs__rosidl_typesupport_introspection_cExport-noconfig.cmake
[12.981s] -- Up-to-date: /home/smartway/ros2_ws/install/dwb_msgs/share/dwb_msgs/cmake/dwb_msgs__rosidl_typesupport_cExport.cmake
[12.982s] -- Up-to-date: /home/smartway/ros2_ws/install/dwb_msgs/share/dwb_msgs/cmake/dwb_msgs__rosidl_typesupport_cExport-noconfig.cmake
[12.982s] -- Up-to-date: /home/smartway/ros2_ws/install/dwb_msgs/share/dwb_msgs/cmake/dwb_msgs__rosidl_generator_cppExport.cmake
[12.983s] -- Up-to-date: /home/smartway/ros2_ws/install/dwb_msgs/share/dwb_msgs/cmake/dwb_msgs__rosidl_typesupport_introspection_cppExport.cmake
[12.983s] -- Up-to-date: /home/smartway/ros2_ws/install/dwb_msgs/share/dwb_msgs/cmake/dwb_msgs__rosidl_typesupport_introspection_cppExport-noconfig.cmake
[12.984s] -- Up-to-date: /home/smartway/ros2_ws/install/dwb_msgs/share/dwb_msgs/cmake/dwb_msgs__rosidl_typesupport_cppExport.cmake
[12.984s] -- Up-to-date: /home/smartway/ros2_ws/install/dwb_msgs/share/dwb_msgs/cmake/dwb_msgs__rosidl_typesupport_cppExport-noconfig.cmake
[13.005s] -- Up-to-date: /home/smartway/ros2_ws/install/dwb_msgs/share/dwb_msgs/cmake/rosidl_cmake-extras.cmake
[13.006s] -- Up-to-date: /home/smartway/ros2_ws/install/dwb_msgs/share/dwb_msgs/cmake/ament_cmake_export_dependencies-extras.cmake
[13.020s] -- Up-to-date: /home/smartway/ros2_ws/install/dwb_msgs/share/dwb_msgs/cmake/ament_cmake_export_libraries-extras.cmake
[13.021s] -- Up-to-date: /home/smartway/ros2_ws/install/dwb_msgs/share/dwb_msgs/cmake/ament_cmake_export_targets-extras.cmake
[13.022s] -- Up-to-date: /home/smartway/ros2_ws/install/dwb_msgs/share/dwb_msgs/cmake/ament_cmake_export_include_directories-extras.cmake
[13.023s] -- Up-to-date: /home/smartway/ros2_ws/install/dwb_msgs/share/dwb_msgs/cmake/rosidl_cmake_export_typesupport_libraries-extras.cmake
[13.024s] -- Up-to-date: /home/smartway/ros2_ws/install/dwb_msgs/share/dwb_msgs/cmake/rosidl_cmake_export_typesupport_targets-extras.cmake
[13.025s] -- Up-to-date: /home/smartway/ros2_ws/install/dwb_msgs/share/dwb_msgs/cmake/dwb_msgsConfig.cmake
[13.026s] -- Up-to-date: /home/smartway/ros2_ws/install/dwb_msgs/share/dwb_msgs/cmake/dwb_msgsConfig-version.cmake
[13.027s] -- Up-to-date: /home/smartway/ros2_ws/install/dwb_msgs/share/dwb_msgs/package.xml
[13.030s] Invoked command in '/home/smartway/ros2_ws/build/dwb_msgs' returned '0': CMAKE_PREFIX_PATH=/home/smartway/ros2_ws/install/nav_2d_msgs:/home/smartway/ros2_ws/install/nav2_system_tests:/home/smartway/ros2_ws/install/nav2_bringup:/home/smartway/ros2_ws/install/navigation2:/home/smartway/ros2_ws/install/smac_planner:/home/smartway/ros2_ws/install/rplidar_ros:/home/smartway/ros2_ws/install/rpi_robot_slam:/home/smartway/ros2_ws/install/rpi_robot_bringup:/home/smartway/ros2_ws/install/rpi_robot_action_interfaces:/home/smartway/ros2_ws/install/nav2_dwb_controller:/home/smartway/ros2_ws/install/nav2_controller:/home/smartway/ros2_ws/install/dwb_plugins:/home/smartway/ros2_ws/install/dwb_critics:/home/smartway/ros2_ws/install/dwb_core:/home/smartway/ros2_ws/install/nav_2d_utils:/home/smartway/ros2_ws/install/dwb_msgs:/home/smartway/ros2_ws/install/nav2_waypoint_follower:/home/smartway/ros2_ws/install/nav2_regulated_pure_pursuit_controller:/home/smartway/ros2_ws/install/nav2_recoveries:/home/smartway/ros2_ws/install/nav2_planner:/home/smartway/ros2_ws/install/nav2_navfn_planner:/home/smartway/ros2_ws/install/nav2_core:/home/smartway/ros2_ws/install/costmap_queue:/home/smartway/ros2_ws/install/nav2_costmap_2d:/home/smartway/ros2_ws/install/nav2_voxel_grid:/home/smartway/ros2_ws/install/nav2_rviz_plugins:/home/smartway/ros2_ws/install/nav2_map_server:/home/smartway/ros2_ws/install/nav2_lifecycle_manager:/home/smartway/ros2_ws/install/nav2_bt_navigator:/home/smartway/ros2_ws/install/nav2_behavior_tree:/home/smartway/ros2_ws/install/nav2_amcl:/home/smartway/ros2_ws/install/nav2_util:/home/smartway/ros2_ws/install/nav2_msgs:/home/smartway/ros2_ws/install/nav2_common:/home/smartway/ros2_ws/install/rpi_robot_control:/home/smartway/ros2_ws/install/nav2_gazebo_spawner:/opt/ros/foxy LD_LIBRARY_PATH=/home/smartway/ros2_ws/install/nav_2d_msgs/lib:/home/smartway/ros2_ws/install/smac_planner/lib:/home/smartway/ros2_ws/install/rplidar_ros/lib:/home/smartway/ros2_ws/install/rpi_robot_action_interfaces/lib:/home/smartway/ros2_ws/install/nav2_controller/lib:/home/smartway/ros2_ws/install/dwb_plugins/lib:/home/smartway/ros2_ws/install/dwb_critics/lib:/home/smartway/ros2_ws/install/dwb_core/lib:/home/smartway/ros2_ws/install/nav_2d_utils/lib:/home/smartway/ros2_ws/install/dwb_msgs/lib:/home/smartway/ros2_ws/install/nav2_waypoint_follower/lib:/home/smartway/ros2_ws/install/nav2_regulated_pure_pursuit_controller/lib:/home/smartway/ros2_ws/install/nav2_recoveries/lib:/home/smartway/ros2_ws/install/nav2_planner/lib:/home/smartway/ros2_ws/install/nav2_navfn_planner/lib:/home/smartway/ros2_ws/install/costmap_queue/lib:/home/smartway/ros2_ws/install/nav2_costmap_2d/lib:/home/smartway/ros2_ws/install/nav2_voxel_grid/lib:/home/smartway/ros2_ws/install/nav2_rviz_plugins/lib:/home/smartway/ros2_ws/install/nav2_map_server/lib:/home/smartway/ros2_ws/install/nav2_lifecycle_manager/lib:/home/smartway/ros2_ws/install/nav2_bt_navigator/lib:/home/smartway/ros2_ws/install/nav2_behavior_tree/lib:/home/smartway/ros2_ws/install/nav2_amcl/lib:/home/smartway/ros2_ws/install/nav2_util/lib:/home/smartway/ros2_ws/install/nav2_msgs/lib:/usr/lib/aarch64-linux-gnu/gazebo-11/plugins:/opt/ros/foxy/opt/yaml_cpp_vendor/lib:/opt/ros/foxy/opt/rviz_ogre_vendor/lib:/opt/ros/foxy/lib/aarch64-linux-gnu:/opt/ros/foxy/lib PYTHONPATH=/home/smartway/ros2_ws/install/nav_2d_msgs/lib/python3.8/site-packages:/home/smartway/ros2_ws/install/rpi_robot_control/lib/python3.8/site-packages:/home/smartway/ros2_ws/install/rpi_robot_bringup/lib/python3.8/site-packages:/home/smartway/ros2_ws/install/rpi_robot_action_interfaces/lib/python3.8/site-packages:/home/smartway/ros2_ws/install/dwb_msgs/lib/python3.8/site-packages:/home/smartway/ros2_ws/install/nav2_msgs/lib/python3.8/site-packages:/home/smartway/ros2_ws/install/nav2_gazebo_spawner/lib/python3.8/site-packages:/home/smartway/ros2_ws/install/nav2_common/lib/python3.8/site-packages:/opt/ros/foxy/lib/python3.8/site-packages /usr/bin/cmake --install /home/smartway/ros2_ws/build/dwb_msgs
