[0.148s] Invoking command in '/home/smartway/ros2_ws/build/nav_2d_msgs': /usr/bin/cmake /home/smartway/ros2_ws/src/navigation2/nav2_dwb_controller/nav_2d_msgs -DCMAKE_INSTALL_PREFIX=/home/smartway/ros2_ws/install/nav_2d_msgs
[1.059s] -- Configuring incomplete, errors occurred!
[1.060s] See also "/home/smartway/ros2_ws/build/nav_2d_msgs/CMakeFiles/CMakeOutput.log".
[1.064s] CMake Error at CMakeLists.txt:4 (find_package):
[1.065s]   By not providing "Findgeometry_msgs.cmake" in CMAKE_MODULE_PATH this
[1.066s]   project has asked CMake to find a package configuration file provided by
[1.071s]   "geometry_msgs", but CMake did not find one.
[1.073s] 
[1.074s]   Could not find a package configuration file provided by "geometry_msgs"
[1.075s]   with any of the following names:
[1.078s] 
[1.080s]     geometry_msgsConfig.cmake
[1.082s]     geometry_msgs-config.cmake
[1.084s] 
[1.089s]   Add the installation prefix of "geometry_msgs" to CMAKE_PREFIX_PATH or set
[1.091s]   "geometry_msgs_DIR" to a directory containing one of the above files.  If
[1.092s]   "geometry_msgs" provides a separate development package or SDK, be sure it
[1.093s]   has been installed.
[1.093s] 
[1.094s] 
[1.107s] Invoked command in '/home/smartway/ros2_ws/build/nav_2d_msgs' returned '1': /usr/bin/cmake /home/smartway/ros2_ws/src/navigation2/nav2_dwb_controller/nav_2d_msgs -DCMAKE_INSTALL_PREFIX=/home/smartway/ros2_ws/install/nav_2d_msgs
