[0.442s] Invoking command in '/home/smartway/ros2_ws/build/smac_planner': AMENT_PREFIX_PATH=/home/smartway/ros2_ws/install/nav2_core:/home/smartway/ros2_ws/install/nav2_costmap_2d:/home/smartway/ros2_ws/install/nav2_util:/home/smartway/ros2_ws/install/nav2_voxel_grid:/home/smartway/ros2_ws/install/nav2_msgs:/home/smartway/ros2_ws/install/nav2_common:${AMENT_PREFIX_PATH} CMAKE_PREFIX_PATH=/home/smartway/ros2_ws/install/nav2_core:/home/smartway/ros2_ws/install/nav2_costmap_2d:/home/smartway/ros2_ws/install/nav2_util:/home/smartway/ros2_ws/install/nav2_voxel_grid:/home/smartway/ros2_ws/install/nav2_msgs:/home/smartway/ros2_ws/install/nav2_common:/build/rpi_robot_action_interfaces:/build/rpi_robot_bringup:/build/rpi_robot_slam:/build/rplidar_ros:/opt/ros/foxy LD_LIBRARY_PATH=/home/smartway/ros2_ws/install/nav2_costmap_2d/lib:/home/smartway/ros2_ws/install/nav2_util/lib:/home/smartway/ros2_ws/install/nav2_voxel_grid/lib:/home/smartway/ros2_ws/install/nav2_msgs/lib:/opt/ros/foxy/opt/yaml_cpp_vendor/lib:/opt/ros/foxy/opt/rviz_ogre_vendor/lib:/opt/ros/foxy/lib/aarch64-linux-gnu:/opt/ros/foxy/lib:/usr/lib/aarch64-linux-gnu/gazebo-11/plugins PYTHONPATH=/home/smartway/ros2_ws/install/nav2_msgs/lib/python3.8/site-packages:/home/smartway/ros2_ws/install/nav2_common/lib/python3.8/site-packages:${PYTHONPATH} /usr/bin/cmake /home/smartway/ros2_ws/src/navigation2/smac_planner -DCMAKE_INSTALL_PREFIX=/home/smartway/ros2_ws/install/smac_planner
[1.205s] -- The C compiler identification is GNU 9.4.0
[1.831s] -- The CXX compiler identification is GNU 9.4.0
[1.893s] -- Check for working C compiler: /usr/bin/cc
[2.506s] -- Check for working C compiler: /usr/bin/cc -- works
[2.510s] -- Detecting C compiler ABI info
[2.981s] -- Detecting C compiler ABI info - done
[3.036s] -- Detecting C compile features
[3.040s] -- Detecting C compile features - done
[3.055s] -- Check for working CXX compiler: /usr/bin/c++
[3.568s] -- Check for working CXX compiler: /usr/bin/c++ -- works
[3.575s] -- Detecting CXX compiler ABI info
[4.076s] -- Detecting CXX compiler ABI info - done
[4.135s] -- Detecting CXX compile features
[4.138s] -- Detecting CXX compile features - done
[4.174s] -- Found ament_cmake: 0.9.11 (/opt/ros/foxy/share/ament_cmake/cmake)
[4.384s] -- Found PythonInterp: /usr/bin/python3 (found suitable version "3.8.10", minimum required is "3") 
[4.386s] -- Using PYTHON_EXECUTABLE: /usr/bin/python3
[6.392s] -- Found nav2_common: 0.4.7 (/home/smartway/ros2_ws/install/nav2_common/share/nav2_common/cmake)
[6.428s] -- Found rclcpp: 2.4.2 (/opt/ros/foxy/share/rclcpp/cmake)
[6.942s] -- Using all available rosidl_typesupport_c: rosidl_typesupport_fastrtps_c;rosidl_typesupport_introspection_c
[7.033s] -- Found rosidl_adapter: 1.3.0 (/opt/ros/foxy/share/rosidl_adapter/cmake)
[7.823s] -- Found OpenSSL: /usr/lib/aarch64-linux-gnu/libcrypto.so (found version "1.1.1f")  
[8.138s] -- Found FastRTPS: /opt/ros/foxy/include  
[8.983s] -- Using all available rosidl_typesupport_cpp: rosidl_typesupport_fastrtps_cpp;rosidl_typesupport_introspection_cpp
[9.417s] -- Found rmw_implementation_cmake: 1.0.4 (/opt/ros/foxy/share/rmw_implementation_cmake/cmake)
[9.430s] -- Using RMW implementation 'rmw_fastrtps_cpp' as default
[9.440s] -- Looking for pthread.h
[9.945s] -- Looking for pthread.h - found
[9.949s] -- Performing Test CMAKE_HAVE_LIBC_PTHREAD
[10.783s] -- Performing Test CMAKE_HAVE_LIBC_PTHREAD - Failed
[10.784s] -- Looking for pthread_create in pthreads
[11.252s] -- Looking for pthread_create in pthreads - not found
[11.254s] -- Looking for pthread_create in pthread
[11.807s] -- Looking for pthread_create in pthread - found
[11.814s] -- Found Threads: TRUE  
[13.072s] -- Found rclcpp_action: 2.4.2 (/opt/ros/foxy/share/rclcpp_action/cmake)
[13.666s] -- Found rclcpp_lifecycle: 2.4.2 (/opt/ros/foxy/share/rclcpp_lifecycle/cmake)
[13.881s] -- Found visualization_msgs: 2.0.5 (/opt/ros/foxy/share/visualization_msgs/cmake)
[14.718s] -- Found nav2_util: 0.4.7 (/home/smartway/ros2_ws/install/nav2_util/share/nav2_util/cmake)
[19.408s] -- Found eigen3_cmake_module: 0.1.1 (/opt/ros/foxy/share/eigen3_cmake_module/cmake)
[19.490s] -- Found Eigen3: TRUE (found version "3.3.7") 
[20.628s] -- Found nav2_core: 0.4.7 (/home/smartway/ros2_ws/install/nav2_core/share/nav2_core/cmake)
[27.825s] -- Found installed version of Eigen: /usr/lib/cmake/eigen3
[27.831s] -- Found required Ceres dependency: Eigen version 3.3.7 in /usr/include/eigen3
[27.852s] -- Found required Ceres dependency: glog
[27.864s] -- Found installed version of gflags: /usr/lib/aarch64-linux-gnu/cmake/gflags
[27.864s] -- Detected gflags version: 2.2.2
[27.870s] -- Found required Ceres dependency: gflags
[27.875s] -- Found Ceres version: 1.14.0 installed in: /usr with components: [EigenSparse, SparseLinearAlgebraLibrary, LAPACK, SuiteSparse, CXSparse, SchurSpecializations, OpenMP, Multithreading]
[27.925s] -- Found ompl: /opt/ros/foxy/include/ompl-1.5;/usr/include/eigen3  
[30.021s] -- Found OpenMP_C: -fopenmp (found version "4.5") 
[30.581s] -- Found OpenMP_CXX: -fopenmp (found version "4.5") 
[30.586s] -- Found OpenMP: TRUE (found version "4.5")  
[53.643s] -- Found ament_lint_auto: 0.9.8 (/opt/ros/foxy/share/ament_lint_auto/cmake)
[54.366s] -- Found ament_cmake_gtest: 0.9.11 (/opt/ros/foxy/share/ament_cmake_gtest/cmake)
[54.408s] -- Found gtest sources under '/opt/ros/foxy/src/gtest_vendor': C++ tests using 'Google Test' will be built
[54.423s] -- Check if compiler accepts -pthread
[54.942s] -- Check if compiler accepts -pthread - yes
[150.335s] -- Added test 'copyright' to check source files copyright and LICENSE
[150.362s] -- Added test 'cppcheck' to perform static code analysis on C / C++ code
[150.367s] -- Configured cppcheck include dirs: /home/smartway/ros2_ws/src/navigation2/smac_planner/include
[150.369s] -- Configured cppcheck exclude dirs and/or files: 
[150.395s] -- Added test 'cpplint' to check C / C++ code against the Google style
[150.398s] -- Configured cpplint exclude dirs and/or files: 
[150.411s] -- Added test 'lint_cmake' to check CMake code style
[150.439s] -- Added test 'uncrustify' to check C / C++ code style
[150.441s] -- Configured uncrustify additional arguments: 
[150.449s] -- Added test 'xmllint' to check XML markup files
[150.515s] -- Configuring done
[154.416s] -- Generating done
[154.435s] -- Build files have been written to: /home/smartway/ros2_ws/build/smac_planner
[154.528s] Invoked command in '/home/smartway/ros2_ws/build/smac_planner' returned '0': AMENT_PREFIX_PATH=/home/smartway/ros2_ws/install/nav2_core:/home/smartway/ros2_ws/install/nav2_costmap_2d:/home/smartway/ros2_ws/install/nav2_util:/home/smartway/ros2_ws/install/nav2_voxel_grid:/home/smartway/ros2_ws/install/nav2_msgs:/home/smartway/ros2_ws/install/nav2_common:${AMENT_PREFIX_PATH} CMAKE_PREFIX_PATH=/home/smartway/ros2_ws/install/nav2_core:/home/smartway/ros2_ws/install/nav2_costmap_2d:/home/smartway/ros2_ws/install/nav2_util:/home/smartway/ros2_ws/install/nav2_voxel_grid:/home/smartway/ros2_ws/install/nav2_msgs:/home/smartway/ros2_ws/install/nav2_common:/build/rpi_robot_action_interfaces:/build/rpi_robot_bringup:/build/rpi_robot_slam:/build/rplidar_ros:/opt/ros/foxy LD_LIBRARY_PATH=/home/smartway/ros2_ws/install/nav2_costmap_2d/lib:/home/smartway/ros2_ws/install/nav2_util/lib:/home/smartway/ros2_ws/install/nav2_voxel_grid/lib:/home/smartway/ros2_ws/install/nav2_msgs/lib:/opt/ros/foxy/opt/yaml_cpp_vendor/lib:/opt/ros/foxy/opt/rviz_ogre_vendor/lib:/opt/ros/foxy/lib/aarch64-linux-gnu:/opt/ros/foxy/lib:/usr/lib/aarch64-linux-gnu/gazebo-11/plugins PYTHONPATH=/home/smartway/ros2_ws/install/nav2_msgs/lib/python3.8/site-packages:/home/smartway/ros2_ws/install/nav2_common/lib/python3.8/site-packages:${PYTHONPATH} /usr/bin/cmake /home/smartway/ros2_ws/src/navigation2/smac_planner -DCMAKE_INSTALL_PREFIX=/home/smartway/ros2_ws/install/smac_planner
[154.533s] Invoking command in '/home/smartway/ros2_ws/build/smac_planner': AMENT_PREFIX_PATH=/home/smartway/ros2_ws/install/nav2_core:/home/smartway/ros2_ws/install/nav2_costmap_2d:/home/smartway/ros2_ws/install/nav2_util:/home/smartway/ros2_ws/install/nav2_voxel_grid:/home/smartway/ros2_ws/install/nav2_msgs:/home/smartway/ros2_ws/install/nav2_common:${AMENT_PREFIX_PATH} CMAKE_PREFIX_PATH=/home/smartway/ros2_ws/install/nav2_core:/home/smartway/ros2_ws/install/nav2_costmap_2d:/home/smartway/ros2_ws/install/nav2_util:/home/smartway/ros2_ws/install/nav2_voxel_grid:/home/smartway/ros2_ws/install/nav2_msgs:/home/smartway/ros2_ws/install/nav2_common:/build/rpi_robot_action_interfaces:/build/rpi_robot_bringup:/build/rpi_robot_slam:/build/rplidar_ros:/opt/ros/foxy LD_LIBRARY_PATH=/home/smartway/ros2_ws/install/nav2_costmap_2d/lib:/home/smartway/ros2_ws/install/nav2_util/lib:/home/smartway/ros2_ws/install/nav2_voxel_grid/lib:/home/smartway/ros2_ws/install/nav2_msgs/lib:/opt/ros/foxy/opt/yaml_cpp_vendor/lib:/opt/ros/foxy/opt/rviz_ogre_vendor/lib:/opt/ros/foxy/lib/aarch64-linux-gnu:/opt/ros/foxy/lib:/usr/lib/aarch64-linux-gnu/gazebo-11/plugins PYTHONPATH=/home/smartway/ros2_ws/install/nav2_msgs/lib/python3.8/site-packages:/home/smartway/ros2_ws/install/nav2_common/lib/python3.8/site-packages:${PYTHONPATH} /usr/bin/cmake --build /home/smartway/ros2_ws/build/smac_planner -- -j4 -l4
[154.862s] [35m[1mScanning dependencies of target smac_planner_2d[0m
[155.786s] [  2%] [32mBuilding CXX object CMakeFiles/smac_planner_2d.dir/src/smac_planner_2d.cpp.o[0m
[204.262s] [  5%] [32mBuilding CXX object CMakeFiles/smac_planner_2d.dir/src/a_star.cpp.o[0m
[227.491s] [  8%] [32mBuilding CXX object CMakeFiles/smac_planner_2d.dir/src/node_se2.cpp.o[0m
[245.752s] [ 11%] [32mBuilding CXX object CMakeFiles/smac_planner_2d.dir/src/costmap_downsampler.cpp.o[0m
[258.611s] [ 14%] [32mBuilding CXX object CMakeFiles/smac_planner_2d.dir/src/node_2d.cpp.o[0m
[267.211s] [ 17%] [32m[1mLinking CXX shared library libsmac_planner_2d.so[0m
[271.154s] [ 17%] Built target smac_planner_2d
[271.206s] [35m[1mScanning dependencies of target gtest_main[0m
[271.208s] [35m[1mScanning dependencies of target gtest[0m
[271.210s] [35m[1mScanning dependencies of target smac_planner[0m
[271.279s] [ 20%] [32mBuilding CXX object gtest/CMakeFiles/gtest_main.dir/src/gtest_main.cc.o[0m
[271.293s] [ 23%] [32mBuilding CXX object gtest/CMakeFiles/gtest.dir/src/gtest-all.cc.o[0m
[271.807s] [ 26%] [32mBuilding CXX object CMakeFiles/smac_planner.dir/src/smac_planner.cpp.o[0m
[271.810s] [ 29%] [32mBuilding CXX object CMakeFiles/smac_planner.dir/src/a_star.cpp.o[0m
[276.045s] [ 32%] [32m[1mLinking CXX static library libgtest_main.a[0m
[276.277s] [ 32%] Built target gtest_main
[276.359s] [ 35%] [32mBuilding CXX object CMakeFiles/smac_planner.dir/src/node_se2.cpp.o[0m
[304.199s] [ 38%] [32mBuilding CXX object CMakeFiles/smac_planner.dir/src/costmap_downsampler.cpp.o[0m
[307.242s] [ 41%] [32mBuilding CXX object CMakeFiles/smac_planner.dir/src/node_2d.cpp.o[0m
[324.031s] [ 44%] [32m[1mLinking CXX static library libgtest.a[0m
[324.250s] [ 44%] Built target gtest
[324.313s] [35m[1mScanning dependencies of target test_smac_2d[0m
[324.864s] [ 47%] [32mBuilding CXX object test/CMakeFiles/test_smac_2d.dir/test_smac_2d.cpp.o[0m
[327.022s] [ 50%] [32m[1mLinking CXX shared library libsmac_planner.so[0m
[332.514s] [ 50%] Built target smac_planner
[338.575s] [35m[1mScanning dependencies of target test_a_star[0m
[338.998s] [ 52%] [32mBuilding CXX object test/CMakeFiles/test_a_star.dir/test_a_star.cpp.o[0m
[339.904s] [35m[1mScanning dependencies of target test_costmap_downsampler[0m
[340.252s] [35m[1mScanning dependencies of target test_smoother[0m
[340.414s] [ 55%] [32mBuilding CXX object test/CMakeFiles/test_costmap_downsampler.dir/test_costmap_downsampler.cpp.o[0m
[341.084s] [ 58%] [32mBuilding CXX object test/CMakeFiles/test_smoother.dir/test_smoother.cpp.o[0m
[363.102s] [ 61%] [32m[1mLinking CXX executable test_smac_2d[0m
[367.213s] [ 61%] Built target test_smac_2d
[367.787s] [ 64%] [32m[1mLinking CXX executable test_costmap_downsampler[0m
[371.239s] [ 64%] Built target test_costmap_downsampler
[371.920s] [ 67%] [32m[1mLinking CXX executable test_a_star[0m
[373.338s] [35m[1mScanning dependencies of target test_nodese2[0m
[373.885s] [ 70%] [32mBuilding CXX object test/CMakeFiles/test_nodese2.dir/test_nodese2.cpp.o[0m
[374.824s] [ 70%] Built target test_a_star
[375.896s] [35m[1mScanning dependencies of target test_smac_se2[0m
[376.431s] [ 73%] [32mBuilding CXX object test/CMakeFiles/test_smac_se2.dir/test_smac_se2.cpp.o[0m
[377.393s] [35m[1mScanning dependencies of target test_node2d[0m
[377.989s] [ 76%] [32mBuilding CXX object test/CMakeFiles/test_node2d.dir/test_node2d.cpp.o[0m
[383.078s] [ 79%] [32m[1mLinking CXX executable test_smoother[0m
[386.991s] [ 79%] Built target test_smoother
[398.105s] [35m[1mScanning dependencies of target test_nodebasic[0m
[398.753s] [ 82%] [32m[1mLinking CXX executable test_node2d[0m
[398.837s] [ 85%] [32mBuilding CXX object test/CMakeFiles/test_nodebasic.dir/test_nodebasic.cpp.o[0m
[402.569s] [ 85%] Built target test_node2d
[402.648s] [35m[1mScanning dependencies of target test_collision_checker[0m
[403.094s] [ 88%] [32mBuilding CXX object test/CMakeFiles/test_collision_checker.dir/test_collision_checker.cpp.o[0m
[404.532s] [ 91%] [32m[1mLinking CXX executable test_nodese2[0m
[408.312s] [ 91%] Built target test_nodese2
[414.797s] [ 94%] [32m[1mLinking CXX executable test_smac_se2[0m
[417.937s] [ 94%] Built target test_smac_se2
[420.176s] [ 97%] [32m[1mLinking CXX executable test_collision_checker[0m
[422.071s] [ 97%] Built target test_collision_checker
[422.848s] [100%] [32m[1mLinking CXX executable test_nodebasic[0m
[424.621s] [100%] Built target test_nodebasic
[424.670s] Invoked command in '/home/smartway/ros2_ws/build/smac_planner' returned '0': AMENT_PREFIX_PATH=/home/smartway/ros2_ws/install/nav2_core:/home/smartway/ros2_ws/install/nav2_costmap_2d:/home/smartway/ros2_ws/install/nav2_util:/home/smartway/ros2_ws/install/nav2_voxel_grid:/home/smartway/ros2_ws/install/nav2_msgs:/home/smartway/ros2_ws/install/nav2_common:${AMENT_PREFIX_PATH} CMAKE_PREFIX_PATH=/home/smartway/ros2_ws/install/nav2_core:/home/smartway/ros2_ws/install/nav2_costmap_2d:/home/smartway/ros2_ws/install/nav2_util:/home/smartway/ros2_ws/install/nav2_voxel_grid:/home/smartway/ros2_ws/install/nav2_msgs:/home/smartway/ros2_ws/install/nav2_common:/build/rpi_robot_action_interfaces:/build/rpi_robot_bringup:/build/rpi_robot_slam:/build/rplidar_ros:/opt/ros/foxy LD_LIBRARY_PATH=/home/smartway/ros2_ws/install/nav2_costmap_2d/lib:/home/smartway/ros2_ws/install/nav2_util/lib:/home/smartway/ros2_ws/install/nav2_voxel_grid/lib:/home/smartway/ros2_ws/install/nav2_msgs/lib:/opt/ros/foxy/opt/yaml_cpp_vendor/lib:/opt/ros/foxy/opt/rviz_ogre_vendor/lib:/opt/ros/foxy/lib/aarch64-linux-gnu:/opt/ros/foxy/lib:/usr/lib/aarch64-linux-gnu/gazebo-11/plugins PYTHONPATH=/home/smartway/ros2_ws/install/nav2_msgs/lib/python3.8/site-packages:/home/smartway/ros2_ws/install/nav2_common/lib/python3.8/site-packages:${PYTHONPATH} /usr/bin/cmake --build /home/smartway/ros2_ws/build/smac_planner -- -j4 -l4
[424.944s] Invoking command in '/home/smartway/ros2_ws/build/smac_planner': AMENT_PREFIX_PATH=/home/smartway/ros2_ws/install/nav2_core:/home/smartway/ros2_ws/install/nav2_costmap_2d:/home/smartway/ros2_ws/install/nav2_util:/home/smartway/ros2_ws/install/nav2_voxel_grid:/home/smartway/ros2_ws/install/nav2_msgs:/home/smartway/ros2_ws/install/nav2_common:${AMENT_PREFIX_PATH} CMAKE_PREFIX_PATH=/home/smartway/ros2_ws/install/nav2_core:/home/smartway/ros2_ws/install/nav2_costmap_2d:/home/smartway/ros2_ws/install/nav2_util:/home/smartway/ros2_ws/install/nav2_voxel_grid:/home/smartway/ros2_ws/install/nav2_msgs:/home/smartway/ros2_ws/install/nav2_common:/build/rpi_robot_action_interfaces:/build/rpi_robot_bringup:/build/rpi_robot_slam:/build/rplidar_ros:/opt/ros/foxy LD_LIBRARY_PATH=/home/smartway/ros2_ws/install/nav2_costmap_2d/lib:/home/smartway/ros2_ws/install/nav2_util/lib:/home/smartway/ros2_ws/install/nav2_voxel_grid/lib:/home/smartway/ros2_ws/install/nav2_msgs/lib:/opt/ros/foxy/opt/yaml_cpp_vendor/lib:/opt/ros/foxy/opt/rviz_ogre_vendor/lib:/opt/ros/foxy/lib/aarch64-linux-gnu:/opt/ros/foxy/lib:/usr/lib/aarch64-linux-gnu/gazebo-11/plugins PYTHONPATH=/home/smartway/ros2_ws/install/nav2_msgs/lib/python3.8/site-packages:/home/smartway/ros2_ws/install/nav2_common/lib/python3.8/site-packages:${PYTHONPATH} /usr/bin/cmake --install /home/smartway/ros2_ws/build/smac_planner
[424.983s] -- Install configuration: "Release"
[424.983s] -- Installing: /home/smartway/ros2_ws/install/smac_planner/share/smac_planner/smac_plugin.xml
[424.984s] -- Installing: /home/smartway/ros2_ws/install/smac_planner/share/smac_planner/smac_plugin_2d.xml
[424.985s] -- Installing: /home/smartway/ros2_ws/install/smac_planner/lib/libsmac_planner.so
[424.990s] -- Set runtime path of "/home/smartway/ros2_ws/install/smac_planner/lib/libsmac_planner.so" to ""
[424.990s] -- Installing: /home/smartway/ros2_ws/install/smac_planner/lib/libsmac_planner_2d.so
[424.995s] -- Set runtime path of "/home/smartway/ros2_ws/install/smac_planner/lib/libsmac_planner_2d.so" to ""
[424.995s] -- Installing: /home/smartway/ros2_ws/install/smac_planner/include/
[424.996s] -- Installing: /home/smartway/ros2_ws/install/smac_planner/include//smac_planner
[424.996s] -- Installing: /home/smartway/ros2_ws/install/smac_planner/include//smac_planner/costmap_downsampler.hpp
[424.997s] -- Installing: /home/smartway/ros2_ws/install/smac_planner/include//smac_planner/collision_checker.hpp
[424.998s] -- Installing: /home/smartway/ros2_ws/install/smac_planner/include//smac_planner/smoother.hpp
[424.998s] -- Installing: /home/smartway/ros2_ws/install/smac_planner/include//smac_planner/node_2d.hpp
[424.999s] -- Installing: /home/smartway/ros2_ws/install/smac_planner/include//smac_planner/constants.hpp
[425.000s] -- Installing: /home/smartway/ros2_ws/install/smac_planner/include//smac_planner/node_se2.hpp
[425.001s] -- Installing: /home/smartway/ros2_ws/install/smac_planner/include//smac_planner/smac_planner.hpp
[425.001s] -- Installing: /home/smartway/ros2_ws/install/smac_planner/include//smac_planner/node_basic.hpp
[425.002s] -- Installing: /home/smartway/ros2_ws/install/smac_planner/include//smac_planner/a_star.hpp
[425.003s] -- Installing: /home/smartway/ros2_ws/install/smac_planner/include//smac_planner/options.hpp
[425.004s] -- Installing: /home/smartway/ros2_ws/install/smac_planner/include//smac_planner/smoother_cost_function.hpp
[425.005s] -- Installing: /home/smartway/ros2_ws/install/smac_planner/include//smac_planner/types.hpp
[425.005s] -- Installing: /home/smartway/ros2_ws/install/smac_planner/include//smac_planner/smac_planner_2d.hpp
[425.007s] -- Installing: /home/smartway/ros2_ws/install/smac_planner/share/smac_planner/environment/library_path.sh
[425.008s] -- Installing: /home/smartway/ros2_ws/install/smac_planner/share/smac_planner/environment/library_path.dsv
[425.009s] -- Installing: /home/smartway/ros2_ws/install/smac_planner/share/ament_index/resource_index/package_run_dependencies/smac_planner
[425.010s] -- Installing: /home/smartway/ros2_ws/install/smac_planner/share/ament_index/resource_index/parent_prefix_path/smac_planner
[425.011s] -- Installing: /home/smartway/ros2_ws/install/smac_planner/share/smac_planner/environment/ament_prefix_path.sh
[425.012s] -- Installing: /home/smartway/ros2_ws/install/smac_planner/share/smac_planner/environment/ament_prefix_path.dsv
[425.013s] -- Installing: /home/smartway/ros2_ws/install/smac_planner/share/smac_planner/environment/path.sh
[425.014s] -- Installing: /home/smartway/ros2_ws/install/smac_planner/share/smac_planner/environment/path.dsv
[425.016s] -- Installing: /home/smartway/ros2_ws/install/smac_planner/share/smac_planner/local_setup.bash
[425.018s] -- Installing: /home/smartway/ros2_ws/install/smac_planner/share/smac_planner/local_setup.sh
[425.021s] -- Installing: /home/smartway/ros2_ws/install/smac_planner/share/smac_planner/local_setup.zsh
[425.024s] -- Installing: /home/smartway/ros2_ws/install/smac_planner/share/smac_planner/local_setup.dsv
[425.024s] -- Installing: /home/smartway/ros2_ws/install/smac_planner/share/smac_planner/package.dsv
[425.025s] -- Installing: /home/smartway/ros2_ws/install/smac_planner/share/ament_index/resource_index/packages/smac_planner
[425.026s] -- Installing: /home/smartway/ros2_ws/install/smac_planner/share/ament_index/resource_index/nav2_core__pluginlib__plugin/smac_planner
[425.028s] -- Installing: /home/smartway/ros2_ws/install/smac_planner/share/smac_planner/cmake/ament_cmake_export_include_directories-extras.cmake
[425.029s] -- Installing: /home/smartway/ros2_ws/install/smac_planner/share/smac_planner/cmake/ament_cmake_export_libraries-extras.cmake
[425.030s] -- Installing: /home/smartway/ros2_ws/install/smac_planner/share/smac_planner/cmake/ament_cmake_export_dependencies-extras.cmake
[425.031s] -- Installing: /home/smartway/ros2_ws/install/smac_planner/share/smac_planner/cmake/ament_cmake_export_definitions-extras.cmake
[425.032s] -- Installing: /home/smartway/ros2_ws/install/smac_planner/share/smac_planner/cmake/smac_plannerConfig.cmake
[425.033s] -- Installing: /home/smartway/ros2_ws/install/smac_planner/share/smac_planner/cmake/smac_plannerConfig-version.cmake
[425.034s] -- Installing: /home/smartway/ros2_ws/install/smac_planner/share/smac_planner/package.xml
[425.051s] Invoked command in '/home/smartway/ros2_ws/build/smac_planner' returned '0': AMENT_PREFIX_PATH=/home/smartway/ros2_ws/install/nav2_core:/home/smartway/ros2_ws/install/nav2_costmap_2d:/home/smartway/ros2_ws/install/nav2_util:/home/smartway/ros2_ws/install/nav2_voxel_grid:/home/smartway/ros2_ws/install/nav2_msgs:/home/smartway/ros2_ws/install/nav2_common:${AMENT_PREFIX_PATH} CMAKE_PREFIX_PATH=/home/smartway/ros2_ws/install/nav2_core:/home/smartway/ros2_ws/install/nav2_costmap_2d:/home/smartway/ros2_ws/install/nav2_util:/home/smartway/ros2_ws/install/nav2_voxel_grid:/home/smartway/ros2_ws/install/nav2_msgs:/home/smartway/ros2_ws/install/nav2_common:/build/rpi_robot_action_interfaces:/build/rpi_robot_bringup:/build/rpi_robot_slam:/build/rplidar_ros:/opt/ros/foxy LD_LIBRARY_PATH=/home/smartway/ros2_ws/install/nav2_costmap_2d/lib:/home/smartway/ros2_ws/install/nav2_util/lib:/home/smartway/ros2_ws/install/nav2_voxel_grid/lib:/home/smartway/ros2_ws/install/nav2_msgs/lib:/opt/ros/foxy/opt/yaml_cpp_vendor/lib:/opt/ros/foxy/opt/rviz_ogre_vendor/lib:/opt/ros/foxy/lib/aarch64-linux-gnu:/opt/ros/foxy/lib:/usr/lib/aarch64-linux-gnu/gazebo-11/plugins PYTHONPATH=/home/smartway/ros2_ws/install/nav2_msgs/lib/python3.8/site-packages:/home/smartway/ros2_ws/install/nav2_common/lib/python3.8/site-packages:${PYTHONPATH} /usr/bin/cmake --install /home/smartway/ros2_ws/build/smac_planner
