-- Found ament_cmake: 0.9.11 (/opt/ros/foxy/share/ament_cmake/cmake)
-- Using PYTHON_EXECUTABLE: /usr/bin/python3
-- Found rclcpp: 2.4.2 (/opt/ros/foxy/share/rclcpp/cmake)
-- Using all available rosidl_typesupport_c: rosidl_typesupport_fastrtps_c;rosidl_typesupport_introspection_c
-- Found rosidl_adapter: 1.3.0 (/opt/ros/foxy/share/rosidl_adapter/cmake)
-- Using all available rosidl_typesupport_cpp: rosidl_typesupport_fastrtps_cpp;rosidl_typesupport_introspection_cpp
-- Found rmw_implementation_cmake: 1.0.4 (/opt/ros/foxy/share/rmw_implementation_cmake/cmake)
-- Using RMW implementation 'rmw_fastrtps_cpp' as default
-- Found rclpy: 1.0.12 (/opt/ros/foxy/share/rclpy/cmake)
-- Found ament_lint_auto: 0.9.8 (/opt/ros/foxy/share/ament_lint_auto/cmake)
-- Added test 'copyright' to check source files copyright and LICENSE
-- Added test 'cppcheck' to perform static code analysis on C / C++ code
-- Configured cppcheck include dirs: /home/smartway/ros2_ws/rpi-robot-ros-foxy/rpi_robot_bringup/include
-- Configured cppcheck exclude dirs and/or files: 
-- Added test 'cpplint' to check C / C++ code against the Google style
-- Configured cpplint exclude dirs and/or files: 
-- Added test 'flake8' to check Python code syntax and style conventions
-- Added test 'lint_cmake' to check CMake code style
-- Added test 'pep257' to check Python code against some of the style conventions in PEP 257
-- Added test 'uncrustify' to check C / C++ code style
-- Configured uncrustify additional arguments: 
-- Added test 'xmllint' to check XML markup files
-- Configuring done
-- Generating done
-- Build files have been written to: /home/smartway/ros2_ws/build/rpi_robot_bringup
[100%] Built target basic_node
-- Install configuration: ""
-- Up-to-date: /home/smartway/ros2_ws/install/rpi_robot_bringup/lib/rpi_robot_bringup/basic_node
-- Up-to-date: /home/smartway/ros2_ws/install/rpi_robot_bringup/share/rpi_robot_bringup/launch
-- Up-to-date: /home/smartway/ros2_ws/install/rpi_robot_bringup/share/rpi_robot_bringup/launch/rpi_robot_nostate.launch.py
-- Up-to-date: /home/smartway/ros2_ws/install/rpi_robot_bringup/share/rpi_robot_bringup/launch/rpi_robot.launch.py
-- Up-to-date: /home/smartway/ros2_ws/install/rpi_robot_bringup/share/rpi_robot_bringup/launch/rpi_robot_joy_teleop.launch.py
-- Up-to-date: /home/smartway/ros2_ws/install/rpi_robot_bringup/share/rpi_robot_bringup/launch/lidar.launch.py
-- Up-to-date: /home/smartway/ros2_ws/install/rpi_robot_bringup/share/rpi_robot_bringup/config
-- Up-to-date: /home/smartway/ros2_ws/install/rpi_robot_bringup/share/rpi_robot_bringup/config/ps4.config.yaml
-- Up-to-date: /home/smartway/ros2_ws/install/rpi_robot_bringup/share/rpi_robot_bringup/environment/pythonpath.sh
-- Installing: /home/smartway/ros2_ws/install/rpi_robot_bringup/share/rpi_robot_bringup/environment/pythonpath.dsv
-- Up-to-date: /home/smartway/ros2_ws/install/rpi_robot_bringup/lib/python3.8/site-packages/rpi_robot_bringup
-- Up-to-date: /home/smartway/ros2_ws/install/rpi_robot_bringup/lib/python3.8/site-packages/rpi_robot_bringup/__init__.py
Listing '/home/smartway/ros2_ws/install/rpi_robot_bringup/lib/python3.8/site-packages/rpi_robot_bringup'...
-- Up-to-date: /home/smartway/ros2_ws/install/rpi_robot_bringup/lib/rpi_robot_bringup/rpi_robot_echo.py
-- Up-to-date: /home/smartway/ros2_ws/install/rpi_robot_bringup/lib/rpi_robot_bringup/rpi_robot_control.py
-- Up-to-date: /home/smartway/ros2_ws/install/rpi_robot_bringup/lib/rpi_robot_bringup/RCCar_Control.py
-- Up-to-date: /home/smartway/ros2_ws/install/rpi_robot_bringup/lib/rpi_robot_bringup/rpi_robot_control_nostate.py
-- Up-to-date: /home/smartway/ros2_ws/install/rpi_robot_bringup/share/ament_index/resource_index/package_run_dependencies/rpi_robot_bringup
-- Installing: /home/smartway/ros2_ws/install/rpi_robot_bringup/share/ament_index/resource_index/parent_prefix_path/rpi_robot_bringup
-- Up-to-date: /home/smartway/ros2_ws/install/rpi_robot_bringup/share/rpi_robot_bringup/environment/ament_prefix_path.sh
-- Installing: /home/smartway/ros2_ws/install/rpi_robot_bringup/share/rpi_robot_bringup/environment/ament_prefix_path.dsv
-- Up-to-date: /home/smartway/ros2_ws/install/rpi_robot_bringup/share/rpi_robot_bringup/environment/path.sh
-- Installing: /home/smartway/ros2_ws/install/rpi_robot_bringup/share/rpi_robot_bringup/environment/path.dsv
-- Up-to-date: /home/smartway/ros2_ws/install/rpi_robot_bringup/share/rpi_robot_bringup/local_setup.bash
-- Up-to-date: /home/smartway/ros2_ws/install/rpi_robot_bringup/share/rpi_robot_bringup/local_setup.sh
-- Up-to-date: /home/smartway/ros2_ws/install/rpi_robot_bringup/share/rpi_robot_bringup/local_setup.zsh
-- Installing: /home/smartway/ros2_ws/install/rpi_robot_bringup/share/rpi_robot_bringup/local_setup.dsv
-- Installing: /home/smartway/ros2_ws/install/rpi_robot_bringup/share/rpi_robot_bringup/package.dsv
-- Up-to-date: /home/smartway/ros2_ws/install/rpi_robot_bringup/share/ament_index/resource_index/packages/rpi_robot_bringup
-- Up-to-date: /home/smartway/ros2_ws/install/rpi_robot_bringup/share/rpi_robot_bringup/cmake/rpi_robot_bringupConfig.cmake
-- Up-to-date: /home/smartway/ros2_ws/install/rpi_robot_bringup/share/rpi_robot_bringup/cmake/rpi_robot_bringupConfig-version.cmake
-- Up-to-date: /home/smartway/ros2_ws/install/rpi_robot_bringup/share/rpi_robot_bringup/package.xml
