[0.156s] Invoking command in '/home/smartway/ros2_ws/build/rpi_robot_bringup': CMAKE_PREFIX_PATH=${CMAKE_PREFIX_PATH}:/home/smartway/ros2_ws/install/rpi_robot_control:/home/smartway/ros2_ws/install/nav2_gazebo_spawner:/opt/ros/foxy /usr/bin/cmake --build /home/smartway/ros2_ws/build/rpi_robot_bringup -- -j4 -l4
[0.554s] -- Found ament_cmake: 0.9.11 (/opt/ros/foxy/share/ament_cmake/cmake)
[0.754s] -- Using PYTHON_EXECUTABLE: /usr/bin/python3
[3.258s] -- Found rclcpp: 2.4.2 (/opt/ros/foxy/share/rclcpp/cmake)
[3.795s] -- Using all available rosidl_typesupport_c: rosidl_typesupport_fastrtps_c;rosidl_typesupport_introspection_c
[3.823s] -- Found rosidl_adapter: 1.3.0 (/opt/ros/foxy/share/rosidl_adapter/cmake)
[6.048s] -- Using all available rosidl_typesupport_cpp: rosidl_typesupport_fastrtps_cpp;rosidl_typesupport_introspection_cpp
[6.604s] -- Found rmw_implementation_cmake: 1.0.4 (/opt/ros/foxy/share/rmw_implementation_cmake/cmake)
[6.631s] -- Using RMW implementation 'rmw_fastrtps_cpp' as default
[7.520s] -- Found rclpy: 1.0.12 (/opt/ros/foxy/share/rclpy/cmake)
[7.544s] -- Found ament_lint_auto: 0.9.8 (/opt/ros/foxy/share/ament_lint_auto/cmake)
[8.104s] -- Added test 'copyright' to check source files copyright and LICENSE
[8.143s] -- Added test 'cppcheck' to perform static code analysis on C / C++ code
[8.144s] -- Configured cppcheck include dirs: /home/smartway/ros2_ws/rpi-robot-ros-foxy/rpi_robot_bringup/include
[8.144s] -- Configured cppcheck exclude dirs and/or files: 
[8.158s] -- Added test 'cpplint' to check C / C++ code against the Google style
[8.159s] -- Configured cpplint exclude dirs and/or files: 
[8.162s] -- Added test 'flake8' to check Python code syntax and style conventions
[8.168s] -- Added test 'lint_cmake' to check CMake code style
[8.175s] -- Added test 'pep257' to check Python code against some of the style conventions in PEP 257
[8.200s] -- Added test 'uncrustify' to check C / C++ code style
[8.201s] -- Configured uncrustify additional arguments: 
[8.205s] -- Added test 'xmllint' to check XML markup files
[8.246s] -- Configuring done
[8.343s] -- Generating done
[8.358s] -- Build files have been written to: /home/smartway/ros2_ws/build/rpi_robot_bringup
[9.303s] [100%] Built target basic_node
[9.574s] Invoked command in '/home/smartway/ros2_ws/build/rpi_robot_bringup' returned '0': CMAKE_PREFIX_PATH=${CMAKE_PREFIX_PATH}:/home/smartway/ros2_ws/install/rpi_robot_control:/home/smartway/ros2_ws/install/nav2_gazebo_spawner:/opt/ros/foxy /usr/bin/cmake --build /home/smartway/ros2_ws/build/rpi_robot_bringup -- -j4 -l4
[10.174s] Invoking command in '/home/smartway/ros2_ws/build/rpi_robot_bringup': CMAKE_PREFIX_PATH=${CMAKE_PREFIX_PATH}:/home/smartway/ros2_ws/install/rpi_robot_control:/home/smartway/ros2_ws/install/nav2_gazebo_spawner:/opt/ros/foxy /usr/bin/cmake --install /home/smartway/ros2_ws/build/rpi_robot_bringup
[10.354s] -- Install configuration: ""
[10.356s] -- Up-to-date: /home/smartway/ros2_ws/install/rpi_robot_bringup/lib/rpi_robot_bringup/basic_node
[10.360s] -- Up-to-date: /home/smartway/ros2_ws/install/rpi_robot_bringup/share/rpi_robot_bringup/launch
[10.364s] -- Up-to-date: /home/smartway/ros2_ws/install/rpi_robot_bringup/share/rpi_robot_bringup/launch/rpi_robot_nostate.launch.py
[10.373s] -- Up-to-date: /home/smartway/ros2_ws/install/rpi_robot_bringup/share/rpi_robot_bringup/launch/rpi_robot.launch.py
[10.375s] -- Up-to-date: /home/smartway/ros2_ws/install/rpi_robot_bringup/share/rpi_robot_bringup/launch/rpi_robot_joy_teleop.launch.py
[10.377s] -- Up-to-date: /home/smartway/ros2_ws/install/rpi_robot_bringup/share/rpi_robot_bringup/launch/lidar.launch.py
[10.378s] -- Up-to-date: /home/smartway/ros2_ws/install/rpi_robot_bringup/share/rpi_robot_bringup/config
[10.378s] -- Up-to-date: /home/smartway/ros2_ws/install/rpi_robot_bringup/share/rpi_robot_bringup/config/ps4.config.yaml
[10.379s] -- Up-to-date: /home/smartway/ros2_ws/install/rpi_robot_bringup/share/rpi_robot_bringup/environment/pythonpath.sh
[10.379s] -- Installing: /home/smartway/ros2_ws/install/rpi_robot_bringup/share/rpi_robot_bringup/environment/pythonpath.dsv
[10.380s] -- Up-to-date: /home/smartway/ros2_ws/install/rpi_robot_bringup/lib/python3.8/site-packages/rpi_robot_bringup
[10.380s] -- Up-to-date: /home/smartway/ros2_ws/install/rpi_robot_bringup/lib/python3.8/site-packages/rpi_robot_bringup/__init__.py
[10.912s] Listing '/home/smartway/ros2_ws/install/rpi_robot_bringup/lib/python3.8/site-packages/rpi_robot_bringup'...
[10.981s] -- Up-to-date: /home/smartway/ros2_ws/install/rpi_robot_bringup/lib/rpi_robot_bringup/rpi_robot_echo.py
[10.984s] -- Up-to-date: /home/smartway/ros2_ws/install/rpi_robot_bringup/lib/rpi_robot_bringup/rpi_robot_control.py
[10.990s] -- Up-to-date: /home/smartway/ros2_ws/install/rpi_robot_bringup/lib/rpi_robot_bringup/RCCar_Control.py
[10.992s] -- Up-to-date: /home/smartway/ros2_ws/install/rpi_robot_bringup/lib/rpi_robot_bringup/rpi_robot_control_nostate.py
[10.993s] -- Up-to-date: /home/smartway/ros2_ws/install/rpi_robot_bringup/share/ament_index/resource_index/package_run_dependencies/rpi_robot_bringup
[10.996s] -- Installing: /home/smartway/ros2_ws/install/rpi_robot_bringup/share/ament_index/resource_index/parent_prefix_path/rpi_robot_bringup
[10.997s] -- Up-to-date: /home/smartway/ros2_ws/install/rpi_robot_bringup/share/rpi_robot_bringup/environment/ament_prefix_path.sh
[11.001s] -- Installing: /home/smartway/ros2_ws/install/rpi_robot_bringup/share/rpi_robot_bringup/environment/ament_prefix_path.dsv
[11.001s] -- Up-to-date: /home/smartway/ros2_ws/install/rpi_robot_bringup/share/rpi_robot_bringup/environment/path.sh
[11.003s] -- Installing: /home/smartway/ros2_ws/install/rpi_robot_bringup/share/rpi_robot_bringup/environment/path.dsv
[11.006s] -- Up-to-date: /home/smartway/ros2_ws/install/rpi_robot_bringup/share/rpi_robot_bringup/local_setup.bash
[11.009s] -- Up-to-date: /home/smartway/ros2_ws/install/rpi_robot_bringup/share/rpi_robot_bringup/local_setup.sh
[11.011s] -- Up-to-date: /home/smartway/ros2_ws/install/rpi_robot_bringup/share/rpi_robot_bringup/local_setup.zsh
[11.013s] -- Installing: /home/smartway/ros2_ws/install/rpi_robot_bringup/share/rpi_robot_bringup/local_setup.dsv
[11.020s] -- Installing: /home/smartway/ros2_ws/install/rpi_robot_bringup/share/rpi_robot_bringup/package.dsv
[11.022s] -- Up-to-date: /home/smartway/ros2_ws/install/rpi_robot_bringup/share/ament_index/resource_index/packages/rpi_robot_bringup
[11.023s] -- Up-to-date: /home/smartway/ros2_ws/install/rpi_robot_bringup/share/rpi_robot_bringup/cmake/rpi_robot_bringupConfig.cmake
[11.024s] -- Up-to-date: /home/smartway/ros2_ws/install/rpi_robot_bringup/share/rpi_robot_bringup/cmake/rpi_robot_bringupConfig-version.cmake
[11.026s] -- Up-to-date: /home/smartway/ros2_ws/install/rpi_robot_bringup/share/rpi_robot_bringup/package.xml
[11.083s] Invoked command in '/home/smartway/ros2_ws/build/rpi_robot_bringup' returned '0': CMAKE_PREFIX_PATH=${CMAKE_PREFIX_PATH}:/home/smartway/ros2_ws/install/rpi_robot_control:/home/smartway/ros2_ws/install/nav2_gazebo_spawner:/opt/ros/foxy /usr/bin/cmake --install /home/smartway/ros2_ws/build/rpi_robot_bringup
