-- The C compiler identification is GNU 9.4.0
-- The CXX compiler identification is GNU 9.4.0
-- Check for working C compiler: /usr/bin/cc
-- Check for working C compiler: /usr/bin/cc -- works
-- Detecting C compiler ABI info
-- Detecting C compiler ABI info - done
-- Detecting C compile features
-- Detecting C compile features - done
-- Check for working CXX compiler: /usr/bin/c++
-- Check for working CXX compiler: /usr/bin/c++ -- works
-- Detecting CXX compiler ABI info
-- Detecting CXX compiler ABI info - done
-- Detecting CXX compile features
-- Detecting CXX compile features - done
-- Found ament_cmake: 0.9.11 (/opt/ros/foxy/share/ament_cmake/cmake)
-- Found PythonInterp: /usr/bin/python3 (found suitable version "3.8.10", minimum required is "3") 
-- Using PYTHON_EXECUTABLE: /usr/bin/python3
-- Found rclcpp: 2.4.2 (/opt/ros/foxy/share/rclcpp/cmake)
-- Using all available rosidl_typesupport_c: rosidl_typesupport_fastrtps_c;rosidl_typesupport_introspection_c
-- Found rosidl_adapter: 1.3.0 (/opt/ros/foxy/share/rosidl_adapter/cmake)
-- Found OpenSSL: /usr/lib/aarch64-linux-gnu/libcrypto.so (found version "1.1.1f")  
-- Found FastRTPS: /opt/ros/foxy/include  
-- Using all available rosidl_typesupport_cpp: rosidl_typesupport_fastrtps_cpp;rosidl_typesupport_introspection_cpp
-- Found rmw_implementation_cmake: 1.0.4 (/opt/ros/foxy/share/rmw_implementation_cmake/cmake)
-- Using RMW implementation 'rmw_fastrtps_cpp' as default
-- Looking for pthread.h
-- Looking for pthread.h - found
-- Performing Test CMAKE_HAVE_LIBC_PTHREAD
-- Performing Test CMAKE_HAVE_LIBC_PTHREAD - Failed
-- Looking for pthread_create in pthreads
-- Looking for pthread_create in pthreads - not found
-- Looking for pthread_create in pthread
-- Looking for pthread_create in pthread - found
-- Found Threads: TRUE  
-- Found rclpy: 1.0.12 (/opt/ros/foxy/share/rclpy/cmake)
-- Found ament_lint_auto: 0.9.8 (/opt/ros/foxy/share/ament_lint_auto/cmake)
-- Added test 'copyright' to check source files copyright and LICENSE
-- Added test 'cppcheck' to perform static code analysis on C / C++ code
-- Configured cppcheck include dirs: /home/smartway/ros2_ws/rpi-robot-ros-foxy/rpi_robot_bringup/include
-- Configured cppcheck exclude dirs and/or files: 
-- Added test 'cpplint' to check C / C++ code against the Google style
-- Configured cpplint exclude dirs and/or files: 
-- Added test 'flake8' to check Python code syntax and style conventions
-- Added test 'lint_cmake' to check CMake code style
-- Added test 'pep257' to check Python code against some of the style conventions in PEP 257
-- Added test 'uncrustify' to check C / C++ code style
-- Configured uncrustify additional arguments: 
-- Added test 'xmllint' to check XML markup files
-- Configuring done
-- Generating done
-- Build files have been written to: /home/smartway/ros2_ws/build/rpi_robot_bringup
[35m[1mScanning dependencies of target basic_node[0m
[ 50%] [32mBuilding CXX object CMakeFiles/basic_node.dir/src/basic_node.cpp.o[0m
[100%] [32m[1mLinking CXX executable basic_node[0m
[100%] Built target basic_node
-- Install configuration: ""
-- Installing: /home/smartway/ros2_ws/install/rpi_robot_bringup/lib/rpi_robot_bringup/basic_node
-- Set runtime path of "/home/smartway/ros2_ws/install/rpi_robot_bringup/lib/rpi_robot_bringup/basic_node" to ""
-- Installing: /home/smartway/ros2_ws/install/rpi_robot_bringup/share/rpi_robot_bringup/launch
-- Installing: /home/smartway/ros2_ws/install/rpi_robot_bringup/share/rpi_robot_bringup/launch/rpi_robot_nostate.launch.py
-- Installing: /home/smartway/ros2_ws/install/rpi_robot_bringup/share/rpi_robot_bringup/launch/rpi_robot.launch.py
-- Installing: /home/smartway/ros2_ws/install/rpi_robot_bringup/share/rpi_robot_bringup/launch/rpi_robot_joy_teleop.launch.py
-- Installing: /home/smartway/ros2_ws/install/rpi_robot_bringup/share/rpi_robot_bringup/launch/lidar.launch.py
-- Installing: /home/smartway/ros2_ws/install/rpi_robot_bringup/share/rpi_robot_bringup/config
-- Installing: /home/smartway/ros2_ws/install/rpi_robot_bringup/share/rpi_robot_bringup/config/ps4.config.yaml
-- Installing: /home/smartway/ros2_ws/install/rpi_robot_bringup/share/rpi_robot_bringup/environment/pythonpath.sh
-- Installing: /home/smartway/ros2_ws/install/rpi_robot_bringup/share/rpi_robot_bringup/environment/pythonpath.dsv
-- Installing: /home/smartway/ros2_ws/install/rpi_robot_bringup/lib/python3.8/site-packages/rpi_robot_bringup
-- Installing: /home/smartway/ros2_ws/install/rpi_robot_bringup/lib/python3.8/site-packages/rpi_robot_bringup/__init__.py
Listing '/home/smartway/ros2_ws/install/rpi_robot_bringup/lib/python3.8/site-packages/rpi_robot_bringup'...
Compiling '/home/smartway/ros2_ws/install/rpi_robot_bringup/lib/python3.8/site-packages/rpi_robot_bringup/__init__.py'...
-- Installing: /home/smartway/ros2_ws/install/rpi_robot_bringup/lib/rpi_robot_bringup/rpi_robot_echo.py
-- Installing: /home/smartway/ros2_ws/install/rpi_robot_bringup/lib/rpi_robot_bringup/rpi_robot_control.py
-- Installing: /home/smartway/ros2_ws/install/rpi_robot_bringup/lib/rpi_robot_bringup/rpi_robot_control_nostate.py
-- Installing: /home/smartway/ros2_ws/install/rpi_robot_bringup/share/ament_index/resource_index/package_run_dependencies/rpi_robot_bringup
-- Installing: /home/smartway/ros2_ws/install/rpi_robot_bringup/share/ament_index/resource_index/parent_prefix_path/rpi_robot_bringup
-- Installing: /home/smartway/ros2_ws/install/rpi_robot_bringup/share/rpi_robot_bringup/environment/ament_prefix_path.sh
-- Installing: /home/smartway/ros2_ws/install/rpi_robot_bringup/share/rpi_robot_bringup/environment/ament_prefix_path.dsv
-- Installing: /home/smartway/ros2_ws/install/rpi_robot_bringup/share/rpi_robot_bringup/environment/path.sh
-- Installing: /home/smartway/ros2_ws/install/rpi_robot_bringup/share/rpi_robot_bringup/environment/path.dsv
-- Installing: /home/smartway/ros2_ws/install/rpi_robot_bringup/share/rpi_robot_bringup/local_setup.bash
-- Installing: /home/smartway/ros2_ws/install/rpi_robot_bringup/share/rpi_robot_bringup/local_setup.sh
-- Installing: /home/smartway/ros2_ws/install/rpi_robot_bringup/share/rpi_robot_bringup/local_setup.zsh
-- Installing: /home/smartway/ros2_ws/install/rpi_robot_bringup/share/rpi_robot_bringup/local_setup.dsv
-- Installing: /home/smartway/ros2_ws/install/rpi_robot_bringup/share/rpi_robot_bringup/package.dsv
-- Installing: /home/smartway/ros2_ws/install/rpi_robot_bringup/share/ament_index/resource_index/packages/rpi_robot_bringup
-- Installing: /home/smartway/ros2_ws/install/rpi_robot_bringup/share/rpi_robot_bringup/cmake/rpi_robot_bringupConfig.cmake
-- Installing: /home/smartway/ros2_ws/install/rpi_robot_bringup/share/rpi_robot_bringup/cmake/rpi_robot_bringupConfig-version.cmake
-- Installing: /home/smartway/ros2_ws/install/rpi_robot_bringup/share/rpi_robot_bringup/package.xml
