[1.615s] DEBUG:colcon:Command line arguments: ['/usr/bin/colcon', 'build', '--packages-select', 'rpi_robot_bringup']
[1.615s] DEBUG:colcon:Parsed command line arguments: Namespace(allow_overriding=[], ament_cmake_args=None, base_paths=['.'], build_base='build', catkin_cmake_args=None, catkin_skip_building_tests=False, cmake_args=None, cmake_clean_cache=False, cmake_clean_first=False, cmake_force_configure=False, cmake_target=None, cmake_target_skip_unavailable=False, continue_on_error=False, event_handlers=None, executor='parallel', ignore_user_meta=False, install_base='install', log_base=None, log_level=None, main=<bound method BuildVerb.main of <colcon_core.verb.build.BuildVerb object at 0xffffa4e57ac0>>, merge_install=False, metas=['./colcon.meta'], packages_above=None, packages_above_and_dependencies=None, packages_above_depth=None, packages_end=None, packages_ignore=None, packages_ignore_regex=None, packages_select=['rpi_robot_bringup'], packages_select_build_failed=False, packages_select_by_dep=None, packages_select_regex=None, packages_select_test_failures=False, packages_skip=None, packages_skip_build_finished=False, packages_skip_by_dep=None, packages_skip_regex=None, packages_skip_test_passed=False, packages_skip_up_to=None, packages_start=None, packages_up_to=None, packages_up_to_regex=None, parallel_workers=4, paths=None, symlink_install=False, test_result_base=None, verb_extension=<colcon_core.verb.build.BuildVerb object at 0xffffa4e57ac0>, verb_name='build', verb_parser=<colcon_defaults.argument_parser.defaults.DefaultArgumentsDecorator object at 0xffffa4de6070>)
[1.831s] Level 1:colcon.colcon_core.package_discovery:discover_packages(colcon_meta) check parameters
[1.831s] Level 1:colcon.colcon_core.package_discovery:discover_packages(recursive) check parameters
[1.832s] Level 1:colcon.colcon_core.package_discovery:discover_packages(ignore) check parameters
[1.832s] Level 1:colcon.colcon_core.package_discovery:discover_packages(path) check parameters
[1.832s] Level 1:colcon.colcon_core.package_discovery:discover_packages(colcon_meta) discover
[1.832s] Level 1:colcon.colcon_core.package_discovery:discover_packages(recursive) discover
[1.832s] INFO:colcon.colcon_core.package_discovery:Crawling recursively for packages in '/home/smartway/ros2_ws/install/rpi_robot_bringup'
[1.833s] Level 1:colcon.colcon_core.package_identification:_identify(.) by extensions ['ignore', 'ignore_ament_install']
[1.834s] Level 1:colcon.colcon_core.package_identification:_identify(.) by extension 'ignore'
[1.834s] Level 1:colcon.colcon_core.package_identification:_identify(.) by extension 'ignore_ament_install'
[1.834s] Level 1:colcon.colcon_core.package_identification:_identify(.) by extensions ['colcon_pkg']
[1.835s] Level 1:colcon.colcon_core.package_identification:_identify(.) by extension 'colcon_pkg'
[1.835s] Level 1:colcon.colcon_core.package_identification:_identify(.) by extensions ['colcon_meta']
[1.835s] Level 1:colcon.colcon_core.package_identification:_identify(.) by extension 'colcon_meta'
[1.835s] Level 1:colcon.colcon_core.package_identification:_identify(.) by extensions ['ros']
[1.835s] Level 1:colcon.colcon_core.package_identification:_identify(.) by extension 'ros'
[1.936s] Level 1:colcon.colcon_core.package_identification:_identify(.) by extensions ['cmake', 'python']
[1.937s] Level 1:colcon.colcon_core.package_identification:_identify(.) by extension 'cmake'
[1.937s] Level 1:colcon.colcon_core.package_identification:_identify(.) by extension 'python'
[1.937s] Level 1:colcon.colcon_core.package_identification:_identify(.) by extensions ['python_setup_py']
[1.937s] Level 1:colcon.colcon_core.package_identification:_identify(.) by extension 'python_setup_py'
[1.938s] Level 1:colcon.colcon_core.package_identification:_identify(build) by extensions ['ignore', 'ignore_ament_install']
[1.938s] Level 1:colcon.colcon_core.package_identification:_identify(build) by extension 'ignore'
[1.938s] Level 1:colcon.colcon_core.package_identification:_identify(build) ignored
[1.939s] Level 1:colcon.colcon_core.package_identification:_identify(install) by extensions ['ignore', 'ignore_ament_install']
[1.939s] Level 1:colcon.colcon_core.package_identification:_identify(install) by extension 'ignore'
[1.939s] Level 1:colcon.colcon_core.package_identification:_identify(install) ignored
[1.940s] Level 1:colcon.colcon_core.package_identification:_identify(lib) by extensions ['ignore', 'ignore_ament_install']
[1.940s] Level 1:colcon.colcon_core.package_identification:_identify(lib) by extension 'ignore'
[1.940s] Level 1:colcon.colcon_core.package_identification:_identify(lib) by extension 'ignore_ament_install'
[1.940s] Level 1:colcon.colcon_core.package_identification:_identify(lib) by extensions ['colcon_pkg']
[1.940s] Level 1:colcon.colcon_core.package_identification:_identify(lib) by extension 'colcon_pkg'
[1.940s] Level 1:colcon.colcon_core.package_identification:_identify(lib) by extensions ['colcon_meta']
[1.941s] Level 1:colcon.colcon_core.package_identification:_identify(lib) by extension 'colcon_meta'
[1.941s] Level 1:colcon.colcon_core.package_identification:_identify(lib) by extensions ['ros']
[1.941s] Level 1:colcon.colcon_core.package_identification:_identify(lib) by extension 'ros'
[1.941s] Level 1:colcon.colcon_core.package_identification:_identify(lib) by extensions ['cmake', 'python']
[1.941s] Level 1:colcon.colcon_core.package_identification:_identify(lib) by extension 'cmake'
[1.942s] Level 1:colcon.colcon_core.package_identification:_identify(lib) by extension 'python'
[1.942s] Level 1:colcon.colcon_core.package_identification:_identify(lib) by extensions ['python_setup_py']
[1.942s] Level 1:colcon.colcon_core.package_identification:_identify(lib) by extension 'python_setup_py'
[1.942s] Level 1:colcon.colcon_core.package_identification:_identify(lib/python3.8) by extensions ['ignore', 'ignore_ament_install']
[1.943s] Level 1:colcon.colcon_core.package_identification:_identify(lib/python3.8) by extension 'ignore'
[1.943s] Level 1:colcon.colcon_core.package_identification:_identify(lib/python3.8) by extension 'ignore_ament_install'
[1.943s] Level 1:colcon.colcon_core.package_identification:_identify(lib/python3.8) by extensions ['colcon_pkg']
[1.943s] Level 1:colcon.colcon_core.package_identification:_identify(lib/python3.8) by extension 'colcon_pkg'
[1.943s] Level 1:colcon.colcon_core.package_identification:_identify(lib/python3.8) by extensions ['colcon_meta']
[1.943s] Level 1:colcon.colcon_core.package_identification:_identify(lib/python3.8) by extension 'colcon_meta'
[1.944s] Level 1:colcon.colcon_core.package_identification:_identify(lib/python3.8) by extensions ['ros']
[1.944s] Level 1:colcon.colcon_core.package_identification:_identify(lib/python3.8) by extension 'ros'
[1.944s] Level 1:colcon.colcon_core.package_identification:_identify(lib/python3.8) by extensions ['cmake', 'python']
[1.944s] Level 1:colcon.colcon_core.package_identification:_identify(lib/python3.8) by extension 'cmake'
[1.944s] Level 1:colcon.colcon_core.package_identification:_identify(lib/python3.8) by extension 'python'
[1.944s] Level 1:colcon.colcon_core.package_identification:_identify(lib/python3.8) by extensions ['python_setup_py']
[1.945s] Level 1:colcon.colcon_core.package_identification:_identify(lib/python3.8) by extension 'python_setup_py'
[1.945s] Level 1:colcon.colcon_core.package_identification:_identify(lib/python3.8/site-packages) by extensions ['ignore', 'ignore_ament_install']
[1.945s] Level 1:colcon.colcon_core.package_identification:_identify(lib/python3.8/site-packages) by extension 'ignore'
[1.946s] Level 1:colcon.colcon_core.package_identification:_identify(lib/python3.8/site-packages) by extension 'ignore_ament_install'
[1.946s] Level 1:colcon.colcon_core.package_identification:_identify(lib/python3.8/site-packages) by extensions ['colcon_pkg']
[1.946s] Level 1:colcon.colcon_core.package_identification:_identify(lib/python3.8/site-packages) by extension 'colcon_pkg'
[1.946s] Level 1:colcon.colcon_core.package_identification:_identify(lib/python3.8/site-packages) by extensions ['colcon_meta']
[1.946s] Level 1:colcon.colcon_core.package_identification:_identify(lib/python3.8/site-packages) by extension 'colcon_meta'
[1.946s] Level 1:colcon.colcon_core.package_identification:_identify(lib/python3.8/site-packages) by extensions ['ros']
[1.947s] Level 1:colcon.colcon_core.package_identification:_identify(lib/python3.8/site-packages) by extension 'ros'
[1.947s] Level 1:colcon.colcon_core.package_identification:_identify(lib/python3.8/site-packages) by extensions ['cmake', 'python']
[1.947s] Level 1:colcon.colcon_core.package_identification:_identify(lib/python3.8/site-packages) by extension 'cmake'
[1.947s] Level 1:colcon.colcon_core.package_identification:_identify(lib/python3.8/site-packages) by extension 'python'
[1.947s] Level 1:colcon.colcon_core.package_identification:_identify(lib/python3.8/site-packages) by extensions ['python_setup_py']
[1.947s] Level 1:colcon.colcon_core.package_identification:_identify(lib/python3.8/site-packages) by extension 'python_setup_py'
[1.948s] Level 1:colcon.colcon_core.package_identification:_identify(lib/python3.8/site-packages/rpi_robot_bringup) by extensions ['ignore', 'ignore_ament_install']
[1.948s] Level 1:colcon.colcon_core.package_identification:_identify(lib/python3.8/site-packages/rpi_robot_bringup) by extension 'ignore'
[1.948s] Level 1:colcon.colcon_core.package_identification:_identify(lib/python3.8/site-packages/rpi_robot_bringup) by extension 'ignore_ament_install'
[1.949s] Level 1:colcon.colcon_core.package_identification:_identify(lib/python3.8/site-packages/rpi_robot_bringup) by extensions ['colcon_pkg']
[1.949s] Level 1:colcon.colcon_core.package_identification:_identify(lib/python3.8/site-packages/rpi_robot_bringup) by extension 'colcon_pkg'
[1.949s] Level 1:colcon.colcon_core.package_identification:_identify(lib/python3.8/site-packages/rpi_robot_bringup) by extensions ['colcon_meta']
[1.949s] Level 1:colcon.colcon_core.package_identification:_identify(lib/python3.8/site-packages/rpi_robot_bringup) by extension 'colcon_meta'
[1.949s] Level 1:colcon.colcon_core.package_identification:_identify(lib/python3.8/site-packages/rpi_robot_bringup) by extensions ['ros']
[1.950s] Level 1:colcon.colcon_core.package_identification:_identify(lib/python3.8/site-packages/rpi_robot_bringup) by extension 'ros'
[1.950s] Level 1:colcon.colcon_core.package_identification:_identify(lib/python3.8/site-packages/rpi_robot_bringup) by extensions ['cmake', 'python']
[1.950s] Level 1:colcon.colcon_core.package_identification:_identify(lib/python3.8/site-packages/rpi_robot_bringup) by extension 'cmake'
[1.950s] Level 1:colcon.colcon_core.package_identification:_identify(lib/python3.8/site-packages/rpi_robot_bringup) by extension 'python'
[1.950s] Level 1:colcon.colcon_core.package_identification:_identify(lib/python3.8/site-packages/rpi_robot_bringup) by extensions ['python_setup_py']
[1.950s] Level 1:colcon.colcon_core.package_identification:_identify(lib/python3.8/site-packages/rpi_robot_bringup) by extension 'python_setup_py'
[1.951s] Level 1:colcon.colcon_core.package_identification:_identify(lib/python3.8/site-packages/rpi_robot_bringup/__pycache__) by extensions ['ignore', 'ignore_ament_install']
[1.951s] Level 1:colcon.colcon_core.package_identification:_identify(lib/python3.8/site-packages/rpi_robot_bringup/__pycache__) by extension 'ignore'
[1.951s] Level 1:colcon.colcon_core.package_identification:_identify(lib/python3.8/site-packages/rpi_robot_bringup/__pycache__) by extension 'ignore_ament_install'
[1.952s] Level 1:colcon.colcon_core.package_identification:_identify(lib/python3.8/site-packages/rpi_robot_bringup/__pycache__) by extensions ['colcon_pkg']
[1.952s] Level 1:colcon.colcon_core.package_identification:_identify(lib/python3.8/site-packages/rpi_robot_bringup/__pycache__) by extension 'colcon_pkg'
[1.952s] Level 1:colcon.colcon_core.package_identification:_identify(lib/python3.8/site-packages/rpi_robot_bringup/__pycache__) by extensions ['colcon_meta']
[1.952s] Level 1:colcon.colcon_core.package_identification:_identify(lib/python3.8/site-packages/rpi_robot_bringup/__pycache__) by extension 'colcon_meta'
[1.952s] Level 1:colcon.colcon_core.package_identification:_identify(lib/python3.8/site-packages/rpi_robot_bringup/__pycache__) by extensions ['ros']
[1.952s] Level 1:colcon.colcon_core.package_identification:_identify(lib/python3.8/site-packages/rpi_robot_bringup/__pycache__) by extension 'ros'
[1.953s] Level 1:colcon.colcon_core.package_identification:_identify(lib/python3.8/site-packages/rpi_robot_bringup/__pycache__) by extensions ['cmake', 'python']
[1.953s] Level 1:colcon.colcon_core.package_identification:_identify(lib/python3.8/site-packages/rpi_robot_bringup/__pycache__) by extension 'cmake'
[1.953s] Level 1:colcon.colcon_core.package_identification:_identify(lib/python3.8/site-packages/rpi_robot_bringup/__pycache__) by extension 'python'
[1.953s] Level 1:colcon.colcon_core.package_identification:_identify(lib/python3.8/site-packages/rpi_robot_bringup/__pycache__) by extensions ['python_setup_py']
[1.953s] Level 1:colcon.colcon_core.package_identification:_identify(lib/python3.8/site-packages/rpi_robot_bringup/__pycache__) by extension 'python_setup_py'
[1.954s] Level 1:colcon.colcon_core.package_identification:_identify(lib/rpi_robot_bringup) by extensions ['ignore', 'ignore_ament_install']
[1.954s] Level 1:colcon.colcon_core.package_identification:_identify(lib/rpi_robot_bringup) by extension 'ignore'
[1.954s] Level 1:colcon.colcon_core.package_identification:_identify(lib/rpi_robot_bringup) by extension 'ignore_ament_install'
[1.955s] Level 1:colcon.colcon_core.package_identification:_identify(lib/rpi_robot_bringup) by extensions ['colcon_pkg']
[1.955s] Level 1:colcon.colcon_core.package_identification:_identify(lib/rpi_robot_bringup) by extension 'colcon_pkg'
[1.955s] Level 1:colcon.colcon_core.package_identification:_identify(lib/rpi_robot_bringup) by extensions ['colcon_meta']
[1.955s] Level 1:colcon.colcon_core.package_identification:_identify(lib/rpi_robot_bringup) by extension 'colcon_meta'
[1.955s] Level 1:colcon.colcon_core.package_identification:_identify(lib/rpi_robot_bringup) by extensions ['ros']
[1.955s] Level 1:colcon.colcon_core.package_identification:_identify(lib/rpi_robot_bringup) by extension 'ros'
[1.956s] Level 1:colcon.colcon_core.package_identification:_identify(lib/rpi_robot_bringup) by extensions ['cmake', 'python']
[1.956s] Level 1:colcon.colcon_core.package_identification:_identify(lib/rpi_robot_bringup) by extension 'cmake'
[1.956s] Level 1:colcon.colcon_core.package_identification:_identify(lib/rpi_robot_bringup) by extension 'python'
[1.956s] Level 1:colcon.colcon_core.package_identification:_identify(lib/rpi_robot_bringup) by extensions ['python_setup_py']
[1.956s] Level 1:colcon.colcon_core.package_identification:_identify(lib/rpi_robot_bringup) by extension 'python_setup_py'
[1.957s] Level 1:colcon.colcon_core.package_identification:_identify(lib/rpi_robot_bringup/__pycache__) by extensions ['ignore', 'ignore_ament_install']
[1.957s] Level 1:colcon.colcon_core.package_identification:_identify(lib/rpi_robot_bringup/__pycache__) by extension 'ignore'
[1.957s] Level 1:colcon.colcon_core.package_identification:_identify(lib/rpi_robot_bringup/__pycache__) by extension 'ignore_ament_install'
[1.957s] Level 1:colcon.colcon_core.package_identification:_identify(lib/rpi_robot_bringup/__pycache__) by extensions ['colcon_pkg']
[1.957s] Level 1:colcon.colcon_core.package_identification:_identify(lib/rpi_robot_bringup/__pycache__) by extension 'colcon_pkg'
[1.958s] Level 1:colcon.colcon_core.package_identification:_identify(lib/rpi_robot_bringup/__pycache__) by extensions ['colcon_meta']
[1.958s] Level 1:colcon.colcon_core.package_identification:_identify(lib/rpi_robot_bringup/__pycache__) by extension 'colcon_meta'
[1.958s] Level 1:colcon.colcon_core.package_identification:_identify(lib/rpi_robot_bringup/__pycache__) by extensions ['ros']
[1.958s] Level 1:colcon.colcon_core.package_identification:_identify(lib/rpi_robot_bringup/__pycache__) by extension 'ros'
[1.958s] Level 1:colcon.colcon_core.package_identification:_identify(lib/rpi_robot_bringup/__pycache__) by extensions ['cmake', 'python']
[1.959s] Level 1:colcon.colcon_core.package_identification:_identify(lib/rpi_robot_bringup/__pycache__) by extension 'cmake'
[1.959s] Level 1:colcon.colcon_core.package_identification:_identify(lib/rpi_robot_bringup/__pycache__) by extension 'python'
[1.959s] Level 1:colcon.colcon_core.package_identification:_identify(lib/rpi_robot_bringup/__pycache__) by extensions ['python_setup_py']
[1.959s] Level 1:colcon.colcon_core.package_identification:_identify(lib/rpi_robot_bringup/__pycache__) by extension 'python_setup_py'
[1.959s] Level 1:colcon.colcon_core.package_identification:_identify(log) by extensions ['ignore', 'ignore_ament_install']
[1.960s] Level 1:colcon.colcon_core.package_identification:_identify(log) by extension 'ignore'
[1.960s] Level 1:colcon.colcon_core.package_identification:_identify(log) ignored
[1.960s] Level 1:colcon.colcon_core.package_identification:_identify(share) by extensions ['ignore', 'ignore_ament_install']
[1.961s] Level 1:colcon.colcon_core.package_identification:_identify(share) by extension 'ignore'
[1.961s] Level 1:colcon.colcon_core.package_identification:_identify(share) by extension 'ignore_ament_install'
[1.961s] Level 1:colcon.colcon_core.package_identification:_identify(share) by extensions ['colcon_pkg']
[1.961s] Level 1:colcon.colcon_core.package_identification:_identify(share) by extension 'colcon_pkg'
[1.961s] Level 1:colcon.colcon_core.package_identification:_identify(share) by extensions ['colcon_meta']
[1.961s] Level 1:colcon.colcon_core.package_identification:_identify(share) by extension 'colcon_meta'
[1.962s] Level 1:colcon.colcon_core.package_identification:_identify(share) by extensions ['ros']
[1.962s] Level 1:colcon.colcon_core.package_identification:_identify(share) by extension 'ros'
[1.962s] Level 1:colcon.colcon_core.package_identification:_identify(share) by extensions ['cmake', 'python']
[1.962s] Level 1:colcon.colcon_core.package_identification:_identify(share) by extension 'cmake'
[1.962s] Level 1:colcon.colcon_core.package_identification:_identify(share) by extension 'python'
[1.962s] Level 1:colcon.colcon_core.package_identification:_identify(share) by extensions ['python_setup_py']
[1.962s] Level 1:colcon.colcon_core.package_identification:_identify(share) by extension 'python_setup_py'
[1.963s] Level 1:colcon.colcon_core.package_identification:_identify(share/ament_index) by extensions ['ignore', 'ignore_ament_install']
[1.963s] Level 1:colcon.colcon_core.package_identification:_identify(share/ament_index) by extension 'ignore'
[1.963s] Level 1:colcon.colcon_core.package_identification:_identify(share/ament_index) by extension 'ignore_ament_install'
[1.964s] Level 1:colcon.colcon_core.package_identification:_identify(share/ament_index) by extensions ['colcon_pkg']
[1.964s] Level 1:colcon.colcon_core.package_identification:_identify(share/ament_index) by extension 'colcon_pkg'
[1.964s] Level 1:colcon.colcon_core.package_identification:_identify(share/ament_index) by extensions ['colcon_meta']
[1.964s] Level 1:colcon.colcon_core.package_identification:_identify(share/ament_index) by extension 'colcon_meta'
[1.964s] Level 1:colcon.colcon_core.package_identification:_identify(share/ament_index) by extensions ['ros']
[1.964s] Level 1:colcon.colcon_core.package_identification:_identify(share/ament_index) by extension 'ros'
[1.965s] Level 1:colcon.colcon_core.package_identification:_identify(share/ament_index) by extensions ['cmake', 'python']
[1.965s] Level 1:colcon.colcon_core.package_identification:_identify(share/ament_index) by extension 'cmake'
[1.965s] Level 1:colcon.colcon_core.package_identification:_identify(share/ament_index) by extension 'python'
[1.965s] Level 1:colcon.colcon_core.package_identification:_identify(share/ament_index) by extensions ['python_setup_py']
[1.965s] Level 1:colcon.colcon_core.package_identification:_identify(share/ament_index) by extension 'python_setup_py'
[1.966s] Level 1:colcon.colcon_core.package_identification:_identify(share/ament_index/resource_index) by extensions ['ignore', 'ignore_ament_install']
[1.966s] Level 1:colcon.colcon_core.package_identification:_identify(share/ament_index/resource_index) by extension 'ignore'
[1.966s] Level 1:colcon.colcon_core.package_identification:_identify(share/ament_index/resource_index) by extension 'ignore_ament_install'
[1.966s] Level 1:colcon.colcon_core.package_identification:_identify(share/ament_index/resource_index) by extensions ['colcon_pkg']
[1.966s] Level 1:colcon.colcon_core.package_identification:_identify(share/ament_index/resource_index) by extension 'colcon_pkg'
[1.967s] Level 1:colcon.colcon_core.package_identification:_identify(share/ament_index/resource_index) by extensions ['colcon_meta']
[1.967s] Level 1:colcon.colcon_core.package_identification:_identify(share/ament_index/resource_index) by extension 'colcon_meta'
[1.967s] Level 1:colcon.colcon_core.package_identification:_identify(share/ament_index/resource_index) by extensions ['ros']
[1.967s] Level 1:colcon.colcon_core.package_identification:_identify(share/ament_index/resource_index) by extension 'ros'
[1.967s] Level 1:colcon.colcon_core.package_identification:_identify(share/ament_index/resource_index) by extensions ['cmake', 'python']
[1.968s] Level 1:colcon.colcon_core.package_identification:_identify(share/ament_index/resource_index) by extension 'cmake'
[1.968s] Level 1:colcon.colcon_core.package_identification:_identify(share/ament_index/resource_index) by extension 'python'
[1.968s] Level 1:colcon.colcon_core.package_identification:_identify(share/ament_index/resource_index) by extensions ['python_setup_py']
[1.968s] Level 1:colcon.colcon_core.package_identification:_identify(share/ament_index/resource_index) by extension 'python_setup_py'
[1.968s] Level 1:colcon.colcon_core.package_identification:_identify(share/ament_index/resource_index/package_run_dependencies) by extensions ['ignore', 'ignore_ament_install']
[1.969s] Level 1:colcon.colcon_core.package_identification:_identify(share/ament_index/resource_index/package_run_dependencies) by extension 'ignore'
[1.969s] Level 1:colcon.colcon_core.package_identification:_identify(share/ament_index/resource_index/package_run_dependencies) by extension 'ignore_ament_install'
[1.969s] Level 1:colcon.colcon_core.package_identification:_identify(share/ament_index/resource_index/package_run_dependencies) by extensions ['colcon_pkg']
[1.969s] Level 1:colcon.colcon_core.package_identification:_identify(share/ament_index/resource_index/package_run_dependencies) by extension 'colcon_pkg'
[1.970s] Level 1:colcon.colcon_core.package_identification:_identify(share/ament_index/resource_index/package_run_dependencies) by extensions ['colcon_meta']
[1.970s] Level 1:colcon.colcon_core.package_identification:_identify(share/ament_index/resource_index/package_run_dependencies) by extension 'colcon_meta'
[1.970s] Level 1:colcon.colcon_core.package_identification:_identify(share/ament_index/resource_index/package_run_dependencies) by extensions ['ros']
[1.970s] Level 1:colcon.colcon_core.package_identification:_identify(share/ament_index/resource_index/package_run_dependencies) by extension 'ros'
[1.970s] Level 1:colcon.colcon_core.package_identification:_identify(share/ament_index/resource_index/package_run_dependencies) by extensions ['cmake', 'python']
[1.970s] Level 1:colcon.colcon_core.package_identification:_identify(share/ament_index/resource_index/package_run_dependencies) by extension 'cmake'
[1.971s] Level 1:colcon.colcon_core.package_identification:_identify(share/ament_index/resource_index/package_run_dependencies) by extension 'python'
[1.971s] Level 1:colcon.colcon_core.package_identification:_identify(share/ament_index/resource_index/package_run_dependencies) by extensions ['python_setup_py']
[1.971s] Level 1:colcon.colcon_core.package_identification:_identify(share/ament_index/resource_index/package_run_dependencies) by extension 'python_setup_py'
[1.971s] Level 1:colcon.colcon_core.package_identification:_identify(share/ament_index/resource_index/packages) by extensions ['ignore', 'ignore_ament_install']
[1.972s] Level 1:colcon.colcon_core.package_identification:_identify(share/ament_index/resource_index/packages) by extension 'ignore'
[1.972s] Level 1:colcon.colcon_core.package_identification:_identify(share/ament_index/resource_index/packages) by extension 'ignore_ament_install'
[1.972s] Level 1:colcon.colcon_core.package_identification:_identify(share/ament_index/resource_index/packages) by extensions ['colcon_pkg']
[1.972s] Level 1:colcon.colcon_core.package_identification:_identify(share/ament_index/resource_index/packages) by extension 'colcon_pkg'
[1.972s] Level 1:colcon.colcon_core.package_identification:_identify(share/ament_index/resource_index/packages) by extensions ['colcon_meta']
[1.972s] Level 1:colcon.colcon_core.package_identification:_identify(share/ament_index/resource_index/packages) by extension 'colcon_meta'
[1.973s] Level 1:colcon.colcon_core.package_identification:_identify(share/ament_index/resource_index/packages) by extensions ['ros']
[1.973s] Level 1:colcon.colcon_core.package_identification:_identify(share/ament_index/resource_index/packages) by extension 'ros'
[1.973s] Level 1:colcon.colcon_core.package_identification:_identify(share/ament_index/resource_index/packages) by extensions ['cmake', 'python']
[1.973s] Level 1:colcon.colcon_core.package_identification:_identify(share/ament_index/resource_index/packages) by extension 'cmake'
[1.973s] Level 1:colcon.colcon_core.package_identification:_identify(share/ament_index/resource_index/packages) by extension 'python'
[1.974s] Level 1:colcon.colcon_core.package_identification:_identify(share/ament_index/resource_index/packages) by extensions ['python_setup_py']
[1.974s] Level 1:colcon.colcon_core.package_identification:_identify(share/ament_index/resource_index/packages) by extension 'python_setup_py'
[1.974s] Level 1:colcon.colcon_core.package_identification:_identify(share/ament_index/resource_index/parent_prefix_path) by extensions ['ignore', 'ignore_ament_install']
[1.974s] Level 1:colcon.colcon_core.package_identification:_identify(share/ament_index/resource_index/parent_prefix_path) by extension 'ignore'
[1.975s] Level 1:colcon.colcon_core.package_identification:_identify(share/ament_index/resource_index/parent_prefix_path) by extension 'ignore_ament_install'
[1.975s] Level 1:colcon.colcon_core.package_identification:_identify(share/ament_index/resource_index/parent_prefix_path) by extensions ['colcon_pkg']
[1.975s] Level 1:colcon.colcon_core.package_identification:_identify(share/ament_index/resource_index/parent_prefix_path) by extension 'colcon_pkg'
[1.975s] Level 1:colcon.colcon_core.package_identification:_identify(share/ament_index/resource_index/parent_prefix_path) by extensions ['colcon_meta']
[1.975s] Level 1:colcon.colcon_core.package_identification:_identify(share/ament_index/resource_index/parent_prefix_path) by extension 'colcon_meta'
[1.976s] Level 1:colcon.colcon_core.package_identification:_identify(share/ament_index/resource_index/parent_prefix_path) by extensions ['ros']
[1.976s] Level 1:colcon.colcon_core.package_identification:_identify(share/ament_index/resource_index/parent_prefix_path) by extension 'ros'
[1.976s] Level 1:colcon.colcon_core.package_identification:_identify(share/ament_index/resource_index/parent_prefix_path) by extensions ['cmake', 'python']
[1.976s] Level 1:colcon.colcon_core.package_identification:_identify(share/ament_index/resource_index/parent_prefix_path) by extension 'cmake'
[1.976s] Level 1:colcon.colcon_core.package_identification:_identify(share/ament_index/resource_index/parent_prefix_path) by extension 'python'
[1.976s] Level 1:colcon.colcon_core.package_identification:_identify(share/ament_index/resource_index/parent_prefix_path) by extensions ['python_setup_py']
[1.976s] Level 1:colcon.colcon_core.package_identification:_identify(share/ament_index/resource_index/parent_prefix_path) by extension 'python_setup_py'
[1.977s] Level 1:colcon.colcon_core.package_identification:_identify(share/colcon-core) by extensions ['ignore', 'ignore_ament_install']
[1.977s] Level 1:colcon.colcon_core.package_identification:_identify(share/colcon-core) by extension 'ignore'
[1.977s] Level 1:colcon.colcon_core.package_identification:_identify(share/colcon-core) by extension 'ignore_ament_install'
[1.978s] Level 1:colcon.colcon_core.package_identification:_identify(share/colcon-core) by extensions ['colcon_pkg']
[1.978s] Level 1:colcon.colcon_core.package_identification:_identify(share/colcon-core) by extension 'colcon_pkg'
[1.978s] Level 1:colcon.colcon_core.package_identification:_identify(share/colcon-core) by extensions ['colcon_meta']
[1.978s] Level 1:colcon.colcon_core.package_identification:_identify(share/colcon-core) by extension 'colcon_meta'
[1.978s] Level 1:colcon.colcon_core.package_identification:_identify(share/colcon-core) by extensions ['ros']
[1.978s] Level 1:colcon.colcon_core.package_identification:_identify(share/colcon-core) by extension 'ros'
[1.979s] Level 1:colcon.colcon_core.package_identification:_identify(share/colcon-core) by extensions ['cmake', 'python']
[1.979s] Level 1:colcon.colcon_core.package_identification:_identify(share/colcon-core) by extension 'cmake'
[1.979s] Level 1:colcon.colcon_core.package_identification:_identify(share/colcon-core) by extension 'python'
[1.979s] Level 1:colcon.colcon_core.package_identification:_identify(share/colcon-core) by extensions ['python_setup_py']
[1.979s] Level 1:colcon.colcon_core.package_identification:_identify(share/colcon-core) by extension 'python_setup_py'
[1.980s] Level 1:colcon.colcon_core.package_identification:_identify(share/colcon-core/packages) by extensions ['ignore', 'ignore_ament_install']
[1.980s] Level 1:colcon.colcon_core.package_identification:_identify(share/colcon-core/packages) by extension 'ignore'
[1.980s] Level 1:colcon.colcon_core.package_identification:_identify(share/colcon-core/packages) by extension 'ignore_ament_install'
[1.980s] Level 1:colcon.colcon_core.package_identification:_identify(share/colcon-core/packages) by extensions ['colcon_pkg']
[1.980s] Level 1:colcon.colcon_core.package_identification:_identify(share/colcon-core/packages) by extension 'colcon_pkg'
[1.981s] Level 1:colcon.colcon_core.package_identification:_identify(share/colcon-core/packages) by extensions ['colcon_meta']
[1.981s] Level 1:colcon.colcon_core.package_identification:_identify(share/colcon-core/packages) by extension 'colcon_meta'
[1.981s] Level 1:colcon.colcon_core.package_identification:_identify(share/colcon-core/packages) by extensions ['ros']
[1.981s] Level 1:colcon.colcon_core.package_identification:_identify(share/colcon-core/packages) by extension 'ros'
[1.981s] Level 1:colcon.colcon_core.package_identification:_identify(share/colcon-core/packages) by extensions ['cmake', 'python']
[1.982s] Level 1:colcon.colcon_core.package_identification:_identify(share/colcon-core/packages) by extension 'cmake'
[1.982s] Level 1:colcon.colcon_core.package_identification:_identify(share/colcon-core/packages) by extension 'python'
[1.982s] Level 1:colcon.colcon_core.package_identification:_identify(share/colcon-core/packages) by extensions ['python_setup_py']
[1.982s] Level 1:colcon.colcon_core.package_identification:_identify(share/colcon-core/packages) by extension 'python_setup_py'
[1.982s] Level 1:colcon.colcon_core.package_identification:_identify(share/rpi_robot_bringup) by extensions ['ignore', 'ignore_ament_install']
[1.983s] Level 1:colcon.colcon_core.package_identification:_identify(share/rpi_robot_bringup) by extension 'ignore'
[1.983s] Level 1:colcon.colcon_core.package_identification:_identify(share/rpi_robot_bringup) by extension 'ignore_ament_install'
[1.983s] Level 1:colcon.colcon_core.package_identification:_identify(share/rpi_robot_bringup) by extensions ['colcon_pkg']
[1.983s] Level 1:colcon.colcon_core.package_identification:_identify(share/rpi_robot_bringup) by extension 'colcon_pkg'
[1.984s] Level 1:colcon.colcon_core.package_identification:_identify(share/rpi_robot_bringup) by extensions ['colcon_meta']
[1.984s] Level 1:colcon.colcon_core.package_identification:_identify(share/rpi_robot_bringup) by extension 'colcon_meta'
[1.984s] Level 1:colcon.colcon_core.package_identification:_identify(share/rpi_robot_bringup) by extensions ['ros']
[1.984s] Level 1:colcon.colcon_core.package_identification:_identify(share/rpi_robot_bringup) by extension 'ros'
[1.999s] DEBUG:colcon.colcon_core.package_identification:Package 'share/rpi_robot_bringup' with type 'ros.ament_cmake' and name 'rpi_robot_bringup'
[1.999s] Level 1:colcon.colcon_core.package_discovery:discover_packages(recursive) using defaults
[1.999s] Level 1:colcon.colcon_core.package_discovery:discover_packages(ignore) discover
[2.000s] Level 1:colcon.colcon_core.package_discovery:discover_packages(ignore) using defaults
[2.000s] Level 1:colcon.colcon_core.package_discovery:discover_packages(path) discover
[2.000s] Level 1:colcon.colcon_core.package_discovery:discover_packages(path) using defaults
[2.113s] Level 1:colcon.colcon_core.package_discovery:discover_packages(prefix_path) check parameters
[2.113s] Level 1:colcon.colcon_core.package_discovery:discover_packages(prefix_path) discover
[2.140s] DEBUG:colcon.colcon_installed_package_information.package_discovery:Found 323 installed packages in /opt/ros/foxy
[2.149s] Level 1:colcon.colcon_core.package_discovery:discover_packages(prefix_path) using defaults
[2.547s] Level 5:colcon.colcon_core.verb:set package 'rpi_robot_bringup' build argument 'cmake_args' from command line to 'None'
[2.548s] Level 5:colcon.colcon_core.verb:set package 'rpi_robot_bringup' build argument 'cmake_target' from command line to 'None'
[2.548s] Level 5:colcon.colcon_core.verb:set package 'rpi_robot_bringup' build argument 'cmake_target_skip_unavailable' from command line to 'False'
[2.548s] Level 5:colcon.colcon_core.verb:set package 'rpi_robot_bringup' build argument 'cmake_clean_cache' from command line to 'False'
[2.548s] Level 5:colcon.colcon_core.verb:set package 'rpi_robot_bringup' build argument 'cmake_clean_first' from command line to 'False'
[2.548s] Level 5:colcon.colcon_core.verb:set package 'rpi_robot_bringup' build argument 'cmake_force_configure' from command line to 'False'
[2.548s] Level 5:colcon.colcon_core.verb:set package 'rpi_robot_bringup' build argument 'ament_cmake_args' from command line to 'None'
[2.548s] Level 5:colcon.colcon_core.verb:set package 'rpi_robot_bringup' build argument 'catkin_cmake_args' from command line to 'None'
[2.549s] Level 5:colcon.colcon_core.verb:set package 'rpi_robot_bringup' build argument 'catkin_skip_building_tests' from command line to 'False'
[2.549s] DEBUG:colcon.colcon_core.verb:Building package 'rpi_robot_bringup' with the following arguments: {'ament_cmake_args': None, 'build_base': '/home/smartway/ros2_ws/install/rpi_robot_bringup/build/rpi_robot_bringup', 'catkin_cmake_args': None, 'catkin_skip_building_tests': False, 'cmake_args': None, 'cmake_clean_cache': False, 'cmake_clean_first': False, 'cmake_force_configure': False, 'cmake_target': None, 'cmake_target_skip_unavailable': False, 'install_base': '/home/smartway/ros2_ws/install/rpi_robot_bringup/install/rpi_robot_bringup', 'merge_install': False, 'path': '/home/smartway/ros2_ws/install/rpi_robot_bringup/share/rpi_robot_bringup', 'symlink_install': False, 'test_result_base': None}
[2.552s] INFO:colcon.colcon_core.executor:Executing jobs using 'parallel' executor
[2.565s] DEBUG:colcon.colcon_parallel_executor.executor.parallel:run_until_complete
[2.566s] INFO:colcon.colcon_ros.task.ament_cmake.build:Building ROS package in '/home/smartway/ros2_ws/install/rpi_robot_bringup/share/rpi_robot_bringup' with build type 'ament_cmake'
[2.567s] INFO:colcon.colcon_cmake.task.cmake.build:Building CMake package in '/home/smartway/ros2_ws/install/rpi_robot_bringup/share/rpi_robot_bringup'
[2.605s] INFO:colcon.colcon_core.plugin_system:Skipping extension 'colcon_core.shell.bat': Not used on non-Windows systems
[2.606s] INFO:colcon.colcon_core.shell:Skip shell extension 'powershell' for command environment: Not usable outside of PowerShell
[2.606s] DEBUG:colcon.colcon_core.shell:Skip shell extension 'dsv' for command environment
[2.651s] DEBUG:colcon.colcon_core.event_handler.log_command:Invoking command in '/home/smartway/ros2_ws/install/rpi_robot_bringup/build/rpi_robot_bringup': CMAKE_PREFIX_PATH=/opt/ros/foxy /usr/bin/cmake /home/smartway/ros2_ws/install/rpi_robot_bringup/share/rpi_robot_bringup -DCMAKE_INSTALL_PREFIX=/home/smartway/ros2_ws/install/rpi_robot_bringup/install/rpi_robot_bringup
[2.866s] DEBUG:colcon.colcon_core.event_handler.log_command:Invoked command in '/home/smartway/ros2_ws/install/rpi_robot_bringup/build/rpi_robot_bringup' returned '1': CMAKE_PREFIX_PATH=/opt/ros/foxy /usr/bin/cmake /home/smartway/ros2_ws/install/rpi_robot_bringup/share/rpi_robot_bringup -DCMAKE_INSTALL_PREFIX=/home/smartway/ros2_ws/install/rpi_robot_bringup/install/rpi_robot_bringup
[2.885s] DEBUG:colcon.colcon_parallel_executor.executor.parallel:closing loop
[2.886s] DEBUG:colcon.colcon_parallel_executor.executor.parallel:loop closed
[2.886s] DEBUG:colcon.colcon_parallel_executor.executor.parallel:run_until_complete finished with 'argument of type 'NoneType' is not iterable'
[2.887s] DEBUG:colcon.colcon_core.event_reactor:joining thread
[2.923s] INFO:colcon.colcon_core.plugin_system:Skipping extension 'colcon_notification.desktop_notification.terminal_notifier': Not used on non-Darwin systems
[2.923s] INFO:colcon.colcon_core.plugin_system:Skipping extension 'colcon_notification.desktop_notification.win32': Not used on non-Windows systems
[2.923s] INFO:colcon.colcon_notification.desktop_notification:Sending desktop notification using 'notify2'
[2.992s] DEBUG:colcon.colcon_core.event_reactor:joined thread
[2.999s] INFO:colcon.colcon_core.shell:Creating prefix script '/home/smartway/ros2_ws/install/rpi_robot_bringup/install/local_setup.ps1'
[3.005s] INFO:colcon.colcon_core.shell:Creating prefix util module '/home/smartway/ros2_ws/install/rpi_robot_bringup/install/_local_setup_util_ps1.py'
[3.026s] INFO:colcon.colcon_core.shell:Creating prefix chain script '/home/smartway/ros2_ws/install/rpi_robot_bringup/install/setup.ps1'
[3.046s] INFO:colcon.colcon_core.shell:Creating prefix script '/home/smartway/ros2_ws/install/rpi_robot_bringup/install/local_setup.sh'
[3.050s] INFO:colcon.colcon_core.shell:Creating prefix util module '/home/smartway/ros2_ws/install/rpi_robot_bringup/install/_local_setup_util_sh.py'
[3.058s] INFO:colcon.colcon_core.shell:Creating prefix chain script '/home/smartway/ros2_ws/install/rpi_robot_bringup/install/setup.sh'
[3.066s] INFO:colcon.colcon_core.shell:Creating prefix script '/home/smartway/ros2_ws/install/rpi_robot_bringup/install/local_setup.bash'
[3.072s] INFO:colcon.colcon_core.shell:Creating prefix chain script '/home/smartway/ros2_ws/install/rpi_robot_bringup/install/setup.bash'
[3.079s] INFO:colcon.colcon_core.shell:Creating prefix script '/home/smartway/ros2_ws/install/rpi_robot_bringup/install/local_setup.zsh'
[3.087s] INFO:colcon.colcon_core.shell:Creating prefix chain script '/home/smartway/ros2_ws/install/rpi_robot_bringup/install/setup.zsh'
