[3.472s] Invoking command in '/home/smartway/ros2_ws/src/rccontrol': PYTHONPATH=/home/smartway/ros2_ws/src/build/rccontrol/prefix_override:/home/smartway/ros2_ws/src/install/rccontrol/lib/python3.8/site-packages:${PYTHONPATH} /usr/bin/python3 setup.py egg_info --egg-base ../build/rccontrol build --build-base /home/smartway/ros2_ws/src/build/rccontrol/build install --record /home/smartway/ros2_ws/src/build/rccontrol/install.log --install-scripts $base/lib/rccontrol --single-version-externally-managed
[4.442s] running egg_info
[4.444s] creating ../build/rccontrol/rccontrol.egg-info
[4.444s] writing ../build/rccontrol/rccontrol.egg-info/PKG-INFO
[4.445s] writing dependency_links to ../build/rccontrol/rccontrol.egg-info/dependency_links.txt
[4.446s] writing entry points to ../build/rccontrol/rccontrol.egg-info/entry_points.txt
[4.447s] writing requirements to ../build/rccontrol/rccontrol.egg-info/requires.txt
[4.447s] writing top-level names to ../build/rccontrol/rccontrol.egg-info/top_level.txt
[4.463s] writing manifest file '../build/rccontrol/rccontrol.egg-info/SOURCES.txt'
[4.591s] reading manifest file '../build/rccontrol/rccontrol.egg-info/SOURCES.txt'
[4.594s] writing manifest file '../build/rccontrol/rccontrol.egg-info/SOURCES.txt'
[4.595s] running build
[4.595s] running build_py
[4.596s] creating /home/smartway/ros2_ws/src/build/rccontrol/build
[4.596s] creating /home/smartway/ros2_ws/src/build/rccontrol/build/lib
[4.597s] creating /home/smartway/ros2_ws/src/build/rccontrol/build/lib/rccontrol
[4.597s] copying rccontrol/__init__.py -> /home/smartway/ros2_ws/src/build/rccontrol/build/lib/rccontrol
[4.597s] running install
[4.600s] running install_lib
[4.604s] creating /home/smartway/ros2_ws/src/install/rccontrol/lib/python3.8/site-packages/rccontrol
[4.604s] copying /home/smartway/ros2_ws/src/build/rccontrol/build/lib/rccontrol/__init__.py -> /home/smartway/ros2_ws/src/install/rccontrol/lib/python3.8/site-packages/rccontrol
[4.607s] byte-compiling /home/smartway/ros2_ws/src/install/rccontrol/lib/python3.8/site-packages/rccontrol/__init__.py to __init__.cpython-38.pyc
[4.611s] running install_data
[4.613s] creating /home/smartway/ros2_ws/src/install/rccontrol/share/ament_index
[4.614s] creating /home/smartway/ros2_ws/src/install/rccontrol/share/ament_index/resource_index
[4.614s] creating /home/smartway/ros2_ws/src/install/rccontrol/share/ament_index/resource_index/packages
[4.615s] copying resource/rccontrol -> /home/smartway/ros2_ws/src/install/rccontrol/share/ament_index/resource_index/packages
[4.615s] copying package.xml -> /home/smartway/ros2_ws/src/install/rccontrol/share/rccontrol
[4.615s] running install_egg_info
[4.621s] Copying ../build/rccontrol/rccontrol.egg-info to /home/smartway/ros2_ws/src/install/rccontrol/lib/python3.8/site-packages/rccontrol-0.0.0-py3.8.egg-info
[4.625s] running install_scripts
[4.697s] writing list of installed files to '/home/smartway/ros2_ws/src/build/rccontrol/install.log'
[4.800s] Invoked command in '/home/smartway/ros2_ws/src/rccontrol' returned '0': PYTHONPATH=/home/smartway/ros2_ws/src/build/rccontrol/prefix_override:/home/smartway/ros2_ws/src/install/rccontrol/lib/python3.8/site-packages:${PYTHONPATH} /usr/bin/python3 setup.py egg_info --egg-base ../build/rccontrol build --build-base /home/smartway/ros2_ws/src/build/rccontrol/build install --record /home/smartway/ros2_ws/src/build/rccontrol/install.log --install-scripts $base/lib/rccontrol --single-version-externally-managed
