[5.769s] Invoking command in '/home/smartway/ros2_ws/rpi-robot-ros-foxy/rpi_robot_control': PYTHONPATH=/home/smartway/ros2_ws/build/rpi_robot_control/prefix_override:/home/smartway/ros2_ws/install/rpi_robot_control/lib/python3.8/site-packages:${PYTHONPATH} /usr/bin/python3 setup.py egg_info --egg-base ../../build/rpi_robot_control build --build-base /home/smartway/ros2_ws/build/rpi_robot_control/build install --record /home/smartway/ros2_ws/build/rpi_robot_control/install.log --install-scripts $base/lib/rpi_robot_control --single-version-externally-managed
[7.557s] running egg_info
[7.563s] writing ../../build/rpi_robot_control/rpi_robot_control.egg-info/PKG-INFO
[7.572s] writing dependency_links to ../../build/rpi_robot_control/rpi_robot_control.egg-info/dependency_links.txt
[7.584s] writing entry points to ../../build/rpi_robot_control/rpi_robot_control.egg-info/entry_points.txt
[7.586s] writing requirements to ../../build/rpi_robot_control/rpi_robot_control.egg-info/requires.txt
[7.588s] writing top-level names to ../../build/rpi_robot_control/rpi_robot_control.egg-info/top_level.txt
[7.784s] reading manifest file '../../build/rpi_robot_control/rpi_robot_control.egg-info/SOURCES.txt'
[7.790s] writing manifest file '../../build/rpi_robot_control/rpi_robot_control.egg-info/SOURCES.txt'
[7.791s] running build
[7.792s] running build_py
[7.796s] running install
[7.801s] running install_lib
[7.809s] running install_data
[7.813s] running install_egg_info
[7.822s] removing '/home/smartway/ros2_ws/install/rpi_robot_control/lib/python3.8/site-packages/rpi_robot_control-0.0.0-py3.8.egg-info' (and everything under it)
[7.825s] Copying ../../build/rpi_robot_control/rpi_robot_control.egg-info to /home/smartway/ros2_ws/install/rpi_robot_control/lib/python3.8/site-packages/rpi_robot_control-0.0.0-py3.8.egg-info
[7.833s] running install_scripts
[7.950s] Installing go_to_goal script to /home/smartway/ros2_ws/install/rpi_robot_control/lib/rpi_robot_control
[7.953s] writing list of installed files to '/home/smartway/ros2_ws/build/rpi_robot_control/install.log'
[8.192s] Invoked command in '/home/smartway/ros2_ws/rpi-robot-ros-foxy/rpi_robot_control' returned '0': PYTHONPATH=/home/smartway/ros2_ws/build/rpi_robot_control/prefix_override:/home/smartway/ros2_ws/install/rpi_robot_control/lib/python3.8/site-packages:${PYTHONPATH} /usr/bin/python3 setup.py egg_info --egg-base ../../build/rpi_robot_control build --build-base /home/smartway/ros2_ws/build/rpi_robot_control/build install --record /home/smartway/ros2_ws/build/rpi_robot_control/install.log --install-scripts $base/lib/rpi_robot_control --single-version-externally-managed
