[0.242s] Invoking command in '/home/smartway/ros2_ws/build/rplidar_ros': CMAKE_PREFIX_PATH=${CMAKE_PREFIX_PATH}:/home/smartway/ros2_ws/install/rpi_robot_control:/home/smartway/ros2_ws/install/nav2_gazebo_spawner:/opt/ros/foxy /usr/bin/cmake --build /home/smartway/ros2_ws/build/rplidar_ros -- -j4 -l4
[1.048s] [35m[1mScanning dependencies of target rplidar_composition_node[0m
[1.345s] [  5%] [32mBuilding CXX object CMakeFiles/rplidar_composition_node.dir/src/rplidar_node.cpp.o[0m
[3.692s] In file included from [01m[K/home/smartway/ros2_ws/rplidar_ros2/src/rplidar_node.cpp:36[m[K:
[3.695s] [01m[K/home/smartway/ros2_ws/rplidar_ros2/include/rplidar_node.hpp:50:[m[K [01;35m[Kwarning: [m[K"M_PI" redefined
[3.696s]    50 | #define M_PI 3.1415926535897932384626433832795
[3.698s]       | 
[3.701s] In file included from [01m[K/usr/include/c++/9/cmath:45[m[K,
[3.704s]                  from [01m[K/opt/ros/foxy/include/libstatistics_collector/moving_average_statistics/types.hpp:18[m[K,
[3.711s]                  from [01m[K/opt/ros/foxy/include/libstatistics_collector/collector/generate_statistics_message.hpp:24[m[K,
[3.720s]                  from [01m[K/opt/ros/foxy/include/rclcpp/topic_statistics/subscription_topic_statistics.hpp:23[m[K,
[3.729s]                  from [01m[K/opt/ros/foxy/include/rclcpp/subscription.hpp:50[m[K,
[3.731s]                  from [01m[K/opt/ros/foxy/include/rclcpp/any_executable.hpp:25[m[K,
[3.731s]                  from [01m[K/opt/ros/foxy/include/rclcpp/memory_strategy.hpp:24[m[K,
[3.737s]                  from [01m[K/opt/ros/foxy/include/rclcpp/memory_strategies.hpp:18[m[K,
[3.738s]                  from [01m[K/opt/ros/foxy/include/rclcpp/executor_options.hpp:20[m[K,
[3.739s]                  from [01m[K/opt/ros/foxy/include/rclcpp/executor.hpp:33[m[K,
[3.739s]                  from [01m[K/opt/ros/foxy/include/rclcpp/executors/multi_threaded_executor.hpp:26[m[K,
[3.741s]                  from [01m[K/opt/ros/foxy/include/rclcpp/executors.hpp:21[m[K,
[3.742s]                  from [01m[K/opt/ros/foxy/include/rclcpp/rclcpp.hpp:146[m[K,
[3.744s]                  from [01m[K/home/smartway/ros2_ws/rplidar_ros2/include/rplidar_node.hpp:34[m[K,
[3.750s]                  from [01m[K/home/smartway/ros2_ws/rplidar_ros2/src/rplidar_node.cpp:36[m[K:
[3.750s] [01m[K/usr/include/math.h:1070:[m[K [01;36m[Knote: [m[Kthis is the location of the previous definition
[3.751s]  1070 | # define M_PI  3.14159265358979323846 /* pi */
[3.752s]       | 
[11.598s] In file included from [01m[K/home/smartway/ros2_ws/rplidar_ros2/./sdk/include/rplidar.h:39[m[K,
[11.600s]                  from [01m[K/home/smartway/ros2_ws/rplidar_ros2/include/rplidar_node.hpp:41[m[K,
[11.602s]                  from [01m[K/home/smartway/ros2_ws/rplidar_ros2/src/rplidar_node.cpp:36[m[K:
[11.605s] [01m[K/home/smartway/ros2_ws/rplidar_ros2/./sdk/include/rplidar_protocol.h:59:14:[m[K [01;35m[Kwarning: [m[KISO C++ forbids zero-size array ‘[01m[Kdata[m[K’ [[01;35m[K-Wpedantic[m[K]
[11.607s]    59 |     _u8 data[[01;35m[K0[m[K];
[11.608s]       |              [01;35m[K^[m[K
[11.609s] In file included from [01m[K/home/smartway/ros2_ws/rplidar_ros2/./sdk/include/rplidar.h:40[m[K,
[11.614s]                  from [01m[K/home/smartway/ros2_ws/rplidar_ros2/include/rplidar_node.hpp:41[m[K,
[11.616s]                  from [01m[K/home/smartway/ros2_ws/rplidar_ros2/src/rplidar_node.cpp:36[m[K:
[11.618s] [01m[K/home/smartway/ros2_ws/rplidar_ros2/./sdk/include/rplidar_cmd.h:260:18:[m[K [01;35m[Kwarning: [m[KISO C++ forbids zero-size array ‘[01m[Kpayload[m[K’ [[01;35m[K-Wpedantic[m[K]
[11.620s]   260 |     _u8  payload[[01;35m[K0[m[K];
[11.622s]       |                  [01;35m[K^[m[K
[12.133s] [01m[K/home/smartway/ros2_ws/rplidar_ros2/src/rplidar_node.cpp:[m[K In member function ‘[01m[Kvoid rplidar_ros::rplidar_node::stop_motor({anonymous}::EmptyRequest, {anonymous}::EmptyResponse)[m[K’:
[12.134s] [01m[K/home/smartway/ros2_ws/rplidar_ros2/src/rplidar_node.cpp:245:50:[m[K [01;35m[Kwarning: [m[Kunused parameter ‘[01m[Kreq[m[K’ [[01;35m[K-Wunused-parameter[m[K]
[12.135s]   245 | void rplidar_node::stop_motor([01;35m[Kconst EmptyRequest req[m[K, EmptyResponse res)
[12.135s]       |                               [01;35m[K~~~~~~~~~~~~~~~~~~~^~~[m[K
[12.136s] [01m[K/home/smartway/ros2_ws/rplidar_ros2/src/rplidar_node.cpp:245:69:[m[K [01;35m[Kwarning: [m[Kunused parameter ‘[01m[Kres[m[K’ [[01;35m[K-Wunused-parameter[m[K]
[12.137s]   245 | void rplidar_node::stop_motor(const EmptyRequest req, [01;35m[KEmptyResponse res[m[K)
[12.139s]       |                                                       [01;35m[K~~~~~~~~~~~~~~^~~[m[K
[12.140s] [01m[K/home/smartway/ros2_ws/rplidar_ros2/src/rplidar_node.cpp:[m[K In member function ‘[01m[Kvoid rplidar_ros::rplidar_node::start_motor({anonymous}::EmptyRequest, {anonymous}::EmptyResponse)[m[K’:
[12.154s] [01m[K/home/smartway/ros2_ws/rplidar_ros2/src/rplidar_node.cpp:256:51:[m[K [01;35m[Kwarning: [m[Kunused parameter ‘[01m[Kreq[m[K’ [[01;35m[K-Wunused-parameter[m[K]
[12.155s]   256 | void rplidar_node::start_motor([01;35m[Kconst EmptyRequest req[m[K, EmptyResponse res)
[12.155s]       |                                [01;35m[K~~~~~~~~~~~~~~~~~~~^~~[m[K
[12.156s] [01m[K/home/smartway/ros2_ws/rplidar_ros2/src/rplidar_node.cpp:256:70:[m[K [01;35m[Kwarning: [m[Kunused parameter ‘[01m[Kres[m[K’ [[01;35m[K-Wunused-parameter[m[K]
[12.157s]   256 | void rplidar_node::start_motor(const EmptyRequest req, [01;35m[KEmptyResponse res[m[K)
[12.157s]       |                                                        [01;35m[K~~~~~~~~~~~~~~^~~[m[K
[12.194s] [01m[K/home/smartway/ros2_ws/rplidar_ros2/src/rplidar_node.cpp:[m[K In member function ‘[01m[Kvoid rplidar_ros::rplidar_node::publish_loop()[m[K’:
[12.195s] [01m[K/home/smartway/ros2_ws/rplidar_ros2/src/rplidar_node.cpp:343:46:[m[K [01;35m[Kwarning: [m[KISO C++ forbids variable length array ‘[01m[Kangle_compensate_nodes[m[K’ [[01;35m[K-Wvla[m[K]
[12.196s]   343 |       rplidar_response_measurement_node_hq_t [01;35m[Kangle_compensate_nodes[m[K[angle_compensate_nodes_count];
[12.196s]       |                                              [01;35m[K^~~~~~~~~~~~~~~~~~~~~~[m[K
[12.197s] [01m[K/home/smartway/ros2_ws/rplidar_ros2/src/rplidar_node.cpp:353:25:[m[K [01;35m[Kwarning: [m[Kcomparison of integer expressions of different signedness: ‘[01m[Ksize_t[m[K’ {aka ‘[01m[Klong unsigned int[m[K’} and ‘[01m[Kint[m[K’ [[01;35m[K-Wsign-compare[m[K]
[12.198s]   353 |           for (j = 0; [01;35m[Kj < m_angle_compensate_multiple[m[K; j++) {
[12.198s]       |                       [01;35m[K~~^~~~~~~~~~~~~~~~~~~~~~~~~~~~~[m[K
[12.199s] [01m[K/home/smartway/ros2_ws/rplidar_ros2/src/rplidar_node.cpp:374:44:[m[K [01;35m[Kwarning: [m[Kcomparison of integer expressions of different signedness: ‘[01m[Ksize_t[m[K’ {aka ‘[01m[Klong unsigned int[m[K’} and ‘[01m[Kint[m[K’ [[01;35m[K-Wsign-compare[m[K]
[12.199s]   374 |       for (size_t x = start_node, y = 0; [01;35m[Kx < end_node[m[K; ++x, ++y) {
[12.199s]       |                                          [01;35m[K~~^~~~~~~~~~[m[K
[12.246s] [01m[K/home/smartway/ros2_ws/rplidar_ros2/src/rplidar_node.cpp:381:11:[m[K [01;35m[Kwarning: [m[Kunused variable ‘[01m[Kangle_min[m[K’ [[01;35m[K-Wunused-variable[m[K]
[12.247s]   381 |     float [01;35m[Kangle_min[m[K = deg_2_rad(0.0f);
[12.248s]       |           [01;35m[K^~~~~~~~~[m[K
[12.249s] [01m[K/home/smartway/ros2_ws/rplidar_ros2/src/rplidar_node.cpp:382:11:[m[K [01;35m[Kwarning: [m[Kunused variable ‘[01m[Kangle_max[m[K’ [[01;35m[K-Wunused-variable[m[K]
[12.249s]   382 |     float [01;35m[Kangle_max[m[K = deg_2_rad(359.0f);
[12.250s]       |           [01;35m[K^~~~~~~~~[m[K
[32.654s] [ 11%] [32m[1mLinking CXX shared library librplidar_composition_node.so[0m
[34.760s] [ 38%] Built target rplidar_composition_node
[35.071s] [ 77%] Built target rplidarNode
[35.488s] [ 83%] [32m[1mLinking CXX executable rplidar_composition[0m
[37.047s] [ 88%] Built target rplidar_composition
[37.323s] [100%] Built target rplidarNodeClient
[37.459s] Invoked command in '/home/smartway/ros2_ws/build/rplidar_ros' returned '0': CMAKE_PREFIX_PATH=${CMAKE_PREFIX_PATH}:/home/smartway/ros2_ws/install/rpi_robot_control:/home/smartway/ros2_ws/install/nav2_gazebo_spawner:/opt/ros/foxy /usr/bin/cmake --build /home/smartway/ros2_ws/build/rplidar_ros -- -j4 -l4
[38.581s] Invoking command in '/home/smartway/ros2_ws/build/rplidar_ros': CMAKE_PREFIX_PATH=${CMAKE_PREFIX_PATH}:/home/smartway/ros2_ws/install/rpi_robot_control:/home/smartway/ros2_ws/install/nav2_gazebo_spawner:/opt/ros/foxy /usr/bin/cmake --install /home/smartway/ros2_ws/build/rplidar_ros
[38.690s] -- Install configuration: ""
[38.691s] -- Up-to-date: /home/smartway/ros2_ws/install/rplidar_ros/lib/rplidar_ros/rplidarNode
[38.693s] -- Up-to-date: /home/smartway/ros2_ws/install/rplidar_ros/lib/rplidar_ros/rplidarNodeClient
[38.696s] -- Installing: /home/smartway/ros2_ws/install/rplidar_ros/lib/rplidar_ros/rplidar_composition
[38.700s] -- Set runtime path of "/home/smartway/ros2_ws/install/rplidar_ros/lib/rplidar_ros/rplidar_composition" to ""
[38.701s] -- Up-to-date: /home/smartway/ros2_ws/install/rplidar_ros/share/rplidar_ros/launch
[38.703s] -- Up-to-date: /home/smartway/ros2_ws/install/rplidar_ros/share/rplidar_ros/launch/rplidar.launch.py
[38.704s] -- Up-to-date: /home/smartway/ros2_ws/install/rplidar_ros/share/rplidar_ros/launch/rplidar_a3.launch.py
[38.706s] -- Up-to-date: /home/smartway/ros2_ws/install/rplidar_ros/share/rplidar_ros/launch/view_rplidar.launch.py
[38.708s] -- Up-to-date: /home/smartway/ros2_ws/install/rplidar_ros/share/rplidar_ros/launch/rplidar_s1_tcp.launch.py
[38.710s] -- Up-to-date: /home/smartway/ros2_ws/install/rplidar_ros/share/rplidar_ros/launch/view_rplidar_a3.launch.py
[38.712s] -- Up-to-date: /home/smartway/ros2_ws/install/rplidar_ros/share/rplidar_ros/launch/view_rplidar_s1.launch.py
[38.715s] -- Up-to-date: /home/smartway/ros2_ws/install/rplidar_ros/share/rplidar_ros/launch/test_rplidar.launch.py
[38.717s] -- Up-to-date: /home/smartway/ros2_ws/install/rplidar_ros/share/rplidar_ros/launch/view_rplidar_s1_tcp.launch.py
[38.720s] -- Up-to-date: /home/smartway/ros2_ws/install/rplidar_ros/share/rplidar_ros/launch/test_rplidar_a3.launch.py
[38.722s] -- Up-to-date: /home/smartway/ros2_ws/install/rplidar_ros/share/rplidar_ros/launch/rplidar_s1.launch.py
[38.725s] -- Up-to-date: /home/smartway/ros2_ws/install/rplidar_ros/share/rplidar_ros/rviz
[38.725s] -- Up-to-date: /home/smartway/ros2_ws/install/rplidar_ros/share/rplidar_ros/rviz/rplidar.rviz
[38.726s] -- Installing: /home/smartway/ros2_ws/install/rplidar_ros/lib/librplidar_composition_node.so
[38.739s] -- Set runtime path of "/home/smartway/ros2_ws/install/rplidar_ros/lib/librplidar_composition_node.so" to ""
[38.740s] -- Up-to-date: /home/smartway/ros2_ws/install/rplidar_ros/include
[38.741s] -- Up-to-date: /home/smartway/ros2_ws/install/rplidar_ros/include/rplidar_node.hpp
[38.741s] -- Up-to-date: /home/smartway/ros2_ws/install/rplidar_ros/include/visibility.h
[38.742s] -- Up-to-date: /home/smartway/ros2_ws/install/rplidar_ros/lib/rplidar_ros/rplidarNode
[38.743s] -- Up-to-date: /home/smartway/ros2_ws/install/rplidar_ros/lib/rplidar_ros/rplidarNodeClient
[38.745s] -- Up-to-date: /home/smartway/ros2_ws/install/rplidar_ros/lib/rplidar_ros/rplidar_composition
[38.747s] -- Up-to-date: /home/smartway/ros2_ws/install/rplidar_ros/share/ament_index/resource_index/package_run_dependencies/rplidar_ros
[38.747s] -- Up-to-date: /home/smartway/ros2_ws/install/rplidar_ros/share/ament_index/resource_index/parent_prefix_path/rplidar_ros
[38.748s] -- Up-to-date: /home/smartway/ros2_ws/install/rplidar_ros/share/rplidar_ros/environment/ament_prefix_path.sh
[38.750s] -- Up-to-date: /home/smartway/ros2_ws/install/rplidar_ros/share/rplidar_ros/environment/ament_prefix_path.dsv
[38.751s] -- Up-to-date: /home/smartway/ros2_ws/install/rplidar_ros/share/rplidar_ros/environment/path.sh
[38.752s] -- Up-to-date: /home/smartway/ros2_ws/install/rplidar_ros/share/rplidar_ros/environment/path.dsv
[38.754s] -- Up-to-date: /home/smartway/ros2_ws/install/rplidar_ros/share/rplidar_ros/local_setup.bash
[38.755s] -- Up-to-date: /home/smartway/ros2_ws/install/rplidar_ros/share/rplidar_ros/local_setup.sh
[38.756s] -- Up-to-date: /home/smartway/ros2_ws/install/rplidar_ros/share/rplidar_ros/local_setup.zsh
[38.758s] -- Up-to-date: /home/smartway/ros2_ws/install/rplidar_ros/share/rplidar_ros/local_setup.dsv
[38.760s] -- Installing: /home/smartway/ros2_ws/install/rplidar_ros/share/rplidar_ros/package.dsv
[38.762s] -- Up-to-date: /home/smartway/ros2_ws/install/rplidar_ros/share/ament_index/resource_index/packages/rplidar_ros
[38.764s] -- Up-to-date: /home/smartway/ros2_ws/install/rplidar_ros/share/rplidar_ros/cmake/ament_cmake_export_dependencies-extras.cmake
[38.775s] -- Up-to-date: /home/smartway/ros2_ws/install/rplidar_ros/share/rplidar_ros/cmake/ament_cmake_export_include_directories-extras.cmake
[38.776s] -- Up-to-date: /home/smartway/ros2_ws/install/rplidar_ros/share/rplidar_ros/cmake/rplidar_rosConfig.cmake
[38.777s] -- Up-to-date: /home/smartway/ros2_ws/install/rplidar_ros/share/rplidar_ros/cmake/rplidar_rosConfig-version.cmake
[38.788s] -- Up-to-date: /home/smartway/ros2_ws/install/rplidar_ros/share/rplidar_ros/package.xml
[38.790s] Invoked command in '/home/smartway/ros2_ws/build/rplidar_ros' returned '0': CMAKE_PREFIX_PATH=${CMAKE_PREFIX_PATH}:/home/smartway/ros2_ws/install/rpi_robot_control:/home/smartway/ros2_ws/install/nav2_gazebo_spawner:/opt/ros/foxy /usr/bin/cmake --install /home/smartway/ros2_ws/build/rplidar_ros
