[0.158s] Invoking command in '/home/smartway/ros2_ws/build/nav2_common': /usr/bin/cmake /home/smartway/ros2_ws/src/navigation2/nav2_common -DCMAKE_INSTALL_PREFIX=/home/smartway/ros2_ws/install/nav2_common
[1.082s] -- Configuring incomplete, errors occurred!
[1.084s] See also "/home/smartway/ros2_ws/build/nav2_common/CMakeFiles/CMakeOutput.log".
[1.085s] CMake Error at CMakeLists.txt:5 (find_package):
[1.087s]   By not providing "Findament_cmake_core.cmake" in CMAKE_MODULE_PATH this
[1.088s]   project has asked CMake to find a package configuration file provided by
[1.089s]   "ament_cmake_core", but CMake did not find one.
[1.089s] 
[1.090s]   Could not find a package configuration file provided by "ament_cmake_core"
[1.096s]   with any of the following names:
[1.098s] 
[1.099s]     ament_cmake_coreConfig.cmake
[1.099s]     ament_cmake_core-config.cmake
[1.100s] 
[1.102s]   Add the installation prefix of "ament_cmake_core" to CMAKE_PREFIX_PATH or
[1.104s]   set "ament_cmake_core_DIR" to a directory containing one of the above
[1.105s]   files.  If "ament_cmake_core" provides a separate development package or
[1.106s]   SDK, be sure it has been installed.
[1.107s] 
[1.114s] 
[1.156s] Invoked command in '/home/smartway/ros2_ws/build/nav2_common' returned '1': /usr/bin/cmake /home/smartway/ros2_ws/src/navigation2/nav2_common -DCMAKE_INSTALL_PREFIX=/home/smartway/ros2_ws/install/nav2_common
