[0.277s] Invoking command in '/home/smartway/ros2_ws/build/nav2_waypoint_follower': AMENT_PREFIX_PATH=/home/smartway/ros2_ws/install/nav2_util:/home/smartway/ros2_ws/install/nav2_msgs:/home/smartway/ros2_ws/install/nav2_common:${AMENT_PREFIX_PATH} CMAKE_PREFIX_PATH=/home/smartway/ros2_ws/install/nav2_util:/home/smartway/ros2_ws/install/nav2_msgs:/home/smartway/ros2_ws/install/nav2_common:/build/rpi_robot_action_interfaces:/build/rpi_robot_bringup:/build/rpi_robot_slam:/build/rplidar_ros:/opt/ros/foxy LD_LIBRARY_PATH=/home/smartway/ros2_ws/install/nav2_util/lib:/home/smartway/ros2_ws/install/nav2_msgs/lib:/opt/ros/foxy/opt/yaml_cpp_vendor/lib:/opt/ros/foxy/opt/rviz_ogre_vendor/lib:/opt/ros/foxy/lib/aarch64-linux-gnu:/opt/ros/foxy/lib:/usr/lib/aarch64-linux-gnu/gazebo-11/plugins PYTHONPATH=/home/smartway/ros2_ws/install/nav2_msgs/lib/python3.8/site-packages:/home/smartway/ros2_ws/install/nav2_common/lib/python3.8/site-packages:${PYTHONPATH} /usr/bin/cmake /home/smartway/ros2_ws/src/navigation2/nav2_waypoint_follower -DCMAKE_INSTALL_PREFIX=/home/smartway/ros2_ws/install/nav2_waypoint_follower
[0.703s] -- The C compiler identification is GNU 9.4.0
[1.101s] -- The CXX compiler identification is GNU 9.4.0
[1.136s] -- Check for working C compiler: /usr/bin/cc
[1.638s] -- Check for working C compiler: /usr/bin/cc -- works
[1.644s] -- Detecting C compiler ABI info
[2.158s] -- Detecting C compiler ABI info - done
[2.221s] -- Detecting C compile features
[2.224s] -- Detecting C compile features - done
[2.241s] -- Check for working CXX compiler: /usr/bin/c++
[2.798s] -- Check for working CXX compiler: /usr/bin/c++ -- works
[2.804s] -- Detecting CXX compiler ABI info
[3.347s] -- Detecting CXX compiler ABI info - done
[3.439s] -- Detecting CXX compile features
[3.449s] -- Detecting CXX compile features - done
[3.481s] -- Found ament_cmake: 0.9.11 (/opt/ros/foxy/share/ament_cmake/cmake)
[3.739s] -- Found PythonInterp: /usr/bin/python3 (found suitable version "3.8.10", minimum required is "3") 
[3.740s] -- Using PYTHON_EXECUTABLE: /usr/bin/python3
[5.759s] -- Found nav2_common: 0.4.7 (/home/smartway/ros2_ws/install/nav2_common/share/nav2_common/cmake)
[5.782s] -- Found rclcpp: 2.4.2 (/opt/ros/foxy/share/rclcpp/cmake)
[6.258s] -- Using all available rosidl_typesupport_c: rosidl_typesupport_fastrtps_c;rosidl_typesupport_introspection_c
[6.346s] -- Found rosidl_adapter: 1.3.0 (/opt/ros/foxy/share/rosidl_adapter/cmake)
[7.163s] -- Found OpenSSL: /usr/lib/aarch64-linux-gnu/libcrypto.so (found version "1.1.1f")  
[7.573s] -- Found FastRTPS: /opt/ros/foxy/include  
[8.427s] -- Using all available rosidl_typesupport_cpp: rosidl_typesupport_fastrtps_cpp;rosidl_typesupport_introspection_cpp
[8.871s] -- Found rmw_implementation_cmake: 1.0.4 (/opt/ros/foxy/share/rmw_implementation_cmake/cmake)
[8.880s] -- Using RMW implementation 'rmw_fastrtps_cpp' as default
[8.885s] -- Looking for pthread.h
[9.373s] -- Looking for pthread.h - found
[9.376s] -- Performing Test CMAKE_HAVE_LIBC_PTHREAD
[9.900s] -- Performing Test CMAKE_HAVE_LIBC_PTHREAD - Failed
[9.902s] -- Looking for pthread_create in pthreads
[10.340s] -- Looking for pthread_create in pthreads - not found
[10.343s] -- Looking for pthread_create in pthread
[10.897s] -- Looking for pthread_create in pthread - found
[10.903s] -- Found Threads: TRUE  
[11.995s] -- Found rclcpp_action: 2.4.2 (/opt/ros/foxy/share/rclcpp_action/cmake)
[12.524s] -- Found rclcpp_lifecycle: 2.4.2 (/opt/ros/foxy/share/rclcpp_lifecycle/cmake)
[12.792s] -- Found nav_msgs: 2.0.5 (/opt/ros/foxy/share/nav_msgs/cmake)
[13.498s] -- Found nav2_msgs: 0.4.7 (/home/smartway/ros2_ws/install/nav2_msgs/share/nav2_msgs/cmake)
[14.715s] -- Found nav2_util: 0.4.7 (/home/smartway/ros2_ws/install/nav2_util/share/nav2_util/cmake)
[16.596s] -- Found eigen3_cmake_module: 0.1.1 (/opt/ros/foxy/share/eigen3_cmake_module/cmake)
[16.635s] -- Found Eigen3: TRUE (found version "3.3.7") 
[17.420s] -- Setting build type to Release as none was specified.
[18.947s] -- Found ament_lint_auto: 0.9.8 (/opt/ros/foxy/share/ament_lint_auto/cmake)
[19.603s] -- Added test 'copyright' to check source files copyright and LICENSE
[19.615s] -- Added test 'cppcheck' to perform static code analysis on C / C++ code
[19.620s] -- Configured cppcheck include dirs: /home/smartway/ros2_ws/src/navigation2/nav2_waypoint_follower/include
[19.621s] -- Configured cppcheck exclude dirs and/or files: 
[19.633s] -- Added test 'cpplint' to check C / C++ code against the Google style
[19.635s] -- Configured cpplint exclude dirs and/or files: 
[19.643s] -- Added test 'lint_cmake' to check CMake code style
[19.656s] -- Added test 'uncrustify' to check C / C++ code style
[19.657s] -- Configured uncrustify additional arguments: 
[19.663s] -- Added test 'xmllint' to check XML markup files
[19.709s] -- Configuring done
[20.138s] -- Generating done
[20.151s] -- Build files have been written to: /home/smartway/ros2_ws/build/nav2_waypoint_follower
[20.230s] Invoked command in '/home/smartway/ros2_ws/build/nav2_waypoint_follower' returned '0': AMENT_PREFIX_PATH=/home/smartway/ros2_ws/install/nav2_util:/home/smartway/ros2_ws/install/nav2_msgs:/home/smartway/ros2_ws/install/nav2_common:${AMENT_PREFIX_PATH} CMAKE_PREFIX_PATH=/home/smartway/ros2_ws/install/nav2_util:/home/smartway/ros2_ws/install/nav2_msgs:/home/smartway/ros2_ws/install/nav2_common:/build/rpi_robot_action_interfaces:/build/rpi_robot_bringup:/build/rpi_robot_slam:/build/rplidar_ros:/opt/ros/foxy LD_LIBRARY_PATH=/home/smartway/ros2_ws/install/nav2_util/lib:/home/smartway/ros2_ws/install/nav2_msgs/lib:/opt/ros/foxy/opt/yaml_cpp_vendor/lib:/opt/ros/foxy/opt/rviz_ogre_vendor/lib:/opt/ros/foxy/lib/aarch64-linux-gnu:/opt/ros/foxy/lib:/usr/lib/aarch64-linux-gnu/gazebo-11/plugins PYTHONPATH=/home/smartway/ros2_ws/install/nav2_msgs/lib/python3.8/site-packages:/home/smartway/ros2_ws/install/nav2_common/lib/python3.8/site-packages:${PYTHONPATH} /usr/bin/cmake /home/smartway/ros2_ws/src/navigation2/nav2_waypoint_follower -DCMAKE_INSTALL_PREFIX=/home/smartway/ros2_ws/install/nav2_waypoint_follower
[20.237s] Invoking command in '/home/smartway/ros2_ws/build/nav2_waypoint_follower': AMENT_PREFIX_PATH=/home/smartway/ros2_ws/install/nav2_util:/home/smartway/ros2_ws/install/nav2_msgs:/home/smartway/ros2_ws/install/nav2_common:${AMENT_PREFIX_PATH} CMAKE_PREFIX_PATH=/home/smartway/ros2_ws/install/nav2_util:/home/smartway/ros2_ws/install/nav2_msgs:/home/smartway/ros2_ws/install/nav2_common:/build/rpi_robot_action_interfaces:/build/rpi_robot_bringup:/build/rpi_robot_slam:/build/rplidar_ros:/opt/ros/foxy LD_LIBRARY_PATH=/home/smartway/ros2_ws/install/nav2_util/lib:/home/smartway/ros2_ws/install/nav2_msgs/lib:/opt/ros/foxy/opt/yaml_cpp_vendor/lib:/opt/ros/foxy/opt/rviz_ogre_vendor/lib:/opt/ros/foxy/lib/aarch64-linux-gnu:/opt/ros/foxy/lib:/usr/lib/aarch64-linux-gnu/gazebo-11/plugins PYTHONPATH=/home/smartway/ros2_ws/install/nav2_msgs/lib/python3.8/site-packages:/home/smartway/ros2_ws/install/nav2_common/lib/python3.8/site-packages:${PYTHONPATH} /usr/bin/cmake --build /home/smartway/ros2_ws/build/nav2_waypoint_follower -- -j4 -l4
[20.551s] [35m[1mScanning dependencies of target waypoint_follower_core[0m
[20.944s] [ 25%] [32mBuilding CXX object CMakeFiles/waypoint_follower_core.dir/src/waypoint_follower.cpp.o[0m
[74.250s] [ 50%] [32m[1mLinking CXX shared library libwaypoint_follower_core.so[0m
[75.880s] [ 50%] Built target waypoint_follower_core
[75.988s] [35m[1mScanning dependencies of target waypoint_follower[0m
[76.370s] [ 75%] [32mBuilding CXX object CMakeFiles/waypoint_follower.dir/src/main.cpp.o[0m
[91.384s] [100%] [32m[1mLinking CXX executable waypoint_follower[0m
[93.180s] [100%] Built target waypoint_follower
[93.255s] Invoked command in '/home/smartway/ros2_ws/build/nav2_waypoint_follower' returned '0': AMENT_PREFIX_PATH=/home/smartway/ros2_ws/install/nav2_util:/home/smartway/ros2_ws/install/nav2_msgs:/home/smartway/ros2_ws/install/nav2_common:${AMENT_PREFIX_PATH} CMAKE_PREFIX_PATH=/home/smartway/ros2_ws/install/nav2_util:/home/smartway/ros2_ws/install/nav2_msgs:/home/smartway/ros2_ws/install/nav2_common:/build/rpi_robot_action_interfaces:/build/rpi_robot_bringup:/build/rpi_robot_slam:/build/rplidar_ros:/opt/ros/foxy LD_LIBRARY_PATH=/home/smartway/ros2_ws/install/nav2_util/lib:/home/smartway/ros2_ws/install/nav2_msgs/lib:/opt/ros/foxy/opt/yaml_cpp_vendor/lib:/opt/ros/foxy/opt/rviz_ogre_vendor/lib:/opt/ros/foxy/lib/aarch64-linux-gnu:/opt/ros/foxy/lib:/usr/lib/aarch64-linux-gnu/gazebo-11/plugins PYTHONPATH=/home/smartway/ros2_ws/install/nav2_msgs/lib/python3.8/site-packages:/home/smartway/ros2_ws/install/nav2_common/lib/python3.8/site-packages:${PYTHONPATH} /usr/bin/cmake --build /home/smartway/ros2_ws/build/nav2_waypoint_follower -- -j4 -l4
[93.514s] Invoking command in '/home/smartway/ros2_ws/build/nav2_waypoint_follower': AMENT_PREFIX_PATH=/home/smartway/ros2_ws/install/nav2_util:/home/smartway/ros2_ws/install/nav2_msgs:/home/smartway/ros2_ws/install/nav2_common:${AMENT_PREFIX_PATH} CMAKE_PREFIX_PATH=/home/smartway/ros2_ws/install/nav2_util:/home/smartway/ros2_ws/install/nav2_msgs:/home/smartway/ros2_ws/install/nav2_common:/build/rpi_robot_action_interfaces:/build/rpi_robot_bringup:/build/rpi_robot_slam:/build/rplidar_ros:/opt/ros/foxy LD_LIBRARY_PATH=/home/smartway/ros2_ws/install/nav2_util/lib:/home/smartway/ros2_ws/install/nav2_msgs/lib:/opt/ros/foxy/opt/yaml_cpp_vendor/lib:/opt/ros/foxy/opt/rviz_ogre_vendor/lib:/opt/ros/foxy/lib/aarch64-linux-gnu:/opt/ros/foxy/lib:/usr/lib/aarch64-linux-gnu/gazebo-11/plugins PYTHONPATH=/home/smartway/ros2_ws/install/nav2_msgs/lib/python3.8/site-packages:/home/smartway/ros2_ws/install/nav2_common/lib/python3.8/site-packages:${PYTHONPATH} /usr/bin/cmake --install /home/smartway/ros2_ws/build/nav2_waypoint_follower
[93.586s] -- Install configuration: "Release"
[93.589s] -- Installing: /home/smartway/ros2_ws/install/nav2_waypoint_follower/lib/libwaypoint_follower_core.so
[93.597s] -- Set runtime path of "/home/smartway/ros2_ws/install/nav2_waypoint_follower/lib/libwaypoint_follower_core.so" to ""
[93.600s] -- Installing: /home/smartway/ros2_ws/install/nav2_waypoint_follower/lib/nav2_waypoint_follower/waypoint_follower
[93.607s] -- Set runtime path of "/home/smartway/ros2_ws/install/nav2_waypoint_follower/lib/nav2_waypoint_follower/waypoint_follower" to ""
[93.611s] -- Installing: /home/smartway/ros2_ws/install/nav2_waypoint_follower/include/
[93.613s] -- Installing: /home/smartway/ros2_ws/install/nav2_waypoint_follower/include//nav2_waypoint_follower
[93.615s] -- Installing: /home/smartway/ros2_ws/install/nav2_waypoint_follower/include//nav2_waypoint_follower/waypoint_follower.hpp
[93.619s] -- Installing: /home/smartway/ros2_ws/install/nav2_waypoint_follower/share/ament_index/resource_index/package_run_dependencies/nav2_waypoint_follower
[93.623s] -- Installing: /home/smartway/ros2_ws/install/nav2_waypoint_follower/share/ament_index/resource_index/parent_prefix_path/nav2_waypoint_follower
[93.625s] -- Installing: /home/smartway/ros2_ws/install/nav2_waypoint_follower/share/nav2_waypoint_follower/environment/ament_prefix_path.sh
[93.627s] -- Installing: /home/smartway/ros2_ws/install/nav2_waypoint_follower/share/nav2_waypoint_follower/environment/ament_prefix_path.dsv
[93.629s] -- Installing: /home/smartway/ros2_ws/install/nav2_waypoint_follower/share/nav2_waypoint_follower/environment/path.sh
[93.630s] -- Installing: /home/smartway/ros2_ws/install/nav2_waypoint_follower/share/nav2_waypoint_follower/environment/path.dsv
[93.632s] -- Installing: /home/smartway/ros2_ws/install/nav2_waypoint_follower/share/nav2_waypoint_follower/local_setup.bash
[93.633s] -- Installing: /home/smartway/ros2_ws/install/nav2_waypoint_follower/share/nav2_waypoint_follower/local_setup.sh
[93.635s] -- Installing: /home/smartway/ros2_ws/install/nav2_waypoint_follower/share/nav2_waypoint_follower/local_setup.zsh
[93.637s] -- Installing: /home/smartway/ros2_ws/install/nav2_waypoint_follower/share/nav2_waypoint_follower/local_setup.dsv
[93.638s] -- Installing: /home/smartway/ros2_ws/install/nav2_waypoint_follower/share/nav2_waypoint_follower/package.dsv
[93.640s] -- Installing: /home/smartway/ros2_ws/install/nav2_waypoint_follower/share/ament_index/resource_index/packages/nav2_waypoint_follower
[93.642s] -- Installing: /home/smartway/ros2_ws/install/nav2_waypoint_follower/share/nav2_waypoint_follower/cmake/ament_cmake_export_include_directories-extras.cmake
[93.644s] -- Installing: /home/smartway/ros2_ws/install/nav2_waypoint_follower/share/nav2_waypoint_follower/cmake/nav2_waypoint_followerConfig.cmake
[93.645s] -- Installing: /home/smartway/ros2_ws/install/nav2_waypoint_follower/share/nav2_waypoint_follower/cmake/nav2_waypoint_followerConfig-version.cmake
[93.647s] -- Installing: /home/smartway/ros2_ws/install/nav2_waypoint_follower/share/nav2_waypoint_follower/package.xml
[93.673s] Invoked command in '/home/smartway/ros2_ws/build/nav2_waypoint_follower' returned '0': AMENT_PREFIX_PATH=/home/smartway/ros2_ws/install/nav2_util:/home/smartway/ros2_ws/install/nav2_msgs:/home/smartway/ros2_ws/install/nav2_common:${AMENT_PREFIX_PATH} CMAKE_PREFIX_PATH=/home/smartway/ros2_ws/install/nav2_util:/home/smartway/ros2_ws/install/nav2_msgs:/home/smartway/ros2_ws/install/nav2_common:/build/rpi_robot_action_interfaces:/build/rpi_robot_bringup:/build/rpi_robot_slam:/build/rplidar_ros:/opt/ros/foxy LD_LIBRARY_PATH=/home/smartway/ros2_ws/install/nav2_util/lib:/home/smartway/ros2_ws/install/nav2_msgs/lib:/opt/ros/foxy/opt/yaml_cpp_vendor/lib:/opt/ros/foxy/opt/rviz_ogre_vendor/lib:/opt/ros/foxy/lib/aarch64-linux-gnu:/opt/ros/foxy/lib:/usr/lib/aarch64-linux-gnu/gazebo-11/plugins PYTHONPATH=/home/smartway/ros2_ws/install/nav2_msgs/lib/python3.8/site-packages:/home/smartway/ros2_ws/install/nav2_common/lib/python3.8/site-packages:${PYTHONPATH} /usr/bin/cmake --install /home/smartway/ros2_ws/build/nav2_waypoint_follower
