[0.188s] Invoking command in '/home/smartway/ros2_ws/build/nav2_lifecycle_manager': AMENT_PREFIX_PATH=/home/smartway/ros2_ws/install/nav2_util:/home/smartway/ros2_ws/install/nav2_msgs:/home/smartway/ros2_ws/install/nav2_common:${AMENT_PREFIX_PATH} CMAKE_PREFIX_PATH=/home/smartway/ros2_ws/install/nav2_util:/home/smartway/ros2_ws/install/nav2_msgs:/home/smartway/ros2_ws/install/nav2_common:/build/rpi_robot_action_interfaces:/build/rpi_robot_bringup:/build/rpi_robot_slam:/build/rplidar_ros:/opt/ros/foxy LD_LIBRARY_PATH=/home/smartway/ros2_ws/install/nav2_util/lib:/home/smartway/ros2_ws/install/nav2_msgs/lib:/opt/ros/foxy/opt/yaml_cpp_vendor/lib:/opt/ros/foxy/opt/rviz_ogre_vendor/lib:/opt/ros/foxy/lib/aarch64-linux-gnu:/opt/ros/foxy/lib:/usr/lib/aarch64-linux-gnu/gazebo-11/plugins PYTHONPATH=/home/smartway/ros2_ws/install/nav2_msgs/lib/python3.8/site-packages:/home/smartway/ros2_ws/install/nav2_common/lib/python3.8/site-packages:${PYTHONPATH} /usr/bin/cmake /home/smartway/ros2_ws/src/navigation2/nav2_lifecycle_manager -DCMAKE_INSTALL_PREFIX=/home/smartway/ros2_ws/install/nav2_lifecycle_manager
[0.623s] -- The C compiler identification is GNU 9.4.0
[0.986s] -- The CXX compiler identification is GNU 9.4.0
[1.016s] -- Check for working C compiler: /usr/bin/cc
[1.484s] -- Check for working C compiler: /usr/bin/cc -- works
[1.490s] -- Detecting C compiler ABI info
[1.943s] -- Detecting C compiler ABI info - done
[2.001s] -- Detecting C compile features
[2.002s] -- Detecting C compile features - done
[2.014s] -- Check for working CXX compiler: /usr/bin/c++
[2.539s] -- Check for working CXX compiler: /usr/bin/c++ -- works
[2.546s] -- Detecting CXX compiler ABI info
[3.112s] -- Detecting CXX compiler ABI info - done
[3.178s] -- Detecting CXX compile features
[3.181s] -- Detecting CXX compile features - done
[3.209s] -- Found ament_cmake: 0.9.11 (/opt/ros/foxy/share/ament_cmake/cmake)
[3.436s] -- Found PythonInterp: /usr/bin/python3 (found suitable version "3.8.10", minimum required is "3") 
[3.437s] -- Using PYTHON_EXECUTABLE: /usr/bin/python3
[5.057s] -- Found geometry_msgs: 2.0.5 (/opt/ros/foxy/share/geometry_msgs/cmake)
[5.370s] -- Using all available rosidl_typesupport_c: rosidl_typesupport_fastrtps_c;rosidl_typesupport_introspection_c
[5.440s] -- Found rosidl_adapter: 1.3.0 (/opt/ros/foxy/share/rosidl_adapter/cmake)
[6.136s] -- Found OpenSSL: /usr/lib/aarch64-linux-gnu/libcrypto.so (found version "1.1.1f")  
[6.445s] -- Found FastRTPS: /opt/ros/foxy/include  
[7.169s] -- Using all available rosidl_typesupport_cpp: rosidl_typesupport_fastrtps_cpp;rosidl_typesupport_introspection_cpp
[7.595s] -- Found lifecycle_msgs: 1.0.0 (/opt/ros/foxy/share/lifecycle_msgs/cmake)
[7.638s] -- Found nav2_common: 0.4.7 (/home/smartway/ros2_ws/install/nav2_common/share/nav2_common/cmake)
[7.642s] -- Found nav2_msgs: 0.4.7 (/home/smartway/ros2_ws/install/nav2_msgs/share/nav2_msgs/cmake)
[9.249s] -- Found nav2_util: 0.4.7 (/home/smartway/ros2_ws/install/nav2_util/share/nav2_util/cmake)
[9.763s] -- Found rmw_implementation_cmake: 1.0.4 (/opt/ros/foxy/share/rmw_implementation_cmake/cmake)
[9.774s] -- Using RMW implementation 'rmw_fastrtps_cpp' as default
[9.780s] -- Looking for pthread.h
[10.204s] -- Looking for pthread.h - found
[10.206s] -- Performing Test CMAKE_HAVE_LIBC_PTHREAD
[10.612s] -- Performing Test CMAKE_HAVE_LIBC_PTHREAD - Failed
[10.614s] -- Looking for pthread_create in pthreads
[10.961s] -- Looking for pthread_create in pthreads - not found
[10.963s] -- Looking for pthread_create in pthread
[11.386s] -- Looking for pthread_create in pthread - found
[11.398s] -- Found Threads: TRUE  
[13.610s] -- Found eigen3_cmake_module: 0.1.1 (/opt/ros/foxy/share/eigen3_cmake_module/cmake)
[13.638s] -- Found Eigen3: TRUE (found version "3.3.7") 
[14.466s] -- Found std_srvs: 2.0.5 (/opt/ros/foxy/share/std_srvs/cmake)
[14.538s] -- Setting build type to Release as none was specified.
[15.918s] -- Found ament_lint_auto: 0.9.8 (/opt/ros/foxy/share/ament_lint_auto/cmake)
[16.602s] -- Found ament_cmake_gtest: 0.9.11 (/opt/ros/foxy/share/ament_cmake_gtest/cmake)
[16.625s] -- Found ament_cmake_pytest: 0.9.11 (/opt/ros/foxy/share/ament_cmake_pytest/cmake)
[16.663s] -- Found gtest sources under '/opt/ros/foxy/src/gtest_vendor': C++ tests using 'Google Test' will be built
[16.674s] -- Check if compiler accepts -pthread
[17.212s] -- Check if compiler accepts -pthread - yes
[18.020s] -- Added test 'copyright' to check source files copyright and LICENSE
[18.034s] -- Added test 'cppcheck' to perform static code analysis on C / C++ code
[18.039s] -- Configured cppcheck include dirs: /home/smartway/ros2_ws/src/navigation2/nav2_lifecycle_manager/include
[18.042s] -- Configured cppcheck exclude dirs and/or files: 
[18.055s] -- Added test 'cpplint' to check C / C++ code against the Google style
[18.055s] -- Configured cpplint exclude dirs and/or files: 
[18.059s] -- Added test 'flake8' to check Python code syntax and style conventions
[18.065s] -- Added test 'lint_cmake' to check CMake code style
[18.069s] -- Added test 'pep257' to check Python code against some of the style conventions in PEP 257
[18.082s] -- Added test 'uncrustify' to check C / C++ code style
[18.083s] -- Configured uncrustify additional arguments: 
[18.087s] -- Added test 'xmllint' to check XML markup files
[18.183s] -- Configuring done
[18.878s] -- Generating done
[18.892s] -- Build files have been written to: /home/smartway/ros2_ws/build/nav2_lifecycle_manager
[18.985s] Invoked command in '/home/smartway/ros2_ws/build/nav2_lifecycle_manager' returned '0': AMENT_PREFIX_PATH=/home/smartway/ros2_ws/install/nav2_util:/home/smartway/ros2_ws/install/nav2_msgs:/home/smartway/ros2_ws/install/nav2_common:${AMENT_PREFIX_PATH} CMAKE_PREFIX_PATH=/home/smartway/ros2_ws/install/nav2_util:/home/smartway/ros2_ws/install/nav2_msgs:/home/smartway/ros2_ws/install/nav2_common:/build/rpi_robot_action_interfaces:/build/rpi_robot_bringup:/build/rpi_robot_slam:/build/rplidar_ros:/opt/ros/foxy LD_LIBRARY_PATH=/home/smartway/ros2_ws/install/nav2_util/lib:/home/smartway/ros2_ws/install/nav2_msgs/lib:/opt/ros/foxy/opt/yaml_cpp_vendor/lib:/opt/ros/foxy/opt/rviz_ogre_vendor/lib:/opt/ros/foxy/lib/aarch64-linux-gnu:/opt/ros/foxy/lib:/usr/lib/aarch64-linux-gnu/gazebo-11/plugins PYTHONPATH=/home/smartway/ros2_ws/install/nav2_msgs/lib/python3.8/site-packages:/home/smartway/ros2_ws/install/nav2_common/lib/python3.8/site-packages:${PYTHONPATH} /usr/bin/cmake /home/smartway/ros2_ws/src/navigation2/nav2_lifecycle_manager -DCMAKE_INSTALL_PREFIX=/home/smartway/ros2_ws/install/nav2_lifecycle_manager
[18.990s] Invoking command in '/home/smartway/ros2_ws/build/nav2_lifecycle_manager': AMENT_PREFIX_PATH=/home/smartway/ros2_ws/install/nav2_util:/home/smartway/ros2_ws/install/nav2_msgs:/home/smartway/ros2_ws/install/nav2_common:${AMENT_PREFIX_PATH} CMAKE_PREFIX_PATH=/home/smartway/ros2_ws/install/nav2_util:/home/smartway/ros2_ws/install/nav2_msgs:/home/smartway/ros2_ws/install/nav2_common:/build/rpi_robot_action_interfaces:/build/rpi_robot_bringup:/build/rpi_robot_slam:/build/rplidar_ros:/opt/ros/foxy LD_LIBRARY_PATH=/home/smartway/ros2_ws/install/nav2_util/lib:/home/smartway/ros2_ws/install/nav2_msgs/lib:/opt/ros/foxy/opt/yaml_cpp_vendor/lib:/opt/ros/foxy/opt/rviz_ogre_vendor/lib:/opt/ros/foxy/lib/aarch64-linux-gnu:/opt/ros/foxy/lib:/usr/lib/aarch64-linux-gnu/gazebo-11/plugins PYTHONPATH=/home/smartway/ros2_ws/install/nav2_msgs/lib/python3.8/site-packages:/home/smartway/ros2_ws/install/nav2_common/lib/python3.8/site-packages:${PYTHONPATH} /usr/bin/cmake --build /home/smartway/ros2_ws/build/nav2_lifecycle_manager -- -j4 -l4
[19.560s] [35m[1mScanning dependencies of target nav2_lifecycle_manager_core[0m
[19.590s] [35m[1mScanning dependencies of target gtest[0m
[19.608s] [35m[1mScanning dependencies of target gtest_main[0m
[19.887s] [  9%] [32mBuilding CXX object gtest/CMakeFiles/gtest_main.dir/src/gtest_main.cc.o[0m
[19.906s] [ 18%] [32mBuilding CXX object gtest/CMakeFiles/gtest.dir/src/gtest-all.cc.o[0m
[20.167s] [ 27%] [32mBuilding CXX object CMakeFiles/nav2_lifecycle_manager_core.dir/src/lifecycle_manager.cpp.o[0m
[20.218s] [ 36%] [32mBuilding CXX object CMakeFiles/nav2_lifecycle_manager_core.dir/src/lifecycle_manager_client.cpp.o[0m
[31.215s] [ 45%] [32m[1mLinking CXX static library libgtest_main.a[0m
[32.035s] [ 45%] Built target gtest_main
[74.910s] [ 54%] [32m[1mLinking CXX shared library libnav2_lifecycle_manager_core.so[0m
[76.974s] [ 54%] Built target nav2_lifecycle_manager_core
[97.128s] [ 63%] [32m[1mLinking CXX static library libgtest.a[0m
[97.403s] [ 63%] Built target gtest
[97.483s] [35m[1mScanning dependencies of target lifecycle_manager[0m
[97.811s] [ 72%] [32mBuilding CXX object CMakeFiles/lifecycle_manager.dir/src/main.cpp.o[0m
[110.362s] [ 81%] [32m[1mLinking CXX executable lifecycle_manager[0m
[111.654s] [ 81%] Built target lifecycle_manager
[111.725s] [35m[1mScanning dependencies of target test_lifecycle_gtest[0m
[112.141s] [ 90%] [32mBuilding CXX object test/CMakeFiles/test_lifecycle_gtest.dir/test_lifecycle_manager.cpp.o[0m
[134.032s] [100%] [32m[1mLinking CXX executable test_lifecycle_gtest[0m
[136.166s] [100%] Built target test_lifecycle_gtest
[136.232s] Invoked command in '/home/smartway/ros2_ws/build/nav2_lifecycle_manager' returned '0': AMENT_PREFIX_PATH=/home/smartway/ros2_ws/install/nav2_util:/home/smartway/ros2_ws/install/nav2_msgs:/home/smartway/ros2_ws/install/nav2_common:${AMENT_PREFIX_PATH} CMAKE_PREFIX_PATH=/home/smartway/ros2_ws/install/nav2_util:/home/smartway/ros2_ws/install/nav2_msgs:/home/smartway/ros2_ws/install/nav2_common:/build/rpi_robot_action_interfaces:/build/rpi_robot_bringup:/build/rpi_robot_slam:/build/rplidar_ros:/opt/ros/foxy LD_LIBRARY_PATH=/home/smartway/ros2_ws/install/nav2_util/lib:/home/smartway/ros2_ws/install/nav2_msgs/lib:/opt/ros/foxy/opt/yaml_cpp_vendor/lib:/opt/ros/foxy/opt/rviz_ogre_vendor/lib:/opt/ros/foxy/lib/aarch64-linux-gnu:/opt/ros/foxy/lib:/usr/lib/aarch64-linux-gnu/gazebo-11/plugins PYTHONPATH=/home/smartway/ros2_ws/install/nav2_msgs/lib/python3.8/site-packages:/home/smartway/ros2_ws/install/nav2_common/lib/python3.8/site-packages:${PYTHONPATH} /usr/bin/cmake --build /home/smartway/ros2_ws/build/nav2_lifecycle_manager -- -j4 -l4
[136.516s] Invoking command in '/home/smartway/ros2_ws/build/nav2_lifecycle_manager': AMENT_PREFIX_PATH=/home/smartway/ros2_ws/install/nav2_util:/home/smartway/ros2_ws/install/nav2_msgs:/home/smartway/ros2_ws/install/nav2_common:${AMENT_PREFIX_PATH} CMAKE_PREFIX_PATH=/home/smartway/ros2_ws/install/nav2_util:/home/smartway/ros2_ws/install/nav2_msgs:/home/smartway/ros2_ws/install/nav2_common:/build/rpi_robot_action_interfaces:/build/rpi_robot_bringup:/build/rpi_robot_slam:/build/rplidar_ros:/opt/ros/foxy LD_LIBRARY_PATH=/home/smartway/ros2_ws/install/nav2_util/lib:/home/smartway/ros2_ws/install/nav2_msgs/lib:/opt/ros/foxy/opt/yaml_cpp_vendor/lib:/opt/ros/foxy/opt/rviz_ogre_vendor/lib:/opt/ros/foxy/lib/aarch64-linux-gnu:/opt/ros/foxy/lib:/usr/lib/aarch64-linux-gnu/gazebo-11/plugins PYTHONPATH=/home/smartway/ros2_ws/install/nav2_msgs/lib/python3.8/site-packages:/home/smartway/ros2_ws/install/nav2_common/lib/python3.8/site-packages:${PYTHONPATH} /usr/bin/cmake --install /home/smartway/ros2_ws/build/nav2_lifecycle_manager
[136.595s] -- Install configuration: "Release"
[136.598s] -- Installing: /home/smartway/ros2_ws/install/nav2_lifecycle_manager/lib/libnav2_lifecycle_manager_core.so
[136.605s] -- Set runtime path of "/home/smartway/ros2_ws/install/nav2_lifecycle_manager/lib/libnav2_lifecycle_manager_core.so" to ""
[136.607s] -- Installing: /home/smartway/ros2_ws/install/nav2_lifecycle_manager/lib/nav2_lifecycle_manager/lifecycle_manager
[136.612s] -- Set runtime path of "/home/smartway/ros2_ws/install/nav2_lifecycle_manager/lib/nav2_lifecycle_manager/lifecycle_manager" to ""
[136.615s] -- Installing: /home/smartway/ros2_ws/install/nav2_lifecycle_manager/include/
[136.618s] -- Installing: /home/smartway/ros2_ws/install/nav2_lifecycle_manager/include//nav2_lifecycle_manager
[136.620s] -- Installing: /home/smartway/ros2_ws/install/nav2_lifecycle_manager/include//nav2_lifecycle_manager/lifecycle_manager_client.hpp
[136.624s] -- Installing: /home/smartway/ros2_ws/install/nav2_lifecycle_manager/include//nav2_lifecycle_manager/lifecycle_manager.hpp
[136.627s] -- Installing: /home/smartway/ros2_ws/install/nav2_lifecycle_manager/share/nav2_lifecycle_manager/environment/library_path.sh
[136.630s] -- Installing: /home/smartway/ros2_ws/install/nav2_lifecycle_manager/share/nav2_lifecycle_manager/environment/library_path.dsv
[136.634s] -- Installing: /home/smartway/ros2_ws/install/nav2_lifecycle_manager/share/ament_index/resource_index/package_run_dependencies/nav2_lifecycle_manager
[136.638s] -- Installing: /home/smartway/ros2_ws/install/nav2_lifecycle_manager/share/ament_index/resource_index/parent_prefix_path/nav2_lifecycle_manager
[136.641s] -- Installing: /home/smartway/ros2_ws/install/nav2_lifecycle_manager/share/nav2_lifecycle_manager/environment/ament_prefix_path.sh
[136.643s] -- Installing: /home/smartway/ros2_ws/install/nav2_lifecycle_manager/share/nav2_lifecycle_manager/environment/ament_prefix_path.dsv
[136.646s] -- Installing: /home/smartway/ros2_ws/install/nav2_lifecycle_manager/share/nav2_lifecycle_manager/environment/path.sh
[136.665s] -- Installing: /home/smartway/ros2_ws/install/nav2_lifecycle_manager/share/nav2_lifecycle_manager/environment/path.dsv
[136.669s] -- Installing: /home/smartway/ros2_ws/install/nav2_lifecycle_manager/share/nav2_lifecycle_manager/local_setup.bash
[136.671s] -- Installing: /home/smartway/ros2_ws/install/nav2_lifecycle_manager/share/nav2_lifecycle_manager/local_setup.sh
[136.674s] -- Installing: /home/smartway/ros2_ws/install/nav2_lifecycle_manager/share/nav2_lifecycle_manager/local_setup.zsh
[136.677s] -- Installing: /home/smartway/ros2_ws/install/nav2_lifecycle_manager/share/nav2_lifecycle_manager/local_setup.dsv
[136.680s] -- Installing: /home/smartway/ros2_ws/install/nav2_lifecycle_manager/share/nav2_lifecycle_manager/package.dsv
[136.683s] -- Installing: /home/smartway/ros2_ws/install/nav2_lifecycle_manager/share/ament_index/resource_index/packages/nav2_lifecycle_manager
[136.686s] -- Installing: /home/smartway/ros2_ws/install/nav2_lifecycle_manager/share/nav2_lifecycle_manager/cmake/ament_cmake_export_include_directories-extras.cmake
[136.689s] -- Installing: /home/smartway/ros2_ws/install/nav2_lifecycle_manager/share/nav2_lifecycle_manager/cmake/ament_cmake_export_libraries-extras.cmake
[136.692s] -- Installing: /home/smartway/ros2_ws/install/nav2_lifecycle_manager/share/nav2_lifecycle_manager/cmake/ament_cmake_export_dependencies-extras.cmake
[136.695s] -- Installing: /home/smartway/ros2_ws/install/nav2_lifecycle_manager/share/nav2_lifecycle_manager/cmake/nav2_lifecycle_managerConfig.cmake
[136.698s] -- Installing: /home/smartway/ros2_ws/install/nav2_lifecycle_manager/share/nav2_lifecycle_manager/cmake/nav2_lifecycle_managerConfig-version.cmake
[136.701s] -- Installing: /home/smartway/ros2_ws/install/nav2_lifecycle_manager/share/nav2_lifecycle_manager/package.xml
[136.743s] Invoked command in '/home/smartway/ros2_ws/build/nav2_lifecycle_manager' returned '0': AMENT_PREFIX_PATH=/home/smartway/ros2_ws/install/nav2_util:/home/smartway/ros2_ws/install/nav2_msgs:/home/smartway/ros2_ws/install/nav2_common:${AMENT_PREFIX_PATH} CMAKE_PREFIX_PATH=/home/smartway/ros2_ws/install/nav2_util:/home/smartway/ros2_ws/install/nav2_msgs:/home/smartway/ros2_ws/install/nav2_common:/build/rpi_robot_action_interfaces:/build/rpi_robot_bringup:/build/rpi_robot_slam:/build/rplidar_ros:/opt/ros/foxy LD_LIBRARY_PATH=/home/smartway/ros2_ws/install/nav2_util/lib:/home/smartway/ros2_ws/install/nav2_msgs/lib:/opt/ros/foxy/opt/yaml_cpp_vendor/lib:/opt/ros/foxy/opt/rviz_ogre_vendor/lib:/opt/ros/foxy/lib/aarch64-linux-gnu:/opt/ros/foxy/lib:/usr/lib/aarch64-linux-gnu/gazebo-11/plugins PYTHONPATH=/home/smartway/ros2_ws/install/nav2_msgs/lib/python3.8/site-packages:/home/smartway/ros2_ws/install/nav2_common/lib/python3.8/site-packages:${PYTHONPATH} /usr/bin/cmake --install /home/smartway/ros2_ws/build/nav2_lifecycle_manager
