[0.516s] Invoking command in '/home/smartway/ros2_ws/build/nav2_behavior_tree': CMAKE_PREFIX_PATH=/home/smartway/ros2_ws/install/nav2_util:/home/smartway/ros2_ws/install/nav2_msgs:/home/smartway/ros2_ws/install/nav2_common:/home/smartway/ros2_ws/install/nav2_system_tests:/home/smartway/ros2_ws/install/nav2_bringup:/home/smartway/ros2_ws/install/navigation2:/home/smartway/ros2_ws/install/smac_planner:/home/smartway/ros2_ws/install/rplidar_ros:/home/smartway/ros2_ws/install/rpi_robot_slam:/home/smartway/ros2_ws/install/rpi_robot_bringup:/home/smartway/ros2_ws/install/rpi_robot_action_interfaces:/home/smartway/ros2_ws/install/nav2_dwb_controller:/home/smartway/ros2_ws/install/nav2_controller:/home/smartway/ros2_ws/install/dwb_plugins:/home/smartway/ros2_ws/install/dwb_critics:/home/smartway/ros2_ws/install/dwb_core:/home/smartway/ros2_ws/install/nav_2d_utils:/home/smartway/ros2_ws/install/dwb_msgs:/home/smartway/ros2_ws/install/nav_2d_msgs:/home/smartway/ros2_ws/install/nav2_waypoint_follower:/home/smartway/ros2_ws/install/nav2_regulated_pure_pursuit_controller:/home/smartway/ros2_ws/install/nav2_recoveries:/home/smartway/ros2_ws/install/nav2_planner:/home/smartway/ros2_ws/install/nav2_navfn_planner:/home/smartway/ros2_ws/install/nav2_core:/home/smartway/ros2_ws/install/costmap_queue:/home/smartway/ros2_ws/install/nav2_costmap_2d:/home/smartway/ros2_ws/install/nav2_voxel_grid:/home/smartway/ros2_ws/install/nav2_rviz_plugins:/home/smartway/ros2_ws/install/nav2_map_server:/home/smartway/ros2_ws/install/nav2_lifecycle_manager:/home/smartway/ros2_ws/install/nav2_bt_navigator:/home/smartway/ros2_ws/install/nav2_behavior_tree:/home/smartway/ros2_ws/install/nav2_amcl:/home/smartway/ros2_ws/install/rpi_robot_control:/home/smartway/ros2_ws/install/nav2_gazebo_spawner:/opt/ros/foxy LD_LIBRARY_PATH=/home/smartway/ros2_ws/install/nav2_util/lib:/home/smartway/ros2_ws/install/nav2_msgs/lib:/home/smartway/ros2_ws/install/smac_planner/lib:/home/smartway/ros2_ws/install/rplidar_ros/lib:/home/smartway/ros2_ws/install/rpi_robot_action_interfaces/lib:/home/smartway/ros2_ws/install/nav2_controller/lib:/home/smartway/ros2_ws/install/dwb_plugins/lib:/home/smartway/ros2_ws/install/dwb_critics/lib:/home/smartway/ros2_ws/install/dwb_core/lib:/home/smartway/ros2_ws/install/nav_2d_utils/lib:/home/smartway/ros2_ws/install/dwb_msgs/lib:/home/smartway/ros2_ws/install/nav_2d_msgs/lib:/home/smartway/ros2_ws/install/nav2_waypoint_follower/lib:/home/smartway/ros2_ws/install/nav2_regulated_pure_pursuit_controller/lib:/home/smartway/ros2_ws/install/nav2_recoveries/lib:/home/smartway/ros2_ws/install/nav2_planner/lib:/home/smartway/ros2_ws/install/nav2_navfn_planner/lib:/home/smartway/ros2_ws/install/costmap_queue/lib:/home/smartway/ros2_ws/install/nav2_costmap_2d/lib:/home/smartway/ros2_ws/install/nav2_voxel_grid/lib:/home/smartway/ros2_ws/install/nav2_rviz_plugins/lib:/home/smartway/ros2_ws/install/nav2_map_server/lib:/home/smartway/ros2_ws/install/nav2_lifecycle_manager/lib:/home/smartway/ros2_ws/install/nav2_bt_navigator/lib:/home/smartway/ros2_ws/install/nav2_behavior_tree/lib:/home/smartway/ros2_ws/install/nav2_amcl/lib:/usr/lib/aarch64-linux-gnu/gazebo-11/plugins:/opt/ros/foxy/opt/yaml_cpp_vendor/lib:/opt/ros/foxy/opt/rviz_ogre_vendor/lib:/opt/ros/foxy/lib/aarch64-linux-gnu:/opt/ros/foxy/lib PYTHONPATH=/home/smartway/ros2_ws/install/nav2_msgs/lib/python3.8/site-packages:/home/smartway/ros2_ws/install/nav2_common/lib/python3.8/site-packages:/home/smartway/ros2_ws/install/rpi_robot_control/lib/python3.8/site-packages:/home/smartway/ros2_ws/install/rpi_robot_bringup/lib/python3.8/site-packages:/home/smartway/ros2_ws/install/rpi_robot_action_interfaces/lib/python3.8/site-packages:/home/smartway/ros2_ws/install/dwb_msgs/lib/python3.8/site-packages:/home/smartway/ros2_ws/install/nav_2d_msgs/lib/python3.8/site-packages:/home/smartway/ros2_ws/install/nav2_gazebo_spawner/lib/python3.8/site-packages:/opt/ros/foxy/lib/python3.8/site-packages /usr/bin/cmake --build /home/smartway/ros2_ws/build/nav2_behavior_tree -- -j4 -l4
[1.886s] [  2%] Built target nav2_transform_available_condition_bt_node
[2.729s] [  4%] Built target nav2_spin_action_bt_node
[3.300s] [  6%] Built target nav2_compute_path_to_pose_action_bt_node
[3.785s] [  8%] Built target nav2_goal_updated_condition_bt_node
[4.183s] [ 10%] Built target nav2_is_stuck_condition_bt_node
[4.601s] [ 12%] Built target nav2_behavior_tree
[5.140s] [ 14%] Built target nav2_goal_updater_node_bt_node
[5.851s] [ 16%] Built target nav2_follow_path_action_bt_node
[6.426s] [ 18%] Built target nav2_goal_reached_condition_bt_node
[7.203s] [ 20%] Built target nav2_initial_pose_received_condition_bt_node
[7.905s] [ 22%] Built target nav2_time_expired_condition_bt_node
[8.382s] [ 24%] Built target nav2_distance_traveled_condition_bt_node
[8.786s] [ 26%] Built target nav2_is_battery_low_condition_bt_node
[9.539s] [ 28%] Built target nav2_reinitialize_global_localization_service_bt_node
[9.971s] [ 30%] Built target nav2_rate_controller_bt_node
[10.478s] [ 32%] Built target nav2_distance_controller_bt_node
[10.938s] [ 34%] Built target nav2_round_robin_node_bt_node
[11.351s] [ 36%] Built target nav2_clear_costmap_service_bt_node
[11.814s] [ 38%] Built target nav2_speed_controller_bt_node
[12.307s] [ 40%] Built target nav2_truncate_path_action_bt_node
[12.757s] [ 42%] Built target nav2_navigate_to_pose_action_bt_node
[13.352s] [ 44%] Built target nav2_back_up_action_bt_node
[13.775s] [ 46%] Built target nav2_recovery_node_bt_node
[14.108s] [ 48%] Built target gtest
[14.599s] [ 51%] Built target gtest_main
[15.075s] [ 53%] Built target nav2_wait_action_bt_node
[15.513s] [ 55%] Built target test_condition_distance_traveled
[16.117s] [ 57%] Built target test_condition_time_expired
[16.608s] [ 59%] Built target test_condition_goal_updated
[17.337s] [ 61%] Built target test_condition_initial_pose_received
[18.062s] [ 63%] Built target test_condition_is_battery_low
[18.710s] [ 65%] Built target test_condition_transform_available
[19.143s] [ 67%] Built target test_condition_is_stuck
[19.546s] [ 69%] Built target test_condition_goal_reached
[20.095s] [ 71%] Built target test_goal_updater_node
[20.750s] [ 73%] Built target test_decorator_rate_controller
[21.301s] [ 75%] Built target test_decorator_speed_controller
[21.910s] [ 77%] Built target test_decorator_distance_controller
[22.373s] [ 79%] Built target test_control_round_robin_node
[23.035s] [ 81%] Built target test_control_recovery_node
[23.419s] [ 83%] Built target test_truncate_path_action
[23.930s] [ 85%] Built target test_action_navigate_to_pose_action
[24.730s] [ 87%] Built target test_action_follow_path_action
[25.153s] [ 89%] Built target test_action_compute_path_to_pose_action
[25.605s] [ 91%] Built target test_action_reinitialize_global_localization_service
[25.954s] [ 93%] Built target test_action_clear_costmap_service
[26.223s] [ 95%] Built target test_bt_conversions
[26.558s] [ 97%] Built target nav2_pipeline_sequence_bt_node
[27.044s] [100%] Built target test_control_pipeline_sequence
[27.163s] Invoked command in '/home/smartway/ros2_ws/build/nav2_behavior_tree' returned '0': CMAKE_PREFIX_PATH=/home/smartway/ros2_ws/install/nav2_util:/home/smartway/ros2_ws/install/nav2_msgs:/home/smartway/ros2_ws/install/nav2_common:/home/smartway/ros2_ws/install/nav2_system_tests:/home/smartway/ros2_ws/install/nav2_bringup:/home/smartway/ros2_ws/install/navigation2:/home/smartway/ros2_ws/install/smac_planner:/home/smartway/ros2_ws/install/rplidar_ros:/home/smartway/ros2_ws/install/rpi_robot_slam:/home/smartway/ros2_ws/install/rpi_robot_bringup:/home/smartway/ros2_ws/install/rpi_robot_action_interfaces:/home/smartway/ros2_ws/install/nav2_dwb_controller:/home/smartway/ros2_ws/install/nav2_controller:/home/smartway/ros2_ws/install/dwb_plugins:/home/smartway/ros2_ws/install/dwb_critics:/home/smartway/ros2_ws/install/dwb_core:/home/smartway/ros2_ws/install/nav_2d_utils:/home/smartway/ros2_ws/install/dwb_msgs:/home/smartway/ros2_ws/install/nav_2d_msgs:/home/smartway/ros2_ws/install/nav2_waypoint_follower:/home/smartway/ros2_ws/install/nav2_regulated_pure_pursuit_controller:/home/smartway/ros2_ws/install/nav2_recoveries:/home/smartway/ros2_ws/install/nav2_planner:/home/smartway/ros2_ws/install/nav2_navfn_planner:/home/smartway/ros2_ws/install/nav2_core:/home/smartway/ros2_ws/install/costmap_queue:/home/smartway/ros2_ws/install/nav2_costmap_2d:/home/smartway/ros2_ws/install/nav2_voxel_grid:/home/smartway/ros2_ws/install/nav2_rviz_plugins:/home/smartway/ros2_ws/install/nav2_map_server:/home/smartway/ros2_ws/install/nav2_lifecycle_manager:/home/smartway/ros2_ws/install/nav2_bt_navigator:/home/smartway/ros2_ws/install/nav2_behavior_tree:/home/smartway/ros2_ws/install/nav2_amcl:/home/smartway/ros2_ws/install/rpi_robot_control:/home/smartway/ros2_ws/install/nav2_gazebo_spawner:/opt/ros/foxy LD_LIBRARY_PATH=/home/smartway/ros2_ws/install/nav2_util/lib:/home/smartway/ros2_ws/install/nav2_msgs/lib:/home/smartway/ros2_ws/install/smac_planner/lib:/home/smartway/ros2_ws/install/rplidar_ros/lib:/home/smartway/ros2_ws/install/rpi_robot_action_interfaces/lib:/home/smartway/ros2_ws/install/nav2_controller/lib:/home/smartway/ros2_ws/install/dwb_plugins/lib:/home/smartway/ros2_ws/install/dwb_critics/lib:/home/smartway/ros2_ws/install/dwb_core/lib:/home/smartway/ros2_ws/install/nav_2d_utils/lib:/home/smartway/ros2_ws/install/dwb_msgs/lib:/home/smartway/ros2_ws/install/nav_2d_msgs/lib:/home/smartway/ros2_ws/install/nav2_waypoint_follower/lib:/home/smartway/ros2_ws/install/nav2_regulated_pure_pursuit_controller/lib:/home/smartway/ros2_ws/install/nav2_recoveries/lib:/home/smartway/ros2_ws/install/nav2_planner/lib:/home/smartway/ros2_ws/install/nav2_navfn_planner/lib:/home/smartway/ros2_ws/install/costmap_queue/lib:/home/smartway/ros2_ws/install/nav2_costmap_2d/lib:/home/smartway/ros2_ws/install/nav2_voxel_grid/lib:/home/smartway/ros2_ws/install/nav2_rviz_plugins/lib:/home/smartway/ros2_ws/install/nav2_map_server/lib:/home/smartway/ros2_ws/install/nav2_lifecycle_manager/lib:/home/smartway/ros2_ws/install/nav2_bt_navigator/lib:/home/smartway/ros2_ws/install/nav2_behavior_tree/lib:/home/smartway/ros2_ws/install/nav2_amcl/lib:/usr/lib/aarch64-linux-gnu/gazebo-11/plugins:/opt/ros/foxy/opt/yaml_cpp_vendor/lib:/opt/ros/foxy/opt/rviz_ogre_vendor/lib:/opt/ros/foxy/lib/aarch64-linux-gnu:/opt/ros/foxy/lib PYTHONPATH=/home/smartway/ros2_ws/install/nav2_msgs/lib/python3.8/site-packages:/home/smartway/ros2_ws/install/nav2_common/lib/python3.8/site-packages:/home/smartway/ros2_ws/install/rpi_robot_control/lib/python3.8/site-packages:/home/smartway/ros2_ws/install/rpi_robot_bringup/lib/python3.8/site-packages:/home/smartway/ros2_ws/install/rpi_robot_action_interfaces/lib/python3.8/site-packages:/home/smartway/ros2_ws/install/dwb_msgs/lib/python3.8/site-packages:/home/smartway/ros2_ws/install/nav_2d_msgs/lib/python3.8/site-packages:/home/smartway/ros2_ws/install/nav2_gazebo_spawner/lib/python3.8/site-packages:/opt/ros/foxy/lib/python3.8/site-packages /usr/bin/cmake --build /home/smartway/ros2_ws/build/nav2_behavior_tree -- -j4 -l4
[28.807s] Invoking command in '/home/smartway/ros2_ws/build/nav2_behavior_tree': CMAKE_PREFIX_PATH=/home/smartway/ros2_ws/install/nav2_util:/home/smartway/ros2_ws/install/nav2_msgs:/home/smartway/ros2_ws/install/nav2_common:/home/smartway/ros2_ws/install/nav2_system_tests:/home/smartway/ros2_ws/install/nav2_bringup:/home/smartway/ros2_ws/install/navigation2:/home/smartway/ros2_ws/install/smac_planner:/home/smartway/ros2_ws/install/rplidar_ros:/home/smartway/ros2_ws/install/rpi_robot_slam:/home/smartway/ros2_ws/install/rpi_robot_bringup:/home/smartway/ros2_ws/install/rpi_robot_action_interfaces:/home/smartway/ros2_ws/install/nav2_dwb_controller:/home/smartway/ros2_ws/install/nav2_controller:/home/smartway/ros2_ws/install/dwb_plugins:/home/smartway/ros2_ws/install/dwb_critics:/home/smartway/ros2_ws/install/dwb_core:/home/smartway/ros2_ws/install/nav_2d_utils:/home/smartway/ros2_ws/install/dwb_msgs:/home/smartway/ros2_ws/install/nav_2d_msgs:/home/smartway/ros2_ws/install/nav2_waypoint_follower:/home/smartway/ros2_ws/install/nav2_regulated_pure_pursuit_controller:/home/smartway/ros2_ws/install/nav2_recoveries:/home/smartway/ros2_ws/install/nav2_planner:/home/smartway/ros2_ws/install/nav2_navfn_planner:/home/smartway/ros2_ws/install/nav2_core:/home/smartway/ros2_ws/install/costmap_queue:/home/smartway/ros2_ws/install/nav2_costmap_2d:/home/smartway/ros2_ws/install/nav2_voxel_grid:/home/smartway/ros2_ws/install/nav2_rviz_plugins:/home/smartway/ros2_ws/install/nav2_map_server:/home/smartway/ros2_ws/install/nav2_lifecycle_manager:/home/smartway/ros2_ws/install/nav2_bt_navigator:/home/smartway/ros2_ws/install/nav2_behavior_tree:/home/smartway/ros2_ws/install/nav2_amcl:/home/smartway/ros2_ws/install/rpi_robot_control:/home/smartway/ros2_ws/install/nav2_gazebo_spawner:/opt/ros/foxy LD_LIBRARY_PATH=/home/smartway/ros2_ws/install/nav2_util/lib:/home/smartway/ros2_ws/install/nav2_msgs/lib:/home/smartway/ros2_ws/install/smac_planner/lib:/home/smartway/ros2_ws/install/rplidar_ros/lib:/home/smartway/ros2_ws/install/rpi_robot_action_interfaces/lib:/home/smartway/ros2_ws/install/nav2_controller/lib:/home/smartway/ros2_ws/install/dwb_plugins/lib:/home/smartway/ros2_ws/install/dwb_critics/lib:/home/smartway/ros2_ws/install/dwb_core/lib:/home/smartway/ros2_ws/install/nav_2d_utils/lib:/home/smartway/ros2_ws/install/dwb_msgs/lib:/home/smartway/ros2_ws/install/nav_2d_msgs/lib:/home/smartway/ros2_ws/install/nav2_waypoint_follower/lib:/home/smartway/ros2_ws/install/nav2_regulated_pure_pursuit_controller/lib:/home/smartway/ros2_ws/install/nav2_recoveries/lib:/home/smartway/ros2_ws/install/nav2_planner/lib:/home/smartway/ros2_ws/install/nav2_navfn_planner/lib:/home/smartway/ros2_ws/install/costmap_queue/lib:/home/smartway/ros2_ws/install/nav2_costmap_2d/lib:/home/smartway/ros2_ws/install/nav2_voxel_grid/lib:/home/smartway/ros2_ws/install/nav2_rviz_plugins/lib:/home/smartway/ros2_ws/install/nav2_map_server/lib:/home/smartway/ros2_ws/install/nav2_lifecycle_manager/lib:/home/smartway/ros2_ws/install/nav2_bt_navigator/lib:/home/smartway/ros2_ws/install/nav2_behavior_tree/lib:/home/smartway/ros2_ws/install/nav2_amcl/lib:/usr/lib/aarch64-linux-gnu/gazebo-11/plugins:/opt/ros/foxy/opt/yaml_cpp_vendor/lib:/opt/ros/foxy/opt/rviz_ogre_vendor/lib:/opt/ros/foxy/lib/aarch64-linux-gnu:/opt/ros/foxy/lib PYTHONPATH=/home/smartway/ros2_ws/install/nav2_msgs/lib/python3.8/site-packages:/home/smartway/ros2_ws/install/nav2_common/lib/python3.8/site-packages:/home/smartway/ros2_ws/install/rpi_robot_control/lib/python3.8/site-packages:/home/smartway/ros2_ws/install/rpi_robot_bringup/lib/python3.8/site-packages:/home/smartway/ros2_ws/install/rpi_robot_action_interfaces/lib/python3.8/site-packages:/home/smartway/ros2_ws/install/dwb_msgs/lib/python3.8/site-packages:/home/smartway/ros2_ws/install/nav_2d_msgs/lib/python3.8/site-packages:/home/smartway/ros2_ws/install/nav2_gazebo_spawner/lib/python3.8/site-packages:/opt/ros/foxy/lib/python3.8/site-packages /usr/bin/cmake --install /home/smartway/ros2_ws/build/nav2_behavior_tree
[28.891s] -- Install configuration: "Release"
[28.895s] -- Up-to-date: /home/smartway/ros2_ws/install/nav2_behavior_tree/lib/libnav2_behavior_tree.so
[28.901s] -- Up-to-date: /home/smartway/ros2_ws/install/nav2_behavior_tree/lib/libnav2_compute_path_to_pose_action_bt_node.so
[28.903s] -- Up-to-date: /home/smartway/ros2_ws/install/nav2_behavior_tree/lib/libnav2_follow_path_action_bt_node.so
[28.904s] -- Up-to-date: /home/smartway/ros2_ws/install/nav2_behavior_tree/lib/libnav2_back_up_action_bt_node.so
[28.905s] -- Up-to-date: /home/smartway/ros2_ws/install/nav2_behavior_tree/lib/libnav2_spin_action_bt_node.so
[28.906s] -- Up-to-date: /home/smartway/ros2_ws/install/nav2_behavior_tree/lib/libnav2_wait_action_bt_node.so
[28.907s] -- Up-to-date: /home/smartway/ros2_ws/install/nav2_behavior_tree/lib/libnav2_clear_costmap_service_bt_node.so
[28.909s] -- Up-to-date: /home/smartway/ros2_ws/install/nav2_behavior_tree/lib/libnav2_is_stuck_condition_bt_node.so
[28.911s] -- Up-to-date: /home/smartway/ros2_ws/install/nav2_behavior_tree/lib/libnav2_transform_available_condition_bt_node.so
[28.914s] -- Up-to-date: /home/smartway/ros2_ws/install/nav2_behavior_tree/lib/libnav2_goal_reached_condition_bt_node.so
[28.915s] -- Up-to-date: /home/smartway/ros2_ws/install/nav2_behavior_tree/lib/libnav2_goal_updated_condition_bt_node.so
[28.918s] -- Up-to-date: /home/smartway/ros2_ws/install/nav2_behavior_tree/lib/libnav2_time_expired_condition_bt_node.so
[28.923s] -- Up-to-date: /home/smartway/ros2_ws/install/nav2_behavior_tree/lib/libnav2_distance_traveled_condition_bt_node.so
[28.923s] -- Up-to-date: /home/smartway/ros2_ws/install/nav2_behavior_tree/lib/libnav2_initial_pose_received_condition_bt_node.so
[28.925s] -- Up-to-date: /home/smartway/ros2_ws/install/nav2_behavior_tree/lib/libnav2_is_battery_low_condition_bt_node.so
[28.928s] -- Up-to-date: /home/smartway/ros2_ws/install/nav2_behavior_tree/lib/libnav2_reinitialize_global_localization_service_bt_node.so
[28.934s] -- Up-to-date: /home/smartway/ros2_ws/install/nav2_behavior_tree/lib/libnav2_rate_controller_bt_node.so
[28.935s] -- Up-to-date: /home/smartway/ros2_ws/install/nav2_behavior_tree/lib/libnav2_distance_controller_bt_node.so
[28.942s] -- Up-to-date: /home/smartway/ros2_ws/install/nav2_behavior_tree/lib/libnav2_speed_controller_bt_node.so
[28.944s] -- Up-to-date: /home/smartway/ros2_ws/install/nav2_behavior_tree/lib/libnav2_truncate_path_action_bt_node.so
[28.944s] -- Up-to-date: /home/smartway/ros2_ws/install/nav2_behavior_tree/lib/libnav2_goal_updater_node_bt_node.so
[28.947s] -- Up-to-date: /home/smartway/ros2_ws/install/nav2_behavior_tree/lib/libnav2_recovery_node_bt_node.so
[28.948s] -- Up-to-date: /home/smartway/ros2_ws/install/nav2_behavior_tree/lib/libnav2_navigate_to_pose_action_bt_node.so
[28.951s] -- Up-to-date: /home/smartway/ros2_ws/install/nav2_behavior_tree/lib/libnav2_pipeline_sequence_bt_node.so
[28.952s] -- Up-to-date: /home/smartway/ros2_ws/install/nav2_behavior_tree/lib/libnav2_round_robin_node_bt_node.so
[28.954s] -- Up-to-date: /home/smartway/ros2_ws/install/nav2_behavior_tree/include/
[28.954s] -- Up-to-date: /home/smartway/ros2_ws/install/nav2_behavior_tree/include//nav2_behavior_tree
[28.955s] -- Up-to-date: /home/smartway/ros2_ws/install/nav2_behavior_tree/include//nav2_behavior_tree/plugins
[28.956s] -- Up-to-date: /home/smartway/ros2_ws/install/nav2_behavior_tree/include//nav2_behavior_tree/plugins/condition
[28.956s] -- Up-to-date: /home/smartway/ros2_ws/install/nav2_behavior_tree/include//nav2_behavior_tree/plugins/condition/goal_updated_condition.hpp
[28.957s] -- Up-to-date: /home/smartway/ros2_ws/install/nav2_behavior_tree/include//nav2_behavior_tree/plugins/condition/transform_available_condition.hpp
[28.963s] -- Up-to-date: /home/smartway/ros2_ws/install/nav2_behavior_tree/include//nav2_behavior_tree/plugins/condition/time_expired_condition.hpp
[28.964s] -- Up-to-date: /home/smartway/ros2_ws/install/nav2_behavior_tree/include//nav2_behavior_tree/plugins/condition/distance_traveled_condition.hpp
[28.965s] -- Up-to-date: /home/smartway/ros2_ws/install/nav2_behavior_tree/include//nav2_behavior_tree/plugins/condition/is_battery_low_condition.hpp
[28.966s] -- Up-to-date: /home/smartway/ros2_ws/install/nav2_behavior_tree/include//nav2_behavior_tree/plugins/condition/is_stuck_condition.hpp
[28.968s] -- Up-to-date: /home/smartway/ros2_ws/install/nav2_behavior_tree/include//nav2_behavior_tree/plugins/condition/goal_reached_condition.hpp
[28.970s] -- Up-to-date: /home/smartway/ros2_ws/install/nav2_behavior_tree/include//nav2_behavior_tree/plugins/condition/initial_pose_received_condition.hpp
[28.972s] -- Up-to-date: /home/smartway/ros2_ws/install/nav2_behavior_tree/include//nav2_behavior_tree/plugins/decorator
[28.973s] -- Up-to-date: /home/smartway/ros2_ws/install/nav2_behavior_tree/include//nav2_behavior_tree/plugins/decorator/goal_updater_node.hpp
[28.980s] -- Up-to-date: /home/smartway/ros2_ws/install/nav2_behavior_tree/include//nav2_behavior_tree/plugins/decorator/distance_controller.hpp
[28.981s] -- Up-to-date: /home/smartway/ros2_ws/install/nav2_behavior_tree/include//nav2_behavior_tree/plugins/decorator/rate_controller.hpp
[28.982s] -- Up-to-date: /home/smartway/ros2_ws/install/nav2_behavior_tree/include//nav2_behavior_tree/plugins/decorator/speed_controller.hpp
[28.983s] -- Up-to-date: /home/smartway/ros2_ws/install/nav2_behavior_tree/include//nav2_behavior_tree/plugins/control
[28.984s] -- Up-to-date: /home/smartway/ros2_ws/install/nav2_behavior_tree/include//nav2_behavior_tree/plugins/control/round_robin_node.hpp
[28.991s] -- Up-to-date: /home/smartway/ros2_ws/install/nav2_behavior_tree/include//nav2_behavior_tree/plugins/control/pipeline_sequence.hpp
[29.000s] -- Up-to-date: /home/smartway/ros2_ws/install/nav2_behavior_tree/include//nav2_behavior_tree/plugins/control/recovery_node.hpp
[29.001s] -- Up-to-date: /home/smartway/ros2_ws/install/nav2_behavior_tree/include//nav2_behavior_tree/plugins/action
[29.001s] -- Up-to-date: /home/smartway/ros2_ws/install/nav2_behavior_tree/include//nav2_behavior_tree/plugins/action/clear_costmap_service.hpp
[29.001s] -- Up-to-date: /home/smartway/ros2_ws/install/nav2_behavior_tree/include//nav2_behavior_tree/plugins/action/reinitialize_global_localization_service.hpp
[29.002s] -- Up-to-date: /home/smartway/ros2_ws/install/nav2_behavior_tree/include//nav2_behavior_tree/plugins/action/follow_path_action.hpp
[29.002s] -- Up-to-date: /home/smartway/ros2_ws/install/nav2_behavior_tree/include//nav2_behavior_tree/plugins/action/truncate_path_action.hpp
[29.003s] -- Up-to-date: /home/smartway/ros2_ws/install/nav2_behavior_tree/include//nav2_behavior_tree/plugins/action/navigate_to_pose_action.hpp
[29.011s] -- Up-to-date: /home/smartway/ros2_ws/install/nav2_behavior_tree/include//nav2_behavior_tree/plugins/action/back_up_action.hpp
[29.011s] -- Up-to-date: /home/smartway/ros2_ws/install/nav2_behavior_tree/include//nav2_behavior_tree/plugins/action/wait_action.hpp
[29.011s] -- Up-to-date: /home/smartway/ros2_ws/install/nav2_behavior_tree/include//nav2_behavior_tree/plugins/action/compute_path_to_pose_action.hpp
[29.012s] -- Up-to-date: /home/smartway/ros2_ws/install/nav2_behavior_tree/include//nav2_behavior_tree/plugins/action/spin_action.hpp
[29.012s] -- Up-to-date: /home/smartway/ros2_ws/install/nav2_behavior_tree/include//nav2_behavior_tree/bt_service_node.hpp
[29.013s] -- Up-to-date: /home/smartway/ros2_ws/install/nav2_behavior_tree/include//nav2_behavior_tree/bt_conversions.hpp
[29.013s] -- Up-to-date: /home/smartway/ros2_ws/install/nav2_behavior_tree/include//nav2_behavior_tree/bt_action_node.hpp
[29.014s] -- Up-to-date: /home/smartway/ros2_ws/install/nav2_behavior_tree/include//nav2_behavior_tree/behavior_tree_engine.hpp
[29.015s] -- Up-to-date: /home/smartway/ros2_ws/install/nav2_behavior_tree/share/nav2_behavior_tree/nav2_tree_nodes.xml
[29.015s] -- Up-to-date: /home/smartway/ros2_ws/install/nav2_behavior_tree/share/nav2_behavior_tree/environment/library_path.sh
[29.016s] -- Up-to-date: /home/smartway/ros2_ws/install/nav2_behavior_tree/share/nav2_behavior_tree/environment/library_path.dsv
[29.016s] -- Up-to-date: /home/smartway/ros2_ws/install/nav2_behavior_tree/share/ament_index/resource_index/package_run_dependencies/nav2_behavior_tree
[29.017s] -- Up-to-date: /home/smartway/ros2_ws/install/nav2_behavior_tree/share/ament_index/resource_index/parent_prefix_path/nav2_behavior_tree
[29.018s] -- Up-to-date: /home/smartway/ros2_ws/install/nav2_behavior_tree/share/nav2_behavior_tree/environment/ament_prefix_path.sh
[29.018s] -- Up-to-date: /home/smartway/ros2_ws/install/nav2_behavior_tree/share/nav2_behavior_tree/environment/ament_prefix_path.dsv
[29.019s] -- Up-to-date: /home/smartway/ros2_ws/install/nav2_behavior_tree/share/nav2_behavior_tree/environment/path.sh
[29.021s] -- Up-to-date: /home/smartway/ros2_ws/install/nav2_behavior_tree/share/nav2_behavior_tree/environment/path.dsv
[29.022s] -- Up-to-date: /home/smartway/ros2_ws/install/nav2_behavior_tree/share/nav2_behavior_tree/local_setup.bash
[29.022s] -- Up-to-date: /home/smartway/ros2_ws/install/nav2_behavior_tree/share/nav2_behavior_tree/local_setup.sh
[29.023s] -- Up-to-date: /home/smartway/ros2_ws/install/nav2_behavior_tree/share/nav2_behavior_tree/local_setup.zsh
[29.024s] -- Up-to-date: /home/smartway/ros2_ws/install/nav2_behavior_tree/share/nav2_behavior_tree/local_setup.dsv
[29.024s] -- Installing: /home/smartway/ros2_ws/install/nav2_behavior_tree/share/nav2_behavior_tree/package.dsv
[29.025s] -- Up-to-date: /home/smartway/ros2_ws/install/nav2_behavior_tree/share/ament_index/resource_index/packages/nav2_behavior_tree
[29.026s] -- Up-to-date: /home/smartway/ros2_ws/install/nav2_behavior_tree/share/nav2_behavior_tree/cmake/ament_cmake_export_include_directories-extras.cmake
[29.027s] -- Up-to-date: /home/smartway/ros2_ws/install/nav2_behavior_tree/share/nav2_behavior_tree/cmake/ament_cmake_export_libraries-extras.cmake
[29.028s] -- Up-to-date: /home/smartway/ros2_ws/install/nav2_behavior_tree/share/nav2_behavior_tree/cmake/ament_cmake_export_dependencies-extras.cmake
[29.028s] -- Up-to-date: /home/smartway/ros2_ws/install/nav2_behavior_tree/share/nav2_behavior_tree/cmake/nav2_behavior_treeConfig.cmake
[29.029s] -- Up-to-date: /home/smartway/ros2_ws/install/nav2_behavior_tree/share/nav2_behavior_tree/cmake/nav2_behavior_treeConfig-version.cmake
[29.029s] -- Up-to-date: /home/smartway/ros2_ws/install/nav2_behavior_tree/share/nav2_behavior_tree/package.xml
[29.031s] Invoked command in '/home/smartway/ros2_ws/build/nav2_behavior_tree' returned '0': CMAKE_PREFIX_PATH=/home/smartway/ros2_ws/install/nav2_util:/home/smartway/ros2_ws/install/nav2_msgs:/home/smartway/ros2_ws/install/nav2_common:/home/smartway/ros2_ws/install/nav2_system_tests:/home/smartway/ros2_ws/install/nav2_bringup:/home/smartway/ros2_ws/install/navigation2:/home/smartway/ros2_ws/install/smac_planner:/home/smartway/ros2_ws/install/rplidar_ros:/home/smartway/ros2_ws/install/rpi_robot_slam:/home/smartway/ros2_ws/install/rpi_robot_bringup:/home/smartway/ros2_ws/install/rpi_robot_action_interfaces:/home/smartway/ros2_ws/install/nav2_dwb_controller:/home/smartway/ros2_ws/install/nav2_controller:/home/smartway/ros2_ws/install/dwb_plugins:/home/smartway/ros2_ws/install/dwb_critics:/home/smartway/ros2_ws/install/dwb_core:/home/smartway/ros2_ws/install/nav_2d_utils:/home/smartway/ros2_ws/install/dwb_msgs:/home/smartway/ros2_ws/install/nav_2d_msgs:/home/smartway/ros2_ws/install/nav2_waypoint_follower:/home/smartway/ros2_ws/install/nav2_regulated_pure_pursuit_controller:/home/smartway/ros2_ws/install/nav2_recoveries:/home/smartway/ros2_ws/install/nav2_planner:/home/smartway/ros2_ws/install/nav2_navfn_planner:/home/smartway/ros2_ws/install/nav2_core:/home/smartway/ros2_ws/install/costmap_queue:/home/smartway/ros2_ws/install/nav2_costmap_2d:/home/smartway/ros2_ws/install/nav2_voxel_grid:/home/smartway/ros2_ws/install/nav2_rviz_plugins:/home/smartway/ros2_ws/install/nav2_map_server:/home/smartway/ros2_ws/install/nav2_lifecycle_manager:/home/smartway/ros2_ws/install/nav2_bt_navigator:/home/smartway/ros2_ws/install/nav2_behavior_tree:/home/smartway/ros2_ws/install/nav2_amcl:/home/smartway/ros2_ws/install/rpi_robot_control:/home/smartway/ros2_ws/install/nav2_gazebo_spawner:/opt/ros/foxy LD_LIBRARY_PATH=/home/smartway/ros2_ws/install/nav2_util/lib:/home/smartway/ros2_ws/install/nav2_msgs/lib:/home/smartway/ros2_ws/install/smac_planner/lib:/home/smartway/ros2_ws/install/rplidar_ros/lib:/home/smartway/ros2_ws/install/rpi_robot_action_interfaces/lib:/home/smartway/ros2_ws/install/nav2_controller/lib:/home/smartway/ros2_ws/install/dwb_plugins/lib:/home/smartway/ros2_ws/install/dwb_critics/lib:/home/smartway/ros2_ws/install/dwb_core/lib:/home/smartway/ros2_ws/install/nav_2d_utils/lib:/home/smartway/ros2_ws/install/dwb_msgs/lib:/home/smartway/ros2_ws/install/nav_2d_msgs/lib:/home/smartway/ros2_ws/install/nav2_waypoint_follower/lib:/home/smartway/ros2_ws/install/nav2_regulated_pure_pursuit_controller/lib:/home/smartway/ros2_ws/install/nav2_recoveries/lib:/home/smartway/ros2_ws/install/nav2_planner/lib:/home/smartway/ros2_ws/install/nav2_navfn_planner/lib:/home/smartway/ros2_ws/install/costmap_queue/lib:/home/smartway/ros2_ws/install/nav2_costmap_2d/lib:/home/smartway/ros2_ws/install/nav2_voxel_grid/lib:/home/smartway/ros2_ws/install/nav2_rviz_plugins/lib:/home/smartway/ros2_ws/install/nav2_map_server/lib:/home/smartway/ros2_ws/install/nav2_lifecycle_manager/lib:/home/smartway/ros2_ws/install/nav2_bt_navigator/lib:/home/smartway/ros2_ws/install/nav2_behavior_tree/lib:/home/smartway/ros2_ws/install/nav2_amcl/lib:/usr/lib/aarch64-linux-gnu/gazebo-11/plugins:/opt/ros/foxy/opt/yaml_cpp_vendor/lib:/opt/ros/foxy/opt/rviz_ogre_vendor/lib:/opt/ros/foxy/lib/aarch64-linux-gnu:/opt/ros/foxy/lib PYTHONPATH=/home/smartway/ros2_ws/install/nav2_msgs/lib/python3.8/site-packages:/home/smartway/ros2_ws/install/nav2_common/lib/python3.8/site-packages:/home/smartway/ros2_ws/install/rpi_robot_control/lib/python3.8/site-packages:/home/smartway/ros2_ws/install/rpi_robot_bringup/lib/python3.8/site-packages:/home/smartway/ros2_ws/install/rpi_robot_action_interfaces/lib/python3.8/site-packages:/home/smartway/ros2_ws/install/dwb_msgs/lib/python3.8/site-packages:/home/smartway/ros2_ws/install/nav_2d_msgs/lib/python3.8/site-packages:/home/smartway/ros2_ws/install/nav2_gazebo_spawner/lib/python3.8/site-packages:/opt/ros/foxy/lib/python3.8/site-packages /usr/bin/cmake --install /home/smartway/ros2_ws/build/nav2_behavior_tree
