[8.182s] Invoking command in '/home/smartway/ros2_ws/src/rccontrol': PYTHONPATH=/home/smartway/ros2_ws/build/rccontrol/prefix_override:/home/smartway/ros2_ws/install/rccontrol/lib/python3.8/site-packages:${PYTHONPATH} /usr/bin/python3 setup.py egg_info --egg-base ../../build/rccontrol build --build-base /home/smartway/ros2_ws/build/rccontrol/build install --record /home/smartway/ros2_ws/build/rccontrol/install.log --install-scripts $base/lib/rccontrol --single-version-externally-managed
[10.383s] running egg_info
[10.394s] creating ../../build/rccontrol/rccontrol.egg-info
[10.400s] writing ../../build/rccontrol/rccontrol.egg-info/PKG-INFO
[10.403s] writing dependency_links to ../../build/rccontrol/rccontrol.egg-info/dependency_links.txt
[10.416s] writing entry points to ../../build/rccontrol/rccontrol.egg-info/entry_points.txt
[10.418s] writing requirements to ../../build/rccontrol/rccontrol.egg-info/requires.txt
[10.419s] writing top-level names to ../../build/rccontrol/rccontrol.egg-info/top_level.txt
[10.436s] writing manifest file '../../build/rccontrol/rccontrol.egg-info/SOURCES.txt'
[10.731s] reading manifest file '../../build/rccontrol/rccontrol.egg-info/SOURCES.txt'
[10.785s] writing manifest file '../../build/rccontrol/rccontrol.egg-info/SOURCES.txt'
[10.786s] running build
[10.787s] running build_py
[10.789s] creating /home/smartway/ros2_ws/build/rccontrol/build
[10.790s] creating /home/smartway/ros2_ws/build/rccontrol/build/lib
[10.791s] creating /home/smartway/ros2_ws/build/rccontrol/build/lib/rccontrol
[10.794s] copying rccontrol/__init__.py -> /home/smartway/ros2_ws/build/rccontrol/build/lib/rccontrol
[10.798s] running install
[10.820s] running install_lib
[10.821s] creating /home/smartway/ros2_ws/install/rccontrol/lib/python3.8/site-packages/rccontrol
[10.827s] copying /home/smartway/ros2_ws/build/rccontrol/build/lib/rccontrol/__init__.py -> /home/smartway/ros2_ws/install/rccontrol/lib/python3.8/site-packages/rccontrol
[10.829s] byte-compiling /home/smartway/ros2_ws/install/rccontrol/lib/python3.8/site-packages/rccontrol/__init__.py to __init__.cpython-38.pyc
[10.843s] running install_data
[10.846s] creating /home/smartway/ros2_ws/install/rccontrol/share/ament_index
[10.846s] creating /home/smartway/ros2_ws/install/rccontrol/share/ament_index/resource_index
[10.848s] creating /home/smartway/ros2_ws/install/rccontrol/share/ament_index/resource_index/packages
[10.851s] copying resource/rccontrol -> /home/smartway/ros2_ws/install/rccontrol/share/ament_index/resource_index/packages
[10.851s] copying package.xml -> /home/smartway/ros2_ws/install/rccontrol/share/rccontrol
[10.852s] running install_egg_info
[10.900s] Copying ../../build/rccontrol/rccontrol.egg-info to /home/smartway/ros2_ws/install/rccontrol/lib/python3.8/site-packages/rccontrol-0.0.0-py3.8.egg-info
[10.921s] running install_scripts
[11.149s] writing list of installed files to '/home/smartway/ros2_ws/build/rccontrol/install.log'
[11.337s] Invoked command in '/home/smartway/ros2_ws/src/rccontrol' returned '0': PYTHONPATH=/home/smartway/ros2_ws/build/rccontrol/prefix_override:/home/smartway/ros2_ws/install/rccontrol/lib/python3.8/site-packages:${PYTHONPATH} /usr/bin/python3 setup.py egg_info --egg-base ../../build/rccontrol build --build-base /home/smartway/ros2_ws/build/rccontrol/build install --record /home/smartway/ros2_ws/build/rccontrol/install.log --install-scripts $base/lib/rccontrol --single-version-externally-managed
