[1.270s] Invoking command in '/home/smartway/ros2_ws/build/rpi_robot_action_interfaces': /usr/bin/cmake /home/smartway/ros2_ws/rpi-robot-ros-foxy/rpi_robot_action_interfaces -DCMAKE_INSTALL_PREFIX=/home/smartway/ros2_ws/install/rpi_robot_action_interfaces
[1.571s] -- The C compiler identification is GNU 9.4.0
[1.853s] -- The CXX compiler identification is GNU 9.4.0
[1.873s] -- Check for working C compiler: /usr/bin/cc
[2.228s] -- Check for working C compiler: /usr/bin/cc -- works
[2.235s] -- Detecting C compiler ABI info
[2.577s] -- Detecting C compiler ABI info - done
[2.614s] -- Detecting C compile features
[2.616s] -- Detecting C compile features - done
[2.626s] -- Check for working CXX compiler: /usr/bin/c++
[2.971s] -- Check for working CXX compiler: /usr/bin/c++ -- works
[2.975s] -- Detecting CXX compiler ABI info
[3.342s] -- Detecting CXX compiler ABI info - done
[3.394s] -- Detecting CXX compile features
[3.396s] -- Detecting CXX compile features - done
[3.565s] CMake Error at CMakeLists.txt:19 (find_package):
[3.566s]   By not providing "Findament_cmake.cmake" in CMAKE_MODULE_PATH this project
[3.566s]   has asked CMake to find a package configuration file provided by
[3.566s]   "ament_cmake", but CMake did not find one.
[3.566s] 
[3.567s]   Could not find a package configuration file provided by "ament_cmake" with
[3.567s]   any of the following names:
[3.567s] 
[3.568s]     ament_cmakeConfig.cmake
[3.568s]     ament_cmake-config.cmake
[3.568s] 
[3.569s]   Add the installation prefix of "ament_cmake" to CMAKE_PREFIX_PATH or set
[3.569s]   "ament_cmake_DIR" to a directory containing one of the above files.  If
[3.570s]   "ament_cmake" provides a separate development package or SDK, be sure it
[3.570s]   has been installed.
[3.571s] 
[3.572s] 
[3.573s] -- Configuring incomplete, errors occurred!
[3.574s] See also "/home/smartway/ros2_ws/build/rpi_robot_action_interfaces/CMakeFiles/CMakeOutput.log".
