[0.073s] Invoking command in '/home/smartway/ros2_ws/build/rplidar_ros': CMAKE_PREFIX_PATH=/opt/ros/foxy /usr/bin/cmake --build /home/smartway/ros2_ws/build/rplidar_ros -- -j4 -l4
[0.406s] [ 11%] Built target rplidarNodeClient
[0.413s] [ 88%] Built target rplidar_composition_node
[0.414s] [ 88%] Built target rplidarNode
[0.588s] [100%] Built target rplidar_composition
[0.632s] Invoked command in '/home/smartway/ros2_ws/build/rplidar_ros' returned '0': CMAKE_PREFIX_PATH=/opt/ros/foxy /usr/bin/cmake --build /home/smartway/ros2_ws/build/rplidar_ros -- -j4 -l4
[0.925s] Invoking command in '/home/smartway/ros2_ws/build/rplidar_ros': CMAKE_PREFIX_PATH=/opt/ros/foxy /usr/bin/cmake --install /home/smartway/ros2_ws/build/rplidar_ros
[0.963s] -- Install configuration: ""
[0.964s] -- Up-to-date: /home/smartway/ros2_ws/install/rplidar_ros/lib/rplidar_ros/rplidarNode
[0.966s] -- Up-to-date: /home/smartway/ros2_ws/install/rplidar_ros/lib/rplidar_ros/rplidarNodeClient
[0.968s] -- Up-to-date: /home/smartway/ros2_ws/install/rplidar_ros/lib/rplidar_ros/rplidar_composition
[0.969s] -- Up-to-date: /home/smartway/ros2_ws/install/rplidar_ros/share/rplidar_ros/launch
[0.969s] -- Up-to-date: /home/smartway/ros2_ws/install/rplidar_ros/share/rplidar_ros/launch/rplidar.launch.py
[0.970s] -- Up-to-date: /home/smartway/ros2_ws/install/rplidar_ros/share/rplidar_ros/launch/rplidar_a3.launch.py
[0.970s] -- Up-to-date: /home/smartway/ros2_ws/install/rplidar_ros/share/rplidar_ros/launch/view_rplidar.launch.py
[0.971s] -- Up-to-date: /home/smartway/ros2_ws/install/rplidar_ros/share/rplidar_ros/launch/rplidar_s1_tcp.launch.py
[0.971s] -- Up-to-date: /home/smartway/ros2_ws/install/rplidar_ros/share/rplidar_ros/launch/view_rplidar_a3.launch.py
[0.971s] -- Up-to-date: /home/smartway/ros2_ws/install/rplidar_ros/share/rplidar_ros/launch/view_rplidar_s1.launch.py
[0.972s] -- Up-to-date: /home/smartway/ros2_ws/install/rplidar_ros/share/rplidar_ros/launch/test_rplidar.launch.py
[0.972s] -- Up-to-date: /home/smartway/ros2_ws/install/rplidar_ros/share/rplidar_ros/launch/view_rplidar_s1_tcp.launch.py
[0.973s] -- Up-to-date: /home/smartway/ros2_ws/install/rplidar_ros/share/rplidar_ros/launch/test_rplidar_a3.launch.py
[0.973s] -- Up-to-date: /home/smartway/ros2_ws/install/rplidar_ros/share/rplidar_ros/launch/rplidar_s1.launch.py
[0.973s] -- Up-to-date: /home/smartway/ros2_ws/install/rplidar_ros/share/rplidar_ros/rviz
[0.974s] -- Up-to-date: /home/smartway/ros2_ws/install/rplidar_ros/share/rplidar_ros/rviz/rplidar.rviz
[0.974s] -- Up-to-date: /home/smartway/ros2_ws/install/rplidar_ros/lib/librplidar_composition_node.so
[0.975s] -- Up-to-date: /home/smartway/ros2_ws/install/rplidar_ros/include
[0.975s] -- Up-to-date: /home/smartway/ros2_ws/install/rplidar_ros/include/rplidar_node.hpp
[0.975s] -- Up-to-date: /home/smartway/ros2_ws/install/rplidar_ros/include/visibility.h
[0.976s] -- Up-to-date: /home/smartway/ros2_ws/install/rplidar_ros/lib/rplidar_ros/rplidarNode
[0.977s] -- Up-to-date: /home/smartway/ros2_ws/install/rplidar_ros/lib/rplidar_ros/rplidarNodeClient
[0.979s] -- Up-to-date: /home/smartway/ros2_ws/install/rplidar_ros/lib/rplidar_ros/rplidar_composition
[0.980s] -- Up-to-date: /home/smartway/ros2_ws/install/rplidar_ros/share/ament_index/resource_index/package_run_dependencies/rplidar_ros
[0.981s] -- Up-to-date: /home/smartway/ros2_ws/install/rplidar_ros/share/ament_index/resource_index/parent_prefix_path/rplidar_ros
[0.981s] -- Up-to-date: /home/smartway/ros2_ws/install/rplidar_ros/share/rplidar_ros/environment/ament_prefix_path.sh
[0.981s] -- Up-to-date: /home/smartway/ros2_ws/install/rplidar_ros/share/rplidar_ros/environment/ament_prefix_path.dsv
[0.982s] -- Up-to-date: /home/smartway/ros2_ws/install/rplidar_ros/share/rplidar_ros/environment/path.sh
[0.982s] -- Up-to-date: /home/smartway/ros2_ws/install/rplidar_ros/share/rplidar_ros/environment/path.dsv
[0.983s] -- Up-to-date: /home/smartway/ros2_ws/install/rplidar_ros/share/rplidar_ros/local_setup.bash
[0.983s] -- Up-to-date: /home/smartway/ros2_ws/install/rplidar_ros/share/rplidar_ros/local_setup.sh
[0.984s] -- Up-to-date: /home/smartway/ros2_ws/install/rplidar_ros/share/rplidar_ros/local_setup.zsh
[0.984s] -- Up-to-date: /home/smartway/ros2_ws/install/rplidar_ros/share/rplidar_ros/local_setup.dsv
[0.984s] -- Installing: /home/smartway/ros2_ws/install/rplidar_ros/share/rplidar_ros/package.dsv
[0.985s] -- Up-to-date: /home/smartway/ros2_ws/install/rplidar_ros/share/ament_index/resource_index/packages/rplidar_ros
[0.985s] -- Up-to-date: /home/smartway/ros2_ws/install/rplidar_ros/share/rplidar_ros/cmake/ament_cmake_export_dependencies-extras.cmake
[0.986s] -- Up-to-date: /home/smartway/ros2_ws/install/rplidar_ros/share/rplidar_ros/cmake/ament_cmake_export_include_directories-extras.cmake
[0.986s] -- Up-to-date: /home/smartway/ros2_ws/install/rplidar_ros/share/rplidar_ros/cmake/rplidar_rosConfig.cmake
[0.986s] -- Up-to-date: /home/smartway/ros2_ws/install/rplidar_ros/share/rplidar_ros/cmake/rplidar_rosConfig-version.cmake
[0.987s] -- Up-to-date: /home/smartway/ros2_ws/install/rplidar_ros/share/rplidar_ros/package.xml
[0.994s] Invoked command in '/home/smartway/ros2_ws/build/rplidar_ros' returned '0': CMAKE_PREFIX_PATH=/opt/ros/foxy /usr/bin/cmake --install /home/smartway/ros2_ws/build/rplidar_ros
