[0.499s] Invoking command in '/home/smartway/ros2_ws/build/nav_2d_msgs': CMAKE_PREFIX_PATH=${CMAKE_PREFIX_PATH}:/home/smartway/ros2_ws/install/rpi_robot_control:/home/smartway/ros2_ws/install/nav2_gazebo_spawner:/opt/ros/foxy /usr/bin/cmake --build /home/smartway/ros2_ws/build/nav_2d_msgs -- -j4 -l4
[2.467s] [  1%] Built target nav_2d_msgs__cpp
[2.470s] [ 12%] Built target nav_2d_msgs__rosidl_generator_c
[2.471s] [ 23%] Built target nav_2d_msgs__rosidl_typesupport_cpp
[2.472s] [ 35%] Built target nav_2d_msgs__rosidl_typesupport_introspection_cpp
[2.473s] [ 46%] Built target nav_2d_msgs__rosidl_typesupport_c
[2.473s] [ 57%] Built target nav_2d_msgs__rosidl_typesupport_fastrtps_cpp
[2.484s] [ 69%] Built target nav_2d_msgs__rosidl_typesupport_introspection_c
[2.602s] [ 80%] Built target nav_2d_msgs__rosidl_typesupport_fastrtps_c
[2.883s] [ 80%] Built target nav_2d_msgs
[3.093s] [ 81%] Built target nav_2d_msgs__py
[3.376s] [ 91%] Built target nav_2d_msgs__python
[3.789s] [ 94%] Built target nav_2d_msgs__rosidl_typesupport_fastrtps_c__pyext
[3.826s] [ 97%] Built target nav_2d_msgs__rosidl_typesupport_c__pyext
[3.829s] [100%] Built target nav_2d_msgs__rosidl_typesupport_introspection_c__pyext
[4.323s] Invoked command in '/home/smartway/ros2_ws/build/nav_2d_msgs' returned '0': CMAKE_PREFIX_PATH=${CMAKE_PREFIX_PATH}:/home/smartway/ros2_ws/install/rpi_robot_control:/home/smartway/ros2_ws/install/nav2_gazebo_spawner:/opt/ros/foxy /usr/bin/cmake --build /home/smartway/ros2_ws/build/nav_2d_msgs -- -j4 -l4
[10.079s] Invoking command in '/home/smartway/ros2_ws/build/nav_2d_msgs': CMAKE_PREFIX_PATH=${CMAKE_PREFIX_PATH}:/home/smartway/ros2_ws/install/rpi_robot_control:/home/smartway/ros2_ws/install/nav2_gazebo_spawner:/opt/ros/foxy /usr/bin/cmake --install /home/smartway/ros2_ws/build/nav_2d_msgs
[10.221s] -- Install configuration: ""
[10.222s] -- Up-to-date: /home/smartway/ros2_ws/install/nav_2d_msgs/share/ament_index/resource_index/rosidl_interfaces/nav_2d_msgs
[10.222s] -- Up-to-date: /home/smartway/ros2_ws/install/nav_2d_msgs/include/nav_2d_msgs
[10.223s] -- Up-to-date: /home/smartway/ros2_ws/install/nav_2d_msgs/include/nav_2d_msgs/msg
[10.224s] -- Up-to-date: /home/smartway/ros2_ws/install/nav_2d_msgs/include/nav_2d_msgs/msg/twist2_d_stamped.h
[10.225s] -- Up-to-date: /home/smartway/ros2_ws/install/nav_2d_msgs/include/nav_2d_msgs/msg/detail
[10.226s] -- Up-to-date: /home/smartway/ros2_ws/install/nav_2d_msgs/include/nav_2d_msgs/msg/detail/pose2_d32__functions.h
[10.226s] -- Up-to-date: /home/smartway/ros2_ws/install/nav_2d_msgs/include/nav_2d_msgs/msg/detail/twist2_d_stamped__functions.c
[10.228s] -- Up-to-date: /home/smartway/ros2_ws/install/nav_2d_msgs/include/nav_2d_msgs/msg/detail/path2_d__functions.h
[10.229s] -- Up-to-date: /home/smartway/ros2_ws/install/nav_2d_msgs/include/nav_2d_msgs/msg/detail/twist2_d__functions.c
[10.240s] -- Up-to-date: /home/smartway/ros2_ws/install/nav_2d_msgs/include/nav_2d_msgs/msg/detail/twist2_d32__type_support.h
[10.242s] -- Up-to-date: /home/smartway/ros2_ws/install/nav_2d_msgs/include/nav_2d_msgs/msg/detail/pose2_d_stamped__type_support.h
[10.243s] -- Up-to-date: /home/smartway/ros2_ws/install/nav_2d_msgs/include/nav_2d_msgs/msg/detail/pose2_d32__functions.c
[10.247s] -- Up-to-date: /home/smartway/ros2_ws/install/nav_2d_msgs/include/nav_2d_msgs/msg/detail/path2_d__type_support.h
[10.256s] -- Up-to-date: /home/smartway/ros2_ws/install/nav_2d_msgs/include/nav_2d_msgs/msg/detail/twist2_d__struct.h
[10.283s] -- Up-to-date: /home/smartway/ros2_ws/install/nav_2d_msgs/include/nav_2d_msgs/msg/detail/pose2_d32__type_support.h
[10.284s] -- Up-to-date: /home/smartway/ros2_ws/install/nav_2d_msgs/include/nav_2d_msgs/msg/detail/twist2_d_stamped__functions.h
[10.286s] -- Up-to-date: /home/smartway/ros2_ws/install/nav_2d_msgs/include/nav_2d_msgs/msg/detail/twist2_d_stamped__type_support.h
[10.287s] -- Up-to-date: /home/smartway/ros2_ws/install/nav_2d_msgs/include/nav_2d_msgs/msg/detail/twist2_d32__functions.c
[10.287s] -- Up-to-date: /home/smartway/ros2_ws/install/nav_2d_msgs/include/nav_2d_msgs/msg/detail/path2_d__struct.h
[10.288s] -- Up-to-date: /home/smartway/ros2_ws/install/nav_2d_msgs/include/nav_2d_msgs/msg/detail/pose2_d_stamped__functions.h
[10.289s] -- Up-to-date: /home/smartway/ros2_ws/install/nav_2d_msgs/include/nav_2d_msgs/msg/detail/path2_d__functions.c
[10.292s] -- Up-to-date: /home/smartway/ros2_ws/install/nav_2d_msgs/include/nav_2d_msgs/msg/detail/pose2_d_stamped__functions.c
[10.293s] -- Up-to-date: /home/smartway/ros2_ws/install/nav_2d_msgs/include/nav_2d_msgs/msg/detail/twist2_d32__functions.h
[10.293s] -- Up-to-date: /home/smartway/ros2_ws/install/nav_2d_msgs/include/nav_2d_msgs/msg/detail/twist2_d_stamped__struct.h
[10.294s] -- Up-to-date: /home/smartway/ros2_ws/install/nav_2d_msgs/include/nav_2d_msgs/msg/detail/twist2_d__type_support.h
[10.295s] -- Up-to-date: /home/smartway/ros2_ws/install/nav_2d_msgs/include/nav_2d_msgs/msg/detail/twist2_d32__struct.h
[10.295s] -- Up-to-date: /home/smartway/ros2_ws/install/nav_2d_msgs/include/nav_2d_msgs/msg/detail/pose2_d_stamped__struct.h
[10.301s] -- Up-to-date: /home/smartway/ros2_ws/install/nav_2d_msgs/include/nav_2d_msgs/msg/detail/pose2_d32__struct.h
[10.302s] -- Up-to-date: /home/smartway/ros2_ws/install/nav_2d_msgs/include/nav_2d_msgs/msg/detail/twist2_d__functions.h
[10.302s] -- Up-to-date: /home/smartway/ros2_ws/install/nav_2d_msgs/include/nav_2d_msgs/msg/rosidl_generator_c__visibility_control.h
[10.303s] -- Up-to-date: /home/smartway/ros2_ws/install/nav_2d_msgs/include/nav_2d_msgs/msg/pose2_d32.h
[10.303s] -- Up-to-date: /home/smartway/ros2_ws/install/nav_2d_msgs/include/nav_2d_msgs/msg/twist2_d.h
[10.304s] -- Up-to-date: /home/smartway/ros2_ws/install/nav_2d_msgs/include/nav_2d_msgs/msg/path2_d.h
[10.305s] -- Up-to-date: /home/smartway/ros2_ws/install/nav_2d_msgs/include/nav_2d_msgs/msg/pose2_d_stamped.h
[10.317s] -- Up-to-date: /home/smartway/ros2_ws/install/nav_2d_msgs/include/nav_2d_msgs/msg/twist2_d32.h
[10.317s] -- Up-to-date: /home/smartway/ros2_ws/install/nav_2d_msgs/share/nav_2d_msgs/environment/library_path.sh
[10.318s] -- Up-to-date: /home/smartway/ros2_ws/install/nav_2d_msgs/share/nav_2d_msgs/environment/library_path.dsv
[10.318s] -- Up-to-date: /home/smartway/ros2_ws/install/nav_2d_msgs/lib/libnav_2d_msgs__rosidl_generator_c.so
[10.319s] -- Up-to-date: /home/smartway/ros2_ws/install/nav_2d_msgs/include/nav_2d_msgs
[10.319s] -- Up-to-date: /home/smartway/ros2_ws/install/nav_2d_msgs/include/nav_2d_msgs/msg
[10.320s] -- Up-to-date: /home/smartway/ros2_ws/install/nav_2d_msgs/include/nav_2d_msgs/msg/rosidl_typesupport_fastrtps_c__visibility_control.h
[10.321s] -- Up-to-date: /home/smartway/ros2_ws/install/nav_2d_msgs/include/nav_2d_msgs/msg/detail
[10.322s] -- Up-to-date: /home/smartway/ros2_ws/install/nav_2d_msgs/include/nav_2d_msgs/msg/detail/pose2_d_stamped__rosidl_typesupport_fastrtps_c.h
[10.323s] -- Up-to-date: /home/smartway/ros2_ws/install/nav_2d_msgs/include/nav_2d_msgs/msg/detail/twist2_d32__rosidl_typesupport_fastrtps_c.h
[10.323s] -- Up-to-date: /home/smartway/ros2_ws/install/nav_2d_msgs/include/nav_2d_msgs/msg/detail/pose2_d32__rosidl_typesupport_fastrtps_c.h
[10.329s] -- Up-to-date: /home/smartway/ros2_ws/install/nav_2d_msgs/include/nav_2d_msgs/msg/detail/twist2_d__rosidl_typesupport_fastrtps_c.h
[10.330s] -- Up-to-date: /home/smartway/ros2_ws/install/nav_2d_msgs/include/nav_2d_msgs/msg/detail/path2_d__rosidl_typesupport_fastrtps_c.h
[10.331s] -- Up-to-date: /home/smartway/ros2_ws/install/nav_2d_msgs/include/nav_2d_msgs/msg/detail/twist2_d_stamped__rosidl_typesupport_fastrtps_c.h
[10.332s] -- Up-to-date: /home/smartway/ros2_ws/install/nav_2d_msgs/lib/libnav_2d_msgs__rosidl_typesupport_fastrtps_c.so
[10.333s] -- Up-to-date: /home/smartway/ros2_ws/install/nav_2d_msgs/include/nav_2d_msgs
[10.334s] -- Up-to-date: /home/smartway/ros2_ws/install/nav_2d_msgs/include/nav_2d_msgs/msg
[10.335s] -- Up-to-date: /home/smartway/ros2_ws/install/nav_2d_msgs/include/nav_2d_msgs/msg/rosidl_typesupport_fastrtps_cpp__visibility_control.h
[10.349s] -- Up-to-date: /home/smartway/ros2_ws/install/nav_2d_msgs/include/nav_2d_msgs/msg/detail
[10.350s] -- Up-to-date: /home/smartway/ros2_ws/install/nav_2d_msgs/include/nav_2d_msgs/msg/detail/pose2_d32__rosidl_typesupport_fastrtps_cpp.hpp
[10.350s] -- Up-to-date: /home/smartway/ros2_ws/install/nav_2d_msgs/include/nav_2d_msgs/msg/detail/twist2_d_stamped__rosidl_typesupport_fastrtps_cpp.hpp
[10.351s] -- Up-to-date: /home/smartway/ros2_ws/install/nav_2d_msgs/include/nav_2d_msgs/msg/detail/pose2_d_stamped__rosidl_typesupport_fastrtps_cpp.hpp
[10.352s] -- Up-to-date: /home/smartway/ros2_ws/install/nav_2d_msgs/include/nav_2d_msgs/msg/detail/dds_fastrtps
[10.353s] -- Up-to-date: /home/smartway/ros2_ws/install/nav_2d_msgs/include/nav_2d_msgs/msg/detail/twist2_d__rosidl_typesupport_fastrtps_cpp.hpp
[10.354s] -- Up-to-date: /home/smartway/ros2_ws/install/nav_2d_msgs/include/nav_2d_msgs/msg/detail/path2_d__rosidl_typesupport_fastrtps_cpp.hpp
[10.355s] -- Up-to-date: /home/smartway/ros2_ws/install/nav_2d_msgs/include/nav_2d_msgs/msg/detail/twist2_d32__rosidl_typesupport_fastrtps_cpp.hpp
[10.356s] -- Up-to-date: /home/smartway/ros2_ws/install/nav_2d_msgs/lib/libnav_2d_msgs__rosidl_typesupport_fastrtps_cpp.so
[10.357s] -- Up-to-date: /home/smartway/ros2_ws/install/nav_2d_msgs/include/nav_2d_msgs
[10.358s] -- Up-to-date: /home/smartway/ros2_ws/install/nav_2d_msgs/include/nav_2d_msgs/msg
[10.358s] -- Up-to-date: /home/smartway/ros2_ws/install/nav_2d_msgs/include/nav_2d_msgs/msg/detail
[10.359s] -- Up-to-date: /home/smartway/ros2_ws/install/nav_2d_msgs/include/nav_2d_msgs/msg/detail/twist2_d_stamped__rosidl_typesupport_introspection_c.h
[10.360s] -- Up-to-date: /home/smartway/ros2_ws/install/nav_2d_msgs/include/nav_2d_msgs/msg/detail/twist2_d__rosidl_typesupport_introspection_c.h
[10.361s] -- Up-to-date: /home/smartway/ros2_ws/install/nav_2d_msgs/include/nav_2d_msgs/msg/detail/pose2_d_stamped__rosidl_typesupport_introspection_c.h
[10.361s] -- Up-to-date: /home/smartway/ros2_ws/install/nav_2d_msgs/include/nav_2d_msgs/msg/detail/path2_d__type_support.c
[10.362s] -- Up-to-date: /home/smartway/ros2_ws/install/nav_2d_msgs/include/nav_2d_msgs/msg/detail/path2_d__rosidl_typesupport_introspection_c.h
[10.362s] -- Up-to-date: /home/smartway/ros2_ws/install/nav_2d_msgs/include/nav_2d_msgs/msg/detail/twist2_d32__rosidl_typesupport_introspection_c.h
[10.363s] -- Up-to-date: /home/smartway/ros2_ws/install/nav_2d_msgs/include/nav_2d_msgs/msg/detail/pose2_d_stamped__type_support.c
[10.363s] -- Up-to-date: /home/smartway/ros2_ws/install/nav_2d_msgs/include/nav_2d_msgs/msg/detail/twist2_d32__type_support.c
[10.364s] -- Up-to-date: /home/smartway/ros2_ws/install/nav_2d_msgs/include/nav_2d_msgs/msg/detail/twist2_d__type_support.c
[10.372s] -- Up-to-date: /home/smartway/ros2_ws/install/nav_2d_msgs/include/nav_2d_msgs/msg/detail/pose2_d32__rosidl_typesupport_introspection_c.h
[10.381s] -- Up-to-date: /home/smartway/ros2_ws/install/nav_2d_msgs/include/nav_2d_msgs/msg/detail/twist2_d_stamped__type_support.c
[10.382s] -- Up-to-date: /home/smartway/ros2_ws/install/nav_2d_msgs/include/nav_2d_msgs/msg/detail/pose2_d32__type_support.c
[10.383s] -- Up-to-date: /home/smartway/ros2_ws/install/nav_2d_msgs/include/nav_2d_msgs/msg/rosidl_typesupport_introspection_c__visibility_control.h
[10.383s] -- Up-to-date: /home/smartway/ros2_ws/install/nav_2d_msgs/lib/libnav_2d_msgs__rosidl_typesupport_introspection_c.so
[10.385s] -- Up-to-date: /home/smartway/ros2_ws/install/nav_2d_msgs/lib/libnav_2d_msgs__rosidl_typesupport_c.so
[10.385s] -- Up-to-date: /home/smartway/ros2_ws/install/nav_2d_msgs/include/nav_2d_msgs
[10.387s] -- Up-to-date: /home/smartway/ros2_ws/install/nav_2d_msgs/include/nav_2d_msgs/msg
[10.388s] -- Up-to-date: /home/smartway/ros2_ws/install/nav_2d_msgs/include/nav_2d_msgs/msg/twist2_d_stamped.hpp
[10.391s] -- Up-to-date: /home/smartway/ros2_ws/install/nav_2d_msgs/include/nav_2d_msgs/msg/detail
[10.391s] -- Up-to-date: /home/smartway/ros2_ws/install/nav_2d_msgs/include/nav_2d_msgs/msg/detail/path2_d__traits.hpp
[10.392s] -- Up-to-date: /home/smartway/ros2_ws/install/nav_2d_msgs/include/nav_2d_msgs/msg/detail/twist2_d__struct.hpp
[10.393s] -- Up-to-date: /home/smartway/ros2_ws/install/nav_2d_msgs/include/nav_2d_msgs/msg/detail/twist2_d32__traits.hpp
[10.396s] -- Up-to-date: /home/smartway/ros2_ws/install/nav_2d_msgs/include/nav_2d_msgs/msg/detail/path2_d__builder.hpp
[10.399s] -- Up-to-date: /home/smartway/ros2_ws/install/nav_2d_msgs/include/nav_2d_msgs/msg/detail/pose2_d_stamped__struct.hpp
[10.400s] -- Up-to-date: /home/smartway/ros2_ws/install/nav_2d_msgs/include/nav_2d_msgs/msg/detail/pose2_d_stamped__builder.hpp
[10.401s] -- Up-to-date: /home/smartway/ros2_ws/install/nav_2d_msgs/include/nav_2d_msgs/msg/detail/path2_d__struct.hpp
[10.402s] -- Up-to-date: /home/smartway/ros2_ws/install/nav_2d_msgs/include/nav_2d_msgs/msg/detail/twist2_d32__builder.hpp
[10.402s] -- Up-to-date: /home/smartway/ros2_ws/install/nav_2d_msgs/include/nav_2d_msgs/msg/detail/twist2_d__traits.hpp
[10.403s] -- Up-to-date: /home/smartway/ros2_ws/install/nav_2d_msgs/include/nav_2d_msgs/msg/detail/pose2_d_stamped__traits.hpp
[10.404s] -- Up-to-date: /home/smartway/ros2_ws/install/nav_2d_msgs/include/nav_2d_msgs/msg/detail/twist2_d_stamped__builder.hpp
[10.404s] -- Up-to-date: /home/smartway/ros2_ws/install/nav_2d_msgs/include/nav_2d_msgs/msg/detail/twist2_d_stamped__traits.hpp
[10.405s] -- Up-to-date: /home/smartway/ros2_ws/install/nav_2d_msgs/include/nav_2d_msgs/msg/detail/pose2_d32__traits.hpp
[10.406s] -- Up-to-date: /home/smartway/ros2_ws/install/nav_2d_msgs/include/nav_2d_msgs/msg/detail/twist2_d32__struct.hpp
[10.406s] -- Up-to-date: /home/smartway/ros2_ws/install/nav_2d_msgs/include/nav_2d_msgs/msg/detail/twist2_d_stamped__struct.hpp
[10.407s] -- Up-to-date: /home/smartway/ros2_ws/install/nav_2d_msgs/include/nav_2d_msgs/msg/detail/pose2_d32__builder.hpp
[10.407s] -- Up-to-date: /home/smartway/ros2_ws/install/nav_2d_msgs/include/nav_2d_msgs/msg/detail/twist2_d__builder.hpp
[10.408s] -- Up-to-date: /home/smartway/ros2_ws/install/nav_2d_msgs/include/nav_2d_msgs/msg/detail/pose2_d32__struct.hpp
[10.413s] -- Up-to-date: /home/smartway/ros2_ws/install/nav_2d_msgs/include/nav_2d_msgs/msg/twist2_d.hpp
[10.413s] -- Up-to-date: /home/smartway/ros2_ws/install/nav_2d_msgs/include/nav_2d_msgs/msg/pose2_d_stamped.hpp
[10.414s] -- Up-to-date: /home/smartway/ros2_ws/install/nav_2d_msgs/include/nav_2d_msgs/msg/path2_d.hpp
[10.415s] -- Up-to-date: /home/smartway/ros2_ws/install/nav_2d_msgs/include/nav_2d_msgs/msg/twist2_d32.hpp
[10.415s] -- Up-to-date: /home/smartway/ros2_ws/install/nav_2d_msgs/include/nav_2d_msgs/msg/pose2_d32.hpp
[10.416s] -- Up-to-date: /home/smartway/ros2_ws/install/nav_2d_msgs/include/nav_2d_msgs
[10.416s] -- Up-to-date: /home/smartway/ros2_ws/install/nav_2d_msgs/include/nav_2d_msgs/msg
[10.417s] -- Up-to-date: /home/smartway/ros2_ws/install/nav_2d_msgs/include/nav_2d_msgs/msg/detail
[10.417s] -- Up-to-date: /home/smartway/ros2_ws/install/nav_2d_msgs/include/nav_2d_msgs/msg/detail/twist2_d32__type_support.cpp
[10.418s] -- Up-to-date: /home/smartway/ros2_ws/install/nav_2d_msgs/include/nav_2d_msgs/msg/detail/twist2_d32__rosidl_typesupport_introspection_cpp.hpp
[10.418s] -- Up-to-date: /home/smartway/ros2_ws/install/nav_2d_msgs/include/nav_2d_msgs/msg/detail/twist2_d__type_support.cpp
[10.419s] -- Up-to-date: /home/smartway/ros2_ws/install/nav_2d_msgs/include/nav_2d_msgs/msg/detail/pose2_d32__rosidl_typesupport_introspection_cpp.hpp
[10.420s] -- Up-to-date: /home/smartway/ros2_ws/install/nav_2d_msgs/include/nav_2d_msgs/msg/detail/twist2_d__rosidl_typesupport_introspection_cpp.hpp
[10.429s] -- Up-to-date: /home/smartway/ros2_ws/install/nav_2d_msgs/include/nav_2d_msgs/msg/detail/pose2_d_stamped__type_support.cpp
[10.430s] -- Up-to-date: /home/smartway/ros2_ws/install/nav_2d_msgs/include/nav_2d_msgs/msg/detail/pose2_d32__type_support.cpp
[10.430s] -- Up-to-date: /home/smartway/ros2_ws/install/nav_2d_msgs/include/nav_2d_msgs/msg/detail/twist2_d_stamped__type_support.cpp
[10.431s] -- Up-to-date: /home/smartway/ros2_ws/install/nav_2d_msgs/include/nav_2d_msgs/msg/detail/pose2_d_stamped__rosidl_typesupport_introspection_cpp.hpp
[10.441s] -- Up-to-date: /home/smartway/ros2_ws/install/nav_2d_msgs/include/nav_2d_msgs/msg/detail/path2_d__type_support.cpp
[10.442s] -- Up-to-date: /home/smartway/ros2_ws/install/nav_2d_msgs/include/nav_2d_msgs/msg/detail/path2_d__rosidl_typesupport_introspection_cpp.hpp
[10.444s] -- Up-to-date: /home/smartway/ros2_ws/install/nav_2d_msgs/include/nav_2d_msgs/msg/detail/twist2_d_stamped__rosidl_typesupport_introspection_cpp.hpp
[10.445s] -- Up-to-date: /home/smartway/ros2_ws/install/nav_2d_msgs/lib/libnav_2d_msgs__rosidl_typesupport_introspection_cpp.so
[10.446s] -- Up-to-date: /home/smartway/ros2_ws/install/nav_2d_msgs/lib/libnav_2d_msgs__rosidl_typesupport_cpp.so
[10.447s] -- Up-to-date: /home/smartway/ros2_ws/install/nav_2d_msgs/share/nav_2d_msgs/environment/pythonpath.sh
[10.448s] -- Up-to-date: /home/smartway/ros2_ws/install/nav_2d_msgs/share/nav_2d_msgs/environment/pythonpath.dsv
[10.464s] -- Up-to-date: /home/smartway/ros2_ws/install/nav_2d_msgs/lib/python3.8/site-packages/nav_2d_msgs/__init__.py
[11.078s] -- Up-to-date: /home/smartway/ros2_ws/install/nav_2d_msgs/lib/python3.8/site-packages/nav_2d_msgs/msg
[11.081s] -- Up-to-date: /home/smartway/ros2_ws/install/nav_2d_msgs/lib/python3.8/site-packages/nav_2d_msgs/msg/_path2_d_s.c
[11.082s] -- Up-to-date: /home/smartway/ros2_ws/install/nav_2d_msgs/lib/python3.8/site-packages/nav_2d_msgs/msg/_twist2_d_stamped_s.c
[11.082s] -- Up-to-date: /home/smartway/ros2_ws/install/nav_2d_msgs/lib/python3.8/site-packages/nav_2d_msgs/msg/_twist2_d.py
[11.083s] -- Up-to-date: /home/smartway/ros2_ws/install/nav_2d_msgs/lib/python3.8/site-packages/nav_2d_msgs/msg/_twist2_d32_s.c
[11.084s] -- Up-to-date: /home/smartway/ros2_ws/install/nav_2d_msgs/lib/python3.8/site-packages/nav_2d_msgs/msg/_pose2_d32.py
[11.085s] -- Up-to-date: /home/smartway/ros2_ws/install/nav_2d_msgs/lib/python3.8/site-packages/nav_2d_msgs/msg/_twist2_d_s.c
[11.086s] -- Up-to-date: /home/smartway/ros2_ws/install/nav_2d_msgs/lib/python3.8/site-packages/nav_2d_msgs/msg/_pose2_d32_s.c
[11.086s] -- Up-to-date: /home/smartway/ros2_ws/install/nav_2d_msgs/lib/python3.8/site-packages/nav_2d_msgs/msg/_pose2_d_stamped_s.c
[11.100s] -- Up-to-date: /home/smartway/ros2_ws/install/nav_2d_msgs/lib/python3.8/site-packages/nav_2d_msgs/msg/_path2_d.py
[11.102s] -- Up-to-date: /home/smartway/ros2_ws/install/nav_2d_msgs/lib/python3.8/site-packages/nav_2d_msgs/msg/_pose2_d_stamped.py
[11.103s] -- Up-to-date: /home/smartway/ros2_ws/install/nav_2d_msgs/lib/python3.8/site-packages/nav_2d_msgs/msg/__init__.py
[11.103s] -- Up-to-date: /home/smartway/ros2_ws/install/nav_2d_msgs/lib/python3.8/site-packages/nav_2d_msgs/msg/_twist2_d_stamped.py
[11.104s] -- Up-to-date: /home/smartway/ros2_ws/install/nav_2d_msgs/lib/python3.8/site-packages/nav_2d_msgs/msg/_twist2_d32.py
[11.105s] -- Up-to-date: /home/smartway/ros2_ws/install/nav_2d_msgs/lib/python3.8/site-packages/nav_2d_msgs/nav_2d_msgs_s__rosidl_typesupport_fastrtps_c.cpython-38-aarch64-linux-gnu.so
[11.106s] -- Up-to-date: /home/smartway/ros2_ws/install/nav_2d_msgs/lib/python3.8/site-packages/nav_2d_msgs/nav_2d_msgs_s__rosidl_typesupport_introspection_c.cpython-38-aarch64-linux-gnu.so
[11.108s] -- Up-to-date: /home/smartway/ros2_ws/install/nav_2d_msgs/lib/python3.8/site-packages/nav_2d_msgs/nav_2d_msgs_s__rosidl_typesupport_c.cpython-38-aarch64-linux-gnu.so
[11.113s] -- Up-to-date: /home/smartway/ros2_ws/install/nav_2d_msgs/lib/libnav_2d_msgs__python.so
[11.114s] -- Up-to-date: /home/smartway/ros2_ws/install/nav_2d_msgs/share/nav_2d_msgs/msg/Path2D.idl
[11.116s] -- Up-to-date: /home/smartway/ros2_ws/install/nav_2d_msgs/share/nav_2d_msgs/msg/Pose2D32.idl
[11.124s] -- Up-to-date: /home/smartway/ros2_ws/install/nav_2d_msgs/share/nav_2d_msgs/msg/Pose2DStamped.idl
[11.125s] -- Up-to-date: /home/smartway/ros2_ws/install/nav_2d_msgs/share/nav_2d_msgs/msg/Twist2D.idl
[11.126s] -- Up-to-date: /home/smartway/ros2_ws/install/nav_2d_msgs/share/nav_2d_msgs/msg/Twist2D32.idl
[11.127s] -- Up-to-date: /home/smartway/ros2_ws/install/nav_2d_msgs/share/nav_2d_msgs/msg/Twist2DStamped.idl
[11.128s] -- Up-to-date: /home/smartway/ros2_ws/install/nav_2d_msgs/share/nav_2d_msgs/msg/Path2D.msg
[11.129s] -- Up-to-date: /home/smartway/ros2_ws/install/nav_2d_msgs/share/nav_2d_msgs/msg/Pose2D32.msg
[11.130s] -- Up-to-date: /home/smartway/ros2_ws/install/nav_2d_msgs/share/nav_2d_msgs/msg/Pose2DStamped.msg
[11.131s] -- Up-to-date: /home/smartway/ros2_ws/install/nav_2d_msgs/share/nav_2d_msgs/msg/Twist2D.msg
[11.133s] -- Up-to-date: /home/smartway/ros2_ws/install/nav_2d_msgs/share/nav_2d_msgs/msg/Twist2D32.msg
[11.134s] -- Up-to-date: /home/smartway/ros2_ws/install/nav_2d_msgs/share/nav_2d_msgs/msg/Twist2DStamped.msg
[11.135s] -- Up-to-date: /home/smartway/ros2_ws/install/nav_2d_msgs/share/ament_index/resource_index/package_run_dependencies/nav_2d_msgs
[11.135s] -- Up-to-date: /home/smartway/ros2_ws/install/nav_2d_msgs/share/ament_index/resource_index/parent_prefix_path/nav_2d_msgs
[11.136s] -- Up-to-date: /home/smartway/ros2_ws/install/nav_2d_msgs/share/nav_2d_msgs/environment/ament_prefix_path.sh
[11.136s] -- Up-to-date: /home/smartway/ros2_ws/install/nav_2d_msgs/share/nav_2d_msgs/environment/ament_prefix_path.dsv
[11.149s] -- Up-to-date: /home/smartway/ros2_ws/install/nav_2d_msgs/share/nav_2d_msgs/environment/path.sh
[11.150s] -- Up-to-date: /home/smartway/ros2_ws/install/nav_2d_msgs/share/nav_2d_msgs/environment/path.dsv
[11.157s] -- Up-to-date: /home/smartway/ros2_ws/install/nav_2d_msgs/share/nav_2d_msgs/local_setup.bash
[11.158s] -- Up-to-date: /home/smartway/ros2_ws/install/nav_2d_msgs/share/nav_2d_msgs/local_setup.sh
[11.159s] -- Up-to-date: /home/smartway/ros2_ws/install/nav_2d_msgs/share/nav_2d_msgs/local_setup.zsh
[11.160s] -- Up-to-date: /home/smartway/ros2_ws/install/nav_2d_msgs/share/nav_2d_msgs/local_setup.dsv
[11.165s] -- Installing: /home/smartway/ros2_ws/install/nav_2d_msgs/share/nav_2d_msgs/package.dsv
[11.166s] -- Up-to-date: /home/smartway/ros2_ws/install/nav_2d_msgs/share/ament_index/resource_index/packages/nav_2d_msgs
[11.166s] -- Up-to-date: /home/smartway/ros2_ws/install/nav_2d_msgs/share/nav_2d_msgs/cmake/nav_2d_msgs__rosidl_generator_cExport.cmake
[11.167s] -- Up-to-date: /home/smartway/ros2_ws/install/nav_2d_msgs/share/nav_2d_msgs/cmake/nav_2d_msgs__rosidl_generator_cExport-noconfig.cmake
[11.168s] -- Up-to-date: /home/smartway/ros2_ws/install/nav_2d_msgs/share/nav_2d_msgs/cmake/nav_2d_msgs__rosidl_typesupport_introspection_cExport.cmake
[11.168s] -- Up-to-date: /home/smartway/ros2_ws/install/nav_2d_msgs/share/nav_2d_msgs/cmake/nav_2d_msgs__rosidl_typesupport_introspection_cExport-noconfig.cmake
[11.169s] -- Up-to-date: /home/smartway/ros2_ws/install/nav_2d_msgs/share/nav_2d_msgs/cmake/nav_2d_msgs__rosidl_typesupport_cExport.cmake
[11.173s] -- Up-to-date: /home/smartway/ros2_ws/install/nav_2d_msgs/share/nav_2d_msgs/cmake/nav_2d_msgs__rosidl_typesupport_cExport-noconfig.cmake
[11.174s] -- Up-to-date: /home/smartway/ros2_ws/install/nav_2d_msgs/share/nav_2d_msgs/cmake/nav_2d_msgs__rosidl_generator_cppExport.cmake
[11.175s] -- Up-to-date: /home/smartway/ros2_ws/install/nav_2d_msgs/share/nav_2d_msgs/cmake/nav_2d_msgs__rosidl_typesupport_introspection_cppExport.cmake
[11.185s] -- Up-to-date: /home/smartway/ros2_ws/install/nav_2d_msgs/share/nav_2d_msgs/cmake/nav_2d_msgs__rosidl_typesupport_introspection_cppExport-noconfig.cmake
[11.187s] -- Up-to-date: /home/smartway/ros2_ws/install/nav_2d_msgs/share/nav_2d_msgs/cmake/nav_2d_msgs__rosidl_typesupport_cppExport.cmake
[11.188s] -- Up-to-date: /home/smartway/ros2_ws/install/nav_2d_msgs/share/nav_2d_msgs/cmake/nav_2d_msgs__rosidl_typesupport_cppExport-noconfig.cmake
[11.189s] -- Up-to-date: /home/smartway/ros2_ws/install/nav_2d_msgs/share/nav_2d_msgs/cmake/rosidl_cmake-extras.cmake
[11.190s] -- Up-to-date: /home/smartway/ros2_ws/install/nav_2d_msgs/share/nav_2d_msgs/cmake/ament_cmake_export_dependencies-extras.cmake
[11.191s] -- Up-to-date: /home/smartway/ros2_ws/install/nav_2d_msgs/share/nav_2d_msgs/cmake/ament_cmake_export_libraries-extras.cmake
[11.192s] -- Up-to-date: /home/smartway/ros2_ws/install/nav_2d_msgs/share/nav_2d_msgs/cmake/ament_cmake_export_targets-extras.cmake
[11.193s] -- Up-to-date: /home/smartway/ros2_ws/install/nav_2d_msgs/share/nav_2d_msgs/cmake/ament_cmake_export_include_directories-extras.cmake
[11.197s] -- Up-to-date: /home/smartway/ros2_ws/install/nav_2d_msgs/share/nav_2d_msgs/cmake/rosidl_cmake_export_typesupport_libraries-extras.cmake
[11.198s] -- Up-to-date: /home/smartway/ros2_ws/install/nav_2d_msgs/share/nav_2d_msgs/cmake/rosidl_cmake_export_typesupport_targets-extras.cmake
[11.198s] -- Up-to-date: /home/smartway/ros2_ws/install/nav_2d_msgs/share/nav_2d_msgs/cmake/nav_2d_msgsConfig.cmake
[11.199s] -- Up-to-date: /home/smartway/ros2_ws/install/nav_2d_msgs/share/nav_2d_msgs/cmake/nav_2d_msgsConfig-version.cmake
[11.200s] -- Up-to-date: /home/smartway/ros2_ws/install/nav_2d_msgs/share/nav_2d_msgs/package.xml
[11.222s] Invoked command in '/home/smartway/ros2_ws/build/nav_2d_msgs' returned '0': CMAKE_PREFIX_PATH=${CMAKE_PREFIX_PATH}:/home/smartway/ros2_ws/install/rpi_robot_control:/home/smartway/ros2_ws/install/nav2_gazebo_spawner:/opt/ros/foxy /usr/bin/cmake --install /home/smartway/ros2_ws/build/nav_2d_msgs
