[1.401s] DEBUG:colcon:Command line arguments: ['/usr/bin/colcon', 'build']
[1.402s] DEBUG:colcon:Parsed command line arguments: Namespace(allow_overriding=[], ament_cmake_args=None, base_paths=['.'], build_base='build', catkin_cmake_args=None, catkin_skip_building_tests=False, cmake_args=None, cmake_clean_cache=False, cmake_clean_first=False, cmake_force_configure=False, cmake_target=None, cmake_target_skip_unavailable=False, continue_on_error=False, event_handlers=None, executor='parallel', ignore_user_meta=False, install_base='install', log_base=None, log_level=None, main=<bound method BuildVerb.main of <colcon_core.verb.build.BuildVerb object at 0xffffae8cca00>>, merge_install=False, metas=['./colcon.meta'], packages_above=None, packages_above_and_dependencies=None, packages_above_depth=None, packages_end=None, packages_ignore=None, packages_ignore_regex=None, packages_select=None, packages_select_build_failed=False, packages_select_by_dep=None, packages_select_regex=None, packages_select_test_failures=False, packages_skip=None, packages_skip_build_finished=False, packages_skip_by_dep=None, packages_skip_regex=None, packages_skip_test_passed=False, packages_skip_up_to=None, packages_start=None, packages_up_to=None, packages_up_to_regex=None, parallel_workers=4, paths=None, symlink_install=False, test_result_base=None, verb_extension=<colcon_core.verb.build.BuildVerb object at 0xffffae8cca00>, verb_name='build', verb_parser=<colcon_defaults.argument_parser.defaults.DefaultArgumentsDecorator object at 0xffffae8ccf70>)
[1.506s] Level 1:colcon.colcon_core.package_discovery:discover_packages(colcon_meta) check parameters
[1.506s] Level 1:colcon.colcon_core.package_discovery:discover_packages(recursive) check parameters
[1.506s] Level 1:colcon.colcon_core.package_discovery:discover_packages(ignore) check parameters
[1.506s] Level 1:colcon.colcon_core.package_discovery:discover_packages(path) check parameters
[1.507s] Level 1:colcon.colcon_core.package_discovery:discover_packages(colcon_meta) discover
[1.507s] Level 1:colcon.colcon_core.package_discovery:discover_packages(recursive) discover
[1.507s] INFO:colcon.colcon_core.package_discovery:Crawling recursively for packages in '/home/smartway/ros2_ws'
[1.508s] Level 1:colcon.colcon_core.package_identification:_identify(.) by extensions ['ignore', 'ignore_ament_install']
[1.508s] Level 1:colcon.colcon_core.package_identification:_identify(.) by extension 'ignore'
[1.508s] Level 1:colcon.colcon_core.package_identification:_identify(.) by extension 'ignore_ament_install'
[1.508s] Level 1:colcon.colcon_core.package_identification:_identify(.) by extensions ['colcon_pkg']
[1.508s] Level 1:colcon.colcon_core.package_identification:_identify(.) by extension 'colcon_pkg'
[1.509s] Level 1:colcon.colcon_core.package_identification:_identify(.) by extensions ['colcon_meta']
[1.509s] Level 1:colcon.colcon_core.package_identification:_identify(.) by extension 'colcon_meta'
[1.509s] Level 1:colcon.colcon_core.package_identification:_identify(.) by extensions ['ros']
[1.509s] Level 1:colcon.colcon_core.package_identification:_identify(.) by extension 'ros'
[1.587s] Level 1:colcon.colcon_core.package_identification:_identify(.) by extensions ['cmake', 'python']
[1.587s] Level 1:colcon.colcon_core.package_identification:_identify(.) by extension 'cmake'
[1.588s] Level 1:colcon.colcon_core.package_identification:_identify(.) by extension 'python'
[1.588s] Level 1:colcon.colcon_core.package_identification:_identify(.) by extensions ['python_setup_py']
[1.588s] Level 1:colcon.colcon_core.package_identification:_identify(.) by extension 'python_setup_py'
[1.588s] Level 1:colcon.colcon_core.package_identification:_identify(build) by extensions ['ignore', 'ignore_ament_install']
[1.589s] Level 1:colcon.colcon_core.package_identification:_identify(build) by extension 'ignore'
[1.589s] Level 1:colcon.colcon_core.package_identification:_identify(build) ignored
[1.589s] Level 1:colcon.colcon_core.package_identification:_identify(install) by extensions ['ignore', 'ignore_ament_install']
[1.590s] Level 1:colcon.colcon_core.package_identification:_identify(install) by extension 'ignore'
[1.590s] Level 1:colcon.colcon_core.package_identification:_identify(install) ignored
[1.590s] Level 1:colcon.colcon_core.package_identification:_identify(log) by extensions ['ignore', 'ignore_ament_install']
[1.591s] Level 1:colcon.colcon_core.package_identification:_identify(log) by extension 'ignore'
[1.591s] Level 1:colcon.colcon_core.package_identification:_identify(log) ignored
[1.591s] Level 1:colcon.colcon_core.package_identification:_identify(rplidar_ros2) by extensions ['ignore', 'ignore_ament_install']
[1.592s] Level 1:colcon.colcon_core.package_identification:_identify(rplidar_ros2) by extension 'ignore'
[1.592s] Level 1:colcon.colcon_core.package_identification:_identify(rplidar_ros2) by extension 'ignore_ament_install'
[1.592s] Level 1:colcon.colcon_core.package_identification:_identify(rplidar_ros2) by extensions ['colcon_pkg']
[1.592s] Level 1:colcon.colcon_core.package_identification:_identify(rplidar_ros2) by extension 'colcon_pkg'
[1.592s] Level 1:colcon.colcon_core.package_identification:_identify(rplidar_ros2) by extensions ['colcon_meta']
[1.592s] Level 1:colcon.colcon_core.package_identification:_identify(rplidar_ros2) by extension 'colcon_meta'
[1.592s] Level 1:colcon.colcon_core.package_identification:_identify(rplidar_ros2) by extensions ['ros']
[1.593s] Level 1:colcon.colcon_core.package_identification:_identify(rplidar_ros2) by extension 'ros'
[1.607s] DEBUG:colcon.colcon_core.package_identification:Package 'rplidar_ros2' with type 'ros.ament_cmake' and name 'rplidar_ros'
[1.607s] Level 1:colcon.colcon_core.package_identification:_identify(src) by extensions ['ignore', 'ignore_ament_install']
[1.607s] Level 1:colcon.colcon_core.package_identification:_identify(src) by extension 'ignore'
[1.608s] Level 1:colcon.colcon_core.package_identification:_identify(src) by extension 'ignore_ament_install'
[1.608s] Level 1:colcon.colcon_core.package_identification:_identify(src) by extensions ['colcon_pkg']
[1.608s] Level 1:colcon.colcon_core.package_identification:_identify(src) by extension 'colcon_pkg'
[1.608s] Level 1:colcon.colcon_core.package_identification:_identify(src) by extensions ['colcon_meta']
[1.608s] Level 1:colcon.colcon_core.package_identification:_identify(src) by extension 'colcon_meta'
[1.609s] Level 1:colcon.colcon_core.package_identification:_identify(src) by extensions ['ros']
[1.609s] Level 1:colcon.colcon_core.package_identification:_identify(src) by extension 'ros'
[1.609s] Level 1:colcon.colcon_core.package_identification:_identify(src) by extensions ['cmake', 'python']
[1.609s] Level 1:colcon.colcon_core.package_identification:_identify(src) by extension 'cmake'
[1.609s] Level 1:colcon.colcon_core.package_identification:_identify(src) by extension 'python'
[1.609s] Level 1:colcon.colcon_core.package_identification:_identify(src) by extensions ['python_setup_py']
[1.610s] Level 1:colcon.colcon_core.package_identification:_identify(src) by extension 'python_setup_py'
[1.610s] Level 1:colcon.colcon_core.package_discovery:discover_packages(recursive) using defaults
[1.610s] Level 1:colcon.colcon_core.package_discovery:discover_packages(ignore) discover
[1.610s] Level 1:colcon.colcon_core.package_discovery:discover_packages(ignore) using defaults
[1.610s] Level 1:colcon.colcon_core.package_discovery:discover_packages(path) discover
[1.610s] Level 1:colcon.colcon_core.package_discovery:discover_packages(path) using defaults
[1.687s] Level 1:colcon.colcon_core.package_discovery:discover_packages(prefix_path) check parameters
[1.687s] Level 1:colcon.colcon_core.package_discovery:discover_packages(prefix_path) discover
[1.705s] DEBUG:colcon.colcon_installed_package_information.package_discovery:Found 298 installed packages in /opt/ros/foxy
[1.712s] Level 1:colcon.colcon_core.package_discovery:discover_packages(prefix_path) using defaults
[2.020s] Level 5:colcon.colcon_core.verb:set package 'rplidar_ros' build argument 'cmake_args' from command line to 'None'
[2.020s] Level 5:colcon.colcon_core.verb:set package 'rplidar_ros' build argument 'cmake_target' from command line to 'None'
[2.020s] Level 5:colcon.colcon_core.verb:set package 'rplidar_ros' build argument 'cmake_target_skip_unavailable' from command line to 'False'
[2.020s] Level 5:colcon.colcon_core.verb:set package 'rplidar_ros' build argument 'cmake_clean_cache' from command line to 'False'
[2.020s] Level 5:colcon.colcon_core.verb:set package 'rplidar_ros' build argument 'cmake_clean_first' from command line to 'False'
[2.020s] Level 5:colcon.colcon_core.verb:set package 'rplidar_ros' build argument 'cmake_force_configure' from command line to 'False'
[2.021s] Level 5:colcon.colcon_core.verb:set package 'rplidar_ros' build argument 'ament_cmake_args' from command line to 'None'
[2.021s] Level 5:colcon.colcon_core.verb:set package 'rplidar_ros' build argument 'catkin_cmake_args' from command line to 'None'
[2.021s] Level 5:colcon.colcon_core.verb:set package 'rplidar_ros' build argument 'catkin_skip_building_tests' from command line to 'False'
[2.021s] DEBUG:colcon.colcon_core.verb:Building package 'rplidar_ros' with the following arguments: {'ament_cmake_args': None, 'build_base': '/home/smartway/ros2_ws/build/rplidar_ros', 'catkin_cmake_args': None, 'catkin_skip_building_tests': False, 'cmake_args': None, 'cmake_clean_cache': False, 'cmake_clean_first': False, 'cmake_force_configure': False, 'cmake_target': None, 'cmake_target_skip_unavailable': False, 'install_base': '/home/smartway/ros2_ws/install/rplidar_ros', 'merge_install': False, 'path': '/home/smartway/ros2_ws/rplidar_ros2', 'symlink_install': False, 'test_result_base': None}
[2.024s] INFO:colcon.colcon_core.executor:Executing jobs using 'parallel' executor
[2.039s] DEBUG:colcon.colcon_parallel_executor.executor.parallel:run_until_complete
[2.040s] INFO:colcon.colcon_ros.task.ament_cmake.build:Building ROS package in '/home/smartway/ros2_ws/rplidar_ros2' with build type 'ament_cmake'
[2.041s] INFO:colcon.colcon_cmake.task.cmake.build:Building CMake package in '/home/smartway/ros2_ws/rplidar_ros2'
[2.059s] INFO:colcon.colcon_core.plugin_system:Skipping extension 'colcon_core.shell.bat': Not used on non-Windows systems
[2.060s] INFO:colcon.colcon_core.shell:Skip shell extension 'powershell' for command environment: Not usable outside of PowerShell
[2.060s] DEBUG:colcon.colcon_core.shell:Skip shell extension 'dsv' for command environment
[2.109s] DEBUG:colcon.colcon_core.event_handler.log_command:Invoking command in '/home/smartway/ros2_ws/build/rplidar_ros': CMAKE_PREFIX_PATH=/opt/ros/foxy /usr/bin/cmake /home/smartway/ros2_ws/rplidar_ros2 -DCMAKE_INSTALL_PREFIX=/home/smartway/ros2_ws/install/rplidar_ros
[11.287s] DEBUG:colcon.colcon_core.event_handler.log_command:Invoked command in '/home/smartway/ros2_ws/build/rplidar_ros' returned '0': CMAKE_PREFIX_PATH=/opt/ros/foxy /usr/bin/cmake /home/smartway/ros2_ws/rplidar_ros2 -DCMAKE_INSTALL_PREFIX=/home/smartway/ros2_ws/install/rplidar_ros
[11.299s] DEBUG:colcon.colcon_core.event_handler.log_command:Invoking command in '/home/smartway/ros2_ws/build/rplidar_ros': CMAKE_PREFIX_PATH=/opt/ros/foxy /usr/bin/cmake --build /home/smartway/ros2_ws/build/rplidar_ros -- -j4 -l4
[53.759s] DEBUG:colcon.colcon_core.event_handler.log_command:Invoked command in '/home/smartway/ros2_ws/build/rplidar_ros' returned '0': CMAKE_PREFIX_PATH=/opt/ros/foxy /usr/bin/cmake --build /home/smartway/ros2_ws/build/rplidar_ros -- -j4 -l4
[54.054s] DEBUG:colcon.colcon_core.event_handler.log_command:Invoking command in '/home/smartway/ros2_ws/build/rplidar_ros': CMAKE_PREFIX_PATH=/opt/ros/foxy /usr/bin/cmake --install /home/smartway/ros2_ws/build/rplidar_ros
[54.170s] Level 1:colcon.colcon_core.environment:create_environment_scripts_only(rplidar_ros)
[54.173s] DEBUG:colcon.colcon_core.event_handler.log_command:Invoked command in '/home/smartway/ros2_ws/build/rplidar_ros' returned '0': CMAKE_PREFIX_PATH=/opt/ros/foxy /usr/bin/cmake --install /home/smartway/ros2_ws/build/rplidar_ros
[54.194s] Level 1:colcon.colcon_core.environment:checking '/home/smartway/ros2_ws/install/rplidar_ros' for CMake module files
[54.197s] Level 1:colcon.colcon_core.environment:checking '/home/smartway/ros2_ws/install/rplidar_ros' for CMake config files
[54.199s] Level 1:colcon.colcon_core.shell:create_environment_hook('rplidar_ros', 'cmake_prefix_path')
[54.204s] INFO:colcon.colcon_core.shell:Creating environment hook '/home/smartway/ros2_ws/install/rplidar_ros/share/rplidar_ros/hook/cmake_prefix_path.ps1'
[54.207s] INFO:colcon.colcon_core.shell:Creating environment descriptor '/home/smartway/ros2_ws/install/rplidar_ros/share/rplidar_ros/hook/cmake_prefix_path.dsv'
[54.208s] INFO:colcon.colcon_core.shell:Creating environment hook '/home/smartway/ros2_ws/install/rplidar_ros/share/rplidar_ros/hook/cmake_prefix_path.sh'
[54.211s] Level 1:colcon.colcon_core.environment:checking '/home/smartway/ros2_ws/install/rplidar_ros/lib'
[54.212s] Level 1:colcon.colcon_core.shell:create_environment_hook('rplidar_ros', 'ld_library_path_lib')
[54.217s] INFO:colcon.colcon_core.shell:Creating environment hook '/home/smartway/ros2_ws/install/rplidar_ros/share/rplidar_ros/hook/ld_library_path_lib.ps1'
[54.219s] INFO:colcon.colcon_core.shell:Creating environment descriptor '/home/smartway/ros2_ws/install/rplidar_ros/share/rplidar_ros/hook/ld_library_path_lib.dsv'
[54.220s] INFO:colcon.colcon_core.shell:Creating environment hook '/home/smartway/ros2_ws/install/rplidar_ros/share/rplidar_ros/hook/ld_library_path_lib.sh'
[54.221s] Level 1:colcon.colcon_core.environment:checking '/home/smartway/ros2_ws/install/rplidar_ros/bin'
[54.222s] Level 1:colcon.colcon_core.environment:checking '/home/smartway/ros2_ws/install/rplidar_ros/lib/pkgconfig/rplidar_ros.pc'
[54.223s] Level 1:colcon.colcon_core.environment:checking '/home/smartway/ros2_ws/install/rplidar_ros/lib/python3.8/site-packages'
[54.223s] Level 1:colcon.colcon_core.environment:checking '/home/smartway/ros2_ws/install/rplidar_ros/bin'
[54.229s] INFO:colcon.colcon_core.shell:Creating package script '/home/smartway/ros2_ws/install/rplidar_ros/share/rplidar_ros/package.ps1'
[54.233s] INFO:colcon.colcon_core.shell:Creating package descriptor '/home/smartway/ros2_ws/install/rplidar_ros/share/rplidar_ros/package.dsv'
[54.235s] INFO:colcon.colcon_core.shell:Creating package script '/home/smartway/ros2_ws/install/rplidar_ros/share/rplidar_ros/package.sh'
[54.238s] INFO:colcon.colcon_core.shell:Creating package script '/home/smartway/ros2_ws/install/rplidar_ros/share/rplidar_ros/package.bash'
[54.241s] INFO:colcon.colcon_core.shell:Creating package script '/home/smartway/ros2_ws/install/rplidar_ros/share/rplidar_ros/package.zsh'
[54.243s] Level 1:colcon.colcon_core.environment:create_file_with_runtime_dependencies(/home/smartway/ros2_ws/install/rplidar_ros/share/colcon-core/packages/rplidar_ros)
[54.492s] Level 1:colcon.colcon_core.environment:create_environment_scripts_only(rplidar_ros)
[54.502s] Level 1:colcon.colcon_core.environment:checking '/home/smartway/ros2_ws/install/rplidar_ros' for CMake module files
[54.505s] Level 1:colcon.colcon_core.environment:checking '/home/smartway/ros2_ws/install/rplidar_ros' for CMake config files
[54.508s] Level 1:colcon.colcon_core.shell:create_environment_hook('rplidar_ros', 'cmake_prefix_path')
[54.513s] INFO:colcon.colcon_core.shell:Creating environment hook '/home/smartway/ros2_ws/install/rplidar_ros/share/rplidar_ros/hook/cmake_prefix_path.ps1'
[54.515s] INFO:colcon.colcon_core.shell:Creating environment descriptor '/home/smartway/ros2_ws/install/rplidar_ros/share/rplidar_ros/hook/cmake_prefix_path.dsv'
[54.516s] INFO:colcon.colcon_core.shell:Creating environment hook '/home/smartway/ros2_ws/install/rplidar_ros/share/rplidar_ros/hook/cmake_prefix_path.sh'
[54.519s] Level 1:colcon.colcon_core.environment:checking '/home/smartway/ros2_ws/install/rplidar_ros/lib'
[54.519s] Level 1:colcon.colcon_core.shell:create_environment_hook('rplidar_ros', 'ld_library_path_lib')
[54.525s] INFO:colcon.colcon_core.shell:Creating environment hook '/home/smartway/ros2_ws/install/rplidar_ros/share/rplidar_ros/hook/ld_library_path_lib.ps1'
[54.526s] INFO:colcon.colcon_core.shell:Creating environment descriptor '/home/smartway/ros2_ws/install/rplidar_ros/share/rplidar_ros/hook/ld_library_path_lib.dsv'
[54.528s] INFO:colcon.colcon_core.shell:Creating environment hook '/home/smartway/ros2_ws/install/rplidar_ros/share/rplidar_ros/hook/ld_library_path_lib.sh'
[54.530s] Level 1:colcon.colcon_core.environment:checking '/home/smartway/ros2_ws/install/rplidar_ros/bin'
[54.530s] Level 1:colcon.colcon_core.environment:checking '/home/smartway/ros2_ws/install/rplidar_ros/lib/pkgconfig/rplidar_ros.pc'
[54.531s] Level 1:colcon.colcon_core.environment:checking '/home/smartway/ros2_ws/install/rplidar_ros/lib/python3.8/site-packages'
[54.531s] Level 1:colcon.colcon_core.environment:checking '/home/smartway/ros2_ws/install/rplidar_ros/bin'
[54.537s] INFO:colcon.colcon_core.shell:Creating package script '/home/smartway/ros2_ws/install/rplidar_ros/share/rplidar_ros/package.ps1'
[54.540s] INFO:colcon.colcon_core.shell:Creating package descriptor '/home/smartway/ros2_ws/install/rplidar_ros/share/rplidar_ros/package.dsv'
[54.542s] INFO:colcon.colcon_core.shell:Creating package script '/home/smartway/ros2_ws/install/rplidar_ros/share/rplidar_ros/package.sh'
[54.544s] INFO:colcon.colcon_core.shell:Creating package script '/home/smartway/ros2_ws/install/rplidar_ros/share/rplidar_ros/package.bash'
[54.546s] INFO:colcon.colcon_core.shell:Creating package script '/home/smartway/ros2_ws/install/rplidar_ros/share/rplidar_ros/package.zsh'
[54.548s] Level 1:colcon.colcon_core.environment:create_file_with_runtime_dependencies(/home/smartway/ros2_ws/install/rplidar_ros/share/colcon-core/packages/rplidar_ros)
[54.549s] DEBUG:colcon.colcon_parallel_executor.executor.parallel:closing loop
[54.550s] DEBUG:colcon.colcon_parallel_executor.executor.parallel:loop closed
[54.551s] DEBUG:colcon.colcon_parallel_executor.executor.parallel:run_until_complete finished with '0'
[54.552s] DEBUG:colcon.colcon_core.event_reactor:joining thread
[54.608s] INFO:colcon.colcon_core.plugin_system:Skipping extension 'colcon_notification.desktop_notification.terminal_notifier': Not used on non-Darwin systems
[54.610s] INFO:colcon.colcon_core.plugin_system:Skipping extension 'colcon_notification.desktop_notification.win32': Not used on non-Windows systems
[54.610s] INFO:colcon.colcon_notification.desktop_notification:Sending desktop notification using 'notify2'
[54.682s] DEBUG:colcon.colcon_core.event_reactor:joined thread
[54.689s] INFO:colcon.colcon_core.shell:Creating prefix script '/home/smartway/ros2_ws/install/local_setup.ps1'
[54.693s] INFO:colcon.colcon_core.shell:Creating prefix util module '/home/smartway/ros2_ws/install/_local_setup_util_ps1.py'
[54.698s] INFO:colcon.colcon_core.shell:Creating prefix chain script '/home/smartway/ros2_ws/install/setup.ps1'
[54.704s] INFO:colcon.colcon_core.shell:Creating prefix script '/home/smartway/ros2_ws/install/local_setup.sh'
[54.707s] INFO:colcon.colcon_core.shell:Creating prefix util module '/home/smartway/ros2_ws/install/_local_setup_util_sh.py'
[54.710s] INFO:colcon.colcon_core.shell:Creating prefix chain script '/home/smartway/ros2_ws/install/setup.sh'
[54.716s] INFO:colcon.colcon_core.shell:Creating prefix script '/home/smartway/ros2_ws/install/local_setup.bash'
[54.719s] INFO:colcon.colcon_core.shell:Creating prefix chain script '/home/smartway/ros2_ws/install/setup.bash'
[54.725s] INFO:colcon.colcon_core.shell:Creating prefix script '/home/smartway/ros2_ws/install/local_setup.zsh'
[54.728s] INFO:colcon.colcon_core.shell:Creating prefix chain script '/home/smartway/ros2_ws/install/setup.zsh'
