[0.235s] Invoking command in '/home/smartway/ros2_ws/build/nav2_msgs': CMAKE_PREFIX_PATH=/home/smartway/ros2_ws/install/nav2_common:/home/smartway/ros2_ws/install/nav2_system_tests:/home/smartway/ros2_ws/install/nav2_bringup:/home/smartway/ros2_ws/install/navigation2:/home/smartway/ros2_ws/install/smac_planner:/home/smartway/ros2_ws/install/rplidar_ros:/home/smartway/ros2_ws/install/rpi_robot_slam:/home/smartway/ros2_ws/install/rpi_robot_bringup:/home/smartway/ros2_ws/install/rpi_robot_action_interfaces:/home/smartway/ros2_ws/install/nav2_dwb_controller:/home/smartway/ros2_ws/install/nav2_controller:/home/smartway/ros2_ws/install/dwb_plugins:/home/smartway/ros2_ws/install/dwb_critics:/home/smartway/ros2_ws/install/dwb_core:/home/smartway/ros2_ws/install/nav_2d_utils:/home/smartway/ros2_ws/install/dwb_msgs:/home/smartway/ros2_ws/install/nav_2d_msgs:/home/smartway/ros2_ws/install/nav2_waypoint_follower:/home/smartway/ros2_ws/install/nav2_regulated_pure_pursuit_controller:/home/smartway/ros2_ws/install/nav2_recoveries:/home/smartway/ros2_ws/install/nav2_planner:/home/smartway/ros2_ws/install/nav2_navfn_planner:/home/smartway/ros2_ws/install/nav2_core:/home/smartway/ros2_ws/install/costmap_queue:/home/smartway/ros2_ws/install/nav2_costmap_2d:/home/smartway/ros2_ws/install/nav2_voxel_grid:/home/smartway/ros2_ws/install/nav2_rviz_plugins:/home/smartway/ros2_ws/install/nav2_map_server:/home/smartway/ros2_ws/install/nav2_lifecycle_manager:/home/smartway/ros2_ws/install/nav2_bt_navigator:/home/smartway/ros2_ws/install/nav2_behavior_tree:/home/smartway/ros2_ws/install/nav2_amcl:/home/smartway/ros2_ws/install/nav2_util:/home/smartway/ros2_ws/install/nav2_msgs:/home/smartway/ros2_ws/install/rpi_robot_control:/home/smartway/ros2_ws/install/nav2_gazebo_spawner:/opt/ros/foxy PYTHONPATH=/home/smartway/ros2_ws/install/nav2_common/lib/python3.8/site-packages:/home/smartway/ros2_ws/install/rpi_robot_control/lib/python3.8/site-packages:/home/smartway/ros2_ws/install/rpi_robot_bringup/lib/python3.8/site-packages:/home/smartway/ros2_ws/install/rpi_robot_action_interfaces/lib/python3.8/site-packages:/home/smartway/ros2_ws/install/dwb_msgs/lib/python3.8/site-packages:/home/smartway/ros2_ws/install/nav_2d_msgs/lib/python3.8/site-packages:/home/smartway/ros2_ws/install/nav2_msgs/lib/python3.8/site-packages:/home/smartway/ros2_ws/install/nav2_gazebo_spawner/lib/python3.8/site-packages:/opt/ros/foxy/lib/python3.8/site-packages /usr/bin/cmake --build /home/smartway/ros2_ws/build/nav2_msgs -- -j4 -l4
[1.219s] [  0%] Built target nav2_msgs__cpp
[1.472s] [ 12%] Built target nav2_msgs__rosidl_generator_c
[1.914s] [ 24%] Built target nav2_msgs__rosidl_typesupport_cpp
[1.918s] [ 36%] Built target nav2_msgs__rosidl_typesupport_fastrtps_cpp
[2.034s] [ 49%] Built target nav2_msgs__rosidl_typesupport_introspection_cpp
[2.233s] [ 61%] Built target nav2_msgs__rosidl_typesupport_c
[2.594s] [ 73%] Built target nav2_msgs__rosidl_typesupport_introspection_c
[2.744s] [ 85%] Built target nav2_msgs__rosidl_typesupport_fastrtps_c
[3.155s] [ 85%] Built target nav2_msgs
[3.594s] [ 86%] Built target nav2_msgs__py
[4.142s] [ 97%] Built target nav2_msgs__python
[4.783s] [ 98%] Built target nav2_msgs__rosidl_typesupport_introspection_c__pyext
[4.798s] [ 99%] Built target nav2_msgs__rosidl_typesupport_c__pyext
[4.805s] [100%] Built target nav2_msgs__rosidl_typesupport_fastrtps_c__pyext
[4.988s] Invoked command in '/home/smartway/ros2_ws/build/nav2_msgs' returned '0': CMAKE_PREFIX_PATH=/home/smartway/ros2_ws/install/nav2_common:/home/smartway/ros2_ws/install/nav2_system_tests:/home/smartway/ros2_ws/install/nav2_bringup:/home/smartway/ros2_ws/install/navigation2:/home/smartway/ros2_ws/install/smac_planner:/home/smartway/ros2_ws/install/rplidar_ros:/home/smartway/ros2_ws/install/rpi_robot_slam:/home/smartway/ros2_ws/install/rpi_robot_bringup:/home/smartway/ros2_ws/install/rpi_robot_action_interfaces:/home/smartway/ros2_ws/install/nav2_dwb_controller:/home/smartway/ros2_ws/install/nav2_controller:/home/smartway/ros2_ws/install/dwb_plugins:/home/smartway/ros2_ws/install/dwb_critics:/home/smartway/ros2_ws/install/dwb_core:/home/smartway/ros2_ws/install/nav_2d_utils:/home/smartway/ros2_ws/install/dwb_msgs:/home/smartway/ros2_ws/install/nav_2d_msgs:/home/smartway/ros2_ws/install/nav2_waypoint_follower:/home/smartway/ros2_ws/install/nav2_regulated_pure_pursuit_controller:/home/smartway/ros2_ws/install/nav2_recoveries:/home/smartway/ros2_ws/install/nav2_planner:/home/smartway/ros2_ws/install/nav2_navfn_planner:/home/smartway/ros2_ws/install/nav2_core:/home/smartway/ros2_ws/install/costmap_queue:/home/smartway/ros2_ws/install/nav2_costmap_2d:/home/smartway/ros2_ws/install/nav2_voxel_grid:/home/smartway/ros2_ws/install/nav2_rviz_plugins:/home/smartway/ros2_ws/install/nav2_map_server:/home/smartway/ros2_ws/install/nav2_lifecycle_manager:/home/smartway/ros2_ws/install/nav2_bt_navigator:/home/smartway/ros2_ws/install/nav2_behavior_tree:/home/smartway/ros2_ws/install/nav2_amcl:/home/smartway/ros2_ws/install/nav2_util:/home/smartway/ros2_ws/install/nav2_msgs:/home/smartway/ros2_ws/install/rpi_robot_control:/home/smartway/ros2_ws/install/nav2_gazebo_spawner:/opt/ros/foxy PYTHONPATH=/home/smartway/ros2_ws/install/nav2_common/lib/python3.8/site-packages:/home/smartway/ros2_ws/install/rpi_robot_control/lib/python3.8/site-packages:/home/smartway/ros2_ws/install/rpi_robot_bringup/lib/python3.8/site-packages:/home/smartway/ros2_ws/install/rpi_robot_action_interfaces/lib/python3.8/site-packages:/home/smartway/ros2_ws/install/dwb_msgs/lib/python3.8/site-packages:/home/smartway/ros2_ws/install/nav_2d_msgs/lib/python3.8/site-packages:/home/smartway/ros2_ws/install/nav2_msgs/lib/python3.8/site-packages:/home/smartway/ros2_ws/install/nav2_gazebo_spawner/lib/python3.8/site-packages:/opt/ros/foxy/lib/python3.8/site-packages /usr/bin/cmake --build /home/smartway/ros2_ws/build/nav2_msgs -- -j4 -l4
[18.764s] Invoking command in '/home/smartway/ros2_ws/build/nav2_msgs': CMAKE_PREFIX_PATH=/home/smartway/ros2_ws/install/nav2_common:/home/smartway/ros2_ws/install/nav2_system_tests:/home/smartway/ros2_ws/install/nav2_bringup:/home/smartway/ros2_ws/install/navigation2:/home/smartway/ros2_ws/install/smac_planner:/home/smartway/ros2_ws/install/rplidar_ros:/home/smartway/ros2_ws/install/rpi_robot_slam:/home/smartway/ros2_ws/install/rpi_robot_bringup:/home/smartway/ros2_ws/install/rpi_robot_action_interfaces:/home/smartway/ros2_ws/install/nav2_dwb_controller:/home/smartway/ros2_ws/install/nav2_controller:/home/smartway/ros2_ws/install/dwb_plugins:/home/smartway/ros2_ws/install/dwb_critics:/home/smartway/ros2_ws/install/dwb_core:/home/smartway/ros2_ws/install/nav_2d_utils:/home/smartway/ros2_ws/install/dwb_msgs:/home/smartway/ros2_ws/install/nav_2d_msgs:/home/smartway/ros2_ws/install/nav2_waypoint_follower:/home/smartway/ros2_ws/install/nav2_regulated_pure_pursuit_controller:/home/smartway/ros2_ws/install/nav2_recoveries:/home/smartway/ros2_ws/install/nav2_planner:/home/smartway/ros2_ws/install/nav2_navfn_planner:/home/smartway/ros2_ws/install/nav2_core:/home/smartway/ros2_ws/install/costmap_queue:/home/smartway/ros2_ws/install/nav2_costmap_2d:/home/smartway/ros2_ws/install/nav2_voxel_grid:/home/smartway/ros2_ws/install/nav2_rviz_plugins:/home/smartway/ros2_ws/install/nav2_map_server:/home/smartway/ros2_ws/install/nav2_lifecycle_manager:/home/smartway/ros2_ws/install/nav2_bt_navigator:/home/smartway/ros2_ws/install/nav2_behavior_tree:/home/smartway/ros2_ws/install/nav2_amcl:/home/smartway/ros2_ws/install/nav2_util:/home/smartway/ros2_ws/install/nav2_msgs:/home/smartway/ros2_ws/install/rpi_robot_control:/home/smartway/ros2_ws/install/nav2_gazebo_spawner:/opt/ros/foxy PYTHONPATH=/home/smartway/ros2_ws/install/nav2_common/lib/python3.8/site-packages:/home/smartway/ros2_ws/install/rpi_robot_control/lib/python3.8/site-packages:/home/smartway/ros2_ws/install/rpi_robot_bringup/lib/python3.8/site-packages:/home/smartway/ros2_ws/install/rpi_robot_action_interfaces/lib/python3.8/site-packages:/home/smartway/ros2_ws/install/dwb_msgs/lib/python3.8/site-packages:/home/smartway/ros2_ws/install/nav_2d_msgs/lib/python3.8/site-packages:/home/smartway/ros2_ws/install/nav2_msgs/lib/python3.8/site-packages:/home/smartway/ros2_ws/install/nav2_gazebo_spawner/lib/python3.8/site-packages:/opt/ros/foxy/lib/python3.8/site-packages /usr/bin/cmake --install /home/smartway/ros2_ws/build/nav2_msgs
[18.853s] -- Install configuration: "Release"
[18.855s] -- Up-to-date: /home/smartway/ros2_ws/install/nav2_msgs/share/ament_index/resource_index/rosidl_interfaces/nav2_msgs
[18.857s] -- Up-to-date: /home/smartway/ros2_ws/install/nav2_msgs/include/nav2_msgs
[18.858s] -- Up-to-date: /home/smartway/ros2_ws/install/nav2_msgs/include/nav2_msgs/msg
[18.860s] -- Up-to-date: /home/smartway/ros2_ws/install/nav2_msgs/include/nav2_msgs/msg/voxel_grid.h
[18.861s] -- Up-to-date: /home/smartway/ros2_ws/install/nav2_msgs/include/nav2_msgs/msg/costmap_meta_data.h
[18.862s] -- Up-to-date: /home/smartway/ros2_ws/install/nav2_msgs/include/nav2_msgs/msg/detail
[18.864s] -- Up-to-date: /home/smartway/ros2_ws/install/nav2_msgs/include/nav2_msgs/msg/detail/costmap__functions.h
[18.865s] -- Up-to-date: /home/smartway/ros2_ws/install/nav2_msgs/include/nav2_msgs/msg/detail/behavior_tree_status_change__type_support.h
[18.866s] -- Up-to-date: /home/smartway/ros2_ws/install/nav2_msgs/include/nav2_msgs/msg/detail/particle__functions.h
[18.868s] -- Up-to-date: /home/smartway/ros2_ws/install/nav2_msgs/include/nav2_msgs/msg/detail/costmap_meta_data__type_support.h
[18.869s] -- Up-to-date: /home/smartway/ros2_ws/install/nav2_msgs/include/nav2_msgs/msg/detail/voxel_grid__type_support.h
[18.871s] -- Up-to-date: /home/smartway/ros2_ws/install/nav2_msgs/include/nav2_msgs/msg/detail/behavior_tree_log__type_support.h
[18.872s] -- Up-to-date: /home/smartway/ros2_ws/install/nav2_msgs/include/nav2_msgs/msg/detail/behavior_tree_log__functions.h
[18.874s] -- Up-to-date: /home/smartway/ros2_ws/install/nav2_msgs/include/nav2_msgs/msg/detail/behavior_tree_log__struct.h
[18.875s] -- Up-to-date: /home/smartway/ros2_ws/install/nav2_msgs/include/nav2_msgs/msg/detail/costmap__struct.h
[18.876s] -- Up-to-date: /home/smartway/ros2_ws/install/nav2_msgs/include/nav2_msgs/msg/detail/costmap_meta_data__functions.c
[18.878s] -- Up-to-date: /home/smartway/ros2_ws/install/nav2_msgs/include/nav2_msgs/msg/detail/voxel_grid__functions.c
[18.879s] -- Up-to-date: /home/smartway/ros2_ws/install/nav2_msgs/include/nav2_msgs/msg/detail/behavior_tree_status_change__functions.h
[18.881s] -- Up-to-date: /home/smartway/ros2_ws/install/nav2_msgs/include/nav2_msgs/msg/detail/particle_cloud__functions.h
[18.882s] -- Up-to-date: /home/smartway/ros2_ws/install/nav2_msgs/include/nav2_msgs/msg/detail/particle_cloud__type_support.h
[18.883s] -- Up-to-date: /home/smartway/ros2_ws/install/nav2_msgs/include/nav2_msgs/msg/detail/particle__struct.h
[18.884s] -- Up-to-date: /home/smartway/ros2_ws/install/nav2_msgs/include/nav2_msgs/msg/detail/voxel_grid__struct.h
[18.886s] -- Up-to-date: /home/smartway/ros2_ws/install/nav2_msgs/include/nav2_msgs/msg/detail/costmap_meta_data__struct.h
[18.887s] -- Up-to-date: /home/smartway/ros2_ws/install/nav2_msgs/include/nav2_msgs/msg/detail/particle_cloud__functions.c
[18.888s] -- Up-to-date: /home/smartway/ros2_ws/install/nav2_msgs/include/nav2_msgs/msg/detail/particle__functions.c
[18.891s] -- Up-to-date: /home/smartway/ros2_ws/install/nav2_msgs/include/nav2_msgs/msg/detail/behavior_tree_status_change__functions.c
[18.891s] -- Up-to-date: /home/smartway/ros2_ws/install/nav2_msgs/include/nav2_msgs/msg/detail/voxel_grid__functions.h
[18.892s] -- Up-to-date: /home/smartway/ros2_ws/install/nav2_msgs/include/nav2_msgs/msg/detail/particle_cloud__struct.h
[18.893s] -- Up-to-date: /home/smartway/ros2_ws/install/nav2_msgs/include/nav2_msgs/msg/detail/particle__type_support.h
[18.900s] -- Up-to-date: /home/smartway/ros2_ws/install/nav2_msgs/include/nav2_msgs/msg/detail/costmap_meta_data__functions.h
[18.902s] -- Up-to-date: /home/smartway/ros2_ws/install/nav2_msgs/include/nav2_msgs/msg/detail/behavior_tree_log__functions.c
[18.903s] -- Up-to-date: /home/smartway/ros2_ws/install/nav2_msgs/include/nav2_msgs/msg/detail/behavior_tree_status_change__struct.h
[18.904s] -- Up-to-date: /home/smartway/ros2_ws/install/nav2_msgs/include/nav2_msgs/msg/detail/costmap__functions.c
[18.906s] -- Up-to-date: /home/smartway/ros2_ws/install/nav2_msgs/include/nav2_msgs/msg/detail/costmap__type_support.h
[18.907s] -- Up-to-date: /home/smartway/ros2_ws/install/nav2_msgs/include/nav2_msgs/msg/rosidl_generator_c__visibility_control.h
[18.908s] -- Up-to-date: /home/smartway/ros2_ws/install/nav2_msgs/include/nav2_msgs/msg/costmap.h
[18.909s] -- Up-to-date: /home/smartway/ros2_ws/install/nav2_msgs/include/nav2_msgs/msg/behavior_tree_status_change.h
[18.927s] -- Up-to-date: /home/smartway/ros2_ws/install/nav2_msgs/include/nav2_msgs/msg/particle.h
[18.928s] -- Up-to-date: /home/smartway/ros2_ws/install/nav2_msgs/include/nav2_msgs/msg/particle_cloud.h
[18.928s] -- Up-to-date: /home/smartway/ros2_ws/install/nav2_msgs/include/nav2_msgs/msg/behavior_tree_log.h
[18.929s] -- Up-to-date: /home/smartway/ros2_ws/install/nav2_msgs/include/nav2_msgs/srv
[18.929s] -- Up-to-date: /home/smartway/ros2_ws/install/nav2_msgs/include/nav2_msgs/srv/save_map.h
[18.930s] -- Up-to-date: /home/smartway/ros2_ws/install/nav2_msgs/include/nav2_msgs/srv/clear_costmap_around_robot.h
[18.930s] -- Up-to-date: /home/smartway/ros2_ws/install/nav2_msgs/include/nav2_msgs/srv/detail
[18.931s] -- Up-to-date: /home/smartway/ros2_ws/install/nav2_msgs/include/nav2_msgs/srv/detail/get_costmap__struct.h
[18.931s] -- Up-to-date: /home/smartway/ros2_ws/install/nav2_msgs/include/nav2_msgs/srv/detail/manage_lifecycle_nodes__struct.h
[18.932s] -- Up-to-date: /home/smartway/ros2_ws/install/nav2_msgs/include/nav2_msgs/srv/detail/get_costmap__type_support.h
[18.932s] -- Up-to-date: /home/smartway/ros2_ws/install/nav2_msgs/include/nav2_msgs/srv/detail/save_map__functions.c
[18.933s] -- Up-to-date: /home/smartway/ros2_ws/install/nav2_msgs/include/nav2_msgs/srv/detail/save_map__type_support.h
[18.933s] -- Up-to-date: /home/smartway/ros2_ws/install/nav2_msgs/include/nav2_msgs/srv/detail/clear_costmap_around_robot__struct.h
[18.934s] -- Up-to-date: /home/smartway/ros2_ws/install/nav2_msgs/include/nav2_msgs/srv/detail/get_costmap__functions.h
[18.934s] -- Up-to-date: /home/smartway/ros2_ws/install/nav2_msgs/include/nav2_msgs/srv/detail/clear_entire_costmap__functions.c
[18.935s] -- Up-to-date: /home/smartway/ros2_ws/install/nav2_msgs/include/nav2_msgs/srv/detail/clear_costmap_around_robot__type_support.h
[18.935s] -- Up-to-date: /home/smartway/ros2_ws/install/nav2_msgs/include/nav2_msgs/srv/detail/clear_costmap_around_robot__functions.h
[18.936s] -- Up-to-date: /home/smartway/ros2_ws/install/nav2_msgs/include/nav2_msgs/srv/detail/manage_lifecycle_nodes__type_support.h
[18.936s] -- Up-to-date: /home/smartway/ros2_ws/install/nav2_msgs/include/nav2_msgs/srv/detail/load_map__type_support.h
[18.937s] -- Up-to-date: /home/smartway/ros2_ws/install/nav2_msgs/include/nav2_msgs/srv/detail/manage_lifecycle_nodes__functions.h
[18.951s] -- Up-to-date: /home/smartway/ros2_ws/install/nav2_msgs/include/nav2_msgs/srv/detail/clear_entire_costmap__functions.h
[18.954s] -- Up-to-date: /home/smartway/ros2_ws/install/nav2_msgs/include/nav2_msgs/srv/detail/load_map__functions.h
[18.954s] -- Up-to-date: /home/smartway/ros2_ws/install/nav2_msgs/include/nav2_msgs/srv/detail/load_map__struct.h
[18.955s] -- Up-to-date: /home/smartway/ros2_ws/install/nav2_msgs/include/nav2_msgs/srv/detail/clear_costmap_except_region__functions.h
[18.955s] -- Up-to-date: /home/smartway/ros2_ws/install/nav2_msgs/include/nav2_msgs/srv/detail/clear_costmap_except_region__struct.h
[18.955s] -- Up-to-date: /home/smartway/ros2_ws/install/nav2_msgs/include/nav2_msgs/srv/detail/clear_costmap_except_region__type_support.h
[18.956s] -- Up-to-date: /home/smartway/ros2_ws/install/nav2_msgs/include/nav2_msgs/srv/detail/load_map__functions.c
[18.956s] -- Up-to-date: /home/smartway/ros2_ws/install/nav2_msgs/include/nav2_msgs/srv/detail/clear_costmap_around_robot__functions.c
[18.957s] -- Up-to-date: /home/smartway/ros2_ws/install/nav2_msgs/include/nav2_msgs/srv/detail/clear_costmap_except_region__functions.c
[18.957s] -- Up-to-date: /home/smartway/ros2_ws/install/nav2_msgs/include/nav2_msgs/srv/detail/get_costmap__functions.c
[18.958s] -- Up-to-date: /home/smartway/ros2_ws/install/nav2_msgs/include/nav2_msgs/srv/detail/save_map__functions.h
[18.959s] -- Up-to-date: /home/smartway/ros2_ws/install/nav2_msgs/include/nav2_msgs/srv/detail/clear_entire_costmap__struct.h
[18.959s] -- Up-to-date: /home/smartway/ros2_ws/install/nav2_msgs/include/nav2_msgs/srv/detail/clear_entire_costmap__type_support.h
[18.960s] -- Up-to-date: /home/smartway/ros2_ws/install/nav2_msgs/include/nav2_msgs/srv/detail/manage_lifecycle_nodes__functions.c
[18.960s] -- Up-to-date: /home/smartway/ros2_ws/install/nav2_msgs/include/nav2_msgs/srv/detail/save_map__struct.h
[18.961s] -- Up-to-date: /home/smartway/ros2_ws/install/nav2_msgs/include/nav2_msgs/srv/load_map.h
[18.961s] -- Up-to-date: /home/smartway/ros2_ws/install/nav2_msgs/include/nav2_msgs/srv/clear_costmap_except_region.h
[18.962s] -- Up-to-date: /home/smartway/ros2_ws/install/nav2_msgs/include/nav2_msgs/srv/manage_lifecycle_nodes.h
[18.962s] -- Up-to-date: /home/smartway/ros2_ws/install/nav2_msgs/include/nav2_msgs/srv/clear_entire_costmap.h
[18.963s] -- Up-to-date: /home/smartway/ros2_ws/install/nav2_msgs/include/nav2_msgs/srv/get_costmap.h
[18.964s] -- Up-to-date: /home/smartway/ros2_ws/install/nav2_msgs/include/nav2_msgs/action
[18.964s] -- Up-to-date: /home/smartway/ros2_ws/install/nav2_msgs/include/nav2_msgs/action/navigate_to_pose.h
[18.965s] -- Up-to-date: /home/smartway/ros2_ws/install/nav2_msgs/include/nav2_msgs/action/back_up.h
[18.965s] -- Up-to-date: /home/smartway/ros2_ws/install/nav2_msgs/include/nav2_msgs/action/compute_path_to_pose.h
[18.982s] -- Up-to-date: /home/smartway/ros2_ws/install/nav2_msgs/include/nav2_msgs/action/detail
[18.989s] -- Up-to-date: /home/smartway/ros2_ws/install/nav2_msgs/include/nav2_msgs/action/detail/spin__functions.c
[18.990s] -- Up-to-date: /home/smartway/ros2_ws/install/nav2_msgs/include/nav2_msgs/action/detail/back_up__type_support.h
[18.990s] -- Up-to-date: /home/smartway/ros2_ws/install/nav2_msgs/include/nav2_msgs/action/detail/back_up__struct.h
[18.991s] -- Up-to-date: /home/smartway/ros2_ws/install/nav2_msgs/include/nav2_msgs/action/detail/dummy_recovery__functions.h
[18.992s] -- Up-to-date: /home/smartway/ros2_ws/install/nav2_msgs/include/nav2_msgs/action/detail/spin__type_support.h
[18.998s] -- Up-to-date: /home/smartway/ros2_ws/install/nav2_msgs/include/nav2_msgs/action/detail/back_up__functions.h
[18.999s] -- Up-to-date: /home/smartway/ros2_ws/install/nav2_msgs/include/nav2_msgs/action/detail/follow_path__functions.c
[19.001s] -- Up-to-date: /home/smartway/ros2_ws/install/nav2_msgs/include/nav2_msgs/action/detail/dummy_recovery__functions.c
[19.003s] -- Up-to-date: /home/smartway/ros2_ws/install/nav2_msgs/include/nav2_msgs/action/detail/back_up__functions.c
[19.004s] -- Up-to-date: /home/smartway/ros2_ws/install/nav2_msgs/include/nav2_msgs/action/detail/navigate_to_pose__struct.h
[19.009s] -- Up-to-date: /home/smartway/ros2_ws/install/nav2_msgs/include/nav2_msgs/action/detail/follow_waypoints__type_support.h
[19.010s] -- Up-to-date: /home/smartway/ros2_ws/install/nav2_msgs/include/nav2_msgs/action/detail/follow_path__functions.h
[19.011s] -- Up-to-date: /home/smartway/ros2_ws/install/nav2_msgs/include/nav2_msgs/action/detail/follow_waypoints__functions.c
[19.011s] -- Up-to-date: /home/smartway/ros2_ws/install/nav2_msgs/include/nav2_msgs/action/detail/navigate_to_pose__functions.c
[19.014s] -- Up-to-date: /home/smartway/ros2_ws/install/nav2_msgs/include/nav2_msgs/action/detail/compute_path_to_pose__functions.c
[19.015s] -- Up-to-date: /home/smartway/ros2_ws/install/nav2_msgs/include/nav2_msgs/action/detail/compute_path_to_pose__functions.h
[19.020s] -- Up-to-date: /home/smartway/ros2_ws/install/nav2_msgs/include/nav2_msgs/action/detail/wait__struct.h
[19.020s] -- Up-to-date: /home/smartway/ros2_ws/install/nav2_msgs/include/nav2_msgs/action/detail/wait__type_support.h
[19.021s] -- Up-to-date: /home/smartway/ros2_ws/install/nav2_msgs/include/nav2_msgs/action/detail/compute_path_to_pose__struct.h
[19.022s] -- Up-to-date: /home/smartway/ros2_ws/install/nav2_msgs/include/nav2_msgs/action/detail/follow_path__type_support.h
[19.029s] -- Up-to-date: /home/smartway/ros2_ws/install/nav2_msgs/include/nav2_msgs/action/detail/follow_path__struct.h
[19.030s] -- Up-to-date: /home/smartway/ros2_ws/install/nav2_msgs/include/nav2_msgs/action/detail/follow_waypoints__struct.h
[19.031s] -- Up-to-date: /home/smartway/ros2_ws/install/nav2_msgs/include/nav2_msgs/action/detail/navigate_to_pose__type_support.h
[19.031s] -- Up-to-date: /home/smartway/ros2_ws/install/nav2_msgs/include/nav2_msgs/action/detail/spin__struct.h
[19.033s] -- Up-to-date: /home/smartway/ros2_ws/install/nav2_msgs/include/nav2_msgs/action/detail/dummy_recovery__struct.h
[19.033s] -- Up-to-date: /home/smartway/ros2_ws/install/nav2_msgs/include/nav2_msgs/action/detail/wait__functions.h
[19.034s] -- Up-to-date: /home/smartway/ros2_ws/install/nav2_msgs/include/nav2_msgs/action/detail/dummy_recovery__type_support.h
[19.035s] -- Up-to-date: /home/smartway/ros2_ws/install/nav2_msgs/include/nav2_msgs/action/detail/follow_waypoints__functions.h
[19.036s] -- Up-to-date: /home/smartway/ros2_ws/install/nav2_msgs/include/nav2_msgs/action/detail/spin__functions.h
[19.037s] -- Up-to-date: /home/smartway/ros2_ws/install/nav2_msgs/include/nav2_msgs/action/detail/compute_path_to_pose__type_support.h
[19.037s] -- Up-to-date: /home/smartway/ros2_ws/install/nav2_msgs/include/nav2_msgs/action/detail/wait__functions.c
[19.039s] -- Up-to-date: /home/smartway/ros2_ws/install/nav2_msgs/include/nav2_msgs/action/detail/navigate_to_pose__functions.h
[19.049s] -- Up-to-date: /home/smartway/ros2_ws/install/nav2_msgs/include/nav2_msgs/action/follow_waypoints.h
[19.050s] -- Up-to-date: /home/smartway/ros2_ws/install/nav2_msgs/include/nav2_msgs/action/wait.h
[19.051s] -- Up-to-date: /home/smartway/ros2_ws/install/nav2_msgs/include/nav2_msgs/action/follow_path.h
[19.052s] -- Up-to-date: /home/smartway/ros2_ws/install/nav2_msgs/include/nav2_msgs/action/spin.h
[19.053s] -- Up-to-date: /home/smartway/ros2_ws/install/nav2_msgs/include/nav2_msgs/action/dummy_recovery.h
[19.054s] -- Up-to-date: /home/smartway/ros2_ws/install/nav2_msgs/share/nav2_msgs/environment/library_path.sh
[19.054s] -- Up-to-date: /home/smartway/ros2_ws/install/nav2_msgs/share/nav2_msgs/environment/library_path.dsv
[19.055s] -- Up-to-date: /home/smartway/ros2_ws/install/nav2_msgs/lib/libnav2_msgs__rosidl_generator_c.so
[19.055s] -- Up-to-date: /home/smartway/ros2_ws/install/nav2_msgs/include/nav2_msgs
[19.056s] -- Up-to-date: /home/smartway/ros2_ws/install/nav2_msgs/include/nav2_msgs/msg
[19.056s] -- Up-to-date: /home/smartway/ros2_ws/install/nav2_msgs/include/nav2_msgs/msg/rosidl_typesupport_fastrtps_c__visibility_control.h
[19.057s] -- Up-to-date: /home/smartway/ros2_ws/install/nav2_msgs/include/nav2_msgs/msg/detail
[19.057s] -- Up-to-date: /home/smartway/ros2_ws/install/nav2_msgs/include/nav2_msgs/msg/detail/behavior_tree_log__rosidl_typesupport_fastrtps_c.h
[19.058s] -- Up-to-date: /home/smartway/ros2_ws/install/nav2_msgs/include/nav2_msgs/msg/detail/costmap_meta_data__rosidl_typesupport_fastrtps_c.h
[19.059s] -- Up-to-date: /home/smartway/ros2_ws/install/nav2_msgs/include/nav2_msgs/msg/detail/costmap__rosidl_typesupport_fastrtps_c.h
[19.070s] -- Up-to-date: /home/smartway/ros2_ws/install/nav2_msgs/include/nav2_msgs/msg/detail/particle_cloud__rosidl_typesupport_fastrtps_c.h
[19.071s] -- Up-to-date: /home/smartway/ros2_ws/install/nav2_msgs/include/nav2_msgs/msg/detail/behavior_tree_status_change__rosidl_typesupport_fastrtps_c.h
[19.072s] -- Up-to-date: /home/smartway/ros2_ws/install/nav2_msgs/include/nav2_msgs/msg/detail/particle__rosidl_typesupport_fastrtps_c.h
[19.073s] -- Up-to-date: /home/smartway/ros2_ws/install/nav2_msgs/include/nav2_msgs/msg/detail/voxel_grid__rosidl_typesupport_fastrtps_c.h
[19.074s] -- Up-to-date: /home/smartway/ros2_ws/install/nav2_msgs/include/nav2_msgs/srv
[19.076s] -- Up-to-date: /home/smartway/ros2_ws/install/nav2_msgs/include/nav2_msgs/srv/detail
[19.077s] -- Up-to-date: /home/smartway/ros2_ws/install/nav2_msgs/include/nav2_msgs/srv/detail/save_map__rosidl_typesupport_fastrtps_c.h
[19.077s] -- Up-to-date: /home/smartway/ros2_ws/install/nav2_msgs/include/nav2_msgs/srv/detail/clear_entire_costmap__rosidl_typesupport_fastrtps_c.h
[19.078s] -- Up-to-date: /home/smartway/ros2_ws/install/nav2_msgs/include/nav2_msgs/srv/detail/clear_costmap_around_robot__rosidl_typesupport_fastrtps_c.h
[19.078s] -- Up-to-date: /home/smartway/ros2_ws/install/nav2_msgs/include/nav2_msgs/srv/detail/load_map__rosidl_typesupport_fastrtps_c.h
[19.079s] -- Up-to-date: /home/smartway/ros2_ws/install/nav2_msgs/include/nav2_msgs/srv/detail/manage_lifecycle_nodes__rosidl_typesupport_fastrtps_c.h
[19.080s] -- Up-to-date: /home/smartway/ros2_ws/install/nav2_msgs/include/nav2_msgs/srv/detail/clear_costmap_except_region__rosidl_typesupport_fastrtps_c.h
[19.080s] -- Up-to-date: /home/smartway/ros2_ws/install/nav2_msgs/include/nav2_msgs/srv/detail/get_costmap__rosidl_typesupport_fastrtps_c.h
[19.081s] -- Up-to-date: /home/smartway/ros2_ws/install/nav2_msgs/include/nav2_msgs/action
[19.081s] -- Up-to-date: /home/smartway/ros2_ws/install/nav2_msgs/include/nav2_msgs/action/detail
[19.082s] -- Up-to-date: /home/smartway/ros2_ws/install/nav2_msgs/include/nav2_msgs/action/detail/follow_waypoints__rosidl_typesupport_fastrtps_c.h
[19.082s] -- Up-to-date: /home/smartway/ros2_ws/install/nav2_msgs/include/nav2_msgs/action/detail/wait__rosidl_typesupport_fastrtps_c.h
[19.083s] -- Up-to-date: /home/smartway/ros2_ws/install/nav2_msgs/include/nav2_msgs/action/detail/dummy_recovery__rosidl_typesupport_fastrtps_c.h
[19.090s] -- Up-to-date: /home/smartway/ros2_ws/install/nav2_msgs/include/nav2_msgs/action/detail/follow_path__rosidl_typesupport_fastrtps_c.h
[19.090s] -- Up-to-date: /home/smartway/ros2_ws/install/nav2_msgs/include/nav2_msgs/action/detail/back_up__rosidl_typesupport_fastrtps_c.h
[19.091s] -- Up-to-date: /home/smartway/ros2_ws/install/nav2_msgs/include/nav2_msgs/action/detail/spin__rosidl_typesupport_fastrtps_c.h
[19.091s] -- Up-to-date: /home/smartway/ros2_ws/install/nav2_msgs/include/nav2_msgs/action/detail/navigate_to_pose__rosidl_typesupport_fastrtps_c.h
[19.092s] -- Up-to-date: /home/smartway/ros2_ws/install/nav2_msgs/include/nav2_msgs/action/detail/compute_path_to_pose__rosidl_typesupport_fastrtps_c.h
[19.093s] -- Up-to-date: /home/smartway/ros2_ws/install/nav2_msgs/lib/libnav2_msgs__rosidl_typesupport_fastrtps_c.so
[19.094s] -- Up-to-date: /home/smartway/ros2_ws/install/nav2_msgs/include/nav2_msgs
[19.096s] -- Up-to-date: /home/smartway/ros2_ws/install/nav2_msgs/include/nav2_msgs/msg
[19.096s] -- Up-to-date: /home/smartway/ros2_ws/install/nav2_msgs/include/nav2_msgs/msg/rosidl_typesupport_fastrtps_cpp__visibility_control.h
[19.098s] -- Up-to-date: /home/smartway/ros2_ws/install/nav2_msgs/include/nav2_msgs/msg/detail
[19.110s] -- Up-to-date: /home/smartway/ros2_ws/install/nav2_msgs/include/nav2_msgs/msg/detail/dds_fastrtps
[19.110s] -- Up-to-date: /home/smartway/ros2_ws/install/nav2_msgs/include/nav2_msgs/msg/detail/behavior_tree_log__rosidl_typesupport_fastrtps_cpp.hpp
[19.111s] -- Up-to-date: /home/smartway/ros2_ws/install/nav2_msgs/include/nav2_msgs/msg/detail/voxel_grid__rosidl_typesupport_fastrtps_cpp.hpp
[19.111s] -- Up-to-date: /home/smartway/ros2_ws/install/nav2_msgs/include/nav2_msgs/msg/detail/particle__rosidl_typesupport_fastrtps_cpp.hpp
[19.112s] -- Up-to-date: /home/smartway/ros2_ws/install/nav2_msgs/include/nav2_msgs/msg/detail/particle_cloud__rosidl_typesupport_fastrtps_cpp.hpp
[19.112s] -- Up-to-date: /home/smartway/ros2_ws/install/nav2_msgs/include/nav2_msgs/msg/detail/costmap_meta_data__rosidl_typesupport_fastrtps_cpp.hpp
[19.113s] -- Up-to-date: /home/smartway/ros2_ws/install/nav2_msgs/include/nav2_msgs/msg/detail/costmap__rosidl_typesupport_fastrtps_cpp.hpp
[19.113s] -- Up-to-date: /home/smartway/ros2_ws/install/nav2_msgs/include/nav2_msgs/msg/detail/behavior_tree_status_change__rosidl_typesupport_fastrtps_cpp.hpp
[19.114s] -- Up-to-date: /home/smartway/ros2_ws/install/nav2_msgs/include/nav2_msgs/srv
[19.116s] -- Up-to-date: /home/smartway/ros2_ws/install/nav2_msgs/include/nav2_msgs/srv/detail
[19.117s] -- Up-to-date: /home/smartway/ros2_ws/install/nav2_msgs/include/nav2_msgs/srv/detail/dds_fastrtps
[19.118s] -- Up-to-date: /home/smartway/ros2_ws/install/nav2_msgs/include/nav2_msgs/srv/detail/clear_costmap_around_robot__rosidl_typesupport_fastrtps_cpp.hpp
[19.119s] -- Up-to-date: /home/smartway/ros2_ws/install/nav2_msgs/include/nav2_msgs/srv/detail/get_costmap__rosidl_typesupport_fastrtps_cpp.hpp
[19.121s] -- Up-to-date: /home/smartway/ros2_ws/install/nav2_msgs/include/nav2_msgs/srv/detail/manage_lifecycle_nodes__rosidl_typesupport_fastrtps_cpp.hpp
[19.122s] -- Up-to-date: /home/smartway/ros2_ws/install/nav2_msgs/include/nav2_msgs/srv/detail/clear_costmap_except_region__rosidl_typesupport_fastrtps_cpp.hpp
[19.124s] -- Up-to-date: /home/smartway/ros2_ws/install/nav2_msgs/include/nav2_msgs/srv/detail/save_map__rosidl_typesupport_fastrtps_cpp.hpp
[19.124s] -- Up-to-date: /home/smartway/ros2_ws/install/nav2_msgs/include/nav2_msgs/srv/detail/load_map__rosidl_typesupport_fastrtps_cpp.hpp
[19.126s] -- Up-to-date: /home/smartway/ros2_ws/install/nav2_msgs/include/nav2_msgs/srv/detail/clear_entire_costmap__rosidl_typesupport_fastrtps_cpp.hpp
[19.126s] -- Up-to-date: /home/smartway/ros2_ws/install/nav2_msgs/include/nav2_msgs/action
[19.127s] -- Up-to-date: /home/smartway/ros2_ws/install/nav2_msgs/include/nav2_msgs/action/detail
[19.127s] -- Up-to-date: /home/smartway/ros2_ws/install/nav2_msgs/include/nav2_msgs/action/detail/dds_fastrtps
[19.127s] -- Up-to-date: /home/smartway/ros2_ws/install/nav2_msgs/include/nav2_msgs/action/detail/dummy_recovery__rosidl_typesupport_fastrtps_cpp.hpp
[19.128s] -- Up-to-date: /home/smartway/ros2_ws/install/nav2_msgs/include/nav2_msgs/action/detail/spin__rosidl_typesupport_fastrtps_cpp.hpp
[19.128s] -- Up-to-date: /home/smartway/ros2_ws/install/nav2_msgs/include/nav2_msgs/action/detail/follow_path__rosidl_typesupport_fastrtps_cpp.hpp
[19.128s] -- Up-to-date: /home/smartway/ros2_ws/install/nav2_msgs/include/nav2_msgs/action/detail/wait__rosidl_typesupport_fastrtps_cpp.hpp
[19.129s] -- Up-to-date: /home/smartway/ros2_ws/install/nav2_msgs/include/nav2_msgs/action/detail/follow_waypoints__rosidl_typesupport_fastrtps_cpp.hpp
[19.130s] -- Up-to-date: /home/smartway/ros2_ws/install/nav2_msgs/include/nav2_msgs/action/detail/back_up__rosidl_typesupport_fastrtps_cpp.hpp
[19.131s] -- Up-to-date: /home/smartway/ros2_ws/install/nav2_msgs/include/nav2_msgs/action/detail/navigate_to_pose__rosidl_typesupport_fastrtps_cpp.hpp
[19.132s] -- Up-to-date: /home/smartway/ros2_ws/install/nav2_msgs/include/nav2_msgs/action/detail/compute_path_to_pose__rosidl_typesupport_fastrtps_cpp.hpp
[19.132s] -- Up-to-date: /home/smartway/ros2_ws/install/nav2_msgs/lib/libnav2_msgs__rosidl_typesupport_fastrtps_cpp.so
[19.132s] -- Up-to-date: /home/smartway/ros2_ws/install/nav2_msgs/include/nav2_msgs
[19.133s] -- Up-to-date: /home/smartway/ros2_ws/install/nav2_msgs/include/nav2_msgs/msg
[19.133s] -- Up-to-date: /home/smartway/ros2_ws/install/nav2_msgs/include/nav2_msgs/msg/detail
[19.133s] -- Up-to-date: /home/smartway/ros2_ws/install/nav2_msgs/include/nav2_msgs/msg/detail/costmap__type_support.c
[19.134s] -- Up-to-date: /home/smartway/ros2_ws/install/nav2_msgs/include/nav2_msgs/msg/detail/voxel_grid__rosidl_typesupport_introspection_c.h
[19.134s] -- Up-to-date: /home/smartway/ros2_ws/install/nav2_msgs/include/nav2_msgs/msg/detail/costmap_meta_data__type_support.c
[19.135s] -- Up-to-date: /home/smartway/ros2_ws/install/nav2_msgs/include/nav2_msgs/msg/detail/costmap__rosidl_typesupport_introspection_c.h
[19.135s] -- Up-to-date: /home/smartway/ros2_ws/install/nav2_msgs/include/nav2_msgs/msg/detail/voxel_grid__type_support.c
[19.136s] -- Up-to-date: /home/smartway/ros2_ws/install/nav2_msgs/include/nav2_msgs/msg/detail/particle_cloud__type_support.c
[19.136s] -- Up-to-date: /home/smartway/ros2_ws/install/nav2_msgs/include/nav2_msgs/msg/detail/behavior_tree_log__rosidl_typesupport_introspection_c.h
[19.136s] -- Up-to-date: /home/smartway/ros2_ws/install/nav2_msgs/include/nav2_msgs/msg/detail/particle__type_support.c
[19.137s] -- Up-to-date: /home/smartway/ros2_ws/install/nav2_msgs/include/nav2_msgs/msg/detail/behavior_tree_status_change__rosidl_typesupport_introspection_c.h
[19.137s] -- Up-to-date: /home/smartway/ros2_ws/install/nav2_msgs/include/nav2_msgs/msg/detail/costmap_meta_data__rosidl_typesupport_introspection_c.h
[19.138s] -- Up-to-date: /home/smartway/ros2_ws/install/nav2_msgs/include/nav2_msgs/msg/detail/particle_cloud__rosidl_typesupport_introspection_c.h
[19.145s] -- Up-to-date: /home/smartway/ros2_ws/install/nav2_msgs/include/nav2_msgs/msg/detail/particle__rosidl_typesupport_introspection_c.h
[19.146s] -- Up-to-date: /home/smartway/ros2_ws/install/nav2_msgs/include/nav2_msgs/msg/detail/behavior_tree_status_change__type_support.c
[19.146s] -- Up-to-date: /home/smartway/ros2_ws/install/nav2_msgs/include/nav2_msgs/msg/detail/behavior_tree_log__type_support.c
[19.147s] -- Up-to-date: /home/smartway/ros2_ws/install/nav2_msgs/include/nav2_msgs/msg/rosidl_typesupport_introspection_c__visibility_control.h
[19.147s] -- Up-to-date: /home/smartway/ros2_ws/install/nav2_msgs/include/nav2_msgs/srv
[19.148s] -- Up-to-date: /home/smartway/ros2_ws/install/nav2_msgs/include/nav2_msgs/srv/detail
[19.148s] -- Up-to-date: /home/smartway/ros2_ws/install/nav2_msgs/include/nav2_msgs/srv/detail/clear_costmap_around_robot__type_support.c
[19.149s] -- Up-to-date: /home/smartway/ros2_ws/install/nav2_msgs/include/nav2_msgs/srv/detail/manage_lifecycle_nodes__type_support.c
[19.149s] -- Up-to-date: /home/smartway/ros2_ws/install/nav2_msgs/include/nav2_msgs/srv/detail/clear_costmap_except_region__rosidl_typesupport_introspection_c.h
[19.153s] -- Up-to-date: /home/smartway/ros2_ws/install/nav2_msgs/include/nav2_msgs/srv/detail/load_map__type_support.c
[19.155s] -- Up-to-date: /home/smartway/ros2_ws/install/nav2_msgs/include/nav2_msgs/srv/detail/load_map__rosidl_typesupport_introspection_c.h
[19.156s] -- Up-to-date: /home/smartway/ros2_ws/install/nav2_msgs/include/nav2_msgs/srv/detail/clear_entire_costmap__type_support.c
[19.158s] -- Up-to-date: /home/smartway/ros2_ws/install/nav2_msgs/include/nav2_msgs/srv/detail/get_costmap__type_support.c
[19.159s] -- Up-to-date: /home/smartway/ros2_ws/install/nav2_msgs/include/nav2_msgs/srv/detail/clear_entire_costmap__rosidl_typesupport_introspection_c.h
[19.160s] -- Up-to-date: /home/smartway/ros2_ws/install/nav2_msgs/include/nav2_msgs/srv/detail/manage_lifecycle_nodes__rosidl_typesupport_introspection_c.h
[19.161s] -- Up-to-date: /home/smartway/ros2_ws/install/nav2_msgs/include/nav2_msgs/srv/detail/save_map__type_support.c
[19.161s] -- Up-to-date: /home/smartway/ros2_ws/install/nav2_msgs/include/nav2_msgs/srv/detail/clear_costmap_around_robot__rosidl_typesupport_introspection_c.h
[19.162s] -- Up-to-date: /home/smartway/ros2_ws/install/nav2_msgs/include/nav2_msgs/srv/detail/save_map__rosidl_typesupport_introspection_c.h
[19.163s] -- Up-to-date: /home/smartway/ros2_ws/install/nav2_msgs/include/nav2_msgs/srv/detail/clear_costmap_except_region__type_support.c
[19.163s] -- Up-to-date: /home/smartway/ros2_ws/install/nav2_msgs/include/nav2_msgs/srv/detail/get_costmap__rosidl_typesupport_introspection_c.h
[19.164s] -- Up-to-date: /home/smartway/ros2_ws/install/nav2_msgs/include/nav2_msgs/action
[19.165s] -- Up-to-date: /home/smartway/ros2_ws/install/nav2_msgs/include/nav2_msgs/action/detail
[19.180s] -- Up-to-date: /home/smartway/ros2_ws/install/nav2_msgs/include/nav2_msgs/action/detail/back_up__rosidl_typesupport_introspection_c.h
[19.180s] -- Up-to-date: /home/smartway/ros2_ws/install/nav2_msgs/include/nav2_msgs/action/detail/back_up__type_support.c
[19.181s] -- Up-to-date: /home/smartway/ros2_ws/install/nav2_msgs/include/nav2_msgs/action/detail/dummy_recovery__rosidl_typesupport_introspection_c.h
[19.182s] -- Up-to-date: /home/smartway/ros2_ws/install/nav2_msgs/include/nav2_msgs/action/detail/spin__rosidl_typesupport_introspection_c.h
[19.182s] -- Up-to-date: /home/smartway/ros2_ws/install/nav2_msgs/include/nav2_msgs/action/detail/compute_path_to_pose__rosidl_typesupport_introspection_c.h
[19.183s] -- Up-to-date: /home/smartway/ros2_ws/install/nav2_msgs/include/nav2_msgs/action/detail/spin__type_support.c
[19.184s] -- Up-to-date: /home/smartway/ros2_ws/install/nav2_msgs/include/nav2_msgs/action/detail/follow_waypoints__type_support.c
[19.184s] -- Up-to-date: /home/smartway/ros2_ws/install/nav2_msgs/include/nav2_msgs/action/detail/follow_waypoints__rosidl_typesupport_introspection_c.h
[19.187s] -- Up-to-date: /home/smartway/ros2_ws/install/nav2_msgs/include/nav2_msgs/action/detail/wait__rosidl_typesupport_introspection_c.h
[19.188s] -- Up-to-date: /home/smartway/ros2_ws/install/nav2_msgs/include/nav2_msgs/action/detail/compute_path_to_pose__type_support.c
[19.189s] -- Up-to-date: /home/smartway/ros2_ws/install/nav2_msgs/include/nav2_msgs/action/detail/follow_path__rosidl_typesupport_introspection_c.h
[19.189s] -- Up-to-date: /home/smartway/ros2_ws/install/nav2_msgs/include/nav2_msgs/action/detail/follow_path__type_support.c
[19.190s] -- Up-to-date: /home/smartway/ros2_ws/install/nav2_msgs/include/nav2_msgs/action/detail/dummy_recovery__type_support.c
[19.191s] -- Up-to-date: /home/smartway/ros2_ws/install/nav2_msgs/include/nav2_msgs/action/detail/navigate_to_pose__rosidl_typesupport_introspection_c.h
[19.191s] -- Up-to-date: /home/smartway/ros2_ws/install/nav2_msgs/include/nav2_msgs/action/detail/wait__type_support.c
[19.192s] -- Up-to-date: /home/smartway/ros2_ws/install/nav2_msgs/include/nav2_msgs/action/detail/navigate_to_pose__type_support.c
[19.193s] -- Up-to-date: /home/smartway/ros2_ws/install/nav2_msgs/lib/libnav2_msgs__rosidl_typesupport_introspection_c.so
[19.194s] -- Up-to-date: /home/smartway/ros2_ws/install/nav2_msgs/lib/libnav2_msgs__rosidl_typesupport_c.so
[19.196s] -- Up-to-date: /home/smartway/ros2_ws/install/nav2_msgs/include/nav2_msgs
[19.197s] -- Up-to-date: /home/smartway/ros2_ws/install/nav2_msgs/include/nav2_msgs/msg
[19.198s] -- Up-to-date: /home/smartway/ros2_ws/install/nav2_msgs/include/nav2_msgs/msg/particle.hpp
[19.202s] -- Up-to-date: /home/smartway/ros2_ws/install/nav2_msgs/include/nav2_msgs/msg/behavior_tree_status_change.hpp
[19.210s] -- Up-to-date: /home/smartway/ros2_ws/install/nav2_msgs/include/nav2_msgs/msg/costmap.hpp
[19.211s] -- Up-to-date: /home/smartway/ros2_ws/install/nav2_msgs/include/nav2_msgs/msg/detail
[19.211s] -- Up-to-date: /home/smartway/ros2_ws/install/nav2_msgs/include/nav2_msgs/msg/detail/voxel_grid__builder.hpp
[19.212s] -- Up-to-date: /home/smartway/ros2_ws/install/nav2_msgs/include/nav2_msgs/msg/detail/particle_cloud__struct.hpp
[19.212s] -- Up-to-date: /home/smartway/ros2_ws/install/nav2_msgs/include/nav2_msgs/msg/detail/costmap_meta_data__traits.hpp
[19.213s] -- Up-to-date: /home/smartway/ros2_ws/install/nav2_msgs/include/nav2_msgs/msg/detail/voxel_grid__traits.hpp
[19.214s] -- Up-to-date: /home/smartway/ros2_ws/install/nav2_msgs/include/nav2_msgs/msg/detail/behavior_tree_log__struct.hpp
[19.214s] -- Up-to-date: /home/smartway/ros2_ws/install/nav2_msgs/include/nav2_msgs/msg/detail/particle__struct.hpp
[19.214s] -- Up-to-date: /home/smartway/ros2_ws/install/nav2_msgs/include/nav2_msgs/msg/detail/behavior_tree_status_change__builder.hpp
[19.215s] -- Up-to-date: /home/smartway/ros2_ws/install/nav2_msgs/include/nav2_msgs/msg/detail/behavior_tree_log__traits.hpp
[19.215s] -- Up-to-date: /home/smartway/ros2_ws/install/nav2_msgs/include/nav2_msgs/msg/detail/behavior_tree_log__builder.hpp
[19.216s] -- Up-to-date: /home/smartway/ros2_ws/install/nav2_msgs/include/nav2_msgs/msg/detail/costmap_meta_data__builder.hpp
[19.217s] -- Up-to-date: /home/smartway/ros2_ws/install/nav2_msgs/include/nav2_msgs/msg/detail/behavior_tree_status_change__struct.hpp
[19.217s] -- Up-to-date: /home/smartway/ros2_ws/install/nav2_msgs/include/nav2_msgs/msg/detail/voxel_grid__struct.hpp
[19.230s] -- Up-to-date: /home/smartway/ros2_ws/install/nav2_msgs/include/nav2_msgs/msg/detail/costmap__builder.hpp
[19.232s] -- Up-to-date: /home/smartway/ros2_ws/install/nav2_msgs/include/nav2_msgs/msg/detail/costmap_meta_data__struct.hpp
[19.241s] -- Up-to-date: /home/smartway/ros2_ws/install/nav2_msgs/include/nav2_msgs/msg/detail/behavior_tree_status_change__traits.hpp
[19.244s] -- Up-to-date: /home/smartway/ros2_ws/install/nav2_msgs/include/nav2_msgs/msg/detail/costmap__traits.hpp
[19.245s] -- Up-to-date: /home/smartway/ros2_ws/install/nav2_msgs/include/nav2_msgs/msg/detail/costmap__struct.hpp
[19.246s] -- Up-to-date: /home/smartway/ros2_ws/install/nav2_msgs/include/nav2_msgs/msg/detail/particle__traits.hpp
[19.246s] -- Up-to-date: /home/smartway/ros2_ws/install/nav2_msgs/include/nav2_msgs/msg/detail/particle_cloud__builder.hpp
[19.247s] -- Up-to-date: /home/smartway/ros2_ws/install/nav2_msgs/include/nav2_msgs/msg/detail/particle_cloud__traits.hpp
[19.248s] -- Up-to-date: /home/smartway/ros2_ws/install/nav2_msgs/include/nav2_msgs/msg/detail/particle__builder.hpp
[19.248s] -- Up-to-date: /home/smartway/ros2_ws/install/nav2_msgs/include/nav2_msgs/msg/costmap_meta_data.hpp
[19.249s] -- Up-to-date: /home/smartway/ros2_ws/install/nav2_msgs/include/nav2_msgs/msg/behavior_tree_log.hpp
[19.250s] -- Up-to-date: /home/smartway/ros2_ws/install/nav2_msgs/include/nav2_msgs/msg/particle_cloud.hpp
[19.250s] -- Up-to-date: /home/smartway/ros2_ws/install/nav2_msgs/include/nav2_msgs/msg/voxel_grid.hpp
[19.251s] -- Up-to-date: /home/smartway/ros2_ws/install/nav2_msgs/include/nav2_msgs/srv
[19.251s] -- Up-to-date: /home/smartway/ros2_ws/install/nav2_msgs/include/nav2_msgs/srv/clear_costmap_around_robot.hpp
[19.252s] -- Up-to-date: /home/smartway/ros2_ws/install/nav2_msgs/include/nav2_msgs/srv/save_map.hpp
[19.253s] -- Up-to-date: /home/smartway/ros2_ws/install/nav2_msgs/include/nav2_msgs/srv/clear_costmap_except_region.hpp
[19.256s] -- Up-to-date: /home/smartway/ros2_ws/install/nav2_msgs/include/nav2_msgs/srv/detail
[19.257s] -- Up-to-date: /home/smartway/ros2_ws/install/nav2_msgs/include/nav2_msgs/srv/detail/get_costmap__builder.hpp
[19.257s] -- Up-to-date: /home/smartway/ros2_ws/install/nav2_msgs/include/nav2_msgs/srv/detail/clear_costmap_except_region__struct.hpp
[19.258s] -- Up-to-date: /home/smartway/ros2_ws/install/nav2_msgs/include/nav2_msgs/srv/detail/clear_costmap_around_robot__struct.hpp
[19.258s] -- Up-to-date: /home/smartway/ros2_ws/install/nav2_msgs/include/nav2_msgs/srv/detail/clear_entire_costmap__traits.hpp
[19.259s] -- Up-to-date: /home/smartway/ros2_ws/install/nav2_msgs/include/nav2_msgs/srv/detail/manage_lifecycle_nodes__builder.hpp
[19.259s] -- Up-to-date: /home/smartway/ros2_ws/install/nav2_msgs/include/nav2_msgs/srv/detail/save_map__builder.hpp
[19.260s] -- Up-to-date: /home/smartway/ros2_ws/install/nav2_msgs/include/nav2_msgs/srv/detail/clear_entire_costmap__struct.hpp
[19.260s] -- Up-to-date: /home/smartway/ros2_ws/install/nav2_msgs/include/nav2_msgs/srv/detail/save_map__struct.hpp
[19.261s] -- Up-to-date: /home/smartway/ros2_ws/install/nav2_msgs/include/nav2_msgs/srv/detail/manage_lifecycle_nodes__traits.hpp
[19.264s] -- Up-to-date: /home/smartway/ros2_ws/install/nav2_msgs/include/nav2_msgs/srv/detail/clear_costmap_around_robot__builder.hpp
[19.264s] -- Up-to-date: /home/smartway/ros2_ws/install/nav2_msgs/include/nav2_msgs/srv/detail/load_map__builder.hpp
[19.265s] -- Up-to-date: /home/smartway/ros2_ws/install/nav2_msgs/include/nav2_msgs/srv/detail/load_map__struct.hpp
[19.269s] -- Up-to-date: /home/smartway/ros2_ws/install/nav2_msgs/include/nav2_msgs/srv/detail/load_map__traits.hpp
[19.271s] -- Up-to-date: /home/smartway/ros2_ws/install/nav2_msgs/include/nav2_msgs/srv/detail/clear_entire_costmap__builder.hpp
[19.271s] -- Up-to-date: /home/smartway/ros2_ws/install/nav2_msgs/include/nav2_msgs/srv/detail/clear_costmap_except_region__builder.hpp
[19.272s] -- Up-to-date: /home/smartway/ros2_ws/install/nav2_msgs/include/nav2_msgs/srv/detail/clear_costmap_around_robot__traits.hpp
[19.272s] -- Up-to-date: /home/smartway/ros2_ws/install/nav2_msgs/include/nav2_msgs/srv/detail/get_costmap__struct.hpp
[19.273s] -- Up-to-date: /home/smartway/ros2_ws/install/nav2_msgs/include/nav2_msgs/srv/detail/clear_costmap_except_region__traits.hpp
[19.273s] -- Up-to-date: /home/smartway/ros2_ws/install/nav2_msgs/include/nav2_msgs/srv/detail/manage_lifecycle_nodes__struct.hpp
[19.274s] -- Up-to-date: /home/smartway/ros2_ws/install/nav2_msgs/include/nav2_msgs/srv/detail/save_map__traits.hpp
[19.275s] -- Up-to-date: /home/smartway/ros2_ws/install/nav2_msgs/include/nav2_msgs/srv/detail/get_costmap__traits.hpp
[19.275s] -- Up-to-date: /home/smartway/ros2_ws/install/nav2_msgs/include/nav2_msgs/srv/load_map.hpp
[19.276s] -- Up-to-date: /home/smartway/ros2_ws/install/nav2_msgs/include/nav2_msgs/srv/clear_entire_costmap.hpp
[19.277s] -- Up-to-date: /home/smartway/ros2_ws/install/nav2_msgs/include/nav2_msgs/srv/get_costmap.hpp
[19.277s] -- Up-to-date: /home/smartway/ros2_ws/install/nav2_msgs/include/nav2_msgs/srv/manage_lifecycle_nodes.hpp
[19.287s] -- Up-to-date: /home/smartway/ros2_ws/install/nav2_msgs/include/nav2_msgs/action
[19.288s] -- Up-to-date: /home/smartway/ros2_ws/install/nav2_msgs/include/nav2_msgs/action/spin.hpp
[19.302s] -- Up-to-date: /home/smartway/ros2_ws/install/nav2_msgs/include/nav2_msgs/action/navigate_to_pose.hpp
[19.303s] -- Up-to-date: /home/smartway/ros2_ws/install/nav2_msgs/include/nav2_msgs/action/follow_path.hpp
[19.303s] -- Up-to-date: /home/smartway/ros2_ws/install/nav2_msgs/include/nav2_msgs/action/detail
[19.303s] -- Up-to-date: /home/smartway/ros2_ws/install/nav2_msgs/include/nav2_msgs/action/detail/navigate_to_pose__builder.hpp
[19.304s] -- Up-to-date: /home/smartway/ros2_ws/install/nav2_msgs/include/nav2_msgs/action/detail/dummy_recovery__builder.hpp
[19.304s] -- Up-to-date: /home/smartway/ros2_ws/install/nav2_msgs/include/nav2_msgs/action/detail/navigate_to_pose__struct.hpp
[19.305s] -- Up-to-date: /home/smartway/ros2_ws/install/nav2_msgs/include/nav2_msgs/action/detail/follow_path__builder.hpp
[19.305s] -- Up-to-date: /home/smartway/ros2_ws/install/nav2_msgs/include/nav2_msgs/action/detail/wait__builder.hpp
[19.306s] -- Up-to-date: /home/smartway/ros2_ws/install/nav2_msgs/include/nav2_msgs/action/detail/back_up__builder.hpp
[19.306s] -- Up-to-date: /home/smartway/ros2_ws/install/nav2_msgs/include/nav2_msgs/action/detail/follow_path__traits.hpp
[19.307s] -- Up-to-date: /home/smartway/ros2_ws/install/nav2_msgs/include/nav2_msgs/action/detail/spin__struct.hpp
[19.307s] -- Up-to-date: /home/smartway/ros2_ws/install/nav2_msgs/include/nav2_msgs/action/detail/dummy_recovery__struct.hpp
[19.308s] -- Up-to-date: /home/smartway/ros2_ws/install/nav2_msgs/include/nav2_msgs/action/detail/wait__struct.hpp
[19.308s] -- Up-to-date: /home/smartway/ros2_ws/install/nav2_msgs/include/nav2_msgs/action/detail/spin__traits.hpp
[19.309s] -- Up-to-date: /home/smartway/ros2_ws/install/nav2_msgs/include/nav2_msgs/action/detail/compute_path_to_pose__builder.hpp
[19.309s] -- Up-to-date: /home/smartway/ros2_ws/install/nav2_msgs/include/nav2_msgs/action/detail/spin__builder.hpp
[19.322s] -- Up-to-date: /home/smartway/ros2_ws/install/nav2_msgs/include/nav2_msgs/action/detail/follow_path__struct.hpp
[19.323s] -- Up-to-date: /home/smartway/ros2_ws/install/nav2_msgs/include/nav2_msgs/action/detail/follow_waypoints__traits.hpp
[19.323s] -- Up-to-date: /home/smartway/ros2_ws/install/nav2_msgs/include/nav2_msgs/action/detail/wait__traits.hpp
[19.324s] -- Up-to-date: /home/smartway/ros2_ws/install/nav2_msgs/include/nav2_msgs/action/detail/compute_path_to_pose__traits.hpp
[19.324s] -- Up-to-date: /home/smartway/ros2_ws/install/nav2_msgs/include/nav2_msgs/action/detail/back_up__struct.hpp
[19.325s] -- Up-to-date: /home/smartway/ros2_ws/install/nav2_msgs/include/nav2_msgs/action/detail/back_up__traits.hpp
[19.325s] -- Up-to-date: /home/smartway/ros2_ws/install/nav2_msgs/include/nav2_msgs/action/detail/compute_path_to_pose__struct.hpp
[19.326s] -- Up-to-date: /home/smartway/ros2_ws/install/nav2_msgs/include/nav2_msgs/action/detail/dummy_recovery__traits.hpp
[19.326s] -- Up-to-date: /home/smartway/ros2_ws/install/nav2_msgs/include/nav2_msgs/action/detail/follow_waypoints__builder.hpp
[19.327s] -- Up-to-date: /home/smartway/ros2_ws/install/nav2_msgs/include/nav2_msgs/action/detail/navigate_to_pose__traits.hpp
[19.328s] -- Up-to-date: /home/smartway/ros2_ws/install/nav2_msgs/include/nav2_msgs/action/detail/follow_waypoints__struct.hpp
[19.328s] -- Up-to-date: /home/smartway/ros2_ws/install/nav2_msgs/include/nav2_msgs/action/compute_path_to_pose.hpp
[19.329s] -- Up-to-date: /home/smartway/ros2_ws/install/nav2_msgs/include/nav2_msgs/action/wait.hpp
[19.329s] -- Up-to-date: /home/smartway/ros2_ws/install/nav2_msgs/include/nav2_msgs/action/back_up.hpp
[19.330s] -- Up-to-date: /home/smartway/ros2_ws/install/nav2_msgs/include/nav2_msgs/action/dummy_recovery.hpp
[19.331s] -- Up-to-date: /home/smartway/ros2_ws/install/nav2_msgs/include/nav2_msgs/action/follow_waypoints.hpp
[19.331s] -- Up-to-date: /home/smartway/ros2_ws/install/nav2_msgs/include/nav2_msgs
[19.331s] -- Up-to-date: /home/smartway/ros2_ws/install/nav2_msgs/include/nav2_msgs/msg
[19.332s] -- Up-to-date: /home/smartway/ros2_ws/install/nav2_msgs/include/nav2_msgs/msg/detail
[19.332s] -- Up-to-date: /home/smartway/ros2_ws/install/nav2_msgs/include/nav2_msgs/msg/detail/particle_cloud__rosidl_typesupport_introspection_cpp.hpp
[19.333s] -- Up-to-date: /home/smartway/ros2_ws/install/nav2_msgs/include/nav2_msgs/msg/detail/voxel_grid__rosidl_typesupport_introspection_cpp.hpp
[19.333s] -- Up-to-date: /home/smartway/ros2_ws/install/nav2_msgs/include/nav2_msgs/msg/detail/particle_cloud__type_support.cpp
[19.342s] -- Up-to-date: /home/smartway/ros2_ws/install/nav2_msgs/include/nav2_msgs/msg/detail/particle__type_support.cpp
[19.343s] -- Up-to-date: /home/smartway/ros2_ws/install/nav2_msgs/include/nav2_msgs/msg/detail/costmap__rosidl_typesupport_introspection_cpp.hpp
[19.343s] -- Up-to-date: /home/smartway/ros2_ws/install/nav2_msgs/include/nav2_msgs/msg/detail/costmap__type_support.cpp
[19.344s] -- Up-to-date: /home/smartway/ros2_ws/install/nav2_msgs/include/nav2_msgs/msg/detail/behavior_tree_log__rosidl_typesupport_introspection_cpp.hpp
[19.344s] -- Up-to-date: /home/smartway/ros2_ws/install/nav2_msgs/include/nav2_msgs/msg/detail/costmap_meta_data__rosidl_typesupport_introspection_cpp.hpp
[19.345s] -- Up-to-date: /home/smartway/ros2_ws/install/nav2_msgs/include/nav2_msgs/msg/detail/behavior_tree_status_change__rosidl_typesupport_introspection_cpp.hpp
[19.346s] -- Up-to-date: /home/smartway/ros2_ws/install/nav2_msgs/include/nav2_msgs/msg/detail/particle__rosidl_typesupport_introspection_cpp.hpp
[19.346s] -- Up-to-date: /home/smartway/ros2_ws/install/nav2_msgs/include/nav2_msgs/msg/detail/costmap_meta_data__type_support.cpp
[19.347s] -- Up-to-date: /home/smartway/ros2_ws/install/nav2_msgs/include/nav2_msgs/msg/detail/behavior_tree_status_change__type_support.cpp
[19.347s] -- Up-to-date: /home/smartway/ros2_ws/install/nav2_msgs/include/nav2_msgs/msg/detail/behavior_tree_log__type_support.cpp
[19.348s] -- Up-to-date: /home/smartway/ros2_ws/install/nav2_msgs/include/nav2_msgs/msg/detail/voxel_grid__type_support.cpp
[19.348s] -- Up-to-date: /home/smartway/ros2_ws/install/nav2_msgs/include/nav2_msgs/srv
[19.348s] -- Up-to-date: /home/smartway/ros2_ws/install/nav2_msgs/include/nav2_msgs/srv/detail
[19.349s] -- Up-to-date: /home/smartway/ros2_ws/install/nav2_msgs/include/nav2_msgs/srv/detail/get_costmap__rosidl_typesupport_introspection_cpp.hpp
[19.349s] -- Up-to-date: /home/smartway/ros2_ws/install/nav2_msgs/include/nav2_msgs/srv/detail/manage_lifecycle_nodes__rosidl_typesupport_introspection_cpp.hpp
[19.350s] -- Up-to-date: /home/smartway/ros2_ws/install/nav2_msgs/include/nav2_msgs/srv/detail/manage_lifecycle_nodes__type_support.cpp
[19.350s] -- Up-to-date: /home/smartway/ros2_ws/install/nav2_msgs/include/nav2_msgs/srv/detail/clear_costmap_around_robot__type_support.cpp
[19.351s] -- Up-to-date: /home/smartway/ros2_ws/install/nav2_msgs/include/nav2_msgs/srv/detail/clear_costmap_except_region__type_support.cpp
[19.351s] -- Up-to-date: /home/smartway/ros2_ws/install/nav2_msgs/include/nav2_msgs/srv/detail/save_map__rosidl_typesupport_introspection_cpp.hpp
[19.352s] -- Up-to-date: /home/smartway/ros2_ws/install/nav2_msgs/include/nav2_msgs/srv/detail/load_map__rosidl_typesupport_introspection_cpp.hpp
[19.353s] -- Up-to-date: /home/smartway/ros2_ws/install/nav2_msgs/include/nav2_msgs/srv/detail/clear_costmap_except_region__rosidl_typesupport_introspection_cpp.hpp
[19.353s] -- Up-to-date: /home/smartway/ros2_ws/install/nav2_msgs/include/nav2_msgs/srv/detail/save_map__type_support.cpp
[19.356s] -- Up-to-date: /home/smartway/ros2_ws/install/nav2_msgs/include/nav2_msgs/srv/detail/clear_costmap_around_robot__rosidl_typesupport_introspection_cpp.hpp
[19.356s] -- Up-to-date: /home/smartway/ros2_ws/install/nav2_msgs/include/nav2_msgs/srv/detail/get_costmap__type_support.cpp
[19.357s] -- Up-to-date: /home/smartway/ros2_ws/install/nav2_msgs/include/nav2_msgs/srv/detail/clear_entire_costmap__type_support.cpp
[19.358s] -- Up-to-date: /home/smartway/ros2_ws/install/nav2_msgs/include/nav2_msgs/srv/detail/clear_entire_costmap__rosidl_typesupport_introspection_cpp.hpp
[19.358s] -- Up-to-date: /home/smartway/ros2_ws/install/nav2_msgs/include/nav2_msgs/srv/detail/load_map__type_support.cpp
[19.359s] -- Up-to-date: /home/smartway/ros2_ws/install/nav2_msgs/include/nav2_msgs/action
[19.359s] -- Up-to-date: /home/smartway/ros2_ws/install/nav2_msgs/include/nav2_msgs/action/detail
[19.360s] -- Up-to-date: /home/smartway/ros2_ws/install/nav2_msgs/include/nav2_msgs/action/detail/back_up__type_support.cpp
[19.360s] -- Up-to-date: /home/smartway/ros2_ws/install/nav2_msgs/include/nav2_msgs/action/detail/follow_waypoints__type_support.cpp
[19.361s] -- Up-to-date: /home/smartway/ros2_ws/install/nav2_msgs/include/nav2_msgs/action/detail/follow_path__type_support.cpp
[19.361s] -- Up-to-date: /home/smartway/ros2_ws/install/nav2_msgs/include/nav2_msgs/action/detail/spin__type_support.cpp
[19.362s] -- Up-to-date: /home/smartway/ros2_ws/install/nav2_msgs/include/nav2_msgs/action/detail/wait__rosidl_typesupport_introspection_cpp.hpp
[19.362s] -- Up-to-date: /home/smartway/ros2_ws/install/nav2_msgs/include/nav2_msgs/action/detail/navigate_to_pose__type_support.cpp
[19.363s] -- Up-to-date: /home/smartway/ros2_ws/install/nav2_msgs/include/nav2_msgs/action/detail/compute_path_to_pose__type_support.cpp
[19.364s] -- Up-to-date: /home/smartway/ros2_ws/install/nav2_msgs/include/nav2_msgs/action/detail/navigate_to_pose__rosidl_typesupport_introspection_cpp.hpp
[19.364s] -- Up-to-date: /home/smartway/ros2_ws/install/nav2_msgs/include/nav2_msgs/action/detail/follow_path__rosidl_typesupport_introspection_cpp.hpp
[19.365s] -- Up-to-date: /home/smartway/ros2_ws/install/nav2_msgs/include/nav2_msgs/action/detail/dummy_recovery__type_support.cpp
[19.376s] -- Up-to-date: /home/smartway/ros2_ws/install/nav2_msgs/include/nav2_msgs/action/detail/spin__rosidl_typesupport_introspection_cpp.hpp
[19.406s] -- Up-to-date: /home/smartway/ros2_ws/install/nav2_msgs/include/nav2_msgs/action/detail/wait__type_support.cpp
[19.410s] -- Up-to-date: /home/smartway/ros2_ws/install/nav2_msgs/include/nav2_msgs/action/detail/back_up__rosidl_typesupport_introspection_cpp.hpp
[19.412s] -- Up-to-date: /home/smartway/ros2_ws/install/nav2_msgs/include/nav2_msgs/action/detail/compute_path_to_pose__rosidl_typesupport_introspection_cpp.hpp
[19.413s] -- Up-to-date: /home/smartway/ros2_ws/install/nav2_msgs/include/nav2_msgs/action/detail/follow_waypoints__rosidl_typesupport_introspection_cpp.hpp
[19.416s] -- Up-to-date: /home/smartway/ros2_ws/install/nav2_msgs/include/nav2_msgs/action/detail/dummy_recovery__rosidl_typesupport_introspection_cpp.hpp
[19.419s] -- Up-to-date: /home/smartway/ros2_ws/install/nav2_msgs/lib/libnav2_msgs__rosidl_typesupport_introspection_cpp.so
[19.421s] -- Up-to-date: /home/smartway/ros2_ws/install/nav2_msgs/lib/libnav2_msgs__rosidl_typesupport_cpp.so
[19.424s] -- Up-to-date: /home/smartway/ros2_ws/install/nav2_msgs/share/nav2_msgs/environment/pythonpath.sh
[19.425s] -- Up-to-date: /home/smartway/ros2_ws/install/nav2_msgs/share/nav2_msgs/environment/pythonpath.dsv
[19.427s] -- Up-to-date: /home/smartway/ros2_ws/install/nav2_msgs/lib/python3.8/site-packages/nav2_msgs/__init__.py
[19.552s] -- Up-to-date: /home/smartway/ros2_ws/install/nav2_msgs/lib/python3.8/site-packages/nav2_msgs/msg
[19.553s] -- Up-to-date: /home/smartway/ros2_ws/install/nav2_msgs/lib/python3.8/site-packages/nav2_msgs/msg/_particle_s.c
[19.553s] -- Up-to-date: /home/smartway/ros2_ws/install/nav2_msgs/lib/python3.8/site-packages/nav2_msgs/msg/_costmap_meta_data.py
[19.555s] -- Up-to-date: /home/smartway/ros2_ws/install/nav2_msgs/lib/python3.8/site-packages/nav2_msgs/msg/_particle.py
[19.558s] -- Up-to-date: /home/smartway/ros2_ws/install/nav2_msgs/lib/python3.8/site-packages/nav2_msgs/msg/_voxel_grid_s.c
[19.559s] -- Up-to-date: /home/smartway/ros2_ws/install/nav2_msgs/lib/python3.8/site-packages/nav2_msgs/msg/_particle_cloud.py
[19.560s] -- Up-to-date: /home/smartway/ros2_ws/install/nav2_msgs/lib/python3.8/site-packages/nav2_msgs/msg/_costmap.py
[19.560s] -- Up-to-date: /home/smartway/ros2_ws/install/nav2_msgs/lib/python3.8/site-packages/nav2_msgs/msg/_behavior_tree_log_s.c
[19.561s] -- Up-to-date: /home/smartway/ros2_ws/install/nav2_msgs/lib/python3.8/site-packages/nav2_msgs/msg/_behavior_tree_status_change.py
[19.561s] -- Up-to-date: /home/smartway/ros2_ws/install/nav2_msgs/lib/python3.8/site-packages/nav2_msgs/msg/_costmap_s.c
[19.563s] -- Up-to-date: /home/smartway/ros2_ws/install/nav2_msgs/lib/python3.8/site-packages/nav2_msgs/msg/_particle_cloud_s.c
[19.564s] -- Up-to-date: /home/smartway/ros2_ws/install/nav2_msgs/lib/python3.8/site-packages/nav2_msgs/msg/__init__.py
[19.568s] -- Up-to-date: /home/smartway/ros2_ws/install/nav2_msgs/lib/python3.8/site-packages/nav2_msgs/msg/_costmap_meta_data_s.c
[19.569s] -- Up-to-date: /home/smartway/ros2_ws/install/nav2_msgs/lib/python3.8/site-packages/nav2_msgs/msg/_behavior_tree_status_change_s.c
[19.570s] -- Up-to-date: /home/smartway/ros2_ws/install/nav2_msgs/lib/python3.8/site-packages/nav2_msgs/msg/_voxel_grid.py
[19.570s] -- Up-to-date: /home/smartway/ros2_ws/install/nav2_msgs/lib/python3.8/site-packages/nav2_msgs/msg/_behavior_tree_log.py
[19.571s] -- Up-to-date: /home/smartway/ros2_ws/install/nav2_msgs/lib/python3.8/site-packages/nav2_msgs/srv
[19.571s] -- Up-to-date: /home/smartway/ros2_ws/install/nav2_msgs/lib/python3.8/site-packages/nav2_msgs/srv/_clear_costmap_around_robot_s.c
[19.571s] -- Up-to-date: /home/smartway/ros2_ws/install/nav2_msgs/lib/python3.8/site-packages/nav2_msgs/srv/_load_map_s.c
[19.572s] -- Up-to-date: /home/smartway/ros2_ws/install/nav2_msgs/lib/python3.8/site-packages/nav2_msgs/srv/_clear_costmap_except_region.py
[19.572s] -- Up-to-date: /home/smartway/ros2_ws/install/nav2_msgs/lib/python3.8/site-packages/nav2_msgs/srv/_clear_entire_costmap_s.c
[19.572s] -- Up-to-date: /home/smartway/ros2_ws/install/nav2_msgs/lib/python3.8/site-packages/nav2_msgs/srv/_clear_costmap_around_robot.py
[19.573s] -- Up-to-date: /home/smartway/ros2_ws/install/nav2_msgs/lib/python3.8/site-packages/nav2_msgs/srv/_manage_lifecycle_nodes_s.c
[19.573s] -- Up-to-date: /home/smartway/ros2_ws/install/nav2_msgs/lib/python3.8/site-packages/nav2_msgs/srv/_clear_costmap_except_region_s.c
[19.573s] -- Up-to-date: /home/smartway/ros2_ws/install/nav2_msgs/lib/python3.8/site-packages/nav2_msgs/srv/_save_map_s.c
[19.579s] -- Up-to-date: /home/smartway/ros2_ws/install/nav2_msgs/lib/python3.8/site-packages/nav2_msgs/srv/_get_costmap_s.c
[19.582s] -- Up-to-date: /home/smartway/ros2_ws/install/nav2_msgs/lib/python3.8/site-packages/nav2_msgs/srv/_save_map.py
[19.583s] -- Up-to-date: /home/smartway/ros2_ws/install/nav2_msgs/lib/python3.8/site-packages/nav2_msgs/srv/_clear_entire_costmap.py
[19.585s] -- Up-to-date: /home/smartway/ros2_ws/install/nav2_msgs/lib/python3.8/site-packages/nav2_msgs/srv/_get_costmap.py
[19.586s] -- Up-to-date: /home/smartway/ros2_ws/install/nav2_msgs/lib/python3.8/site-packages/nav2_msgs/srv/_load_map.py
[19.586s] -- Up-to-date: /home/smartway/ros2_ws/install/nav2_msgs/lib/python3.8/site-packages/nav2_msgs/srv/__init__.py
[19.587s] -- Up-to-date: /home/smartway/ros2_ws/install/nav2_msgs/lib/python3.8/site-packages/nav2_msgs/srv/_manage_lifecycle_nodes.py
[19.587s] -- Up-to-date: /home/smartway/ros2_ws/install/nav2_msgs/lib/python3.8/site-packages/nav2_msgs/action
[19.587s] -- Up-to-date: /home/smartway/ros2_ws/install/nav2_msgs/lib/python3.8/site-packages/nav2_msgs/action/_follow_path_s.c
[19.588s] -- Up-to-date: /home/smartway/ros2_ws/install/nav2_msgs/lib/python3.8/site-packages/nav2_msgs/action/_compute_path_to_pose.py
[19.588s] -- Up-to-date: /home/smartway/ros2_ws/install/nav2_msgs/lib/python3.8/site-packages/nav2_msgs/action/_navigate_to_pose.py
[19.589s] -- Up-to-date: /home/smartway/ros2_ws/install/nav2_msgs/lib/python3.8/site-packages/nav2_msgs/action/_back_up.py
[19.591s] -- Up-to-date: /home/smartway/ros2_ws/install/nav2_msgs/lib/python3.8/site-packages/nav2_msgs/action/_wait_s.c
[19.594s] -- Up-to-date: /home/smartway/ros2_ws/install/nav2_msgs/lib/python3.8/site-packages/nav2_msgs/action/_navigate_to_pose_s.c
[19.598s] -- Up-to-date: /home/smartway/ros2_ws/install/nav2_msgs/lib/python3.8/site-packages/nav2_msgs/action/_spin.py
[19.606s] -- Up-to-date: /home/smartway/ros2_ws/install/nav2_msgs/lib/python3.8/site-packages/nav2_msgs/action/_wait.py
[19.606s] -- Up-to-date: /home/smartway/ros2_ws/install/nav2_msgs/lib/python3.8/site-packages/nav2_msgs/action/_spin_s.c
[19.607s] -- Up-to-date: /home/smartway/ros2_ws/install/nav2_msgs/lib/python3.8/site-packages/nav2_msgs/action/_dummy_recovery_s.c
[19.607s] -- Up-to-date: /home/smartway/ros2_ws/install/nav2_msgs/lib/python3.8/site-packages/nav2_msgs/action/_follow_waypoints.py
[19.607s] -- Up-to-date: /home/smartway/ros2_ws/install/nav2_msgs/lib/python3.8/site-packages/nav2_msgs/action/_back_up_s.c
[19.608s] -- Up-to-date: /home/smartway/ros2_ws/install/nav2_msgs/lib/python3.8/site-packages/nav2_msgs/action/__init__.py
[19.615s] -- Up-to-date: /home/smartway/ros2_ws/install/nav2_msgs/lib/python3.8/site-packages/nav2_msgs/action/_compute_path_to_pose_s.c
[19.615s] -- Up-to-date: /home/smartway/ros2_ws/install/nav2_msgs/lib/python3.8/site-packages/nav2_msgs/action/_follow_path.py
[19.615s] -- Up-to-date: /home/smartway/ros2_ws/install/nav2_msgs/lib/python3.8/site-packages/nav2_msgs/action/_follow_waypoints_s.c
[19.616s] -- Up-to-date: /home/smartway/ros2_ws/install/nav2_msgs/lib/python3.8/site-packages/nav2_msgs/action/_dummy_recovery.py
[19.616s] -- Up-to-date: /home/smartway/ros2_ws/install/nav2_msgs/lib/python3.8/site-packages/nav2_msgs/nav2_msgs_s__rosidl_typesupport_fastrtps_c.cpython-38-aarch64-linux-gnu.so
[19.616s] -- Up-to-date: /home/smartway/ros2_ws/install/nav2_msgs/lib/python3.8/site-packages/nav2_msgs/nav2_msgs_s__rosidl_typesupport_introspection_c.cpython-38-aarch64-linux-gnu.so
[19.617s] -- Up-to-date: /home/smartway/ros2_ws/install/nav2_msgs/lib/python3.8/site-packages/nav2_msgs/nav2_msgs_s__rosidl_typesupport_c.cpython-38-aarch64-linux-gnu.so
[19.617s] -- Up-to-date: /home/smartway/ros2_ws/install/nav2_msgs/lib/libnav2_msgs__python.so
[19.625s] -- Up-to-date: /home/smartway/ros2_ws/install/nav2_msgs/share/nav2_msgs/msg/Costmap.idl
[19.628s] -- Up-to-date: /home/smartway/ros2_ws/install/nav2_msgs/share/nav2_msgs/msg/CostmapMetaData.idl
[19.632s] -- Up-to-date: /home/smartway/ros2_ws/install/nav2_msgs/share/nav2_msgs/msg/VoxelGrid.idl
[19.634s] -- Up-to-date: /home/smartway/ros2_ws/install/nav2_msgs/share/nav2_msgs/msg/BehaviorTreeStatusChange.idl
[19.635s] -- Up-to-date: /home/smartway/ros2_ws/install/nav2_msgs/share/nav2_msgs/msg/BehaviorTreeLog.idl
[19.635s] -- Up-to-date: /home/smartway/ros2_ws/install/nav2_msgs/share/nav2_msgs/msg/Particle.idl
[19.636s] -- Up-to-date: /home/smartway/ros2_ws/install/nav2_msgs/share/nav2_msgs/msg/ParticleCloud.idl
[19.636s] -- Up-to-date: /home/smartway/ros2_ws/install/nav2_msgs/share/nav2_msgs/srv/GetCostmap.idl
[19.636s] -- Up-to-date: /home/smartway/ros2_ws/install/nav2_msgs/share/nav2_msgs/srv/ClearCostmapExceptRegion.idl
[19.637s] -- Up-to-date: /home/smartway/ros2_ws/install/nav2_msgs/share/nav2_msgs/srv/ClearCostmapAroundRobot.idl
[19.637s] -- Up-to-date: /home/smartway/ros2_ws/install/nav2_msgs/share/nav2_msgs/srv/ClearEntireCostmap.idl
[19.638s] -- Up-to-date: /home/smartway/ros2_ws/install/nav2_msgs/share/nav2_msgs/srv/ManageLifecycleNodes.idl
[19.639s] -- Up-to-date: /home/smartway/ros2_ws/install/nav2_msgs/share/nav2_msgs/srv/LoadMap.idl
[19.640s] -- Up-to-date: /home/smartway/ros2_ws/install/nav2_msgs/share/nav2_msgs/srv/SaveMap.idl
[19.640s] -- Up-to-date: /home/smartway/ros2_ws/install/nav2_msgs/share/nav2_msgs/action/BackUp.idl
[19.642s] -- Up-to-date: /home/smartway/ros2_ws/install/nav2_msgs/share/nav2_msgs/action/ComputePathToPose.idl
[19.647s] -- Up-to-date: /home/smartway/ros2_ws/install/nav2_msgs/share/nav2_msgs/action/FollowPath.idl
[19.656s] -- Up-to-date: /home/smartway/ros2_ws/install/nav2_msgs/share/nav2_msgs/action/NavigateToPose.idl
[19.658s] -- Up-to-date: /home/smartway/ros2_ws/install/nav2_msgs/share/nav2_msgs/action/Wait.idl
[19.659s] -- Up-to-date: /home/smartway/ros2_ws/install/nav2_msgs/share/nav2_msgs/action/Spin.idl
[19.660s] -- Up-to-date: /home/smartway/ros2_ws/install/nav2_msgs/share/nav2_msgs/action/DummyRecovery.idl
[19.660s] -- Up-to-date: /home/smartway/ros2_ws/install/nav2_msgs/share/nav2_msgs/action/FollowWaypoints.idl
[19.661s] -- Up-to-date: /home/smartway/ros2_ws/install/nav2_msgs/share/nav2_msgs/msg/Costmap.msg
[19.662s] -- Up-to-date: /home/smartway/ros2_ws/install/nav2_msgs/share/nav2_msgs/msg/CostmapMetaData.msg
[19.663s] -- Up-to-date: /home/smartway/ros2_ws/install/nav2_msgs/share/nav2_msgs/msg/VoxelGrid.msg
[19.664s] -- Up-to-date: /home/smartway/ros2_ws/install/nav2_msgs/share/nav2_msgs/msg/BehaviorTreeStatusChange.msg
[19.665s] -- Up-to-date: /home/smartway/ros2_ws/install/nav2_msgs/share/nav2_msgs/msg/BehaviorTreeLog.msg
[19.667s] -- Up-to-date: /home/smartway/ros2_ws/install/nav2_msgs/share/nav2_msgs/msg/Particle.msg
[19.671s] -- Up-to-date: /home/smartway/ros2_ws/install/nav2_msgs/share/nav2_msgs/msg/ParticleCloud.msg
[19.675s] -- Up-to-date: /home/smartway/ros2_ws/install/nav2_msgs/share/nav2_msgs/srv/GetCostmap.srv
[19.676s] -- Up-to-date: /home/smartway/ros2_ws/install/nav2_msgs/share/nav2_msgs/srv/GetCostmap_Request.msg
[19.680s] -- Up-to-date: /home/smartway/ros2_ws/install/nav2_msgs/share/nav2_msgs/srv/GetCostmap_Response.msg
[19.686s] -- Up-to-date: /home/smartway/ros2_ws/install/nav2_msgs/share/nav2_msgs/srv/ClearCostmapExceptRegion.srv
[19.687s] -- Up-to-date: /home/smartway/ros2_ws/install/nav2_msgs/share/nav2_msgs/srv/ClearCostmapExceptRegion_Request.msg
[19.688s] -- Up-to-date: /home/smartway/ros2_ws/install/nav2_msgs/share/nav2_msgs/srv/ClearCostmapExceptRegion_Response.msg
[19.688s] -- Up-to-date: /home/smartway/ros2_ws/install/nav2_msgs/share/nav2_msgs/srv/ClearCostmapAroundRobot.srv
[19.699s] -- Up-to-date: /home/smartway/ros2_ws/install/nav2_msgs/share/nav2_msgs/srv/ClearCostmapAroundRobot_Request.msg
[19.700s] -- Up-to-date: /home/smartway/ros2_ws/install/nav2_msgs/share/nav2_msgs/srv/ClearCostmapAroundRobot_Response.msg
[19.701s] -- Up-to-date: /home/smartway/ros2_ws/install/nav2_msgs/share/nav2_msgs/srv/ClearEntireCostmap.srv
[19.703s] -- Up-to-date: /home/smartway/ros2_ws/install/nav2_msgs/share/nav2_msgs/srv/ClearEntireCostmap_Request.msg
[19.704s] -- Up-to-date: /home/smartway/ros2_ws/install/nav2_msgs/share/nav2_msgs/srv/ClearEntireCostmap_Response.msg
[19.705s] -- Up-to-date: /home/smartway/ros2_ws/install/nav2_msgs/share/nav2_msgs/srv/ManageLifecycleNodes.srv
[19.718s] -- Up-to-date: /home/smartway/ros2_ws/install/nav2_msgs/share/nav2_msgs/srv/ManageLifecycleNodes_Request.msg
[19.719s] -- Up-to-date: /home/smartway/ros2_ws/install/nav2_msgs/share/nav2_msgs/srv/ManageLifecycleNodes_Response.msg
[19.720s] -- Up-to-date: /home/smartway/ros2_ws/install/nav2_msgs/share/nav2_msgs/srv/LoadMap.srv
[19.724s] -- Up-to-date: /home/smartway/ros2_ws/install/nav2_msgs/share/nav2_msgs/srv/LoadMap_Request.msg
[19.728s] -- Up-to-date: /home/smartway/ros2_ws/install/nav2_msgs/share/nav2_msgs/srv/LoadMap_Response.msg
[19.729s] -- Up-to-date: /home/smartway/ros2_ws/install/nav2_msgs/share/nav2_msgs/srv/SaveMap.srv
[19.730s] -- Up-to-date: /home/smartway/ros2_ws/install/nav2_msgs/share/nav2_msgs/srv/SaveMap_Request.msg
[19.730s] -- Up-to-date: /home/smartway/ros2_ws/install/nav2_msgs/share/nav2_msgs/srv/SaveMap_Response.msg
[19.731s] -- Up-to-date: /home/smartway/ros2_ws/install/nav2_msgs/share/nav2_msgs/action/BackUp.action
[19.732s] -- Up-to-date: /home/smartway/ros2_ws/install/nav2_msgs/share/nav2_msgs/action/ComputePathToPose.action
[19.733s] -- Up-to-date: /home/smartway/ros2_ws/install/nav2_msgs/share/nav2_msgs/action/FollowPath.action
[19.734s] -- Up-to-date: /home/smartway/ros2_ws/install/nav2_msgs/share/nav2_msgs/action/NavigateToPose.action
[19.735s] -- Up-to-date: /home/smartway/ros2_ws/install/nav2_msgs/share/nav2_msgs/action/Wait.action
[19.736s] -- Up-to-date: /home/smartway/ros2_ws/install/nav2_msgs/share/nav2_msgs/action/Spin.action
[19.738s] -- Up-to-date: /home/smartway/ros2_ws/install/nav2_msgs/share/nav2_msgs/action/DummyRecovery.action
[19.738s] -- Up-to-date: /home/smartway/ros2_ws/install/nav2_msgs/share/nav2_msgs/action/FollowWaypoints.action
[19.739s] -- Up-to-date: /home/smartway/ros2_ws/install/nav2_msgs/share/ament_index/resource_index/package_run_dependencies/nav2_msgs
[19.740s] -- Up-to-date: /home/smartway/ros2_ws/install/nav2_msgs/share/ament_index/resource_index/parent_prefix_path/nav2_msgs
[19.740s] -- Up-to-date: /home/smartway/ros2_ws/install/nav2_msgs/share/nav2_msgs/environment/ament_prefix_path.sh
[19.750s] -- Up-to-date: /home/smartway/ros2_ws/install/nav2_msgs/share/nav2_msgs/environment/ament_prefix_path.dsv
[19.750s] -- Up-to-date: /home/smartway/ros2_ws/install/nav2_msgs/share/nav2_msgs/environment/path.sh
[19.755s] -- Up-to-date: /home/smartway/ros2_ws/install/nav2_msgs/share/nav2_msgs/environment/path.dsv
[19.756s] -- Up-to-date: /home/smartway/ros2_ws/install/nav2_msgs/share/nav2_msgs/local_setup.bash
[19.762s] -- Up-to-date: /home/smartway/ros2_ws/install/nav2_msgs/share/nav2_msgs/local_setup.sh
[19.766s] -- Up-to-date: /home/smartway/ros2_ws/install/nav2_msgs/share/nav2_msgs/local_setup.zsh
[19.770s] -- Up-to-date: /home/smartway/ros2_ws/install/nav2_msgs/share/nav2_msgs/local_setup.dsv
[19.771s] -- Installing: /home/smartway/ros2_ws/install/nav2_msgs/share/nav2_msgs/package.dsv
[19.772s] -- Up-to-date: /home/smartway/ros2_ws/install/nav2_msgs/share/ament_index/resource_index/packages/nav2_msgs
[19.773s] -- Up-to-date: /home/smartway/ros2_ws/install/nav2_msgs/share/nav2_msgs/cmake/nav2_msgs__rosidl_generator_cExport.cmake
[19.773s] -- Up-to-date: /home/smartway/ros2_ws/install/nav2_msgs/share/nav2_msgs/cmake/nav2_msgs__rosidl_generator_cExport-release.cmake
[19.774s] -- Up-to-date: /home/smartway/ros2_ws/install/nav2_msgs/share/nav2_msgs/cmake/nav2_msgs__rosidl_typesupport_introspection_cExport.cmake
[19.774s] -- Up-to-date: /home/smartway/ros2_ws/install/nav2_msgs/share/nav2_msgs/cmake/nav2_msgs__rosidl_typesupport_introspection_cExport-release.cmake
[19.775s] -- Up-to-date: /home/smartway/ros2_ws/install/nav2_msgs/share/nav2_msgs/cmake/nav2_msgs__rosidl_typesupport_cExport.cmake
[19.777s] -- Up-to-date: /home/smartway/ros2_ws/install/nav2_msgs/share/nav2_msgs/cmake/nav2_msgs__rosidl_typesupport_cExport-release.cmake
[19.777s] -- Up-to-date: /home/smartway/ros2_ws/install/nav2_msgs/share/nav2_msgs/cmake/nav2_msgs__rosidl_generator_cppExport.cmake
[19.799s] -- Up-to-date: /home/smartway/ros2_ws/install/nav2_msgs/share/nav2_msgs/cmake/nav2_msgs__rosidl_typesupport_introspection_cppExport.cmake
[19.801s] -- Up-to-date: /home/smartway/ros2_ws/install/nav2_msgs/share/nav2_msgs/cmake/nav2_msgs__rosidl_typesupport_introspection_cppExport-release.cmake
[19.816s] -- Up-to-date: /home/smartway/ros2_ws/install/nav2_msgs/share/nav2_msgs/cmake/nav2_msgs__rosidl_typesupport_cppExport.cmake
[19.817s] -- Up-to-date: /home/smartway/ros2_ws/install/nav2_msgs/share/nav2_msgs/cmake/nav2_msgs__rosidl_typesupport_cppExport-release.cmake
[19.817s] -- Up-to-date: /home/smartway/ros2_ws/install/nav2_msgs/share/nav2_msgs/cmake/rosidl_cmake-extras.cmake
[19.818s] -- Up-to-date: /home/smartway/ros2_ws/install/nav2_msgs/share/nav2_msgs/cmake/ament_cmake_export_dependencies-extras.cmake
[19.818s] -- Up-to-date: /home/smartway/ros2_ws/install/nav2_msgs/share/nav2_msgs/cmake/ament_cmake_export_libraries-extras.cmake
[19.819s] -- Up-to-date: /home/smartway/ros2_ws/install/nav2_msgs/share/nav2_msgs/cmake/ament_cmake_export_targets-extras.cmake
[19.819s] -- Up-to-date: /home/smartway/ros2_ws/install/nav2_msgs/share/nav2_msgs/cmake/ament_cmake_export_include_directories-extras.cmake
[19.820s] -- Up-to-date: /home/smartway/ros2_ws/install/nav2_msgs/share/nav2_msgs/cmake/rosidl_cmake_export_typesupport_libraries-extras.cmake
[19.820s] -- Up-to-date: /home/smartway/ros2_ws/install/nav2_msgs/share/nav2_msgs/cmake/rosidl_cmake_export_typesupport_targets-extras.cmake
[19.821s] -- Up-to-date: /home/smartway/ros2_ws/install/nav2_msgs/share/nav2_msgs/cmake/nav2_msgsConfig.cmake
[19.821s] -- Up-to-date: /home/smartway/ros2_ws/install/nav2_msgs/share/nav2_msgs/cmake/nav2_msgsConfig-version.cmake
[19.822s] -- Up-to-date: /home/smartway/ros2_ws/install/nav2_msgs/share/nav2_msgs/package.xml
[19.823s] Invoked command in '/home/smartway/ros2_ws/build/nav2_msgs' returned '0': CMAKE_PREFIX_PATH=/home/smartway/ros2_ws/install/nav2_common:/home/smartway/ros2_ws/install/nav2_system_tests:/home/smartway/ros2_ws/install/nav2_bringup:/home/smartway/ros2_ws/install/navigation2:/home/smartway/ros2_ws/install/smac_planner:/home/smartway/ros2_ws/install/rplidar_ros:/home/smartway/ros2_ws/install/rpi_robot_slam:/home/smartway/ros2_ws/install/rpi_robot_bringup:/home/smartway/ros2_ws/install/rpi_robot_action_interfaces:/home/smartway/ros2_ws/install/nav2_dwb_controller:/home/smartway/ros2_ws/install/nav2_controller:/home/smartway/ros2_ws/install/dwb_plugins:/home/smartway/ros2_ws/install/dwb_critics:/home/smartway/ros2_ws/install/dwb_core:/home/smartway/ros2_ws/install/nav_2d_utils:/home/smartway/ros2_ws/install/dwb_msgs:/home/smartway/ros2_ws/install/nav_2d_msgs:/home/smartway/ros2_ws/install/nav2_waypoint_follower:/home/smartway/ros2_ws/install/nav2_regulated_pure_pursuit_controller:/home/smartway/ros2_ws/install/nav2_recoveries:/home/smartway/ros2_ws/install/nav2_planner:/home/smartway/ros2_ws/install/nav2_navfn_planner:/home/smartway/ros2_ws/install/nav2_core:/home/smartway/ros2_ws/install/costmap_queue:/home/smartway/ros2_ws/install/nav2_costmap_2d:/home/smartway/ros2_ws/install/nav2_voxel_grid:/home/smartway/ros2_ws/install/nav2_rviz_plugins:/home/smartway/ros2_ws/install/nav2_map_server:/home/smartway/ros2_ws/install/nav2_lifecycle_manager:/home/smartway/ros2_ws/install/nav2_bt_navigator:/home/smartway/ros2_ws/install/nav2_behavior_tree:/home/smartway/ros2_ws/install/nav2_amcl:/home/smartway/ros2_ws/install/nav2_util:/home/smartway/ros2_ws/install/nav2_msgs:/home/smartway/ros2_ws/install/rpi_robot_control:/home/smartway/ros2_ws/install/nav2_gazebo_spawner:/opt/ros/foxy PYTHONPATH=/home/smartway/ros2_ws/install/nav2_common/lib/python3.8/site-packages:/home/smartway/ros2_ws/install/rpi_robot_control/lib/python3.8/site-packages:/home/smartway/ros2_ws/install/rpi_robot_bringup/lib/python3.8/site-packages:/home/smartway/ros2_ws/install/rpi_robot_action_interfaces/lib/python3.8/site-packages:/home/smartway/ros2_ws/install/dwb_msgs/lib/python3.8/site-packages:/home/smartway/ros2_ws/install/nav_2d_msgs/lib/python3.8/site-packages:/home/smartway/ros2_ws/install/nav2_msgs/lib/python3.8/site-packages:/home/smartway/ros2_ws/install/nav2_gazebo_spawner/lib/python3.8/site-packages:/opt/ros/foxy/lib/python3.8/site-packages /usr/bin/cmake --install /home/smartway/ros2_ws/build/nav2_msgs
