[0.299s] Invoking command in '/home/smartway/ros2_ws/build/nav2_planner': AMENT_PREFIX_PATH=/home/smartway/ros2_ws/install/nav2_core:/home/smartway/ros2_ws/install/nav2_costmap_2d:/home/smartway/ros2_ws/install/nav2_util:/home/smartway/ros2_ws/install/nav2_voxel_grid:/home/smartway/ros2_ws/install/nav2_msgs:/home/smartway/ros2_ws/install/nav2_common:${AMENT_PREFIX_PATH} CMAKE_PREFIX_PATH=/home/smartway/ros2_ws/install/nav2_core:/home/smartway/ros2_ws/install/nav2_costmap_2d:/home/smartway/ros2_ws/install/nav2_util:/home/smartway/ros2_ws/install/nav2_voxel_grid:/home/smartway/ros2_ws/install/nav2_msgs:/home/smartway/ros2_ws/install/nav2_common:/build/rpi_robot_action_interfaces:/build/rpi_robot_bringup:/build/rpi_robot_slam:/build/rplidar_ros:/opt/ros/foxy LD_LIBRARY_PATH=/home/smartway/ros2_ws/install/nav2_costmap_2d/lib:/home/smartway/ros2_ws/install/nav2_util/lib:/home/smartway/ros2_ws/install/nav2_voxel_grid/lib:/home/smartway/ros2_ws/install/nav2_msgs/lib:/opt/ros/foxy/opt/yaml_cpp_vendor/lib:/opt/ros/foxy/opt/rviz_ogre_vendor/lib:/opt/ros/foxy/lib/aarch64-linux-gnu:/opt/ros/foxy/lib:/usr/lib/aarch64-linux-gnu/gazebo-11/plugins PYTHONPATH=/home/smartway/ros2_ws/install/nav2_msgs/lib/python3.8/site-packages:/home/smartway/ros2_ws/install/nav2_common/lib/python3.8/site-packages:${PYTHONPATH} /usr/bin/cmake /home/smartway/ros2_ws/src/navigation2/nav2_planner -DCMAKE_INSTALL_PREFIX=/home/smartway/ros2_ws/install/nav2_planner
[0.809s] -- The C compiler identification is GNU 9.4.0
[1.217s] -- The CXX compiler identification is GNU 9.4.0
[1.266s] -- Check for working C compiler: /usr/bin/cc
[1.858s] -- Check for working C compiler: /usr/bin/cc -- works
[1.867s] -- Detecting C compiler ABI info
[2.521s] -- Detecting C compiler ABI info - done
[2.591s] -- Detecting C compile features
[2.596s] -- Detecting C compile features - done
[2.631s] -- Check for working CXX compiler: /usr/bin/c++
[3.222s] -- Check for working CXX compiler: /usr/bin/c++ -- works
[3.240s] -- Detecting CXX compiler ABI info
[3.822s] -- Detecting CXX compiler ABI info - done
[3.889s] -- Detecting CXX compile features
[3.892s] -- Detecting CXX compile features - done
[3.944s] -- Found ament_cmake: 0.9.11 (/opt/ros/foxy/share/ament_cmake/cmake)
[4.189s] -- Found PythonInterp: /usr/bin/python3 (found suitable version "3.8.10", minimum required is "3") 
[4.190s] -- Using PYTHON_EXECUTABLE: /usr/bin/python3
[6.507s] -- Found nav2_common: 0.4.7 (/home/smartway/ros2_ws/install/nav2_common/share/nav2_common/cmake)
[6.535s] -- Found rclcpp: 2.4.2 (/opt/ros/foxy/share/rclcpp/cmake)
[7.110s] -- Using all available rosidl_typesupport_c: rosidl_typesupport_fastrtps_c;rosidl_typesupport_introspection_c
[7.215s] -- Found rosidl_adapter: 1.3.0 (/opt/ros/foxy/share/rosidl_adapter/cmake)
[8.215s] -- Found OpenSSL: /usr/lib/aarch64-linux-gnu/libcrypto.so (found version "1.1.1f")  
[8.638s] -- Found FastRTPS: /opt/ros/foxy/include  
[9.566s] -- Using all available rosidl_typesupport_cpp: rosidl_typesupport_fastrtps_cpp;rosidl_typesupport_introspection_cpp
[10.077s] -- Found rmw_implementation_cmake: 1.0.4 (/opt/ros/foxy/share/rmw_implementation_cmake/cmake)
[10.091s] -- Using RMW implementation 'rmw_fastrtps_cpp' as default
[10.099s] -- Looking for pthread.h
[10.685s] -- Looking for pthread.h - found
[10.690s] -- Performing Test CMAKE_HAVE_LIBC_PTHREAD
[11.283s] -- Performing Test CMAKE_HAVE_LIBC_PTHREAD - Failed
[11.286s] -- Looking for pthread_create in pthreads
[11.757s] -- Looking for pthread_create in pthreads - not found
[11.763s] -- Looking for pthread_create in pthread
[12.321s] -- Looking for pthread_create in pthread - found
[12.328s] -- Found Threads: TRUE  
[13.570s] -- Found rclcpp_action: 2.4.2 (/opt/ros/foxy/share/rclcpp_action/cmake)
[14.167s] -- Found rclcpp_lifecycle: 2.4.2 (/opt/ros/foxy/share/rclcpp_lifecycle/cmake)
[14.444s] -- Found visualization_msgs: 2.0.5 (/opt/ros/foxy/share/visualization_msgs/cmake)
[15.184s] -- Found nav2_util: 0.4.7 (/home/smartway/ros2_ws/install/nav2_util/share/nav2_util/cmake)
[18.954s] -- Found eigen3_cmake_module: 0.1.1 (/opt/ros/foxy/share/eigen3_cmake_module/cmake)
[18.997s] -- Found Eigen3: TRUE (found version "3.3.7") 
[19.894s] -- Found nav2_costmap_2d: 0.4.7 (/home/smartway/ros2_ws/install/nav2_costmap_2d/share/nav2_costmap_2d/cmake)
[24.300s] -- Found nav2_core: 0.4.7 (/home/smartway/ros2_ws/install/nav2_core/share/nav2_core/cmake)
[26.928s] -- Setting build type to Release as none was specified.
[49.431s] -- Found ament_lint_auto: 0.9.8 (/opt/ros/foxy/share/ament_lint_auto/cmake)
[50.268s] -- Added test 'copyright' to check source files copyright and LICENSE
[50.279s] -- Added test 'cppcheck' to perform static code analysis on C / C++ code
[50.282s] -- Configured cppcheck include dirs: /home/smartway/ros2_ws/src/navigation2/nav2_planner/include
[50.283s] -- Configured cppcheck exclude dirs and/or files: 
[50.292s] -- Added test 'cpplint' to check C / C++ code against the Google style
[50.294s] -- Configured cpplint exclude dirs and/or files: 
[50.301s] -- Added test 'lint_cmake' to check CMake code style
[50.311s] -- Added test 'uncrustify' to check C / C++ code style
[50.312s] -- Configured uncrustify additional arguments: 
[50.317s] -- Added test 'xmllint' to check XML markup files
[50.374s] -- Configuring done
[50.891s] -- Generating done
[50.903s] -- Build files have been written to: /home/smartway/ros2_ws/build/nav2_planner
[50.965s] Invoked command in '/home/smartway/ros2_ws/build/nav2_planner' returned '0': AMENT_PREFIX_PATH=/home/smartway/ros2_ws/install/nav2_core:/home/smartway/ros2_ws/install/nav2_costmap_2d:/home/smartway/ros2_ws/install/nav2_util:/home/smartway/ros2_ws/install/nav2_voxel_grid:/home/smartway/ros2_ws/install/nav2_msgs:/home/smartway/ros2_ws/install/nav2_common:${AMENT_PREFIX_PATH} CMAKE_PREFIX_PATH=/home/smartway/ros2_ws/install/nav2_core:/home/smartway/ros2_ws/install/nav2_costmap_2d:/home/smartway/ros2_ws/install/nav2_util:/home/smartway/ros2_ws/install/nav2_voxel_grid:/home/smartway/ros2_ws/install/nav2_msgs:/home/smartway/ros2_ws/install/nav2_common:/build/rpi_robot_action_interfaces:/build/rpi_robot_bringup:/build/rpi_robot_slam:/build/rplidar_ros:/opt/ros/foxy LD_LIBRARY_PATH=/home/smartway/ros2_ws/install/nav2_costmap_2d/lib:/home/smartway/ros2_ws/install/nav2_util/lib:/home/smartway/ros2_ws/install/nav2_voxel_grid/lib:/home/smartway/ros2_ws/install/nav2_msgs/lib:/opt/ros/foxy/opt/yaml_cpp_vendor/lib:/opt/ros/foxy/opt/rviz_ogre_vendor/lib:/opt/ros/foxy/lib/aarch64-linux-gnu:/opt/ros/foxy/lib:/usr/lib/aarch64-linux-gnu/gazebo-11/plugins PYTHONPATH=/home/smartway/ros2_ws/install/nav2_msgs/lib/python3.8/site-packages:/home/smartway/ros2_ws/install/nav2_common/lib/python3.8/site-packages:${PYTHONPATH} /usr/bin/cmake /home/smartway/ros2_ws/src/navigation2/nav2_planner -DCMAKE_INSTALL_PREFIX=/home/smartway/ros2_ws/install/nav2_planner
[50.986s] Invoking command in '/home/smartway/ros2_ws/build/nav2_planner': AMENT_PREFIX_PATH=/home/smartway/ros2_ws/install/nav2_core:/home/smartway/ros2_ws/install/nav2_costmap_2d:/home/smartway/ros2_ws/install/nav2_util:/home/smartway/ros2_ws/install/nav2_voxel_grid:/home/smartway/ros2_ws/install/nav2_msgs:/home/smartway/ros2_ws/install/nav2_common:${AMENT_PREFIX_PATH} CMAKE_PREFIX_PATH=/home/smartway/ros2_ws/install/nav2_core:/home/smartway/ros2_ws/install/nav2_costmap_2d:/home/smartway/ros2_ws/install/nav2_util:/home/smartway/ros2_ws/install/nav2_voxel_grid:/home/smartway/ros2_ws/install/nav2_msgs:/home/smartway/ros2_ws/install/nav2_common:/build/rpi_robot_action_interfaces:/build/rpi_robot_bringup:/build/rpi_robot_slam:/build/rplidar_ros:/opt/ros/foxy LD_LIBRARY_PATH=/home/smartway/ros2_ws/install/nav2_costmap_2d/lib:/home/smartway/ros2_ws/install/nav2_util/lib:/home/smartway/ros2_ws/install/nav2_voxel_grid/lib:/home/smartway/ros2_ws/install/nav2_msgs/lib:/opt/ros/foxy/opt/yaml_cpp_vendor/lib:/opt/ros/foxy/opt/rviz_ogre_vendor/lib:/opt/ros/foxy/lib/aarch64-linux-gnu:/opt/ros/foxy/lib:/usr/lib/aarch64-linux-gnu/gazebo-11/plugins PYTHONPATH=/home/smartway/ros2_ws/install/nav2_msgs/lib/python3.8/site-packages:/home/smartway/ros2_ws/install/nav2_common/lib/python3.8/site-packages:${PYTHONPATH} /usr/bin/cmake --build /home/smartway/ros2_ws/build/nav2_planner -- -j4 -l4
[51.256s] [35m[1mScanning dependencies of target planner_server_core[0m
[51.747s] [ 25%] [32mBuilding CXX object CMakeFiles/planner_server_core.dir/src/planner_server.cpp.o[0m
[164.346s] [ 50%] [32m[1mLinking CXX shared library libplanner_server_core.so[0m
[166.689s] [ 50%] Built target planner_server_core
[166.765s] [35m[1mScanning dependencies of target planner_server[0m
[167.340s] [ 75%] [32mBuilding CXX object CMakeFiles/planner_server.dir/src/main.cpp.o[0m
[192.035s] [100%] [32m[1mLinking CXX executable planner_server[0m
[194.090s] [100%] Built target planner_server
[194.194s] Invoked command in '/home/smartway/ros2_ws/build/nav2_planner' returned '0': AMENT_PREFIX_PATH=/home/smartway/ros2_ws/install/nav2_core:/home/smartway/ros2_ws/install/nav2_costmap_2d:/home/smartway/ros2_ws/install/nav2_util:/home/smartway/ros2_ws/install/nav2_voxel_grid:/home/smartway/ros2_ws/install/nav2_msgs:/home/smartway/ros2_ws/install/nav2_common:${AMENT_PREFIX_PATH} CMAKE_PREFIX_PATH=/home/smartway/ros2_ws/install/nav2_core:/home/smartway/ros2_ws/install/nav2_costmap_2d:/home/smartway/ros2_ws/install/nav2_util:/home/smartway/ros2_ws/install/nav2_voxel_grid:/home/smartway/ros2_ws/install/nav2_msgs:/home/smartway/ros2_ws/install/nav2_common:/build/rpi_robot_action_interfaces:/build/rpi_robot_bringup:/build/rpi_robot_slam:/build/rplidar_ros:/opt/ros/foxy LD_LIBRARY_PATH=/home/smartway/ros2_ws/install/nav2_costmap_2d/lib:/home/smartway/ros2_ws/install/nav2_util/lib:/home/smartway/ros2_ws/install/nav2_voxel_grid/lib:/home/smartway/ros2_ws/install/nav2_msgs/lib:/opt/ros/foxy/opt/yaml_cpp_vendor/lib:/opt/ros/foxy/opt/rviz_ogre_vendor/lib:/opt/ros/foxy/lib/aarch64-linux-gnu:/opt/ros/foxy/lib:/usr/lib/aarch64-linux-gnu/gazebo-11/plugins PYTHONPATH=/home/smartway/ros2_ws/install/nav2_msgs/lib/python3.8/site-packages:/home/smartway/ros2_ws/install/nav2_common/lib/python3.8/site-packages:${PYTHONPATH} /usr/bin/cmake --build /home/smartway/ros2_ws/build/nav2_planner -- -j4 -l4
[194.412s] Invoking command in '/home/smartway/ros2_ws/build/nav2_planner': AMENT_PREFIX_PATH=/home/smartway/ros2_ws/install/nav2_core:/home/smartway/ros2_ws/install/nav2_costmap_2d:/home/smartway/ros2_ws/install/nav2_util:/home/smartway/ros2_ws/install/nav2_voxel_grid:/home/smartway/ros2_ws/install/nav2_msgs:/home/smartway/ros2_ws/install/nav2_common:${AMENT_PREFIX_PATH} CMAKE_PREFIX_PATH=/home/smartway/ros2_ws/install/nav2_core:/home/smartway/ros2_ws/install/nav2_costmap_2d:/home/smartway/ros2_ws/install/nav2_util:/home/smartway/ros2_ws/install/nav2_voxel_grid:/home/smartway/ros2_ws/install/nav2_msgs:/home/smartway/ros2_ws/install/nav2_common:/build/rpi_robot_action_interfaces:/build/rpi_robot_bringup:/build/rpi_robot_slam:/build/rplidar_ros:/opt/ros/foxy LD_LIBRARY_PATH=/home/smartway/ros2_ws/install/nav2_costmap_2d/lib:/home/smartway/ros2_ws/install/nav2_util/lib:/home/smartway/ros2_ws/install/nav2_voxel_grid/lib:/home/smartway/ros2_ws/install/nav2_msgs/lib:/opt/ros/foxy/opt/yaml_cpp_vendor/lib:/opt/ros/foxy/opt/rviz_ogre_vendor/lib:/opt/ros/foxy/lib/aarch64-linux-gnu:/opt/ros/foxy/lib:/usr/lib/aarch64-linux-gnu/gazebo-11/plugins PYTHONPATH=/home/smartway/ros2_ws/install/nav2_msgs/lib/python3.8/site-packages:/home/smartway/ros2_ws/install/nav2_common/lib/python3.8/site-packages:${PYTHONPATH} /usr/bin/cmake --install /home/smartway/ros2_ws/build/nav2_planner
[194.496s] -- Install configuration: "Release"
[194.499s] -- Installing: /home/smartway/ros2_ws/install/nav2_planner/lib/libplanner_server_core.so
[194.512s] -- Set runtime path of "/home/smartway/ros2_ws/install/nav2_planner/lib/libplanner_server_core.so" to ""
[194.515s] -- Installing: /home/smartway/ros2_ws/install/nav2_planner/lib/nav2_planner/planner_server
[194.520s] -- Set runtime path of "/home/smartway/ros2_ws/install/nav2_planner/lib/nav2_planner/planner_server" to ""
[194.523s] -- Installing: /home/smartway/ros2_ws/install/nav2_planner/include/
[194.525s] -- Installing: /home/smartway/ros2_ws/install/nav2_planner/include//nav2_planner
[194.527s] -- Installing: /home/smartway/ros2_ws/install/nav2_planner/include//nav2_planner/planner_server.hpp
[194.531s] -- Installing: /home/smartway/ros2_ws/install/nav2_planner/share/nav2_planner/environment/library_path.sh
[194.533s] -- Installing: /home/smartway/ros2_ws/install/nav2_planner/share/nav2_planner/environment/library_path.dsv
[194.539s] -- Installing: /home/smartway/ros2_ws/install/nav2_planner/share/ament_index/resource_index/package_run_dependencies/nav2_planner
[194.542s] -- Installing: /home/smartway/ros2_ws/install/nav2_planner/share/ament_index/resource_index/parent_prefix_path/nav2_planner
[194.545s] -- Installing: /home/smartway/ros2_ws/install/nav2_planner/share/nav2_planner/environment/ament_prefix_path.sh
[194.548s] -- Installing: /home/smartway/ros2_ws/install/nav2_planner/share/nav2_planner/environment/ament_prefix_path.dsv
[194.551s] -- Installing: /home/smartway/ros2_ws/install/nav2_planner/share/nav2_planner/environment/path.sh
[194.555s] -- Installing: /home/smartway/ros2_ws/install/nav2_planner/share/nav2_planner/environment/path.dsv
[194.558s] -- Installing: /home/smartway/ros2_ws/install/nav2_planner/share/nav2_planner/local_setup.bash
[194.561s] -- Installing: /home/smartway/ros2_ws/install/nav2_planner/share/nav2_planner/local_setup.sh
[194.564s] -- Installing: /home/smartway/ros2_ws/install/nav2_planner/share/nav2_planner/local_setup.zsh
[194.569s] -- Installing: /home/smartway/ros2_ws/install/nav2_planner/share/nav2_planner/local_setup.dsv
[194.572s] -- Installing: /home/smartway/ros2_ws/install/nav2_planner/share/nav2_planner/package.dsv
[194.575s] -- Installing: /home/smartway/ros2_ws/install/nav2_planner/share/ament_index/resource_index/packages/nav2_planner
[194.578s] -- Installing: /home/smartway/ros2_ws/install/nav2_planner/share/nav2_planner/cmake/ament_cmake_export_include_directories-extras.cmake
[194.581s] -- Installing: /home/smartway/ros2_ws/install/nav2_planner/share/nav2_planner/cmake/ament_cmake_export_libraries-extras.cmake
[194.585s] -- Installing: /home/smartway/ros2_ws/install/nav2_planner/share/nav2_planner/cmake/ament_cmake_export_dependencies-extras.cmake
[194.588s] -- Installing: /home/smartway/ros2_ws/install/nav2_planner/share/nav2_planner/cmake/ament_cmake_export_definitions-extras.cmake
[194.591s] -- Installing: /home/smartway/ros2_ws/install/nav2_planner/share/nav2_planner/cmake/nav2_plannerConfig.cmake
[194.594s] -- Installing: /home/smartway/ros2_ws/install/nav2_planner/share/nav2_planner/cmake/nav2_plannerConfig-version.cmake
[194.597s] -- Installing: /home/smartway/ros2_ws/install/nav2_planner/share/nav2_planner/package.xml
[194.611s] Invoked command in '/home/smartway/ros2_ws/build/nav2_planner' returned '0': AMENT_PREFIX_PATH=/home/smartway/ros2_ws/install/nav2_core:/home/smartway/ros2_ws/install/nav2_costmap_2d:/home/smartway/ros2_ws/install/nav2_util:/home/smartway/ros2_ws/install/nav2_voxel_grid:/home/smartway/ros2_ws/install/nav2_msgs:/home/smartway/ros2_ws/install/nav2_common:${AMENT_PREFIX_PATH} CMAKE_PREFIX_PATH=/home/smartway/ros2_ws/install/nav2_core:/home/smartway/ros2_ws/install/nav2_costmap_2d:/home/smartway/ros2_ws/install/nav2_util:/home/smartway/ros2_ws/install/nav2_voxel_grid:/home/smartway/ros2_ws/install/nav2_msgs:/home/smartway/ros2_ws/install/nav2_common:/build/rpi_robot_action_interfaces:/build/rpi_robot_bringup:/build/rpi_robot_slam:/build/rplidar_ros:/opt/ros/foxy LD_LIBRARY_PATH=/home/smartway/ros2_ws/install/nav2_costmap_2d/lib:/home/smartway/ros2_ws/install/nav2_util/lib:/home/smartway/ros2_ws/install/nav2_voxel_grid/lib:/home/smartway/ros2_ws/install/nav2_msgs/lib:/opt/ros/foxy/opt/yaml_cpp_vendor/lib:/opt/ros/foxy/opt/rviz_ogre_vendor/lib:/opt/ros/foxy/lib/aarch64-linux-gnu:/opt/ros/foxy/lib:/usr/lib/aarch64-linux-gnu/gazebo-11/plugins PYTHONPATH=/home/smartway/ros2_ws/install/nav2_msgs/lib/python3.8/site-packages:/home/smartway/ros2_ws/install/nav2_common/lib/python3.8/site-packages:${PYTHONPATH} /usr/bin/cmake --install /home/smartway/ros2_ws/build/nav2_planner
