[  3%] Built target rpi_robot_action_interfaces__cpp
[ 12%] Built target rpi_robot_action_interfaces__rosidl_generator_c
[ 22%] Built target rpi_robot_action_interfaces__rosidl_typesupport_introspection_cpp
[ 32%] Built target rpi_robot_action_interfaces__rosidl_typesupport_fastrtps_cpp
[ 41%] Built target rpi_robot_action_interfaces__rosidl_typesupport_cpp
[ 51%] Built target rpi_robot_action_interfaces__rosidl_typesupport_c
[ 61%] Built target rpi_robot_action_interfaces__rosidl_typesupport_introspection_c
[ 70%] Built target rpi_robot_action_interfaces__rosidl_typesupport_fastrtps_c
[ 70%] Built target rpi_robot_action_interfaces
[ 74%] Built target rpi_robot_action_interfaces__py
[ 80%] Built target rpi_robot_action_interfaces__python
[ 87%] Built target rpi_robot_action_interfaces__rosidl_typesupport_c__pyext
[ 93%] Built target rpi_robot_action_interfaces__rosidl_typesupport_introspection_c__pyext
[100%] Built target rpi_robot_action_interfaces__rosidl_typesupport_fastrtps_c__pyext
-- Install configuration: ""
-- Up-to-date: /home/smartway/ros2_ws/install/rpi_robot_action_interfaces/share/ament_index/resource_index/rosidl_interfaces/rpi_robot_action_interfaces
-- Up-to-date: /home/smartway/ros2_ws/install/rpi_robot_action_interfaces/include/rpi_robot_action_interfaces
-- Up-to-date: /home/smartway/ros2_ws/install/rpi_robot_action_interfaces/include/rpi_robot_action_interfaces/msg
-- Up-to-date: /home/smartway/ros2_ws/install/rpi_robot_action_interfaces/include/rpi_robot_action_interfaces/msg/rosidl_generator_c__visibility_control.h
-- Up-to-date: /home/smartway/ros2_ws/install/rpi_robot_action_interfaces/include/rpi_robot_action_interfaces/action
-- Up-to-date: /home/smartway/ros2_ws/install/rpi_robot_action_interfaces/include/rpi_robot_action_interfaces/action/go_to_goal.h
-- Up-to-date: /home/smartway/ros2_ws/install/rpi_robot_action_interfaces/include/rpi_robot_action_interfaces/action/detail
-- Up-to-date: /home/smartway/ros2_ws/install/rpi_robot_action_interfaces/include/rpi_robot_action_interfaces/action/detail/go_to_goal__functions.c
-- Up-to-date: /home/smartway/ros2_ws/install/rpi_robot_action_interfaces/include/rpi_robot_action_interfaces/action/detail/go_to_goal__functions.h
-- Up-to-date: /home/smartway/ros2_ws/install/rpi_robot_action_interfaces/include/rpi_robot_action_interfaces/action/detail/go_to_goal__type_support.h
-- Up-to-date: /home/smartway/ros2_ws/install/rpi_robot_action_interfaces/include/rpi_robot_action_interfaces/action/detail/go_to_goal__struct.h
-- Up-to-date: /home/smartway/ros2_ws/install/rpi_robot_action_interfaces/share/rpi_robot_action_interfaces/environment/library_path.sh
-- Up-to-date: /home/smartway/ros2_ws/install/rpi_robot_action_interfaces/share/rpi_robot_action_interfaces/environment/library_path.dsv
-- Up-to-date: /home/smartway/ros2_ws/install/rpi_robot_action_interfaces/lib/librpi_robot_action_interfaces__rosidl_generator_c.so
-- Up-to-date: /home/smartway/ros2_ws/install/rpi_robot_action_interfaces/include/rpi_robot_action_interfaces
-- Up-to-date: /home/smartway/ros2_ws/install/rpi_robot_action_interfaces/include/rpi_robot_action_interfaces/msg
-- Up-to-date: /home/smartway/ros2_ws/install/rpi_robot_action_interfaces/include/rpi_robot_action_interfaces/msg/rosidl_typesupport_fastrtps_c__visibility_control.h
-- Up-to-date: /home/smartway/ros2_ws/install/rpi_robot_action_interfaces/include/rpi_robot_action_interfaces/action
-- Up-to-date: /home/smartway/ros2_ws/install/rpi_robot_action_interfaces/include/rpi_robot_action_interfaces/action/detail
-- Up-to-date: /home/smartway/ros2_ws/install/rpi_robot_action_interfaces/include/rpi_robot_action_interfaces/action/detail/go_to_goal__rosidl_typesupport_fastrtps_c.h
-- Up-to-date: /home/smartway/ros2_ws/install/rpi_robot_action_interfaces/lib/librpi_robot_action_interfaces__rosidl_typesupport_fastrtps_c.so
-- Up-to-date: /home/smartway/ros2_ws/install/rpi_robot_action_interfaces/include/rpi_robot_action_interfaces
-- Up-to-date: /home/smartway/ros2_ws/install/rpi_robot_action_interfaces/include/rpi_robot_action_interfaces/msg
-- Up-to-date: /home/smartway/ros2_ws/install/rpi_robot_action_interfaces/include/rpi_robot_action_interfaces/msg/rosidl_typesupport_fastrtps_cpp__visibility_control.h
-- Up-to-date: /home/smartway/ros2_ws/install/rpi_robot_action_interfaces/include/rpi_robot_action_interfaces/action
-- Up-to-date: /home/smartway/ros2_ws/install/rpi_robot_action_interfaces/include/rpi_robot_action_interfaces/action/detail
-- Up-to-date: /home/smartway/ros2_ws/install/rpi_robot_action_interfaces/include/rpi_robot_action_interfaces/action/detail/dds_fastrtps
-- Up-to-date: /home/smartway/ros2_ws/install/rpi_robot_action_interfaces/include/rpi_robot_action_interfaces/action/detail/go_to_goal__rosidl_typesupport_fastrtps_cpp.hpp
-- Up-to-date: /home/smartway/ros2_ws/install/rpi_robot_action_interfaces/lib/librpi_robot_action_interfaces__rosidl_typesupport_fastrtps_cpp.so
-- Up-to-date: /home/smartway/ros2_ws/install/rpi_robot_action_interfaces/include/rpi_robot_action_interfaces
-- Up-to-date: /home/smartway/ros2_ws/install/rpi_robot_action_interfaces/include/rpi_robot_action_interfaces/msg
-- Up-to-date: /home/smartway/ros2_ws/install/rpi_robot_action_interfaces/include/rpi_robot_action_interfaces/msg/rosidl_typesupport_introspection_c__visibility_control.h
-- Up-to-date: /home/smartway/ros2_ws/install/rpi_robot_action_interfaces/include/rpi_robot_action_interfaces/action
-- Up-to-date: /home/smartway/ros2_ws/install/rpi_robot_action_interfaces/include/rpi_robot_action_interfaces/action/detail
-- Up-to-date: /home/smartway/ros2_ws/install/rpi_robot_action_interfaces/include/rpi_robot_action_interfaces/action/detail/go_to_goal__rosidl_typesupport_introspection_c.h
-- Up-to-date: /home/smartway/ros2_ws/install/rpi_robot_action_interfaces/include/rpi_robot_action_interfaces/action/detail/go_to_goal__type_support.c
-- Up-to-date: /home/smartway/ros2_ws/install/rpi_robot_action_interfaces/lib/librpi_robot_action_interfaces__rosidl_typesupport_introspection_c.so
-- Up-to-date: /home/smartway/ros2_ws/install/rpi_robot_action_interfaces/lib/librpi_robot_action_interfaces__rosidl_typesupport_c.so
-- Up-to-date: /home/smartway/ros2_ws/install/rpi_robot_action_interfaces/include/rpi_robot_action_interfaces
-- Up-to-date: /home/smartway/ros2_ws/install/rpi_robot_action_interfaces/include/rpi_robot_action_interfaces/action
-- Up-to-date: /home/smartway/ros2_ws/install/rpi_robot_action_interfaces/include/rpi_robot_action_interfaces/action/detail
-- Up-to-date: /home/smartway/ros2_ws/install/rpi_robot_action_interfaces/include/rpi_robot_action_interfaces/action/detail/go_to_goal__traits.hpp
-- Up-to-date: /home/smartway/ros2_ws/install/rpi_robot_action_interfaces/include/rpi_robot_action_interfaces/action/detail/go_to_goal__builder.hpp
-- Up-to-date: /home/smartway/ros2_ws/install/rpi_robot_action_interfaces/include/rpi_robot_action_interfaces/action/detail/go_to_goal__struct.hpp
-- Up-to-date: /home/smartway/ros2_ws/install/rpi_robot_action_interfaces/include/rpi_robot_action_interfaces/action/go_to_goal.hpp
-- Up-to-date: /home/smartway/ros2_ws/install/rpi_robot_action_interfaces/include/rpi_robot_action_interfaces
-- Up-to-date: /home/smartway/ros2_ws/install/rpi_robot_action_interfaces/include/rpi_robot_action_interfaces/action
-- Up-to-date: /home/smartway/ros2_ws/install/rpi_robot_action_interfaces/include/rpi_robot_action_interfaces/action/detail
-- Up-to-date: /home/smartway/ros2_ws/install/rpi_robot_action_interfaces/include/rpi_robot_action_interfaces/action/detail/go_to_goal__rosidl_typesupport_introspection_cpp.hpp
-- Up-to-date: /home/smartway/ros2_ws/install/rpi_robot_action_interfaces/include/rpi_robot_action_interfaces/action/detail/go_to_goal__type_support.cpp
-- Up-to-date: /home/smartway/ros2_ws/install/rpi_robot_action_interfaces/lib/librpi_robot_action_interfaces__rosidl_typesupport_introspection_cpp.so
-- Up-to-date: /home/smartway/ros2_ws/install/rpi_robot_action_interfaces/lib/librpi_robot_action_interfaces__rosidl_typesupport_cpp.so
-- Up-to-date: /home/smartway/ros2_ws/install/rpi_robot_action_interfaces/share/rpi_robot_action_interfaces/environment/pythonpath.sh
-- Up-to-date: /home/smartway/ros2_ws/install/rpi_robot_action_interfaces/share/rpi_robot_action_interfaces/environment/pythonpath.dsv
-- Up-to-date: /home/smartway/ros2_ws/install/rpi_robot_action_interfaces/lib/python3.8/site-packages/rpi_robot_action_interfaces/__init__.py
-- Up-to-date: /home/smartway/ros2_ws/install/rpi_robot_action_interfaces/lib/python3.8/site-packages/rpi_robot_action_interfaces/action
-- Up-to-date: /home/smartway/ros2_ws/install/rpi_robot_action_interfaces/lib/python3.8/site-packages/rpi_robot_action_interfaces/action/_go_to_goal.py
-- Up-to-date: /home/smartway/ros2_ws/install/rpi_robot_action_interfaces/lib/python3.8/site-packages/rpi_robot_action_interfaces/action/_go_to_goal_s.c
-- Up-to-date: /home/smartway/ros2_ws/install/rpi_robot_action_interfaces/lib/python3.8/site-packages/rpi_robot_action_interfaces/action/__init__.py
-- Up-to-date: /home/smartway/ros2_ws/install/rpi_robot_action_interfaces/lib/python3.8/site-packages/rpi_robot_action_interfaces/rpi_robot_action_interfaces_s__rosidl_typesupport_fastrtps_c.cpython-38-aarch64-linux-gnu.so
-- Up-to-date: /home/smartway/ros2_ws/install/rpi_robot_action_interfaces/lib/python3.8/site-packages/rpi_robot_action_interfaces/rpi_robot_action_interfaces_s__rosidl_typesupport_introspection_c.cpython-38-aarch64-linux-gnu.so
-- Up-to-date: /home/smartway/ros2_ws/install/rpi_robot_action_interfaces/lib/python3.8/site-packages/rpi_robot_action_interfaces/rpi_robot_action_interfaces_s__rosidl_typesupport_c.cpython-38-aarch64-linux-gnu.so
-- Up-to-date: /home/smartway/ros2_ws/install/rpi_robot_action_interfaces/lib/librpi_robot_action_interfaces__python.so
-- Up-to-date: /home/smartway/ros2_ws/install/rpi_robot_action_interfaces/share/rpi_robot_action_interfaces/action/GoToGoal.idl
-- Up-to-date: /home/smartway/ros2_ws/install/rpi_robot_action_interfaces/share/rpi_robot_action_interfaces/action/GoToGoal.action
-- Up-to-date: /home/smartway/ros2_ws/install/rpi_robot_action_interfaces/share/ament_index/resource_index/package_run_dependencies/rpi_robot_action_interfaces
-- Up-to-date: /home/smartway/ros2_ws/install/rpi_robot_action_interfaces/share/ament_index/resource_index/parent_prefix_path/rpi_robot_action_interfaces
-- Up-to-date: /home/smartway/ros2_ws/install/rpi_robot_action_interfaces/share/rpi_robot_action_interfaces/environment/ament_prefix_path.sh
-- Up-to-date: /home/smartway/ros2_ws/install/rpi_robot_action_interfaces/share/rpi_robot_action_interfaces/environment/ament_prefix_path.dsv
-- Up-to-date: /home/smartway/ros2_ws/install/rpi_robot_action_interfaces/share/rpi_robot_action_interfaces/environment/path.sh
-- Up-to-date: /home/smartway/ros2_ws/install/rpi_robot_action_interfaces/share/rpi_robot_action_interfaces/environment/path.dsv
-- Up-to-date: /home/smartway/ros2_ws/install/rpi_robot_action_interfaces/share/rpi_robot_action_interfaces/local_setup.bash
-- Up-to-date: /home/smartway/ros2_ws/install/rpi_robot_action_interfaces/share/rpi_robot_action_interfaces/local_setup.sh
-- Up-to-date: /home/smartway/ros2_ws/install/rpi_robot_action_interfaces/share/rpi_robot_action_interfaces/local_setup.zsh
-- Up-to-date: /home/smartway/ros2_ws/install/rpi_robot_action_interfaces/share/rpi_robot_action_interfaces/local_setup.dsv
-- Installing: /home/smartway/ros2_ws/install/rpi_robot_action_interfaces/share/rpi_robot_action_interfaces/package.dsv
-- Up-to-date: /home/smartway/ros2_ws/install/rpi_robot_action_interfaces/share/ament_index/resource_index/packages/rpi_robot_action_interfaces
-- Up-to-date: /home/smartway/ros2_ws/install/rpi_robot_action_interfaces/share/rpi_robot_action_interfaces/cmake/rpi_robot_action_interfaces__rosidl_generator_cExport.cmake
-- Up-to-date: /home/smartway/ros2_ws/install/rpi_robot_action_interfaces/share/rpi_robot_action_interfaces/cmake/rpi_robot_action_interfaces__rosidl_generator_cExport-noconfig.cmake
-- Up-to-date: /home/smartway/ros2_ws/install/rpi_robot_action_interfaces/share/rpi_robot_action_interfaces/cmake/rpi_robot_action_interfaces__rosidl_typesupport_introspection_cExport.cmake
-- Up-to-date: /home/smartway/ros2_ws/install/rpi_robot_action_interfaces/share/rpi_robot_action_interfaces/cmake/rpi_robot_action_interfaces__rosidl_typesupport_introspection_cExport-noconfig.cmake
-- Up-to-date: /home/smartway/ros2_ws/install/rpi_robot_action_interfaces/share/rpi_robot_action_interfaces/cmake/rpi_robot_action_interfaces__rosidl_typesupport_cExport.cmake
-- Up-to-date: /home/smartway/ros2_ws/install/rpi_robot_action_interfaces/share/rpi_robot_action_interfaces/cmake/rpi_robot_action_interfaces__rosidl_typesupport_cExport-noconfig.cmake
-- Up-to-date: /home/smartway/ros2_ws/install/rpi_robot_action_interfaces/share/rpi_robot_action_interfaces/cmake/rpi_robot_action_interfaces__rosidl_generator_cppExport.cmake
-- Up-to-date: /home/smartway/ros2_ws/install/rpi_robot_action_interfaces/share/rpi_robot_action_interfaces/cmake/rpi_robot_action_interfaces__rosidl_typesupport_introspection_cppExport.cmake
-- Up-to-date: /home/smartway/ros2_ws/install/rpi_robot_action_interfaces/share/rpi_robot_action_interfaces/cmake/rpi_robot_action_interfaces__rosidl_typesupport_introspection_cppExport-noconfig.cmake
-- Up-to-date: /home/smartway/ros2_ws/install/rpi_robot_action_interfaces/share/rpi_robot_action_interfaces/cmake/rpi_robot_action_interfaces__rosidl_typesupport_cppExport.cmake
-- Up-to-date: /home/smartway/ros2_ws/install/rpi_robot_action_interfaces/share/rpi_robot_action_interfaces/cmake/rpi_robot_action_interfaces__rosidl_typesupport_cppExport-noconfig.cmake
-- Up-to-date: /home/smartway/ros2_ws/install/rpi_robot_action_interfaces/share/rpi_robot_action_interfaces/cmake/rosidl_cmake-extras.cmake
-- Up-to-date: /home/smartway/ros2_ws/install/rpi_robot_action_interfaces/share/rpi_robot_action_interfaces/cmake/ament_cmake_export_dependencies-extras.cmake
-- Up-to-date: /home/smartway/ros2_ws/install/rpi_robot_action_interfaces/share/rpi_robot_action_interfaces/cmake/ament_cmake_export_libraries-extras.cmake
-- Up-to-date: /home/smartway/ros2_ws/install/rpi_robot_action_interfaces/share/rpi_robot_action_interfaces/cmake/ament_cmake_export_targets-extras.cmake
-- Up-to-date: /home/smartway/ros2_ws/install/rpi_robot_action_interfaces/share/rpi_robot_action_interfaces/cmake/ament_cmake_export_include_directories-extras.cmake
-- Up-to-date: /home/smartway/ros2_ws/install/rpi_robot_action_interfaces/share/rpi_robot_action_interfaces/cmake/rosidl_cmake_export_typesupport_libraries-extras.cmake
-- Up-to-date: /home/smartway/ros2_ws/install/rpi_robot_action_interfaces/share/rpi_robot_action_interfaces/cmake/rosidl_cmake_export_typesupport_targets-extras.cmake
-- Up-to-date: /home/smartway/ros2_ws/install/rpi_robot_action_interfaces/share/rpi_robot_action_interfaces/cmake/rpi_robot_action_interfacesConfig.cmake
-- Up-to-date: /home/smartway/ros2_ws/install/rpi_robot_action_interfaces/share/rpi_robot_action_interfaces/cmake/rpi_robot_action_interfacesConfig-version.cmake
-- Up-to-date: /home/smartway/ros2_ws/install/rpi_robot_action_interfaces/share/rpi_robot_action_interfaces/package.xml
