[5.103s] Invoking command in '/home/smartway/ros2_ws/src/navigation2/nav2_bringup/nav2_gazebo_spawner': PYTHONPATH=/home/smartway/ros2_ws/build/nav2_gazebo_spawner/prefix_override:/home/smartway/ros2_ws/install/nav2_gazebo_spawner/lib/python3.8/site-packages:${PYTHONPATH} /usr/bin/python3 setup.py egg_info --egg-base ../../../../build/nav2_gazebo_spawner build --build-base /home/smartway/ros2_ws/build/nav2_gazebo_spawner/build install --record /home/smartway/ros2_ws/build/nav2_gazebo_spawner/install.log --install-scripts $base/lib/nav2_gazebo_spawner --single-version-externally-managed
[7.205s] running egg_info
[7.208s] creating ../../../../build/nav2_gazebo_spawner/nav2_gazebo_spawner.egg-info
[7.210s] writing ../../../../build/nav2_gazebo_spawner/nav2_gazebo_spawner.egg-info/PKG-INFO
[7.218s] writing dependency_links to ../../../../build/nav2_gazebo_spawner/nav2_gazebo_spawner.egg-info/dependency_links.txt
[7.224s] writing entry points to ../../../../build/nav2_gazebo_spawner/nav2_gazebo_spawner.egg-info/entry_points.txt
[7.227s] writing requirements to ../../../../build/nav2_gazebo_spawner/nav2_gazebo_spawner.egg-info/requires.txt
[7.230s] writing top-level names to ../../../../build/nav2_gazebo_spawner/nav2_gazebo_spawner.egg-info/top_level.txt
[7.243s] writing manifest file '../../../../build/nav2_gazebo_spawner/nav2_gazebo_spawner.egg-info/SOURCES.txt'
[7.430s] reading manifest file '../../../../build/nav2_gazebo_spawner/nav2_gazebo_spawner.egg-info/SOURCES.txt'
[7.435s] writing manifest file '../../../../build/nav2_gazebo_spawner/nav2_gazebo_spawner.egg-info/SOURCES.txt'
[7.437s] running build
[7.438s] running build_py
[7.440s] creating /home/smartway/ros2_ws/build/nav2_gazebo_spawner/build
[7.441s] creating /home/smartway/ros2_ws/build/nav2_gazebo_spawner/build/lib
[7.443s] creating /home/smartway/ros2_ws/build/nav2_gazebo_spawner/build/lib/nav2_gazebo_spawner
[7.444s] copying nav2_gazebo_spawner/nav2_gazebo_spawner.py -> /home/smartway/ros2_ws/build/nav2_gazebo_spawner/build/lib/nav2_gazebo_spawner
[7.446s] copying nav2_gazebo_spawner/__init__.py -> /home/smartway/ros2_ws/build/nav2_gazebo_spawner/build/lib/nav2_gazebo_spawner
[7.448s] running install
[7.454s] running install_lib
[7.464s] creating /home/smartway/ros2_ws/install/nav2_gazebo_spawner/lib/python3.8/site-packages/nav2_gazebo_spawner
[7.467s] copying /home/smartway/ros2_ws/build/nav2_gazebo_spawner/build/lib/nav2_gazebo_spawner/nav2_gazebo_spawner.py -> /home/smartway/ros2_ws/install/nav2_gazebo_spawner/lib/python3.8/site-packages/nav2_gazebo_spawner
[7.470s] copying /home/smartway/ros2_ws/build/nav2_gazebo_spawner/build/lib/nav2_gazebo_spawner/__init__.py -> /home/smartway/ros2_ws/install/nav2_gazebo_spawner/lib/python3.8/site-packages/nav2_gazebo_spawner
[7.475s] byte-compiling /home/smartway/ros2_ws/install/nav2_gazebo_spawner/lib/python3.8/site-packages/nav2_gazebo_spawner/nav2_gazebo_spawner.py to nav2_gazebo_spawner.cpython-38.pyc
[7.484s] byte-compiling /home/smartway/ros2_ws/install/nav2_gazebo_spawner/lib/python3.8/site-packages/nav2_gazebo_spawner/__init__.py to __init__.cpython-38.pyc
[7.486s] running install_data
[7.489s] creating /home/smartway/ros2_ws/install/nav2_gazebo_spawner/share/ament_index
[7.491s] creating /home/smartway/ros2_ws/install/nav2_gazebo_spawner/share/ament_index/resource_index
[7.492s] creating /home/smartway/ros2_ws/install/nav2_gazebo_spawner/share/ament_index/resource_index/packages
[7.494s] copying resource/nav2_gazebo_spawner -> /home/smartway/ros2_ws/install/nav2_gazebo_spawner/share/ament_index/resource_index/packages
[7.495s] copying package.xml -> /home/smartway/ros2_ws/install/nav2_gazebo_spawner/share/nav2_gazebo_spawner
[7.497s] running install_egg_info
[7.506s] Copying ../../../../build/nav2_gazebo_spawner/nav2_gazebo_spawner.egg-info to /home/smartway/ros2_ws/install/nav2_gazebo_spawner/lib/python3.8/site-packages/nav2_gazebo_spawner-0.3.0-py3.8.egg-info
[7.520s] running install_scripts
[7.607s] Installing nav2_gazebo_spawner script to /home/smartway/ros2_ws/install/nav2_gazebo_spawner/lib/nav2_gazebo_spawner
[7.610s] writing list of installed files to '/home/smartway/ros2_ws/build/nav2_gazebo_spawner/install.log'
[7.778s] Invoked command in '/home/smartway/ros2_ws/src/navigation2/nav2_bringup/nav2_gazebo_spawner' returned '0': PYTHONPATH=/home/smartway/ros2_ws/build/nav2_gazebo_spawner/prefix_override:/home/smartway/ros2_ws/install/nav2_gazebo_spawner/lib/python3.8/site-packages:${PYTHONPATH} /usr/bin/python3 setup.py egg_info --egg-base ../../../../build/nav2_gazebo_spawner build --build-base /home/smartway/ros2_ws/build/nav2_gazebo_spawner/build install --record /home/smartway/ros2_ws/build/nav2_gazebo_spawner/install.log --install-scripts $base/lib/nav2_gazebo_spawner --single-version-externally-managed
