[0.138s] Invoking command in '/home/smartway/ros2_ws/build/nav2_common': /usr/bin/cmake /home/smartway/ros2_ws/src/navigation2/nav2_common -DAMENT_CMAKE_SYMLINK_INSTALL=1 -DCMAKE_INSTALL_PREFIX=/home/smartway/ros2_ws/install/nav2_common
[1.314s] -- Configuring incomplete, errors occurred!
[1.317s] See also "/home/smartway/ros2_ws/build/nav2_common/CMakeFiles/CMakeOutput.log".
[1.318s] CMake Error at CMakeLists.txt:5 (find_package):
[1.322s]   By not providing "Findament_cmake_core.cmake" in CMAKE_MODULE_PATH this
[1.323s]   project has asked CMake to find a package configuration file provided by
[1.324s]   "ament_cmake_core", but CMake did not find one.
[1.326s] 
[1.327s]   Could not find a package configuration file provided by "ament_cmake_core"
[1.329s]   with any of the following names:
[1.330s] 
[1.332s]     ament_cmake_coreConfig.cmake
[1.333s]     ament_cmake_core-config.cmake
[1.346s] 
[1.349s]   Add the installation prefix of "ament_cmake_core" to CMAKE_PREFIX_PATH or
[1.350s]   set "ament_cmake_core_DIR" to a directory containing one of the above
[1.351s]   files.  If "ament_cmake_core" provides a separate development package or
[1.352s]   SDK, be sure it has been installed.
[1.353s] 
[1.353s] 
[1.376s] Invoked command in '/home/smartway/ros2_ws/build/nav2_common' returned '1': /usr/bin/cmake /home/smartway/ros2_ws/src/navigation2/nav2_common -DAMENT_CMAKE_SYMLINK_INSTALL=1 -DCMAKE_INSTALL_PREFIX=/home/smartway/ros2_ws/install/nav2_common
