[0.183s] Invoking command in '/home/smartway/ros2_ws/build/nav2_common': /usr/bin/cmake /home/smartway/ros2_ws/src/navigation2/nav2_common -DCMAKE_INSTALL_PREFIX=/home/smartway/ros2_ws/install/nav2_common
[1.341s] CMake Error at CMakeLists.txt:5 (find_package):
[1.344s]   By not providing "Findament_cmake_core.cmake" in CMAKE_MODULE_PATH this
[1.345s]   project has asked CMake to find a package configuration file provided by
[1.347s]   "ament_cmake_core", but CMake did not find one.
[1.348s] 
[1.356s]   Could not find a package configuration file provided by "ament_cmake_core"
[1.358s]   with any of the following names:
[1.359s] 
[1.359s]     ament_cmake_coreConfig.cmake
[1.360s]     ament_cmake_core-config.cmake
[1.361s] 
[1.363s]   Add the installation prefix of "ament_cmake_core" to CMAKE_PREFIX_PATH or
[1.373s]   set "ament_cmake_core_DIR" to a directory containing one of the above
[1.375s]   files.  If "ament_cmake_core" provides a separate development package or
[1.375s]   SDK, be sure it has been installed.
[1.377s] 
[1.377s] 
[1.378s] -- Configuring incomplete, errors occurred!
[1.379s] See also "/home/smartway/ros2_ws/build/nav2_common/CMakeFiles/CMakeOutput.log".
[1.391s] Invoked command in '/home/smartway/ros2_ws/build/nav2_common' returned '1': /usr/bin/cmake /home/smartway/ros2_ws/src/navigation2/nav2_common -DCMAKE_INSTALL_PREFIX=/home/smartway/ros2_ws/install/nav2_common
